#
# A fatal error has been detected by the Java Runtime Environment:
#
#  SIGSEGV (0xb) at pc=0x00007f465e6649a8, pid=2452, tid=0x00007f45da2e1700
#
# JRE version: Java(TM) SE Runtime Environment (8.0_171-b11) (build 1.8.0_171-b11)
# Java VM: Java HotSpot(TM) 64-Bit Server VM (25.171-b11 mixed mode linux-amd64 compressed oops)
# Problematic frame:
# V  [libjvm.so+0x6d79a8]  jni_invoke_nonstatic(JNIEnv_*, JavaValue*, _jobject*, JNICallType, _jmethodID*, JNI_ArgumentPusher*, Thread*)+0x38
#
# Failed to write core dump. Core dumps have been disabled. To enable core dumping, try "ulimit -c unlimited" before starting Java again
#
# If you would like to submit a bug report, please visit:
#   http://bugreport.java.com/bugreport/crash.jsp
#

---------------  T H R E A D  ---------------

Current thread (0x00007f465848f000):  JavaThread "JavaFX Application Thread" [_thread_in_vm, id=2497, stack(0x00007f45da1e1000,0x00007f45da2e2000)]

siginfo: si_signo: 11 (SIGSEGV), si_code: 128 (SI_KERNEL), si_addr: 0x0000000000000000

Registers:
RAX=0x00007f45da2e0440, RBX=0x00007f45da2e0350, RCX=0x0000000000000001, RDX=0x6576452f746e6576
RSP=0x00007f45da2e01a0, RBP=0x00007f45da2e0320, RSI=0x00007f45da2e03b0, RDI=0x00007f465848f1f8
R8 =0x00007f46583ac0a8, R9 =0x00007f45da2e0350, R10=0x00007f45c8000c20, R11=0x00007f46493aad60
R12=0x00007f465848f000, R13=0x00007f46583ac0a8, R14=0x0000000000000001, R15=0x00007f465848f1f8
RIP=0x00007f465e6649a8, EFLAGS=0x0000000000010202, CSGSFS=0x002b000000000033, ERR=0x0000000000000000
  TRAPNO=0x000000000000000d

Top of Stack: (sp=0x00007f45da2e01a0)
0x00007f45da2e01a0:   00007f45da2e08a0 00007f45da2e04c0
0x00007f45da2e01b0:   00007f45da2e0200 00007f45da2e0280
0x00007f45da2e01c0:   00007f45da2e0350 00007f45da2e03b0
0x00007f45da2e01d0:   00007f465848f1f8 00007f465e6844b0
0x00007f45da2e01e0:   00007f45fc019660 00007f45fc019670
0x00007f45da2e01f0:   00007f45fc019a48 00000000000003d8
0x00007f45da2e0200:   00007f465848eb88 000000076f17d1d8
0x00007f45da2e0210:   00007f460000006f 00007f460000000a
0x00007f45da2e0220:   000000076fd89de8 00007f4600000000
0x00007f45da2e0230:   0000000000000000 0000000000000000
0x00007f45da2e0240:   00007f4643524d78 0000000100000100
0x00007f45da2e0250:   00007f46435ac748 00007f45da2e0208
0x00007f45da2e0260:   00007f45da2e0249 0000000800000005
0x00007f45da2e0270:   00007f46435cc300 00007f465848eb90
0x00007f45da2e0280:   00007f465eef87b0 00007f465f9ec7a0
0x00007f45da2e0290:   000000005848ea20 00007f465848f000
0x00007f45da2e02a0:   0000000000000000 00007f465e664d7b
0x00007f45da2e02b0:   00007f464352eec0 00007f465848f000
0x00007f45da2e02c0:   00007f464352eec0 00007f465848f000
0x00007f45da2e02d0:   00007f45da2e0460 00007f464352eec0
0x00007f45da2e02e0:   00007f464352eec0 00007f464352eec0
0x00007f45da2e02f0:   00007f45fc019660 00007f45da2e0350
0x00007f45da2e0300:   00007f465848f000 00007f45da2e0390
0x00007f45da2e0310:   00007f46583ac0a8 00007f465848f1f8
0x00007f45da2e0320:   00007f45da2e0410 00007f465e66914f
0x00007f45da2e0330:   00007f465848f000 00007f461819e094
0x00007f45da2e0340:   00007f45da2e0428 6576452f746e6576
0x00007f45da2e0350:   00007f465eef9430 00007f465f9ec7a0
0x00007f45da2e0360:   00000000da2e03d0 1b72881900000063
0x00007f45da2e0370:   0000000000000000 0000003000000018
0x00007f45da2e0380:   00007f45da2e0500 00007f45da2e0440
0x00007f45da2e0390:   00007f465848f000 0000000000000000 

Instructions: (pc=0x00007f465e6649a8)
0x00007f465e664988:   00 00 48 85 d2 48 89 bd b0 fe ff ff 48 89 b5 a8
0x00007f465e664998:   fe ff ff 4c 89 8d a0 fe ff ff 0f 84 78 09 00 00
0x00007f465e6649a8:   4c 8b 22 4d 85 e4 0f 84 6c 09 00 00 48 8b 45 10
0x00007f465e6649b8:   48 8b 98 38 01 00 00 48 83 7b 18 f7 0f 87 16 07 

Register to memory mapping:

RAX=0x00007f45da2e0440 is pointing into the stack for thread: 0x00007f465848f000
RBX=0x00007f45da2e0350 is pointing into the stack for thread: 0x00007f465848f000
RCX=0x0000000000000001 is an unknown value
RDX=0x6576452f746e6576 is an unknown value
RSP=0x00007f45da2e01a0 is pointing into the stack for thread: 0x00007f465848f000
RBP=0x00007f45da2e0320 is pointing into the stack for thread: 0x00007f465848f000
RSI=0x00007f45da2e03b0 is pointing into the stack for thread: 0x00007f465848f000
RDI=0x00007f465848f1f8 is an unknown value
R8 =0x00007f46583ac0a8 is an unknown value
R9 =0x00007f45da2e0350 is pointing into the stack for thread: 0x00007f465848f000
R10=0x00007f45c8000c20 is an unknown value
R11=0x00007f46493aad60 is at entry_point+32 in (nmethod*)0x00007f46493aabd0
R12=0x00007f465848f000 is a thread
R13=0x00007f46583ac0a8 is an unknown value
R14=0x0000000000000001 is an unknown value
R15=0x00007f465848f1f8 is an unknown value


Stack: [0x00007f45da1e1000,0x00007f45da2e2000],  sp=0x00007f45da2e01a0,  free space=1020k
Native frames: (J=compiled Java code, j=interpreted, Vv=VM code, C=native code)
V  [libjvm.so+0x6d79a8]  jni_invoke_nonstatic(JNIEnv_*, JavaValue*, _jobject*, JNICallType, _jmethodID*, JNI_ArgumentPusher*, Thread*)+0x38
V  [libjvm.so+0x6dc14f]  jni_CallVoidMethodV+0x10f
C  [libglass.so+0x18641]  JNIEnv_::CallVoidMethod(_jobject*, _jmethodID*, ...)+0x81
C  [libglass.so+0x14f0f]  WindowContextBase::process_key(_GdkEventKey*)+0x20f
C  [libglass.so+0x19f60]  WindowContextBase::im_filter_keypress(_GdkEventKey*)+0x1c0
C  [libglass.so+0x1a91c]  process_events(_GdkEvent*, void*)+0x22c
C  [libgdk-x11-2.0.so.0+0x5ac8c]

Java frames: (J=compiled Java code, j=interpreted, Vv=VM code)
j  com.sun.glass.ui.gtk.GtkApplication._runLoop(Ljava/lang/Runnable;Z)V+0
j  com.sun.glass.ui.gtk.GtkApplication.lambda$null$48(Ljava/lang/Runnable;Z)V+7
j  com.sun.glass.ui.gtk.GtkApplication$$Lambda$41.run()V+12
j  java.lang.Thread.run()V+11
v  ~StubRoutines::call_stub

---------------  P R O C E S S  ---------------

Java Threads: ( => current thread )
  0x00007f45c8222800 JavaThread "Prism Font Disposer" daemon [_thread_blocked, id=2503, stack(0x00007f45d9356000,0x00007f45d9457000)]
  0x00007f4658493000 JavaThread "JavaFX-Launcher" [_thread_blocked, id=2498, stack(0x00007f45da0e0000,0x00007f45da1e1000)]
=>0x00007f465848f000 JavaThread "JavaFX Application Thread" [_thread_in_vm, id=2497, stack(0x00007f45da1e1000,0x00007f45da2e2000)]
  0x00007f465848b000 JavaThread "Thread-1" daemon [_thread_blocked, id=2496, stack(0x00007f45da2e2000,0x00007f45da3e3000)]
  0x00007f4658396800 JavaThread "QuantumRenderer-0" daemon [_thread_blocked, id=2492, stack(0x00007f462ca65000,0x00007f462cb66000)]
  0x00007f4658289000 JavaThread "Service Thread" daemon [_thread_blocked, id=2490, stack(0x00007f462ccfc000,0x00007f462cdfd000)]
  0x00007f4658286000 JavaThread "C1 CompilerThread3" daemon [_thread_blocked, id=2489, stack(0x00007f462cdfd000,0x00007f462cefe000)]
  0x00007f4658284800 JavaThread "C2 CompilerThread2" daemon [_thread_blocked, id=2488, stack(0x00007f462cefe000,0x00007f462cfff000)]
  0x00007f4658282000 JavaThread "C2 CompilerThread1" daemon [_thread_blocked, id=2487, stack(0x00007f4640280000,0x00007f4640381000)]
  0x00007f4658280000 JavaThread "C2 CompilerThread0" daemon [_thread_blocked, id=2486, stack(0x00007f4640381000,0x00007f4640482000)]
  0x00007f465827e800 JavaThread "Monitor Ctrl-Break" daemon [_thread_in_native, id=2485, stack(0x00007f4640482000,0x00007f4640583000)]
  0x00007f4658209800 JavaThread "Signal Dispatcher" daemon [_thread_blocked, id=2477, stack(0x00007f4640583000,0x00007f4640684000)]
  0x00007f46581d5800 JavaThread "Finalizer" daemon [_thread_blocked, id=2476, stack(0x00007f4641044000,0x00007f4641145000)]
  0x00007f46581d0800 JavaThread "Reference Handler" daemon [_thread_blocked, id=2473, stack(0x00007f4641145000,0x00007f4641246000)]
  0x00007f465800c000 JavaThread "main" [_thread_blocked, id=2454, stack(0x00007f465fa8f000,0x00007f465fb90000)]

Other Threads:
  0x00007f46581c9000 VMThread [stack: 0x00007f4641246000,0x00007f4641347000] [id=2471]
  0x00007f465828e000 WatcherThread [stack: 0x00007f462cbfb000,0x00007f462ccfc000] [id=2491]

VM state:not at safepoint (normal execution)

VM Mutex/Monitor currently owned by a thread: None

Heap:
 PSYoungGen      total 74752K, used 47722K [0x000000076d300000, 0x0000000772600000, 0x00000007c0000000)
  eden space 64512K, 73% used [0x000000076d300000,0x000000077019abc8,0x0000000771200000)
  from space 10240K, 0% used [0x0000000771c00000,0x0000000771c00000,0x0000000772600000)
  to   space 10240K, 0% used [0x0000000771200000,0x0000000771200000,0x0000000771c00000)
 ParOldGen       total 171008K, used 0K [0x00000006c7800000, 0x00000006d1f00000, 0x000000076d300000)
  object space 171008K, 0% used [0x00000006c7800000,0x00000006c7800000,0x00000006d1f00000)
 Metaspace       used 16250K, capacity 17186K, committed 17408K, reserved 1064960K
  class space    used 2333K, capacity 2530K, committed 2560K, reserved 1048576K

Card table byte_map: [0x00007f464883b000,0x00007f4649000000] byte_map_base: 0x00007f46451ff000

Marking Bits: (ParMarkBitMap*) 0x00007f465ef5d280
 Begin Bits: [0x00007f46183c0000, 0x00007f461c1e0000)
 End Bits:   [0x00007f461c1e0000, 0x00007f4620000000)

Polling page: 0x00007f465fbaf000

CodeCache: size=245760Kb used=5688Kb max_used=5688Kb free=240071Kb
 bounds [0x00007f4649000000, 0x00007f46495a0000, 0x00007f4658000000]
 total_blobs=2539 nmethods=1907 adapters=545
 compilation: enabled

Compilation events (10 events):
Event: 11,820 Thread 0x00007f4658286000 nmethod 1896 0x00007f464958a7d0 code [0x00007f464958aa00, 0x00007f464958b7f8]
Event: 11,821 Thread 0x00007f4658286000 1902       3       jdk.internal.org.objectweb.asm.ByteVector::put11 (52 bytes)
Event: 11,821 Thread 0x00007f4658286000 nmethod 1902 0x00007f4649587bd0 code [0x00007f4649587d40, 0x00007f4649587fa8]
Event: 11,821 Thread 0x00007f4658286000 1903       3       java.lang.invoke.LambdaForm::signatureArity (28 bytes)
Event: 11,821 Thread 0x00007f4658286000 nmethod 1903 0x00007f4649587690 code [0x00007f4649587800, 0x00007f4649587ae8]
Event: 11,821 Thread 0x00007f4658286000 1904       3       javafx.geometry.Bounds::<init> (64 bytes)
Event: 11,821 Thread 0x00007f4658286000 nmethod 1904 0x00007f464958be50 code [0x00007f464958bfc0, 0x00007f464958c1b0]
Event: 11,821 Thread 0x00007f4658286000 1906       3       javafx.scene.Node::relocate (90 bytes)
Event: 11,823 Thread 0x00007f4658286000 nmethod 1906 0x00007f464958c290 code [0x00007f464958c640, 0x00007f464958e9e8]
Event: 11,823 Thread 0x00007f4658286000 1905       3       javafx.scene.layout.Region::minHeight (52 bytes)

GC Heap History (0 events):
No events

Deoptimization events (10 events):
Event: 0,652 Thread 0x00007f465848f000 Uncommon trap: reason=class_check action=maybe_recompile pc=0x00007f4649267144 method=java.io.DataInputStream.readShort()S @ 4
Event: 0,652 Thread 0x00007f465848f000 Uncommon trap: reason=class_check action=maybe_recompile pc=0x00007f4649267144 method=java.io.DataInputStream.readShort()S @ 4
Event: 0,657 Thread 0x00007f465848f000 Uncommon trap: reason=class_check action=maybe_recompile pc=0x00007f4649118ac8 method=java.lang.String.equals(Ljava/lang/Object;)Z @ 8
Event: 0,657 Thread 0x00007f465848f000 Uncommon trap: reason=class_check action=maybe_recompile pc=0x00007f4649118ac8 method=java.lang.String.equals(Ljava/lang/Object;)Z @ 8
Event: 0,657 Thread 0x00007f465848f000 Uncommon trap: reason=class_check action=maybe_recompile pc=0x00007f4649118ac8 method=java.lang.String.equals(Ljava/lang/Object;)Z @ 8
Event: 0,660 Thread 0x00007f465848f000 Uncommon trap: reason=class_check action=maybe_recompile pc=0x00007f4649118ac8 method=java.lang.String.equals(Ljava/lang/Object;)Z @ 8
Event: 0,777 Thread 0x00007f465848f000 Uncommon trap: reason=unstable_if action=reinterpret pc=0x00007f46492bb194 method=sun.net.www.ParseUtil.encodePath(Ljava/lang/String;Z)Ljava/lang/String; @ 109
Event: 0,898 Thread 0x00007f465848f000 Uncommon trap: reason=unstable_if action=reinterpret pc=0x00007f46492d0e24 method=jdk.internal.org.objectweb.asm.Type.getArgumentsAndReturnSizes(Ljava/lang/String;)I @ 47
Event: 2,951 Thread 0x00007f4658396800 Uncommon trap: reason=unstable_if action=reinterpret pc=0x00007f464938e698 method=java.lang.StrictMath.floorOrCeil(DDDD)D @ 115
Event: 11,760 Thread 0x00007f465848f000 Uncommon trap: reason=unstable_if action=reinterpret pc=0x00007f46494278b4 method=java.lang.StrictMath.floorOrCeil(DDDD)D @ 38

Classes redefined (0 events):
No events

Internal exceptions (10 events):
Event: 0,169 Thread 0x00007f465800c000 Exception <a 'java/security/PrivilegedActionException'> (0x000000076d8dac18) thrown at [/HUDSON/workspace/8-2-build-linux-amd64/jdk8u171/10807/hotspot/src/share/vm/prims/jvm.cpp, line 1435]
Event: 0,169 Thread 0x00007f465800c000 Exception <a 'java/security/PrivilegedActionException'> (0x000000076d8dd080) thrown at [/HUDSON/workspace/8-2-build-linux-amd64/jdk8u171/10807/hotspot/src/share/vm/prims/jvm.cpp, line 1435]
Event: 0,169 Thread 0x00007f465800c000 Exception <a 'java/security/PrivilegedActionException'> (0x000000076d8dd290) thrown at [/HUDSON/workspace/8-2-build-linux-amd64/jdk8u171/10807/hotspot/src/share/vm/prims/jvm.cpp, line 1435]
Event: 0,169 Thread 0x00007f465800c000 Exception <a 'java/lang/NullPointerException'> (0x000000076d8ddc98) thrown at [/HUDSON/workspace/8-2-build-linux-amd64/jdk8u171/10807/hotspot/src/share/vm/interpreter/linkResolver.cpp, line 1185]
Event: 0,415 Thread 0x00007f465848f000 Exception <a 'java/lang/NullPointerException'> (0x000000076e7505c0) thrown at [/HUDSON/workspace/8-2-build-linux-amd64/jdk8u171/10807/hotspot/src/share/vm/interpreter/linkResolver.cpp, line 1185]
Event: 0,415 Thread 0x00007f465848f000 Exception <a 'java/lang/NullPointerException'> (0x000000076e7505c0) thrown at [/HUDSON/workspace/8-2-build-linux-amd64/jdk8u171/10807/hotspot/src/share/vm/prims/jvm.cpp, line 1439]
Event: 0,549 Thread 0x00007f465848f000 Exception <a 'java/lang/ArrayIndexOutOfBoundsException'> (0x000000076edb7200) thrown at [/HUDSON/workspace/8-2-build-linux-amd64/jdk8u171/10807/hotspot/src/share/vm/runtime/sharedRuntime.cpp, line 605]
Event: 0,549 Thread 0x00007f465848f000 Exception <a 'java/lang/ArrayIndexOutOfBoundsException'> (0x000000076edb97c8) thrown at [/HUDSON/workspace/8-2-build-linux-amd64/jdk8u171/10807/hotspot/src/share/vm/runtime/sharedRuntime.cpp, line 605]
Event: 0,549 Thread 0x00007f465848f000 Exception <a 'java/lang/ArrayIndexOutOfBoundsException'> (0x000000076edbb670) thrown at [/HUDSON/workspace/8-2-build-linux-amd64/jdk8u171/10807/hotspot/src/share/vm/runtime/sharedRuntime.cpp, line 605]
Event: 0,589 Thread 0x00007f465848f000 Implicit null exception at 0x00007f46492aef35 to 0x00007f46492af16d

Events (10 events):
Event: 11,803 loading class com/sun/javafx/sg/prism/NGSVGPath
Event: 11,803 loading class com/sun/javafx/sg/prism/NGSVGPath done
Event: 11,803 loading class javafx/scene/shape/SVGPath$1
Event: 11,803 loading class javafx/scene/shape/SVGPath$1 done
Event: 11,803 loading class javafx/scene/shape/SVGPath$2
Event: 11,803 loading class javafx/scene/shape/SVGPath$2 done
Event: 11,820 loading class com/sun/javafx/scene/control/skin/TextAreaSkin$ContentView
Event: 11,820 loading class com/sun/javafx/scene/control/skin/TextAreaSkin$ContentView done
Event: 11,823 loading class com/sun/javafx/scene/KeyboardShortcutsHandler$1
Event: 11,823 loading class com/sun/javafx/scene/KeyboardShortcutsHandler$1 done


Dynamic libraries:
00400000-00401000 r-xp 00000000 08:06 680254                             /usr/lib/jvm/java-8-oracle/bin/java
00600000-00601000 rw-p 00000000 08:06 680254                             /usr/lib/jvm/java-8-oracle/bin/java
008d9000-008fa000 rw-p 00000000 00:00 0                                  [heap]
6c7800000-6d1f00000 rw-p 00000000 00:00 0 
6d1f00000-76d300000 ---p 00000000 00:00 0 
76d300000-772600000 rw-p 00000000 00:00 0 
772600000-7c0000000 ---p 00000000 00:00 0 
7c0000000-7c0280000 rw-p 00000000 00:00 0 
7c0280000-800000000 ---p 00000000 00:00 0 
7f45bc000000-7f45bc021000 rw-p 00000000 00:00 0 
7f45bc021000-7f45c0000000 ---p 00000000 00:00 0 
7f45c0000000-7f45c0021000 rw-p 00000000 00:00 0 
7f45c0021000-7f45c4000000 ---p 00000000 00:00 0 
7f45c4000000-7f45c4021000 rw-p 00000000 00:00 0 
7f45c4021000-7f45c8000000 ---p 00000000 00:00 0 
7f45c8000000-7f45c8561000 rw-p 00000000 00:00 0 
7f45c8561000-7f45cc000000 ---p 00000000 00:00 0 
7f45cc000000-7f45cc022000 rw-p 00000000 00:00 0 
7f45cc022000-7f45d0000000 ---p 00000000 00:00 0 
7f45d0000000-7f45d0022000 rw-p 00000000 00:00 0 
7f45d0022000-7f45d4000000 ---p 00000000 00:00 0 
7f45d4000000-7f45d4021000 rw-p 00000000 00:00 0 
7f45d4021000-7f45d8000000 ---p 00000000 00:00 0 
7f45d8b20000-7f45d8ba0000 rw-p 00000000 00:00 0 
7f45d8ba0000-7f45d8d20000 ---p 00000000 00:00 0 
7f45d8d20000-7f45d8d28000 rw-s 00000000 00:05 38117                      /drm mm object (deleted)
7f45d8d28000-7f45d8d2a000 rw-s 00000000 00:05 38096                      /drm mm object (deleted)
7f45d8d2a000-7f45d8d2c000 rw-s 00000000 00:05 36532                      /drm mm object (deleted)
7f45d8d2c000-7f45d8d3c000 rw-s 00000000 00:05 38068                      /drm mm object (deleted)
7f45d8d3c000-7f45d8efc000 rw-s 00000000 00:05 38065                      /drm mm object (deleted)
7f45d8efc000-7f45d8f5c000 rw-s 00000000 00:05 38062                      /drm mm object (deleted)
7f45d8f5c000-7f45d8f6a000 rw-s 00000000 00:05 38060                      /drm mm object (deleted)
7f45d8f6a000-7f45d8f7a000 rw-s 00000000 00:05 38059                      /drm mm object (deleted)
7f45d8f7a000-7f45d913a000 rw-s 1003b9000 00:06 394                       /dev/dri/card0
7f45d913a000-7f45d914a000 rw-s 00000000 00:05 31574                      /drm mm object (deleted)
7f45d914a000-7f45d9156000 rw-s 00000000 00:05 38037                      /drm mm object (deleted)
7f45d9156000-7f45d9356000 rw-p 00000000 00:00 0 
7f45d9356000-7f45d9359000 ---p 00000000 00:00 0 
7f45d9359000-7f45d9457000 rw-p 00000000 00:00 0 
7f45d9457000-7f45d9510000 r--p 00000000 08:06 393885                     /usr/share/fonts/truetype/dejavu/DejaVuSans.ttf
7f45d9510000-7f45d954a000 r--p 00000000 08:06 680101                     /usr/lib/jvm/java-8-oracle/jre/lib/fonts/LucidaTypewriterBold.ttf
7f45d954a000-7f45d9598000 r--p 00000000 08:06 680097                     /usr/lib/jvm/java-8-oracle/jre/lib/fonts/LucidaSansDemiBold.ttf
7f45d9598000-7f45d95ed000 r--p 00000000 08:06 680096                     /usr/lib/jvm/java-8-oracle/jre/lib/fonts/LucidaBrightRegular.ttf
7f45d95ed000-7f45d9629000 r--p 00000000 08:06 680100                     /usr/lib/jvm/java-8-oracle/jre/lib/fonts/LucidaTypewriterRegular.ttf
7f45d9629000-7f45d96d4000 r--p 00000000 08:06 680095                     /usr/lib/jvm/java-8-oracle/jre/lib/fonts/LucidaSansRegular.ttf
7f45d96d4000-7f45d96d8000 r-xp 00000000 08:06 40946                      /usr/lib/jvm/java-8-oracle/jre/lib/amd64/libjavafx_font_pango.so
7f45d96d8000-7f45d98d7000 ---p 00004000 08:06 40946                      /usr/lib/jvm/java-8-oracle/jre/lib/amd64/libjavafx_font_pango.so
7f45d98d7000-7f45d98d8000 rw-p 00003000 08:06 40946                      /usr/lib/jvm/java-8-oracle/jre/lib/amd64/libjavafx_font_pango.so
7f45d98d8000-7f45d9ad8000 rw-p 00000000 00:00 0 
7f45d9ad8000-7f45d9add000 r-xp 00000000 08:06 40949                      /usr/lib/jvm/java-8-oracle/jre/lib/amd64/libjavafx_font_freetype.so
7f45d9add000-7f45d9cdc000 ---p 00005000 08:06 40949                      /usr/lib/jvm/java-8-oracle/jre/lib/amd64/libjavafx_font_freetype.so
7f45d9cdc000-7f45d9cdd000 rw-p 00004000 08:06 40949                      /usr/lib/jvm/java-8-oracle/jre/lib/amd64/libjavafx_font_freetype.so
7f45d9cdd000-7f45d9ce0000 r-xp 00000000 08:06 40997                      /usr/lib/jvm/java-8-oracle/jre/lib/amd64/libjavafx_font.so
7f45d9ce0000-7f45d9edf000 ---p 00003000 08:06 40997                      /usr/lib/jvm/java-8-oracle/jre/lib/amd64/libjavafx_font.so
7f45d9edf000-7f45d9ee0000 rw-p 00002000 08:06 40997                      /usr/lib/jvm/java-8-oracle/jre/lib/amd64/libjavafx_font.so
7f45d9ee0000-7f45da0e0000 rw-p 00000000 00:00 0 
7f45da0e0000-7f45da0e3000 ---p 00000000 00:00 0 
7f45da0e3000-7f45da1e1000 rw-p 00000000 00:00 0 
7f45da1e1000-7f45da1e4000 ---p 00000000 00:00 0 
7f45da1e4000-7f45da2e2000 rw-p 00000000 00:00 0 
7f45da2e2000-7f45da2e5000 ---p 00000000 00:00 0 
7f45da2e5000-7f45da3e3000 rw-p 00000000 00:00 0 
7f45da3e3000-7f45da3e4000 ---p 00000000 00:00 0 
7f45da3e4000-7f45dabe4000 rw-p 00000000 00:00 0 
7f45dabe4000-7f45dabef000 r-xp 00000000 08:06 1069                       /usr/lib/x86_64-linux-gnu/gio/modules/libdconfsettings.so
7f45dabef000-7f45dadef000 ---p 0000b000 08:06 1069                       /usr/lib/x86_64-linux-gnu/gio/modules/libdconfsettings.so
7f45dadef000-7f45dadf0000 r--p 0000b000 08:06 1069                       /usr/lib/x86_64-linux-gnu/gio/modules/libdconfsettings.so
7f45dadf0000-7f45dadf1000 rw-p 0000c000 08:06 1069                       /usr/lib/x86_64-linux-gnu/gio/modules/libdconfsettings.so
7f45dadf1000-7f45dadf2000 ---p 00000000 00:00 0 
7f45dadf2000-7f45db5f2000 rw-p 00000000 00:00 0 
7f45db5f2000-7f45db5f3000 ---p 00000000 00:00 0 
7f45db5f3000-7f45dbdf3000 rw-p 00000000 00:00 0 
7f45dbdf3000-7f45dbe0c000 r-xp 00000000 08:06 1073                       /usr/lib/x86_64-linux-gnu/gio/modules/libgioremote-volume-monitor.so
7f45dbe0c000-7f45dc00c000 ---p 00019000 08:06 1073                       /usr/lib/x86_64-linux-gnu/gio/modules/libgioremote-volume-monitor.so
7f45dc00c000-7f45dc00f000 r--p 00019000 08:06 1073                       /usr/lib/x86_64-linux-gnu/gio/modules/libgioremote-volume-monitor.so
7f45dc00f000-7f45dc010000 rw-p 0001c000 08:06 1073                       /usr/lib/x86_64-linux-gnu/gio/modules/libgioremote-volume-monitor.so
7f45dc010000-7f45dc046000 r-xp 00000000 08:06 1634                       /usr/lib/x86_64-linux-gnu/gvfs/libgvfscommon.so
7f45dc046000-7f45dc246000 ---p 00036000 08:06 1634                       /usr/lib/x86_64-linux-gnu/gvfs/libgvfscommon.so
7f45dc246000-7f45dc24b000 r--p 00036000 08:06 1634                       /usr/lib/x86_64-linux-gnu/gvfs/libgvfscommon.so
7f45dc24b000-7f45dc24c000 rw-p 0003b000 08:06 1634                       /usr/lib/x86_64-linux-gnu/gvfs/libgvfscommon.so
7f45dc24c000-7f45dc27c000 r-xp 00000000 08:06 1074                       /usr/lib/x86_64-linux-gnu/gio/modules/libgvfsdbus.so
7f45dc27c000-7f45dc47c000 ---p 00030000 08:06 1074                       /usr/lib/x86_64-linux-gnu/gio/modules/libgvfsdbus.so
7f45dc47c000-7f45dc47d000 r--p 00030000 08:06 1074                       /usr/lib/x86_64-linux-gnu/gio/modules/libgvfsdbus.so
7f45dc47d000-7f45dc47f000 rw-p 00031000 08:06 1074                       /usr/lib/x86_64-linux-gnu/gio/modules/libgvfsdbus.so
7f45dc47f000-7f45dc486000 r-xp 00000000 08:06 666521                     /usr/lib/x86_64-linux-gnu/libogg.so.0.8.2
7f45dc486000-7f45dc686000 ---p 00007000 08:06 666521                     /usr/lib/x86_64-linux-gnu/libogg.so.0.8.2
7f45dc686000-7f45dc687000 r--p 00007000 08:06 666521                     /usr/lib/x86_64-linux-gnu/libogg.so.0.8.2
7f45dc687000-7f45dc688000 rw-p 00008000 08:06 666521                     /usr/lib/x86_64-linux-gnu/libogg.so.0.8.2
7f45dc688000-7f45dc6b2000 r-xp 00000000 08:06 666467                     /usr/lib/x86_64-linux-gnu/libvorbis.so.0.4.8
7f45dc6b2000-7f45dc8b1000 ---p 0002a000 08:06 666467                     /usr/lib/x86_64-linux-gnu/libvorbis.so.0.4.8
7f45dc8b1000-7f45dc8b2000 r--p 00029000 08:06 666467                     /usr/lib/x86_64-linux-gnu/libvorbis.so.0.4.8
7f45dc8b2000-7f45dc8b3000 rw-p 0002a000 08:06 666467                     /usr/lib/x86_64-linux-gnu/libvorbis.so.0.4.8
7f45dc8b3000-7f45dc8bc000 r-xp 00000000 08:06 666382                     /usr/lib/x86_64-linux-gnu/libltdl.so.7.3.1
7f45dc8bc000-7f45dcabb000 ---p 00009000 08:06 666382                     /usr/lib/x86_64-linux-gnu/libltdl.so.7.3.1
7f45dcabb000-7f45dcabc000 r--p 00008000 08:06 666382                     /usr/lib/x86_64-linux-gnu/libltdl.so.7.3.1
7f45dcabc000-7f45dcabd000 rw-p 00009000 08:06 666382                     /usr/lib/x86_64-linux-gnu/libltdl.so.7.3.1
7f45dcabd000-7f45dcad1000 r-xp 00000000 08:06 666772                     /usr/lib/x86_64-linux-gnu/libtdb.so.1.3.8
7f45dcad1000-7f45dccd0000 ---p 00014000 08:06 666772                     /usr/lib/x86_64-linux-gnu/libtdb.so.1.3.8
7f45dccd0000-7f45dccd1000 r--p 00013000 08:06 666772                     /usr/lib/x86_64-linux-gnu/libtdb.so.1.3.8
7f45dccd1000-7f45dccd2000 rw-p 00014000 08:06 666772                     /usr/lib/x86_64-linux-gnu/libtdb.so.1.3.8
7f45dccd2000-7f45dccd9000 r-xp 00000000 08:06 666463                     /usr/lib/x86_64-linux-gnu/libvorbisfile.so.3.3.7
7f45dccd9000-7f45dced9000 ---p 00007000 08:06 666463                     /usr/lib/x86_64-linux-gnu/libvorbisfile.so.3.3.7
7f45dced9000-7f45dceda000 r--p 00007000 08:06 666463                     /usr/lib/x86_64-linux-gnu/libvorbisfile.so.3.3.7
7f45dceda000-7f45dcedb000 rw-p 00008000 08:06 666463                     /usr/lib/x86_64-linux-gnu/libvorbisfile.so.3.3.7
7f45dcedb000-7f45dceeb000 r-xp 00000000 08:06 665763                     /usr/lib/x86_64-linux-gnu/libcanberra.so.0.2.5
7f45dceeb000-7f45dd0ea000 ---p 00010000 08:06 665763                     /usr/lib/x86_64-linux-gnu/libcanberra.so.0.2.5
7f45dd0ea000-7f45dd0eb000 r--p 0000f000 08:06 665763                     /usr/lib/x86_64-linux-gnu/libcanberra.so.0.2.5
7f45dd0eb000-7f45dd0ec000 rw-p 00010000 08:06 665763                     /usr/lib/x86_64-linux-gnu/libcanberra.so.0.2.5
7f45dd0ec000-7f45dd0f0000 r-xp 00000000 08:06 665759                     /usr/lib/x86_64-linux-gnu/libcanberra-gtk.so.0.1.9
7f45dd0f0000-7f45dd2ef000 ---p 00004000 08:06 665759                     /usr/lib/x86_64-linux-gnu/libcanberra-gtk.so.0.1.9
7f45dd2ef000-7f45dd2f0000 r--p 00003000 08:06 665759                     /usr/lib/x86_64-linux-gnu/libcanberra-gtk.so.0.1.9
7f45dd2f0000-7f45dd2f1000 rw-p 00004000 08:06 665759                     /usr/lib/x86_64-linux-gnu/libcanberra-gtk.so.0.1.9
7f45dd2f1000-7f45dd2f6000 r-xp 00000000 08:06 1288                       /usr/lib/x86_64-linux-gnu/gtk-2.0/modules/libcanberra-gtk-module.so
7f45dd2f6000-7f45dd4f5000 ---p 00005000 08:06 1288                       /usr/lib/x86_64-linux-gnu/gtk-2.0/modules/libcanberra-gtk-module.so
7f45dd4f5000-7f45dd4f6000 r--p 00004000 08:06 1288                       /usr/lib/x86_64-linux-gnu/gtk-2.0/modules/libcanberra-gtk-module.so
7f45dd4f6000-7f45dd4f7000 rw-p 00005000 08:06 1288                       /usr/lib/x86_64-linux-gnu/gtk-2.0/modules/libcanberra-gtk-module.so
7f45dd4f7000-7f45dd527000 r-xp 00000000 08:06 1270                       /usr/lib/x86_64-linux-gnu/gtk-2.0/2.10.0/engines/libmurrine.so
7f45dd527000-7f45dd727000 ---p 00030000 08:06 1270                       /usr/lib/x86_64-linux-gnu/gtk-2.0/2.10.0/engines/libmurrine.so
7f45dd727000-7f45dd728000 r--p 00030000 08:06 1270                       /usr/lib/x86_64-linux-gnu/gtk-2.0/2.10.0/engines/libmurrine.so
7f45dd728000-7f45dd729000 rw-p 00031000 08:06 1270                       /usr/lib/x86_64-linux-gnu/gtk-2.0/2.10.0/engines/libmurrine.so
7f45dd729000-7f45dd739000 r-xp 00000000 08:06 666830                     /usr/lib/x86_64-linux-gnu/libunity-gtk2-parser.so.0.0.0
7f45dd739000-7f45dd939000 ---p 00010000 08:06 666830                     /usr/lib/x86_64-linux-gnu/libunity-gtk2-parser.so.0.0.0
7f45dd939000-7f45dd93a000 r--p 00010000 08:06 666830                     /usr/lib/x86_64-linux-gnu/libunity-gtk2-parser.so.0.0.0
7f45dd93a000-7f45dd93b000 rw-p 00011000 08:06 666830                     /usr/lib/x86_64-linux-gnu/libunity-gtk2-parser.so.0.0.0
7f45dd93b000-7f45dd940000 r-xp 00000000 08:06 1292                       /usr/lib/x86_64-linux-gnu/gtk-2.0/modules/libunity-gtk-module.so
7f45dd940000-7f45ddb3f000 ---p 00005000 08:06 1292                       /usr/lib/x86_64-linux-gnu/gtk-2.0/modules/libunity-gtk-module.so
7f45ddb3f000-7f45ddb40000 r--p 00004000 08:06 1292                       /usr/lib/x86_64-linux-gnu/gtk-2.0/modules/libunity-gtk-module.so
7f45ddb40000-7f45ddb41000 rw-p 00005000 08:06 1292                       /usr/lib/x86_64-linux-gnu/gtk-2.0/modules/libunity-gtk-module.so
7f45ddb41000-7f45ddb53000 r-xp 00000000 08:06 136653                     /lib/x86_64-linux-gnu/libgpg-error.so.0.17.0
7f45ddb53000-7f45ddd53000 ---p 00012000 08:06 136653                     /lib/x86_64-linux-gnu/libgpg-error.so.0.17.0
7f45ddd53000-7f45ddd54000 r--p 00012000 08:06 136653                     /lib/x86_64-linux-gnu/libgpg-error.so.0.17.0
7f45ddd54000-7f45ddd55000 rw-p 00013000 08:06 136653                     /lib/x86_64-linux-gnu/libgpg-error.so.0.17.0
7f45ddd55000-7f45dde2c000 r-xp 00000000 08:06 130643                     /lib/x86_64-linux-gnu/libgcrypt.so.20.0.5
7f45dde2c000-7f45de02c000 ---p 000d7000 08:06 130643                     /lib/x86_64-linux-gnu/libgcrypt.so.20.0.5
7f45de02c000-7f45de02d000 r--p 000d7000 08:06 130643                     /lib/x86_64-linux-gnu/libgcrypt.so.20.0.5
7f45de02d000-7f45de035000 rw-p 000d8000 08:06 130643                     /lib/x86_64-linux-gnu/libgcrypt.so.20.0.5
7f45de035000-7f45de036000 rw-p 00000000 00:00 0 
7f45de036000-7f45de057000 r-xp 00000000 08:06 136676                     /lib/x86_64-linux-gnu/liblzma.so.5.0.0
7f45de057000-7f45de256000 ---p 00021000 08:06 136676                     /lib/x86_64-linux-gnu/liblzma.so.5.0.0
7f45de256000-7f45de257000 r--p 00020000 08:06 136676                     /lib/x86_64-linux-gnu/liblzma.so.5.0.0
7f45de257000-7f45de258000 rw-p 00021000 08:06 136676                     /lib/x86_64-linux-gnu/liblzma.so.5.0.0
7f45de258000-7f45de2a2000 r-xp 00000000 08:06 136625                     /lib/x86_64-linux-gnu/libdbus-1.so.3.14.6
7f45de2a2000-7f45de4a2000 ---p 0004a000 08:06 136625                     /lib/x86_64-linux-gnu/libdbus-1.so.3.14.6
7f45de4a2000-7f45de4a3000 r--p 0004a000 08:06 136625                     /lib/x86_64-linux-gnu/libdbus-1.so.3.14.6
7f45de4a3000-7f45de4a4000 rw-p 0004b000 08:06 136625                     /lib/x86_64-linux-gnu/libdbus-1.so.3.14.6
7f45de4a4000-7f45de4d0000 r-xp 00000000 08:06 665702                     /usr/lib/x86_64-linux-gnu/libatspi.so.0.0.1
7f45de4d0000-7f45de6cf000 ---p 0002c000 08:06 665702                     /usr/lib/x86_64-linux-gnu/libatspi.so.0.0.1
7f45de6cf000-7f45de6d2000 r--p 0002b000 08:06 665702                     /usr/lib/x86_64-linux-gnu/libatspi.so.0.0.1
7f45de6d2000-7f45de6d3000 rw-p 0002e000 08:06 665702                     /usr/lib/x86_64-linux-gnu/libatspi.so.0.0.1
7f45de6d3000-7f45de700000 r-xp 00000000 08:06 665696                     /usr/lib/x86_64-linux-gnu/libatk-bridge-2.0.so.0.0.0
7f45de700000-7f45de8ff000 ---p 0002d000 08:06 665696                     /usr/lib/x86_64-linux-gnu/libatk-bridge-2.0.so.0.0.0
7f45de8ff000-7f45de900000 r--p 0002c000 08:06 665696                     /usr/lib/x86_64-linux-gnu/libatk-bridge-2.0.so.0.0.0
7f45de900000-7f45de902000 rw-p 0002d000 08:06 665696                     /usr/lib/x86_64-linux-gnu/libatk-bridge-2.0.so.0.0.0
7f45de902000-7f45de903000 r-xp 00000000 08:06 1287                       /usr/lib/x86_64-linux-gnu/gtk-2.0/modules/libatk-bridge.so
7f45de903000-7f45deb02000 ---p 00001000 08:06 1287                       /usr/lib/x86_64-linux-gnu/gtk-2.0/modules/libatk-bridge.so
7f45deb02000-7f45deb03000 r--p 00000000 08:06 1287                       /usr/lib/x86_64-linux-gnu/gtk-2.0/modules/libatk-bridge.so
7f45deb03000-7f45deb04000 rw-p 00001000 08:06 1287                       /usr/lib/x86_64-linux-gnu/gtk-2.0/modules/libatk-bridge.so
7f45deb04000-7f45deb0b000 r-xp 00000000 08:06 666037                     /usr/lib/x86_64-linux-gnu/libgailutil.so.18.0.1
7f45deb0b000-7f45ded0a000 ---p 00007000 08:06 666037                     /usr/lib/x86_64-linux-gnu/libgailutil.so.18.0.1
7f45ded0a000-7f45ded0b000 r--p 00006000 08:06 666037                     /usr/lib/x86_64-linux-gnu/libgailutil.so.18.0.1
7f45ded0b000-7f45ded0c000 rw-p 00007000 08:06 666037                     /usr/lib/x86_64-linux-gnu/libgailutil.so.18.0.1
7f45ded0c000-7f45ded5a000 r-xp 00000000 08:06 1290                       /usr/lib/x86_64-linux-gnu/gtk-2.0/modules/libgail.so
7f45ded5a000-7f45def59000 ---p 0004e000 08:06 1290                       /usr/lib/x86_64-linux-gnu/gtk-2.0/modules/libgail.so
7f45def59000-7f45def5a000 r--p 0004d000 08:06 1290                       /usr/lib/x86_64-linux-gnu/gtk-2.0/modules/libgail.so
7f45def5a000-7f45def5c000 rw-p 0004e000 08:06 1290                       /usr/lib/x86_64-linux-gnu/gtk-2.0/modules/libgail.so
7f45def5c000-7f45def6d000 r-xp 00000000 08:06 1291                       /usr/lib/x86_64-linux-gnu/gtk-2.0/modules/liboverlay-scrollbar.so
7f45def6d000-7f45df16d000 ---p 00011000 08:06 1291                       /usr/lib/x86_64-linux-gnu/gtk-2.0/modules/liboverlay-scrollbar.so
7f45df16d000-7f45df16e000 r--p 00011000 08:06 1291                       /usr/lib/x86_64-linux-gnu/gtk-2.0/modules/liboverlay-scrollbar.so
7f45df16e000-7f45df16f000 rw-p 00012000 08:06 1291                       /usr/lib/x86_64-linux-gnu/gtk-2.0/modules/liboverlay-scrollbar.so
7f45df16f000-7f45df198000 r-xp 00000000 08:06 40971                      /usr/lib/jvm/java-8-oracle/jre/lib/amd64/libglass.so
7f45df198000-7f45df397000 ---p 00029000 08:06 40971                      /usr/lib/jvm/java-8-oracle/jre/lib/amd64/libglass.so
7f45df397000-7f45df39a000 rw-p 00028000 08:06 40971                      /usr/lib/jvm/java-8-oracle/jre/lib/amd64/libglass.so
7f45df39a000-7f45df3d1000 r-xp 00000000 08:06 666809                     /usr/lib/x86_64-linux-gnu/libtxc_dxtn_s2tc.so.0.0.0
7f45df3d1000-7f45df5d0000 ---p 00037000 08:06 666809                     /usr/lib/x86_64-linux-gnu/libtxc_dxtn_s2tc.so.0.0.0
7f45df5d0000-7f45df5d1000 r--p 00036000 08:06 666809                     /usr/lib/x86_64-linux-gnu/libtxc_dxtn_s2tc.so.0.0.0
7f45df5d1000-7f45df5d2000 rw-p 00037000 08:06 666809                     /usr/lib/x86_64-linux-gnu/libtxc_dxtn_s2tc.so.0.0.0
7f45df5d2000-7f45df5da000 r-xp 00000000 08:06 666563                     /usr/lib/x86_64-linux-gnu/libpciaccess.so.0.11.1
7f45df5da000-7f45df7da000 ---p 00008000 08:06 666563                     /usr/lib/x86_64-linux-gnu/libpciaccess.so.0.11.1
7f45df7da000-7f45df7db000 r--p 00008000 08:06 666563                     /usr/lib/x86_64-linux-gnu/libpciaccess.so.0.11.1
7f45df7db000-7f45df7dc000 rw-p 00009000 08:06 666563                     /usr/lib/x86_64-linux-gnu/libpciaccess.so.0.11.1
7f45df7dc000-7f45df7e7000 r-xp 00000000 08:06 665908                     /usr/lib/x86_64-linux-gnu/libdrm_radeon.so.1.0.1
7f45df7e7000-7f45df9e6000 ---p 0000b000 08:06 665908                     /usr/lib/x86_64-linux-gnu/libdrm_radeon.so.1.0.1
7f45df9e6000-7f45df9e7000 r--p 0000a000 08:06 665908                     /usr/lib/x86_64-linux-gnu/libdrm_radeon.so.1.0.1
7f45df9e7000-7f45df9e8000 rw-p 0000b000 08:06 665908                     /usr/lib/x86_64-linux-gnu/libdrm_radeon.so.1.0.1
7f45df9e8000-7f45df9ef000 r-xp 00000000 08:06 665906                     /usr/lib/x86_64-linux-gnu/libdrm_nouveau.so.2.0.0
7f45df9ef000-7f45dfbee000 ---p 00007000 08:06 665906                     /usr/lib/x86_64-linux-gnu/libdrm_nouveau.so.2.0.0
7f45dfbee000-7f45dfbef000 r--p 00006000 08:06 665906                     /usr/lib/x86_64-linux-gnu/libdrm_nouveau.so.2.0.0
7f45dfbef000-7f45dfbf0000 rw-p 00007000 08:06 665906                     /usr/lib/x86_64-linux-gnu/libdrm_nouveau.so.2.0.0
7f45dfbf0000-7f45dfc12000 r-xp 00000000 08:06 665904                     /usr/lib/x86_64-linux-gnu/libdrm_intel.so.1.0.0
7f45dfc12000-7f45dfe12000 ---p 00022000 08:06 665904                     /usr/lib/x86_64-linux-gnu/libdrm_intel.so.1.0.0
7f45dfe12000-7f45dfe13000 r--p 00022000 08:06 665904                     /usr/lib/x86_64-linux-gnu/libdrm_intel.so.1.0.0
7f45dfe13000-7f45dfe14000 rw-p 00023000 08:06 665904                     /usr/lib/x86_64-linux-gnu/libdrm_intel.so.1.0.0
7f45dfe14000-7f45e063b000 r-xp 00000000 08:06 388                        /usr/lib/x86_64-linux-gnu/dri/i965_dri.so
7f45e063b000-7f45e083b000 ---p 00827000 08:06 388                        /usr/lib/x86_64-linux-gnu/dri/i965_dri.so
7f45e083b000-7f45e088b000 r--p 00827000 08:06 388                        /usr/lib/x86_64-linux-gnu/dri/i965_dri.so
7f45e088b000-7f45e0894000 rw-p 00877000 08:06 388                        /usr/lib/x86_64-linux-gnu/dri/i965_dri.so
7f45e0894000-7f45e08fb000 rw-p 00000000 00:00 0 
7f45e08fb000-7f45e0901000 r-xp 00000000 08:06 665849                     /usr/lib/x86_64-linux-gnu/libdatrie.so.1.3.3
7f45e0901000-7f45e0b01000 ---p 00006000 08:06 665849                     /usr/lib/x86_64-linux-gnu/libdatrie.so.1.3.3
7f45e0b01000-7f45e0b02000 r--p 00006000 08:06 665849                     /usr/lib/x86_64-linux-gnu/libdatrie.so.1.3.3
7f45e0b02000-7f45e0b03000 rw-p 00007000 08:06 665849                     /usr/lib/x86_64-linux-gnu/libdatrie.so.1.3.3
7f45e0b03000-7f45e0b08000 r-xp 00000000 08:06 665599                     /usr/lib/x86_64-linux-gnu/libXdmcp.so.6.0.0
7f45e0b08000-7f45e0d07000 ---p 00005000 08:06 665599                     /usr/lib/x86_64-linux-gnu/libXdmcp.so.6.0.0
7f45e0d07000-7f45e0d08000 r--p 00004000 08:06 665599                     /usr/lib/x86_64-linux-gnu/libXdmcp.so.6.0.0
7f45e0d08000-7f45e0d09000 rw-p 00005000 08:06 665599                     /usr/lib/x86_64-linux-gnu/libXdmcp.so.6.0.0
7f45e0d09000-7f45e0d0b000 r-xp 00000000 08:06 665588                     /usr/lib/x86_64-linux-gnu/libXau.so.6.0.0
7f45e0d0b000-7f45e0f0b000 ---p 00002000 08:06 665588                     /usr/lib/x86_64-linux-gnu/libXau.so.6.0.0
7f45e0f0b000-7f45e0f0c000 r--p 00002000 08:06 665588                     /usr/lib/x86_64-linux-gnu/libXau.so.6.0.0
7f45e0f0c000-7f45e0f0d000 rw-p 00003000 08:06 665588                     /usr/lib/x86_64-linux-gnu/libXau.so.6.0.0
7f45e0f0d000-7f45e0f31000 r-xp 00000000 08:06 666153                     /usr/lib/x86_64-linux-gnu/libgraphite2.so.3.0.1
7f45e0f31000-7f45e1130000 ---p 00024000 08:06 666153                     /usr/lib/x86_64-linux-gnu/libgraphite2.so.3.0.1
7f45e1130000-7f45e1132000 r--p 00023000 08:06 666153                     /usr/lib/x86_64-linux-gnu/libgraphite2.so.3.0.1
7f45e1132000-7f45e1133000 rw-p 00025000 08:06 666153                     /usr/lib/x86_64-linux-gnu/libgraphite2.so.3.0.1
7f45e1133000-7f45e1143000 r-xp 00000000 08:06 665900                     /usr/lib/x86_64-linux-gnu/libdrm.so.2.4.0
7f45e1143000-7f45e1342000 ---p 00010000 08:06 665900                     /usr/lib/x86_64-linux-gnu/libdrm.so.2.4.0
7f45e1342000-7f45e1343000 r--p 0000f000 08:06 665900                     /usr/lib/x86_64-linux-gnu/libdrm.so.2.4.0
7f45e1343000-7f45e1344000 rw-p 00010000 08:06 665900                     /usr/lib/x86_64-linux-gnu/libdrm.so.2.4.0
7f45e1344000-7f45e1348000 r-xp 00000000 08:06 666976                     /usr/lib/x86_64-linux-gnu/libxcb-dri2.so.0.0.0
7f45e1348000-7f45e1547000 ---p 00004000 08:06 666976                     /usr/lib/x86_64-linux-gnu/libxcb-dri2.so.0.0.0
7f45e1547000-7f45e1548000 r--p 00003000 08:06 666976                     /usr/lib/x86_64-linux-gnu/libxcb-dri2.so.0.0.0
7f45e1548000-7f45e1549000 rw-p 00004000 08:06 666976                     /usr/lib/x86_64-linux-gnu/libxcb-dri2.so.0.0.0
7f45e1549000-7f45e1560000 r-xp 00000000 08:06 666980                     /usr/lib/x86_64-linux-gnu/libxcb-glx.so.0.0.0
7f45e1560000-7f45e175f000 ---p 00017000 08:06 666980                     /usr/lib/x86_64-linux-gnu/libxcb-glx.so.0.0.0
7f45e175f000-7f45e1761000 r--p 00016000 08:06 666980                     /usr/lib/x86_64-linux-gnu/libxcb-glx.so.0.0.0
7f45e1761000-7f45e1762000 rw-p 00018000 08:06 666980                     /usr/lib/x86_64-linux-gnu/libxcb-glx.so.0.0.0
7f45e1762000-7f45e1763000 r-xp 00000000 08:06 665582                     /usr/lib/x86_64-linux-gnu/libX11-xcb.so.1.0.0
7f45e1763000-7f45e1962000 ---p 00001000 08:06 665582                     /usr/lib/x86_64-linux-gnu/libX11-xcb.so.1.0.0
7f45e1962000-7f45e1963000 r--p 00000000 08:06 665582                     /usr/lib/x86_64-linux-gnu/libX11-xcb.so.1.0.0
7f45e1963000-7f45e1964000 rw-p 00001000 08:06 665582                     /usr/lib/x86_64-linux-gnu/libX11-xcb.so.1.0.0
7f45e1964000-7f45e198f000 r-xp 00000000 08:06 666101                     /usr/lib/x86_64-linux-gnu/libglapi.so.0.0.0
7f45e198f000-7f45e1b8e000 ---p 0002b000 08:06 666101                     /usr/lib/x86_64-linux-gnu/libglapi.so.0.0.0
7f45e1b8e000-7f45e1b92000 r--p 0002a000 08:06 666101                     /usr/lib/x86_64-linux-gnu/libglapi.so.0.0.0
7f45e1b92000-7f45e1b93000 rw-p 0002e000 08:06 666101                     /usr/lib/x86_64-linux-gnu/libglapi.so.0.0.0
7f45e1b93000-7f45e1b94000 rw-p 00000000 00:00 0 
7f45e1b94000-7f45e1b95000 r-xp 00000000 08:06 667020                     /usr/lib/x86_64-linux-gnu/libxshmfence.so.1.0.0
7f45e1b95000-7f45e1d95000 ---p 00001000 08:06 667020                     /usr/lib/x86_64-linux-gnu/libxshmfence.so.1.0.0
7f45e1d95000-7f45e1d96000 r--p 00001000 08:06 667020                     /usr/lib/x86_64-linux-gnu/libxshmfence.so.1.0.0
7f45e1d96000-7f45e1d97000 rw-p 00002000 08:06 667020                     /usr/lib/x86_64-linux-gnu/libxshmfence.so.1.0.0
7f45e1d97000-7f45e1d9c000 r-xp 00000000 08:06 667000                     /usr/lib/x86_64-linux-gnu/libxcb-sync.so.1.0.0
7f45e1d9c000-7f45e1f9c000 ---p 00005000 08:06 667000                     /usr/lib/x86_64-linux-gnu/libxcb-sync.so.1.0.0
7f45e1f9c000-7f45e1f9d000 r--p 00005000 08:06 667000                     /usr/lib/x86_64-linux-gnu/libxcb-sync.so.1.0.0
7f45e1f9d000-7f45e1f9e000 rw-p 00006000 08:06 667000                     /usr/lib/x86_64-linux-gnu/libxcb-sync.so.1.0.0
7f45e1f9e000-7f45e1fa0000 r-xp 00000000 08:06 666988                     /usr/lib/x86_64-linux-gnu/libxcb-present.so.0.0.0
7f45e1fa0000-7f45e219f000 ---p 00002000 08:06 666988                     /usr/lib/x86_64-linux-gnu/libxcb-present.so.0.0.0
7f45e219f000-7f45e21a0000 r--p 00001000 08:06 666988                     /usr/lib/x86_64-linux-gnu/libxcb-present.so.0.0.0
7f45e21a0000-7f45e21a1000 rw-p 00002000 08:06 666988                     /usr/lib/x86_64-linux-gnu/libxcb-present.so.0.0.0
7f45e21a1000-7f45e21a3000 r-xp 00000000 08:06 666978                     /usr/lib/x86_64-linux-gnu/libxcb-dri3.so.0.0.0
7f45e21a3000-7f45e23a2000 ---p 00002000 08:06 666978                     /usr/lib/x86_64-linux-gnu/libxcb-dri3.so.0.0.0
7f45e23a2000-7f45e23a3000 r--p 00001000 08:06 666978                     /usr/lib/x86_64-linux-gnu/libxcb-dri3.so.0.0.0
7f45e23a3000-7f45e23a4000 rw-p 00002000 08:06 666978                     /usr/lib/x86_64-linux-gnu/libxcb-dri3.so.0.0.0
7f45e23a4000-7f45e2412000 r-xp 00000000 08:06 136738                     /lib/x86_64-linux-gnu/libpcre.so.3.13.2
7f45e2412000-7f45e2612000 ---p 0006e000 08:06 136738                     /lib/x86_64-linux-gnu/libpcre.so.3.13.2
7f45e2612000-7f45e2613000 r--p 0006e000 08:06 136738                     /lib/x86_64-linux-gnu/libpcre.so.3.13.2
7f45e2613000-7f45e2614000 rw-p 0006f000 08:06 136738                     /lib/x86_64-linux-gnu/libpcre.so.3.13.2
7f45e2614000-7f45e261b000 r-xp 00000000 08:06 665978                     /usr/lib/x86_64-linux-gnu/libffi.so.6.0.4
7f45e261b000-7f45e281a000 ---p 00007000 08:06 665978                     /usr/lib/x86_64-linux-gnu/libffi.so.6.0.4
7f45e281a000-7f45e281b000 r--p 00006000 08:06 665978                     /usr/lib/x86_64-linux-gnu/libffi.so.6.0.4
7f45e281b000-7f45e281c000 rw-p 00007000 08:06 665978                     /usr/lib/x86_64-linux-gnu/libffi.so.6.0.4
7f45e281c000-7f45e2842000 r-xp 00000000 08:06 136640                     /lib/x86_64-linux-gnu/libexpat.so.1.6.0
7f45e2842000-7f45e2a42000 ---p 00026000 08:06 136640                     /lib/x86_64-linux-gnu/libexpat.so.1.6.0
7f45e2a42000-7f45e2a44000 r--p 00026000 08:06 136640                     /lib/x86_64-linux-gnu/libexpat.so.1.6.0
7f45e2a44000-7f45e2a45000 rw-p 00028000 08:06 136640                     /lib/x86_64-linux-gnu/libexpat.so.1.6.0
7f45e2a45000-7f45e2a4d000 r-xp 00000000 08:06 666780                     /usr/lib/x86_64-linux-gnu/libthai.so.0.2.4
7f45e2a4d000-7f45e2c4c000 ---p 00008000 08:06 666780                     /usr/lib/x86_64-linux-gnu/libthai.so.0.2.4
7f45e2c4c000-7f45e2c4d000 r--p 00007000 08:06 666780                     /usr/lib/x86_64-linux-gnu/libthai.so.0.2.4
7f45e2c4d000-7f45e2c4e000 rw-p 00008000 08:06 666780                     /usr/lib/x86_64-linux-gnu/libthai.so.0.2.4
7f45e2c4e000-7f45e2c6f000 r-xp 00000000 08:06 667008                     /usr/lib/x86_64-linux-gnu/libxcb.so.1.1.0
7f45e2c6f000-7f45e2e6e000 ---p 00021000 08:06 667008                     /usr/lib/x86_64-linux-gnu/libxcb.so.1.1.0
7f45e2e6e000-7f45e2e6f000 r--p 00020000 08:06 667008                     /usr/lib/x86_64-linux-gnu/libxcb.so.1.1.0
7f45e2e6f000-7f45e2e70000 rw-p 00021000 08:06 667008                     /usr/lib/x86_64-linux-gnu/libxcb.so.1.1.0
7f45e2e70000-7f45e2e78000 r-xp 00000000 08:06 666994                     /usr/lib/x86_64-linux-gnu/libxcb-render.so.0.0.0
7f45e2e78000-7f45e3078000 ---p 00008000 08:06 666994                     /usr/lib/x86_64-linux-gnu/libxcb-render.so.0.0.0
7f45e3078000-7f45e3079000 r--p 00008000 08:06 666994                     /usr/lib/x86_64-linux-gnu/libxcb-render.so.0.0.0
7f45e3079000-7f45e307a000 rw-p 00009000 08:06 666994                     /usr/lib/x86_64-linux-gnu/libxcb-render.so.0.0.0
7f45e307a000-7f45e307c000 r-xp 00000000 08:06 666998                     /usr/lib/x86_64-linux-gnu/libxcb-shm.so.0.0.0
7f45e307c000-7f45e327c000 ---p 00002000 08:06 666998                     /usr/lib/x86_64-linux-gnu/libxcb-shm.so.0.0.0
7f45e327c000-7f45e327d000 r--p 00002000 08:06 666998                     /usr/lib/x86_64-linux-gnu/libxcb-shm.so.0.0.0
7f45e327d000-7f45e327e000 rw-p 00003000 08:06 666998                     /usr/lib/x86_64-linux-gnu/libxcb-shm.so.0.0.0
7f45e327e000-7f45e32a2000 r-xp 00000000 08:06 136750                     /lib/x86_64-linux-gnu/libpng12.so.0.54.0
7f45e32a2000-7f45e34a1000 ---p 00024000 08:06 136750                     /lib/x86_64-linux-gnu/libpng12.so.0.54.0
7f45e34a1000-7f45e34a2000 r--p 00023000 08:06 136750                     /lib/x86_64-linux-gnu/libpng12.so.0.54.0
7f45e34a2000-7f45e34a3000 rw-p 00024000 08:06 136750                     /lib/x86_64-linux-gnu/libpng12.so.0.54.0
7f45e34a3000-7f45e3542000 r-xp 00000000 08:06 666577                     /usr/lib/x86_64-linux-gnu/libpixman-1.so.0.33.6
7f45e3542000-7f45e3742000 ---p 0009f000 08:06 666577                     /usr/lib/x86_64-linux-gnu/libpixman-1.so.0.33.6
7f45e3742000-7f45e374a000 r--p 0009f000 08:06 666577                     /usr/lib/x86_64-linux-gnu/libpixman-1.so.0.33.6
7f45e374a000-7f45e374b000 rw-p 000a7000 08:06 666577                     /usr/lib/x86_64-linux-gnu/libpixman-1.so.0.33.6
7f45e374b000-7f45e37a7000 r-xp 00000000 08:06 666241                     /usr/lib/x86_64-linux-gnu/libharfbuzz.so.0.10000.1
7f45e37a7000-7f45e39a7000 ---p 0005c000 08:06 666241                     /usr/lib/x86_64-linux-gnu/libharfbuzz.so.0.10000.1
7f45e39a7000-7f45e39a8000 r--p 0005c000 08:06 666241                     /usr/lib/x86_64-linux-gnu/libharfbuzz.so.0.10000.1
7f45e39a8000-7f45e39a9000 rw-p 0005d000 08:06 666241                     /usr/lib/x86_64-linux-gnu/libharfbuzz.so.0.10000.1
7f45e39a9000-7f45e39c0000 r-xp 00000000 08:06 136761                     /lib/x86_64-linux-gnu/libresolv-2.23.so
7f45e39c0000-7f45e3bc0000 ---p 00017000 08:06 136761                     /lib/x86_64-linux-gnu/libresolv-2.23.so
7f45e3bc0000-7f45e3bc1000 r--p 00017000 08:06 136761                     /lib/x86_64-linux-gnu/libresolv-2.23.so
7f45e3bc1000-7f45e3bc2000 rw-p 00018000 08:06 136761                     /lib/x86_64-linux-gnu/libresolv-2.23.so
7f45e3bc2000-7f45e3bc4000 rw-p 00000000 00:00 0 
7f45e3bc4000-7f45e3be3000 r-xp 00000000 08:06 136767                     /lib/x86_64-linux-gnu/libselinux.so.1
7f45e3be3000-7f45e3de2000 ---p 0001f000 08:06 136767                     /lib/x86_64-linux-gnu/libselinux.so.1
7f45e3de2000-7f45e3de3000 r--p 0001e000 08:06 136767                     /lib/x86_64-linux-gnu/libselinux.so.1
7f45e3de3000-7f45e3de4000 rw-p 0001f000 08:06 136767                     /lib/x86_64-linux-gnu/libselinux.so.1
7f45e3de4000-7f45e3de6000 rw-p 00000000 00:00 0 
7f45e3de6000-7f45e3dff000 r-xp 00000000 08:06 136800                     /lib/x86_64-linux-gnu/libz.so.1.2.8
7f45e3dff000-7f45e3ffe000 ---p 00019000 08:06 136800                     /lib/x86_64-linux-gnu/libz.so.1.2.8
7f45e3ffe000-7f45e3fff000 r--p 00018000 08:06 136800                     /lib/x86_64-linux-gnu/libz.so.1.2.8
7f45e3fff000-7f45e4000000 rw-p 00019000 08:06 136800                     /lib/x86_64-linux-gnu/libz.so.1.2.8
7f45e4000000-7f45e5ed7000 rw-p 00000000 00:00 0 
7f45e5ed7000-7f45e8000000 ---p 00000000 00:00 0 
7f45e8000000-7f45e8001000 rw-s 00000000 00:05 38095                      /drm mm object (deleted)
7f45e8001000-7f45e8003000 rw-s 00000000 00:05 38064                      /drm mm object (deleted)
7f45e8003000-7f45e800b000 rw-s 00000000 00:05 31576                      /drm mm object (deleted)
7f45e800b000-7f45e801e000 r--p 00000000 08:06 680099                     /usr/lib/jvm/java-8-oracle/jre/lib/fonts/LucidaBrightDemiItalic.ttf
7f45e801e000-7f45e8031000 r--p 00000000 08:06 680102                     /usr/lib/jvm/java-8-oracle/jre/lib/fonts/LucidaBrightDemiBold.ttf
7f45e8031000-7f45e8045000 r--p 00000000 08:06 680094                     /usr/lib/jvm/java-8-oracle/jre/lib/fonts/LucidaBrightItalic.ttf
7f45e8045000-7f45e804a000 r--s 00084000 08:06 667407                     /usr/lib/jvm/java-8-oracle/jre/lib/jfr.jar
7f45e804a000-7f45e8055000 r--s 00000000 08:06 279383                     /var/cache/fontconfig/945677eb7aeaf62f1d50efc3fb3ec7d8-le64.cache-6
7f45e8055000-7f45e805b000 r--s 00000000 08:06 279365                     /var/cache/fontconfig/2cd17615ca594fa2959ae173292e504c-le64.cache-6
7f45e805b000-7f45e805c000 r--s 00000000 08:06 279362                     /var/cache/fontconfig/0d8c3b2ac0904cb8a57a757ad11a4a08-le64.cache-6
7f45e805c000-7f45e8071000 r--s 00000000 08:06 279359                     /var/cache/fontconfig/04aabc0a78ac019cf9454389977116d2-le64.cache-6
7f45e8071000-7f45e8072000 r--s 00000000 08:06 279364                     /var/cache/fontconfig/1ac9eb803944fde146138c791f5cc56a-le64.cache-6
7f45e8072000-7f45e8076000 r--s 00000000 08:06 279369                     /var/cache/fontconfig/385c0604a188198f04d133e54aba7fe7-le64.cache-6
7f45e8076000-7f45e807b000 r--s 00000000 08:06 279382                     /var/cache/fontconfig/8801497958630a81b71ace7c5f9b32a8-le64.cache-6
7f45e807b000-7f45e8082000 r--s 00000000 08:06 279366                     /var/cache/fontconfig/3047814df9a2f067bd2d96a2b9c36e5a-le64.cache-6
7f45e8082000-7f45e8088000 r--s 00000000 08:06 279387                     /var/cache/fontconfig/b47c4e1ecd0709278f4910c18777a504-le64.cache-6
7f45e8088000-7f45e809b000 r--s 00000000 08:06 279393                     /var/cache/fontconfig/d52a8644073d54c13679302ca1180695-le64.cache-6
7f45e809b000-7f45e80a6000 r--s 00000000 08:06 279953                     /var/cache/fontconfig/d589a48862398ed80a3d6066f4f56f4c-le64.cache-6
7f45e80a6000-7f45e80b1000 r--s 00000000 08:06 279381                     /var/cache/fontconfig/83bf95040141907cd45bb53cf7c1c148-le64.cache-6
7f45e80b1000-7f45e80c3000 r--s 00000000 08:06 279385                     /var/cache/fontconfig/9b89f8e3dae116d678bbf48e5f21f69b-le64.cache-6
7f45e80c3000-7f45e80d4000 r-xp 00000000 08:06 665601                     /usr/lib/x86_64-linux-gnu/libXext.so.6.4.0
7f45e80d4000-7f45e82d3000 ---p 00011000 08:06 665601                     /usr/lib/x86_64-linux-gnu/libXext.so.6.4.0
7f45e82d3000-7f45e82d4000 r--p 00010000 08:06 665601                     /usr/lib/x86_64-linux-gnu/libXext.so.6.4.0
7f45e82d4000-7f45e82d5000 rw-p 00011000 08:06 665601                     /usr/lib/x86_64-linux-gnu/libXext.so.6.4.0
7f45e82d5000-7f45e82d7000 r-xp 00000000 08:06 665597                     /usr/lib/x86_64-linux-gnu/libXdamage.so.1.1.0
7f45e82d7000-7f45e84d6000 ---p 00002000 08:06 665597                     /usr/lib/x86_64-linux-gnu/libXdamage.so.1.1.0
7f45e84d6000-7f45e84d7000 r--p 00001000 08:06 665597                     /usr/lib/x86_64-linux-gnu/libXdamage.so.1.1.0
7f45e84d7000-7f45e84d8000 rw-p 00002000 08:06 665597                     /usr/lib/x86_64-linux-gnu/libXdamage.so.1.1.0
7f45e84d8000-7f45e84da000 r-xp 00000000 08:06 665593                     /usr/lib/x86_64-linux-gnu/libXcomposite.so.1.0.0
7f45e84da000-7f45e86d9000 ---p 00002000 08:06 665593                     /usr/lib/x86_64-linux-gnu/libXcomposite.so.1.0.0
7f45e86d9000-7f45e86da000 r--p 00001000 08:06 665593                     /usr/lib/x86_64-linux-gnu/libXcomposite.so.1.0.0
7f45e86da000-7f45e86db000 rw-p 00002000 08:06 665593                     /usr/lib/x86_64-linux-gnu/libXcomposite.so.1.0.0
7f45e86db000-7f45e86e4000 r-xp 00000000 08:06 665595                     /usr/lib/x86_64-linux-gnu/libXcursor.so.1.0.2
7f45e86e4000-7f45e88e3000 ---p 00009000 08:06 665595                     /usr/lib/x86_64-linux-gnu/libXcursor.so.1.0.2
7f45e88e3000-7f45e88e4000 r--p 00008000 08:06 665595                     /usr/lib/x86_64-linux-gnu/libXcursor.so.1.0.2
7f45e88e4000-7f45e88e5000 rw-p 00009000 08:06 665595                     /usr/lib/x86_64-linux-gnu/libXcursor.so.1.0.2
7f45e88e5000-7f45e88ef000 r-xp 00000000 08:06 665621                     /usr/lib/x86_64-linux-gnu/libXrandr.so.2.2.0
7f45e88ef000-7f45e8aee000 ---p 0000a000 08:06 665621                     /usr/lib/x86_64-linux-gnu/libXrandr.so.2.2.0
7f45e8aee000-7f45e8aef000 r--p 00009000 08:06 665621                     /usr/lib/x86_64-linux-gnu/libXrandr.so.2.2.0
7f45e8aef000-7f45e8af0000 rw-p 0000a000 08:06 665621                     /usr/lib/x86_64-linux-gnu/libXrandr.so.2.2.0
7f45e8af0000-7f45e8aff000 r-xp 00000000 08:06 665611                     /usr/lib/x86_64-linux-gnu/libXi.so.6.1.0
7f45e8aff000-7f45e8cfe000 ---p 0000f000 08:06 665611                     /usr/lib/x86_64-linux-gnu/libXi.so.6.1.0
7f45e8cfe000-7f45e8cff000 r--p 0000e000 08:06 665611                     /usr/lib/x86_64-linux-gnu/libXi.so.6.1.0
7f45e8cff000-7f45e8d00000 rw-p 0000f000 08:06 665611                     /usr/lib/x86_64-linux-gnu/libXi.so.6.1.0
7f45e8d00000-7f45e8d02000 r-xp 00000000 08:06 665613                     /usr/lib/x86_64-linux-gnu/libXinerama.so.1.0.0
7f45e8d02000-7f45e8f01000 ---p 00002000 08:06 665613                     /usr/lib/x86_64-linux-gnu/libXinerama.so.1.0.0
7f45e8f01000-7f45e8f02000 r--p 00001000 08:06 665613                     /usr/lib/x86_64-linux-gnu/libXinerama.so.1.0.0
7f45e8f02000-7f45e8f03000 rw-p 00002000 08:06 665613                     /usr/lib/x86_64-linux-gnu/libXinerama.so.1.0.0
7f45e8f03000-7f45e8f0c000 r-xp 00000000 08:06 665623                     /usr/lib/x86_64-linux-gnu/libXrender.so.1.3.0
7f45e8f0c000-7f45e910b000 ---p 00009000 08:06 665623                     /usr/lib/x86_64-linux-gnu/libXrender.so.1.3.0
7f45e910b000-7f45e910c000 r--p 00008000 08:06 665623                     /usr/lib/x86_64-linux-gnu/libXrender.so.1.3.0
7f45e910c000-7f45e910d000 rw-p 00009000 08:06 665623                     /usr/lib/x86_64-linux-gnu/libXrender.so.1.3.0
7f45e910d000-7f45e9112000 r-xp 00000000 08:06 665603                     /usr/lib/x86_64-linux-gnu/libXfixes.so.3.1.0
7f45e9112000-7f45e9311000 ---p 00005000 08:06 665603                     /usr/lib/x86_64-linux-gnu/libXfixes.so.3.1.0
7f45e9311000-7f45e9312000 r--p 00004000 08:06 665603                     /usr/lib/x86_64-linux-gnu/libXfixes.so.3.1.0
7f45e9312000-7f45e9313000 rw-p 00005000 08:06 665603                     /usr/lib/x86_64-linux-gnu/libXfixes.so.3.1.0
7f45e9313000-7f45e9329000 r-xp 00000000 08:06 136647                     /lib/x86_64-linux-gnu/libgcc_s.so.1
7f45e9329000-7f45e9528000 ---p 00016000 08:06 136647                     /lib/x86_64-linux-gnu/libgcc_s.so.1
7f45e9528000-7f45e9529000 rw-p 00015000 08:06 136647                     /lib/x86_64-linux-gnu/libgcc_s.so.1
7f45e9529000-7f45e969b000 r-xp 00000000 08:06 666759                     /usr/lib/x86_64-linux-gnu/libstdc++.so.6.0.21
7f45e969b000-7f45e989b000 ---p 00172000 08:06 666759                     /usr/lib/x86_64-linux-gnu/libstdc++.so.6.0.21
7f45e989b000-7f45e98a5000 r--p 00172000 08:06 666759                     /usr/lib/x86_64-linux-gnu/libstdc++.so.6.0.21
7f45e98a5000-7f45e98a7000 rw-p 0017c000 08:06 666759                     /usr/lib/x86_64-linux-gnu/libstdc++.so.6.0.21
7f45e98a7000-7f45e98ab000 rw-p 00000000 00:00 0 
7f45e98ab000-7f45e9919000 r-xp 00000000 08:06 1788                       /usr/lib/x86_64-linux-gnu/mesa/libGL.so.1.2.0
7f45e9919000-7f45e9b19000 ---p 0006e000 08:06 1788                       /usr/lib/x86_64-linux-gnu/mesa/libGL.so.1.2.0
7f45e9b19000-7f45e9b1c000 r--p 0006e000 08:06 1788                       /usr/lib/x86_64-linux-gnu/mesa/libGL.so.1.2.0
7f45e9b1c000-7f45e9b1d000 rw-p 00071000 08:06 1788                       /usr/lib/x86_64-linux-gnu/mesa/libGL.so.1.2.0
7f45e9b1d000-7f45e9b1e000 rw-p 00000000 00:00 0 
7f45e9b1e000-7f45e9b23000 r-xp 00000000 08:06 665639                     /usr/lib/x86_64-linux-gnu/libXxf86vm.so.1.0.0
7f45e9b23000-7f45e9d22000 ---p 00005000 08:06 665639                     /usr/lib/x86_64-linux-gnu/libXxf86vm.so.1.0.0
7f45e9d22000-7f45e9d23000 r--p 00004000 08:06 665639                     /usr/lib/x86_64-linux-gnu/libXxf86vm.so.1.0.0
7f45e9d23000-7f45e9d24000 rw-p 00005000 08:06 665639                     /usr/lib/x86_64-linux-gnu/libXxf86vm.so.1.0.0
7f45e9d24000-7f45e9e59000 r-xp 00000000 08:06 665584                     /usr/lib/x86_64-linux-gnu/libX11.so.6.3.0
7f45e9e59000-7f45ea059000 ---p 00135000 08:06 665584                     /usr/lib/x86_64-linux-gnu/libX11.so.6.3.0
7f45ea059000-7f45ea05a000 r--p 00135000 08:06 665584                     /usr/lib/x86_64-linux-gnu/libX11.so.6.3.0
7f45ea05a000-7f45ea05e000 rw-p 00136000 08:06 665584                     /usr/lib/x86_64-linux-gnu/libX11.so.6.3.0
7f45ea05e000-7f45ea063000 r-xp 00000000 08:06 665629                     /usr/lib/x86_64-linux-gnu/libXtst.so.6.1.0
7f45ea063000-7f45ea262000 ---p 00005000 08:06 665629                     /usr/lib/x86_64-linux-gnu/libXtst.so.6.1.0
7f45ea262000-7f45ea263000 r--p 00004000 08:06 665629                     /usr/lib/x86_64-linux-gnu/libXtst.so.6.1.0
7f45ea263000-7f45ea264000 rw-p 00005000 08:06 665629                     /usr/lib/x86_64-linux-gnu/libXtst.so.6.1.0
7f45ea264000-7f45ea373000 r-xp 00000000 08:06 136651                     /lib/x86_64-linux-gnu/libglib-2.0.so.0.4800.2
7f45ea373000-7f45ea572000 ---p 0010f000 08:06 136651                     /lib/x86_64-linux-gnu/libglib-2.0.so.0.4800.2
7f45ea572000-7f45ea573000 r--p 0010e000 08:06 136651                     /lib/x86_64-linux-gnu/libglib-2.0.so.0.4800.2
7f45ea573000-7f45ea574000 rw-p 0010f000 08:06 136651                     /lib/x86_64-linux-gnu/libglib-2.0.so.0.4800.2
7f45ea574000-7f45ea575000 rw-p 00000000 00:00 0 
7f45ea575000-7f45ea576000 r-xp 00000000 08:06 666206                     /usr/lib/x86_64-linux-gnu/libgthread-2.0.so.0.4800.2
7f45ea576000-7f45ea775000 ---p 00001000 08:06 666206                     /usr/lib/x86_64-linux-gnu/libgthread-2.0.so.0.4800.2
7f45ea775000-7f45ea776000 r--p 00000000 08:06 666206                     /usr/lib/x86_64-linux-gnu/libgthread-2.0.so.0.4800.2
7f45ea776000-7f45ea777000 rw-p 00001000 08:06 666206                     /usr/lib/x86_64-linux-gnu/libgthread-2.0.so.0.4800.2
7f45ea777000-7f45ea77a000 r-xp 00000000 08:06 666109                     /usr/lib/x86_64-linux-gnu/libgmodule-2.0.so.0.4800.2
7f45ea77a000-7f45ea979000 ---p 00003000 08:06 666109                     /usr/lib/x86_64-linux-gnu/libgmodule-2.0.so.0.4800.2
7f45ea979000-7f45ea97a000 r--p 00002000 08:06 666109                     /usr/lib/x86_64-linux-gnu/libgmodule-2.0.so.0.4800.2
7f45ea97a000-7f45ea97b000 rw-p 00003000 08:06 666109                     /usr/lib/x86_64-linux-gnu/libgmodule-2.0.so.0.4800.2
7f45ea97b000-7f45ea9cd000 r-xp 00000000 08:06 666133                     /usr/lib/x86_64-linux-gnu/libgobject-2.0.so.0.4800.2
7f45ea9cd000-7f45eabcc000 ---p 00052000 08:06 666133                     /usr/lib/x86_64-linux-gnu/libgobject-2.0.so.0.4800.2
7f45eabcc000-7f45eabcd000 r--p 00051000 08:06 666133                     /usr/lib/x86_64-linux-gnu/libgobject-2.0.so.0.4800.2
7f45eabcd000-7f45eabce000 rw-p 00052000 08:06 666133                     /usr/lib/x86_64-linux-gnu/libgobject-2.0.so.0.4800.2
7f45eabce000-7f45eac0b000 r-xp 00000000 08:06 665992                     /usr/lib/x86_64-linux-gnu/libfontconfig.so.1.9.0
7f45eac0b000-7f45eae0a000 ---p 0003d000 08:06 665992                     /usr/lib/x86_64-linux-gnu/libfontconfig.so.1.9.0
7f45eae0a000-7f45eae0c000 r--p 0003c000 08:06 665992                     /usr/lib/x86_64-linux-gnu/libfontconfig.so.1.9.0
7f45eae0c000-7f45eae11000 rw-p 0003e000 08:06 665992                     /usr/lib/x86_64-linux-gnu/libfontconfig.so.1.9.0
7f45eae11000-7f45eaeb5000 r-xp 00000000 08:06 666026                     /usr/lib/x86_64-linux-gnu/libfreetype.so.6.12.1
7f45eaeb5000-7f45eb0b4000 ---p 000a4000 08:06 666026                     /usr/lib/x86_64-linux-gnu/libfreetype.so.6.12.1
7f45eb0b4000-7f45eb0ba000 r--p 000a3000 08:06 666026                     /usr/lib/x86_64-linux-gnu/libfreetype.so.6.12.1
7f45eb0ba000-7f45eb0bb000 rw-p 000a9000 08:06 666026                     /usr/lib/x86_64-linux-gnu/libfreetype.so.6.12.1
7f45eb0bb000-7f45eb104000 r-xp 00000000 08:06 666547                     /usr/lib/x86_64-linux-gnu/libpango-1.0.so.0.3800.1
7f45eb104000-7f45eb304000 ---p 00049000 08:06 666547                     /usr/lib/x86_64-linux-gnu/libpango-1.0.so.0.3800.1
7f45eb304000-7f45eb306000 r--p 00049000 08:06 666547                     /usr/lib/x86_64-linux-gnu/libpango-1.0.so.0.3800.1
7f45eb306000-7f45eb307000 rw-p 0004b000 08:06 666547                     /usr/lib/x86_64-linux-gnu/libpango-1.0.so.0.3800.1
7f45eb307000-7f45eb415000 r-xp 00000000 08:06 665751                     /usr/lib/x86_64-linux-gnu/libcairo.so.2.11400.6
7f45eb415000-7f45eb615000 ---p 0010e000 08:06 665751                     /usr/lib/x86_64-linux-gnu/libcairo.so.2.11400.6
7f45eb615000-7f45eb618000 r--p 0010e000 08:06 665751                     /usr/lib/x86_64-linux-gnu/libcairo.so.2.11400.6
7f45eb618000-7f45eb619000 rw-p 00111000 08:06 665751                     /usr/lib/x86_64-linux-gnu/libcairo.so.2.11400.6
7f45eb619000-7f45eb61b000 rw-p 00000000 00:00 0 
7f45eb61b000-7f45eb63c000 r-xp 00000000 08:06 666067                     /usr/lib/x86_64-linux-gnu/libgdk_pixbuf-2.0.so.0.3200.2
7f45eb63c000-7f45eb83b000 ---p 00021000 08:06 666067                     /usr/lib/x86_64-linux-gnu/libgdk_pixbuf-2.0.so.0.3200.2
7f45eb83b000-7f45eb83c000 r--p 00020000 08:06 666067                     /usr/lib/x86_64-linux-gnu/libgdk_pixbuf-2.0.so.0.3200.2
7f45eb83c000-7f45eb83d000 rw-p 00021000 08:06 666067                     /usr/lib/x86_64-linux-gnu/libgdk_pixbuf-2.0.so.0.3200.2
7f45eb83d000-7f45eb851000 r-xp 00000000 08:06 666551                     /usr/lib/x86_64-linux-gnu/libpangoft2-1.0.so.0.3800.1
7f45eb851000-7f45eba51000 ---p 00014000 08:06 666551                     /usr/lib/x86_64-linux-gnu/libpangoft2-1.0.so.0.3800.1
7f45eba51000-7f45eba52000 r--p 00014000 08:06 666551                     /usr/lib/x86_64-linux-gnu/libpangoft2-1.0.so.0.3800.1
7f45eba52000-7f45eba53000 rw-p 00015000 08:06 666551                     /usr/lib/x86_64-linux-gnu/libpangoft2-1.0.so.0.3800.1
7f45eba53000-7f45ebbd3000 r-xp 00000000 08:06 666095                     /usr/lib/x86_64-linux-gnu/libgio-2.0.so.0.4800.2
7f45ebbd3000-7f45ebdd3000 ---p 00180000 08:06 666095                     /usr/lib/x86_64-linux-gnu/libgio-2.0.so.0.4800.2
7f45ebdd3000-7f45ebdd7000 r--p 00180000 08:06 666095                     /usr/lib/x86_64-linux-gnu/libgio-2.0.so.0.4800.2
7f45ebdd7000-7f45ebdd9000 rw-p 00184000 08:06 666095                     /usr/lib/x86_64-linux-gnu/libgio-2.0.so.0.4800.2
7f45ebdd9000-7f45ebddb000 rw-p 00000000 00:00 0 
7f45ebddb000-7f45ebdfd000 r-xp 00000000 08:06 665694                     /usr/lib/x86_64-linux-gnu/libatk-1.0.so.0.21809.1
7f45ebdfd000-7f45ebffc000 ---p 00022000 08:06 665694                     /usr/lib/x86_64-linux-gnu/libatk-1.0.so.0.21809.1
7f45ebffc000-7f45ebfff000 r--p 00021000 08:06 665694                     /usr/lib/x86_64-linux-gnu/libatk-1.0.so.0.21809.1
7f45ebfff000-7f45ec000000 rw-p 00024000 08:06 665694                     /usr/lib/x86_64-linux-gnu/libatk-1.0.so.0.21809.1
7f45ec000000-7f45ec021000 rw-p 00000000 00:00 0 
7f45ec021000-7f45f0000000 ---p 00000000 00:00 0 
7f45f0000000-7f45f0021000 rw-p 00000000 00:00 0 
7f45f0021000-7f45f4000000 ---p 00000000 00:00 0 
7f45f4000000-7f45f4114000 rw-p 00000000 00:00 0 
7f45f4114000-7f45f8000000 ---p 00000000 00:00 0 
7f45f8000000-7f45f8307000 rw-p 00000000 00:00 0 
7f45f8307000-7f45fc000000 ---p 00000000 00:00 0 
7f45fc000000-7f45fc0f5000 rw-p 00000000 00:00 0 
7f45fc0f5000-7f4600000000 ---p 00000000 00:00 0 
7f4600000000-7f4600142000 rw-p 00000000 00:00 0 
7f4600142000-7f4604000000 ---p 00000000 00:00 0 
7f4604000000-7f4604021000 rw-p 00000000 00:00 0 
7f4604021000-7f4608000000 ---p 00000000 00:00 0 
7f4608000000-7f4608025000 rw-p 00000000 00:00 0 
7f4608025000-7f460c000000 ---p 00000000 00:00 0 
7f460c000000-7f460c021000 rw-p 00000000 00:00 0 
7f460c021000-7f4610000000 ---p 00000000 00:00 0 
7f4610000000-7f4610021000 rw-p 00000000 00:00 0 
7f4610021000-7f4614000000 ---p 00000000 00:00 0 
7f4614000000-7f4614021000 rw-p 00000000 00:00 0 
7f4614021000-7f4618000000 ---p 00000000 00:00 0 
7f4618000000-7f4618001000 r--s 00000000 08:06 279396                     /var/cache/fontconfig/dc05db6664285cc2f12bf69c139ae4c3-le64.cache-6
7f4618001000-7f4618004000 r--s 00000000 08:06 279379                     /var/cache/fontconfig/767a8244fc0220cfb567a839d0392e0b-le64.cache-6
7f4618004000-7f461804a000 r--p 00000000 08:06 785528                     /usr/share/glib-2.0/schemas/gschemas.compiled
7f461804a000-7f461806b000 r--p 00000000 08:06 22748                      /usr/share/locale-langpack/ru/LC_MESSAGES/glib20.mo
7f461806b000-7f46180eb000 r-xp 00000000 08:06 136122                     /lib/x86_64-linux-gnu/libsystemd.so.0.14.0
7f46180eb000-7f46180ee000 r--p 0007f000 08:06 136122                     /lib/x86_64-linux-gnu/libsystemd.so.0.14.0
7f46180ee000-7f46180ef000 rw-p 00082000 08:06 136122                     /lib/x86_64-linux-gnu/libsystemd.so.0.14.0
7f46180ef000-7f46180f0000 rw-p 00000000 00:00 0 
7f46180f0000-7f46180f1000 r--s 00000000 08:06 279370                     /var/cache/fontconfig/4794a0821666d79190d59a36cb4f44b5-le64.cache-6
7f46180f1000-7f46180f2000 r--s 00000000 08:06 279389                     /var/cache/fontconfig/bab58bb527bb656aaa9f116d68a48d89-le64.cache-6
7f46180f2000-7f46180f3000 r--s 00000000 08:06 279373                     /var/cache/fontconfig/56cf4f4769d0f4abc89a4895d7bd3ae1-le64.cache-6
7f46180f3000-7f46180f6000 r--s 00000000 08:06 279378                     /var/cache/fontconfig/75114ca45c98e8a441da0ff356701271-le64.cache-6
7f46180f6000-7f4618103000 r--s 00000000 08:06 275276                     /var/cache/fontconfig/e13b20fdb08344e0e664864cc2ede53d-le64.cache-6
7f4618103000-7f461810b000 rw-s 00000000 00:05 38036                      /drm mm object (deleted)
7f461810b000-7f46181bb000 r-xp 00000000 08:06 666065                     /usr/lib/x86_64-linux-gnu/libgdk-x11-2.0.so.0.2400.30
7f46181bb000-7f46183ba000 ---p 000b0000 08:06 666065                     /usr/lib/x86_64-linux-gnu/libgdk-x11-2.0.so.0.2400.30
7f46183ba000-7f46183be000 r--p 000af000 08:06 666065                     /usr/lib/x86_64-linux-gnu/libgdk-x11-2.0.so.0.2400.30
7f46183be000-7f46183c0000 rw-p 000b3000 08:06 666065                     /usr/lib/x86_64-linux-gnu/libgdk-x11-2.0.so.0.2400.30
7f46183c0000-7f4620000000 rw-p 00000000 00:00 0 
7f4620000000-7f4620021000 rw-p 00000000 00:00 0 
7f4620021000-7f4624000000 ---p 00000000 00:00 0 
7f4624000000-7f4624021000 rw-p 00000000 00:00 0 
7f4624021000-7f4628000000 ---p 00000000 00:00 0 
7f4628000000-7f4628021000 rw-p 00000000 00:00 0 
7f4628021000-7f462c000000 ---p 00000000 00:00 0 
7f462c000000-7f462c001000 r--s 00000000 08:06 279388                     /var/cache/fontconfig/b9d506c9ac06c20b433354fa67a72993-le64.cache-6
7f462c001000-7f462c00d000 r-xp 00000000 08:06 666549                     /usr/lib/x86_64-linux-gnu/libpangocairo-1.0.so.0.3800.1
7f462c00d000-7f462c20c000 ---p 0000c000 08:06 666549                     /usr/lib/x86_64-linux-gnu/libpangocairo-1.0.so.0.3800.1
7f462c20c000-7f462c20d000 r--p 0000b000 08:06 666549                     /usr/lib/x86_64-linux-gnu/libpangocairo-1.0.so.0.3800.1
7f462c20d000-7f462c20e000 rw-p 0000c000 08:06 666549                     /usr/lib/x86_64-linux-gnu/libpangocairo-1.0.so.0.3800.1
7f462c20e000-7f462c64c000 r-xp 00000000 08:06 666210                     /usr/lib/x86_64-linux-gnu/libgtk-x11-2.0.so.0.2400.30
7f462c64c000-7f462c84b000 ---p 0043e000 08:06 666210                     /usr/lib/x86_64-linux-gnu/libgtk-x11-2.0.so.0.2400.30
7f462c84b000-7f462c852000 r--p 0043d000 08:06 666210                     /usr/lib/x86_64-linux-gnu/libgtk-x11-2.0.so.0.2400.30
7f462c852000-7f462c856000 rw-p 00444000 08:06 666210                     /usr/lib/x86_64-linux-gnu/libgtk-x11-2.0.so.0.2400.30
7f462c856000-7f462c859000 rw-p 00000000 00:00 0 
7f462c859000-7f462c865000 r-xp 00000000 08:06 41000                      /usr/lib/jvm/java-8-oracle/jre/lib/amd64/libprism_es2.so
7f462c865000-7f462ca64000 ---p 0000c000 08:06 41000                      /usr/lib/jvm/java-8-oracle/jre/lib/amd64/libprism_es2.so
7f462ca64000-7f462ca65000 rw-p 0000b000 08:06 41000                      /usr/lib/jvm/java-8-oracle/jre/lib/amd64/libprism_es2.so
7f462ca65000-7f462ca68000 ---p 00000000 00:00 0 
7f462ca68000-7f462cb66000 rw-p 00000000 00:00 0 
7f462cb66000-7f462cbfb000 r--s 0110b000 08:06 680157                     /usr/lib/jvm/java-8-oracle/jre/lib/ext/jfxrt.jar
7f462cbfb000-7f462cbfc000 ---p 00000000 00:00 0 
7f462cbfc000-7f462ccfc000 rw-p 00000000 00:00 0 
7f462ccfc000-7f462ccff000 ---p 00000000 00:00 0 
7f462ccff000-7f462cdfd000 rw-p 00000000 00:00 0 
7f462cdfd000-7f462ce00000 ---p 00000000 00:00 0 
7f462ce00000-7f462cefe000 rw-p 00000000 00:00 0 
7f462cefe000-7f462cf01000 ---p 00000000 00:00 0 
7f462cf01000-7f4630000000 rw-p 00000000 00:00 0 
7f4630000000-7f4630021000 rw-p 00000000 00:00 0 
7f4630021000-7f4634000000 ---p 00000000 00:00 0 
7f4634000000-7f4634021000 rw-p 00000000 00:00 0 
7f4634021000-7f4638000000 ---p 00000000 00:00 0 
7f4638000000-7f4638021000 rw-p 00000000 00:00 0 
7f4638021000-7f463c000000 ---p 00000000 00:00 0 
7f463c000000-7f463c021000 rw-p 00000000 00:00 0 
7f463c021000-7f4640000000 ---p 00000000 00:00 0 
7f4640000000-7f4640001000 r--s 00000000 08:06 279372                     /var/cache/fontconfig/551ecf3b0e8b0bca0f25c0944f561853-le64.cache-6
7f4640001000-7f4640005000 r--s 00000000 08:06 263554                     /var/cache/fontconfig/7ef2298fde41cc6eeb7af42e48b7d293-le64.cache-6
7f4640005000-7f464000d000 rw-s 00000000 00:05 38026                      /drm mm object (deleted)
7f464000d000-7f4640012000 r--p 00000000 08:05 139571                     /home/nikita/.config/dconf/user
7f4640012000-7f4640048000 r--p 00000000 08:06 22794                      /usr/share/locale-langpack/ru/LC_MESSAGES/gtk20-properties.mo
7f4640048000-7f4640059000 r--p 00000000 08:06 22795                      /usr/share/locale-langpack/ru/LC_MESSAGES/gtk20.mo
7f4640059000-7f4640061000 rw-s 00000000 00:05 36506                      /drm mm object (deleted)
7f4640061000-7f4640069000 rw-s 00000000 00:05 38017                      /drm mm object (deleted)
7f4640069000-7f464007f000 r-xp 00000000 08:06 40996                      /usr/lib/jvm/java-8-oracle/jre/lib/amd64/libnet.so
7f464007f000-7f464027f000 ---p 00016000 08:06 40996                      /usr/lib/jvm/java-8-oracle/jre/lib/amd64/libnet.so
7f464027f000-7f4640280000 rw-p 00016000 08:06 40996                      /usr/lib/jvm/java-8-oracle/jre/lib/amd64/libnet.so
7f4640280000-7f4640283000 ---p 00000000 00:00 0 
7f4640283000-7f4640381000 rw-p 00000000 00:00 0 
7f4640381000-7f4640384000 ---p 00000000 00:00 0 
7f4640384000-7f4640482000 rw-p 00000000 00:00 0 
7f4640482000-7f4640485000 ---p 00000000 00:00 0 
7f4640485000-7f4640583000 rw-p 00000000 00:00 0 
7f4640583000-7f4640586000 ---p 00000000 00:00 0 
7f4640586000-7f4640684000 rw-p 00000000 00:00 0 
7f4640684000-7f4641044000 r--p 00000000 08:06 662311                     /usr/lib/locale/locale-archive
7f4641044000-7f4641047000 ---p 00000000 00:00 0 
7f4641047000-7f4641145000 rw-p 00000000 00:00 0 
7f4641145000-7f4641148000 ---p 00000000 00:00 0 
7f4641148000-7f4641246000 rw-p 00000000 00:00 0 
7f4641246000-7f4641247000 ---p 00000000 00:00 0 
7f4641247000-7f4642e62000 rw-p 00000000 00:00 0 
7f4642e62000-7f464303c000 r--s 03d68000 08:06 680112                     /usr/lib/jvm/java-8-oracle/jre/lib/rt.jar
7f464303c000-7f4644000000 rw-p 00000000 00:00 0 
7f4644000000-7f4644021000 rw-p 00000000 00:00 0 
7f4644021000-7f4648000000 ---p 00000000 00:00 0 
7f4648000000-7f4648004000 r--p 00000000 08:06 22650                      /usr/share/locale-langpack/ru/LC_MESSAGES/atk10.mo
7f4648004000-7f4648033000 r--p 00000000 08:06 22852                      /usr/share/locale-langpack/ru/LC_MESSAGES/libc.mo
7f4648033000-7f4648034000 ---p 00000000 00:00 0 
7f4648034000-7f4648134000 rw-p 00000000 00:00 0 
7f4648134000-7f4648135000 ---p 00000000 00:00 0 
7f4648135000-7f4648235000 rw-p 00000000 00:00 0 
7f4648235000-7f4648236000 ---p 00000000 00:00 0 
7f4648236000-7f4648336000 rw-p 00000000 00:00 0 
7f4648336000-7f4648337000 ---p 00000000 00:00 0 
7f4648337000-7f4648437000 rw-p 00000000 00:00 0 
7f4648437000-7f4648438000 ---p 00000000 00:00 0 
7f4648438000-7f4648538000 rw-p 00000000 00:00 0 
7f4648538000-7f4648539000 ---p 00000000 00:00 0 
7f4648539000-7f4648639000 rw-p 00000000 00:00 0 
7f4648639000-7f464863a000 ---p 00000000 00:00 0 
7f464863a000-7f464873a000 rw-p 00000000 00:00 0 
7f464873a000-7f464873b000 ---p 00000000 00:00 0 
7f464873b000-7f464888f000 rw-p 00000000 00:00 0 
7f464888f000-7f4648d68000 ---p 00000000 00:00 0 
7f4648d68000-7f4648d92000 rw-p 00000000 00:00 0 
7f4648d92000-7f4648fff000 ---p 00000000 00:00 0 
7f4648fff000-7f4649000000 rw-p 00000000 00:00 0 
7f4649000000-7f46495a0000 rwxp 00000000 00:00 0 
7f46495a0000-7f4658000000 ---p 00000000 00:00 0 
7f4658000000-7f46585e7000 rw-p 00000000 00:00 0 
7f46585e7000-7f465c000000 ---p 00000000 00:00 0 
7f465c000000-7f465c001000 r--s 00000000 08:06 279367                     /var/cache/fontconfig/30829fa25452a46451e813d634d7f916-le64.cache-6
7f465c001000-7f465c002000 r--s 00000000 08:06 279361                     /var/cache/fontconfig/0c9eb80ebd1c36541ebe2852d3bb0c49-le64.cache-6
7f465c002000-7f465c015000 r--s 00345000 08:06 680142                     /usr/lib/jvm/java-8-oracle/jre/lib/resources.jar
7f465c015000-7f465c028000 r--s 000d6000 08:06 668255                     /usr/lib/jvm/java-8-oracle/jre/lib/plugin.jar
7f465c028000-7f465c141000 rw-p 00000000 00:00 0 
7f465c141000-7f465c61b000 ---p 00000000 00:00 0 
7f465c61b000-7f465c632000 rw-p 00000000 00:00 0 
7f465c632000-7f465c9db000 ---p 00000000 00:00 0 
7f465c9db000-7f465c9f6000 r-xp 00000000 08:06 40992                      /usr/lib/jvm/java-8-oracle/jre/lib/amd64/libzip.so
7f465c9f6000-7f465cbf6000 ---p 0001b000 08:06 40992                      /usr/lib/jvm/java-8-oracle/jre/lib/amd64/libzip.so
7f465cbf6000-7f465cbf7000 rw-p 0001b000 08:06 40992                      /usr/lib/jvm/java-8-oracle/jre/lib/amd64/libzip.so
7f465cbf7000-7f465cc02000 r-xp 00000000 08:06 136708                     /lib/x86_64-linux-gnu/libnss_files-2.23.so
7f465cc02000-7f465ce01000 ---p 0000b000 08:06 136708                     /lib/x86_64-linux-gnu/libnss_files-2.23.so
7f465ce01000-7f465ce02000 r--p 0000a000 08:06 136708                     /lib/x86_64-linux-gnu/libnss_files-2.23.so
7f465ce02000-7f465ce03000 rw-p 0000b000 08:06 136708                     /lib/x86_64-linux-gnu/libnss_files-2.23.so
7f465ce03000-7f465ce09000 rw-p 00000000 00:00 0 
7f465ce09000-7f465ce14000 r-xp 00000000 08:06 136718                     /lib/x86_64-linux-gnu/libnss_nis-2.23.so
7f465ce14000-7f465d013000 ---p 0000b000 08:06 136718                     /lib/x86_64-linux-gnu/libnss_nis-2.23.so
7f465d013000-7f465d014000 r--p 0000a000 08:06 136718                     /lib/x86_64-linux-gnu/libnss_nis-2.23.so
7f465d014000-7f465d015000 rw-p 0000b000 08:06 136718                     /lib/x86_64-linux-gnu/libnss_nis-2.23.so
7f465d015000-7f465d02b000 r-xp 00000000 08:06 136702                     /lib/x86_64-linux-gnu/libnsl-2.23.so
7f465d02b000-7f465d22a000 ---p 00016000 08:06 136702                     /lib/x86_64-linux-gnu/libnsl-2.23.so
7f465d22a000-7f465d22b000 r--p 00015000 08:06 136702                     /lib/x86_64-linux-gnu/libnsl-2.23.so
7f465d22b000-7f465d22c000 rw-p 00016000 08:06 136702                     /lib/x86_64-linux-gnu/libnsl-2.23.so
7f465d22c000-7f465d22e000 rw-p 00000000 00:00 0 
7f465d22e000-7f465d236000 r-xp 00000000 08:06 136704                     /lib/x86_64-linux-gnu/libnss_compat-2.23.so
7f465d236000-7f465d435000 ---p 00008000 08:06 136704                     /lib/x86_64-linux-gnu/libnss_compat-2.23.so
7f465d435000-7f465d436000 r--p 00007000 08:06 136704                     /lib/x86_64-linux-gnu/libnss_compat-2.23.so
7f465d436000-7f465d437000 rw-p 00008000 08:06 136704                     /lib/x86_64-linux-gnu/libnss_compat-2.23.so
7f465d437000-7f465d441000 r-xp 00000000 08:06 41001                      /usr/lib/jvm/java-8-oracle/jre/lib/amd64/libinstrument.so
7f465d441000-7f465d640000 ---p 0000a000 08:06 41001                      /usr/lib/jvm/java-8-oracle/jre/lib/amd64/libinstrument.so
7f465d640000-7f465d641000 rw-p 00009000 08:06 41001                      /usr/lib/jvm/java-8-oracle/jre/lib/amd64/libinstrument.so
7f465d641000-7f465d66c000 r-xp 00000000 08:06 40986                      /usr/lib/jvm/java-8-oracle/jre/lib/amd64/libjava.so
7f465d66c000-7f465d86b000 ---p 0002b000 08:06 40986                      /usr/lib/jvm/java-8-oracle/jre/lib/amd64/libjava.so
7f465d86b000-7f465d86d000 rw-p 0002a000 08:06 40986                      /usr/lib/jvm/java-8-oracle/jre/lib/amd64/libjava.so
7f465d86d000-7f465d87a000 r-xp 00000000 08:06 40991                      /usr/lib/jvm/java-8-oracle/jre/lib/amd64/libverify.so
7f465d87a000-7f465da7a000 ---p 0000d000 08:06 40991                      /usr/lib/jvm/java-8-oracle/jre/lib/amd64/libverify.so
7f465da7a000-7f465da7c000 rw-p 0000d000 08:06 40991                      /usr/lib/jvm/java-8-oracle/jre/lib/amd64/libverify.so
7f465da7c000-7f465da83000 r-xp 00000000 08:06 136763                     /lib/x86_64-linux-gnu/librt-2.23.so
7f465da83000-7f465dc82000 ---p 00007000 08:06 136763                     /lib/x86_64-linux-gnu/librt-2.23.so
7f465dc82000-7f465dc83000 r--p 00006000 08:06 136763                     /lib/x86_64-linux-gnu/librt-2.23.so
7f465dc83000-7f465dc84000 rw-p 00007000 08:06 136763                     /lib/x86_64-linux-gnu/librt-2.23.so
7f465dc84000-7f465dd8c000 r-xp 00000000 08:06 136679                     /lib/x86_64-linux-gnu/libm-2.23.so
7f465dd8c000-7f465df8b000 ---p 00108000 08:06 136679                     /lib/x86_64-linux-gnu/libm-2.23.so
7f465df8b000-7f465df8c000 r--p 00107000 08:06 136679                     /lib/x86_64-linux-gnu/libm-2.23.so
7f465df8c000-7f465df8d000 rw-p 00108000 08:06 136679                     /lib/x86_64-linux-gnu/libm-2.23.so
7f465df8d000-7f465ec66000 r-xp 00000000 08:06 40968                      /usr/lib/jvm/java-8-oracle/jre/lib/amd64/server/libjvm.so
7f465ec66000-7f465ee65000 ---p 00cd9000 08:06 40968                      /usr/lib/jvm/java-8-oracle/jre/lib/amd64/server/libjvm.so
7f465ee65000-7f465ef3f000 rw-p 00cd8000 08:06 40968                      /usr/lib/jvm/java-8-oracle/jre/lib/amd64/server/libjvm.so
7f465ef3f000-7f465ef8a000 rw-p 00000000 00:00 0 
7f465ef8a000-7f465f14a000 r-xp 00000000 08:06 136609                     /lib/x86_64-linux-gnu/libc-2.23.so
7f465f14a000-7f465f34a000 ---p 001c0000 08:06 136609                     /lib/x86_64-linux-gnu/libc-2.23.so
7f465f34a000-7f465f34e000 r--p 001c0000 08:06 136609                     /lib/x86_64-linux-gnu/libc-2.23.so
7f465f34e000-7f465f350000 rw-p 001c4000 08:06 136609                     /lib/x86_64-linux-gnu/libc-2.23.so
7f465f350000-7f465f354000 rw-p 00000000 00:00 0 
7f465f354000-7f465f357000 r-xp 00000000 08:06 136633                     /lib/x86_64-linux-gnu/libdl-2.23.so
7f465f357000-7f465f556000 ---p 00003000 08:06 136633                     /lib/x86_64-linux-gnu/libdl-2.23.so
7f465f556000-7f465f557000 r--p 00002000 08:06 136633                     /lib/x86_64-linux-gnu/libdl-2.23.so
7f465f557000-7f465f558000 rw-p 00003000 08:06 136633                     /lib/x86_64-linux-gnu/libdl-2.23.so
7f465f558000-7f465f56e000 r-xp 00000000 08:06 692193                     /usr/lib/jvm/java-8-oracle/lib/amd64/jli/libjli.so
7f465f56e000-7f465f76d000 ---p 00016000 08:06 692193                     /usr/lib/jvm/java-8-oracle/lib/amd64/jli/libjli.so
7f465f76d000-7f465f76e000 rw-p 00015000 08:06 692193                     /usr/lib/jvm/java-8-oracle/lib/amd64/jli/libjli.so
7f465f76e000-7f465f786000 r-xp 00000000 08:06 136755                     /lib/x86_64-linux-gnu/libpthread-2.23.so
7f465f786000-7f465f985000 ---p 00018000 08:06 136755                     /lib/x86_64-linux-gnu/libpthread-2.23.so
7f465f985000-7f465f986000 r--p 00017000 08:06 136755                     /lib/x86_64-linux-gnu/libpthread-2.23.so
7f465f986000-7f465f987000 rw-p 00018000 08:06 136755                     /lib/x86_64-linux-gnu/libpthread-2.23.so
7f465f987000-7f465f98b000 rw-p 00000000 00:00 0 
7f465f98b000-7f465f9b1000 r-xp 00000000 08:06 136581                     /lib/x86_64-linux-gnu/ld-2.23.so
7f465f9b1000-7f465f9b2000 rw-s 00000000 00:05 36531                      /drm mm object (deleted)
7f465f9b3000-7f465f9b4000 r--s 00000000 00:30 23                         /run/user/1000/dconf/user
7f465f9b4000-7f465f9b5000 rw-s 00000000 00:05 38019                      /drm mm object (deleted)
7f465f9b5000-7f465f9bc000 r--s 00000000 08:06 983                        /usr/lib/x86_64-linux-gnu/gconv/gconv-modules.cache
7f465f9bc000-7f465f9be000 r--s 0001a000 08:06 802406                     /opt/idea-IU-181.4445.78/lib/idea_rt.jar
7f465f9be000-7f465f9bf000 r--s 00000000 08:06 668116                     /usr/lib/jvm/java-8-oracle/jre/lib/management-agent.jar
7f465f9bf000-7f465f9c4000 r--s 0009d000 08:06 680143                     /usr/lib/jvm/java-8-oracle/jre/lib/jsse.jar
7f465f9c4000-7f465f9c6000 r--s 00007000 08:06 680151                     /usr/lib/jvm/java-8-oracle/jre/lib/jfxswt.jar
7f465f9c6000-7f465f9cb000 r--s 00084000 08:06 667407                     /usr/lib/jvm/java-8-oracle/jre/lib/jfr.jar
7f465f9cb000-7f465f9e6000 r--s 0020c000 08:06 667476                     /usr/lib/jvm/java-8-oracle/jre/lib/deploy.jar
7f465f9e6000-7f465fa8f000 rw-p 00000000 00:00 0 
7f465fa8f000-7f465fa92000 ---p 00000000 00:00 0 
7f465fa92000-7f465fb95000 rw-p 00000000 00:00 0 
7f465fb95000-7f465fb98000 r--s 0001a000 08:06 680149                     /usr/lib/jvm/java-8-oracle/jre/lib/jce.jar
7f465fb98000-7f465fba1000 r--s 0006d000 08:06 668246                     /usr/lib/jvm/java-8-oracle/jre/lib/javaws.jar
7f465fba1000-7f465fba6000 r--s 002f9000 08:06 680110                     /usr/lib/jvm/java-8-oracle/jre/lib/charsets.jar
7f465fba6000-7f465fbae000 rw-s 00000000 08:06 454108                     /tmp/hsperfdata_nikita/2452
7f465fbae000-7f465fbaf000 rw-p 00000000 00:00 0 
7f465fbaf000-7f465fbb0000 r--p 00000000 00:00 0 
7f465fbb0000-7f465fbb1000 r--p 00025000 08:06 136581                     /lib/x86_64-linux-gnu/ld-2.23.so
7f465fbb1000-7f465fbb2000 rw-p 00026000 08:06 136581                     /lib/x86_64-linux-gnu/ld-2.23.so
7f465fbb2000-7f465fbb3000 rw-p 00000000 00:00 0 
7fff016c4000-7fff016e5000 rw-p 00000000 00:00 0                          [stack]
7fff016eb000-7fff016ee000 r--p 00000000 00:00 0                          [vvar]
7fff016ee000-7fff016f0000 r-xp 00000000 00:00 0                          [vdso]
ffffffffff600000-ffffffffff601000 r-xp 00000000 00:00 0                  [vsyscall]

VM Arguments:
jvm_args: -javaagent:/opt/idea-IU-181.4445.78/lib/idea_rt.jar=42131:/opt/idea-IU-181.4445.78/bin -Dfile.encoding=UTF-8 
java_command: sample.Main
java_class_path (initial): /usr/lib/jvm/java-8-oracle/jre/lib/charsets.jar:/usr/lib/jvm/java-8-oracle/jre/lib/deploy.jar:/usr/lib/jvm/java-8-oracle/jre/lib/ext/cldrdata.jar:/usr/lib/jvm/java-8-oracle/jre/lib/ext/dnsns.jar:/usr/lib/jvm/java-8-oracle/jre/lib/ext/jaccess.jar:/usr/lib/jvm/java-8-oracle/jre/lib/ext/jfxrt.jar:/usr/lib/jvm/java-8-oracle/jre/lib/ext/localedata.jar:/usr/lib/jvm/java-8-oracle/jre/lib/ext/nashorn.jar:/usr/lib/jvm/java-8-oracle/jre/lib/ext/sunec.jar:/usr/lib/jvm/java-8-oracle/jre/lib/ext/sunjce_provider.jar:/usr/lib/jvm/java-8-oracle/jre/lib/ext/sunpkcs11.jar:/usr/lib/jvm/java-8-oracle/jre/lib/ext/zipfs.jar:/usr/lib/jvm/java-8-oracle/jre/lib/javaws.jar:/usr/lib/jvm/java-8-oracle/jre/lib/jce.jar:/usr/lib/jvm/java-8-oracle/jre/lib/jfr.jar:/usr/lib/jvm/java-8-oracle/jre/lib/jfxswt.jar:/usr/lib/jvm/java-8-oracle/jre/lib/jsse.jar:/usr/lib/jvm/java-8-oracle/jre/lib/management-agent.jar:/usr/lib/jvm/java-8-oracle/jre/lib/plugin.jar:/usr/lib/jvm/java-8-oracle/jre/lib/resources.jar:/usr/lib/jvm/java-8-oracle/jre/lib/rt.jar:/home/nikita/IdeaProjects/chat-client-server/Client(SimpleChat)/out/production/JavaFxApplication:/opt/idea-IU-181.4445.78/lib/idea_rt.jar
Launcher Type: SUN_STANDARD

Environment Variables:
JAVA_HOME=/usr/lib/jvm/java-8-oracle
PATH=/home/nikita/bin:/home/nikita/.local/bin:/usr/local/sbin:/usr/local/bin:/usr/sbin:/usr/bin:/sbin:/bin:/usr/games:/usr/local/games:/snap/bin:/usr/lib/jvm/java-8-oracle/bin:/usr/lib/jvm/java-8-oracle/db/bin:/usr/lib/jvm/java-8-oracle/jre/bin
SHELL=/bin/bash
DISPLAY=:0

Signal Handlers:
SIGSEGV: [libjvm.so+0xad0890], sa_mask[0]=11111111011111111101111111111110, sa_flags=SA_RESTART|SA_SIGINFO
SIGBUS: [libjvm.so+0xad0890], sa_mask[0]=11111111011111111101111111111110, sa_flags=SA_RESTART|SA_SIGINFO
SIGFPE: [libjvm.so+0x928640], sa_mask[0]=11111111011111111101111111111110, sa_flags=SA_RESTART|SA_SIGINFO
SIGPIPE: SIG_IGN, sa_mask[0]=00000000000010000000000000000000, sa_flags=SA_RESTART
SIGXFSZ: [libjvm.so+0x928640], sa_mask[0]=11111111011111111101111111111110, sa_flags=SA_RESTART|SA_SIGINFO
SIGILL: [libjvm.so+0x928640], sa_mask[0]=11111111011111111101111111111110, sa_flags=SA_RESTART|SA_SIGINFO
SIGUSR1: SIG_DFL, sa_mask[0]=00000000000000000000000000000000, sa_flags=none
SIGUSR2: [libjvm.so+0x929ea0], sa_mask[0]=00100000000000000000000000000000, sa_flags=SA_RESTART|SA_SIGINFO
SIGHUP: [libjvm.so+0x92b2a0], sa_mask[0]=11111111011111111101111111111110, sa_flags=SA_RESTART|SA_SIGINFO
SIGINT: [libjvm.so+0x92b2a0], sa_mask[0]=11111111011111111101111111111110, sa_flags=SA_RESTART|SA_SIGINFO
SIGTERM: [libjvm.so+0x92b2a0], sa_mask[0]=11111111011111111101111111111110, sa_flags=SA_RESTART|SA_SIGINFO
SIGQUIT: [libjvm.so+0x92b2a0], sa_mask[0]=11111111011111111101111111111110, sa_flags=SA_RESTART|SA_SIGINFO


---------------  S Y S T E M  ---------------

OS:DISTRIB_ID=Ubuntu
DISTRIB_RELEASE=16.04
DISTRIB_CODENAME=xenial
DISTRIB_DESCRIPTION="Ubuntu 16.04.4 LTS"

uname:Linux 4.13.0-45-generic #50~16.04.1-Ubuntu SMP Wed May 30 11:18:27 UTC 2018 x86_64
libc:glibc 2.23 NPTL 2.23 
rlimit: STACK 8192k, CORE 0k, NPROC 63398, NOFILE 1048576, AS infinity
load average:1,55 0,65 0,24

/proc/meminfo:
MemTotal:       16283180 kB
MemFree:        13391692 kB
MemAvailable:   14127032 kB
Buffers:           53932 kB
Cached:          1219768 kB
SwapCached:            0 kB
Active:          1809048 kB
Inactive:         866880 kB
Active(anon):    1403356 kB
Inactive(anon):   307196 kB
Active(file):     405692 kB
Inactive(file):   559684 kB
Unevictable:          48 kB
Mlocked:              48 kB
SwapTotal:             0 kB
SwapFree:              0 kB
Dirty:               160 kB
Writeback:             0 kB
AnonPages:       1402388 kB
Mapped:           275904 kB
Shmem:            308320 kB
Slab:             102044 kB
SReclaimable:      64060 kB
SUnreclaim:        37984 kB
KernelStack:        8720 kB
PageTables:        29336 kB
NFS_Unstable:          0 kB
Bounce:                0 kB
WritebackTmp:          0 kB
CommitLimit:     8141588 kB
Committed_AS:    4810060 kB
VmallocTotal:   34359738367 kB
VmallocUsed:           0 kB
VmallocChunk:          0 kB
HardwareCorrupted:     0 kB
AnonHugePages:         0 kB
ShmemHugePages:        0 kB
ShmemPmdMapped:        0 kB
CmaTotal:              0 kB
CmaFree:               0 kB
HugePages_Total:       0
HugePages_Free:        0
HugePages_Rsvd:        0
HugePages_Surp:        0
Hugepagesize:       2048 kB
DirectMap4k:      111532 kB
DirectMap2M:     2891776 kB
DirectMap1G:    14680064 kB


CPU:total 8 (initial active 8) (4 cores per cpu, 2 threads per core) family 6 model 94 stepping 3, cmov, cx8, fxsr, mmx, sse, sse2, sse3, ssse3, sse4.1, sse4.2, popcnt, avx, avx2, aes, clmul, erms, rtm, 3dnowpref, lzcnt, ht, tsc, tscinvbit, bmi1, bmi2, adx

/proc/cpuinfo:
processor	: 0
vendor_id	: GenuineIntel
cpu family	: 6
model		: 94
model name	: Intel(R) Core(TM) i7-6700HQ CPU @ 2.60GHz
stepping	: 3
microcode	: 0xc2
cpu MHz		: 3124.081
cache size	: 6144 KB
physical id	: 0
siblings	: 8
core id		: 0
cpu cores	: 4
apicid		: 0
initial apicid	: 0
fpu		: yes
fpu_exception	: yes
cpuid level	: 22
wp		: yes
flags		: fpu vme de pse tsc msr pae mce cx8 apic sep mtrr pge mca cmov pat pse36 clflush dts acpi mmx fxsr sse sse2 ss ht tm pbe syscall nx pdpe1gb rdtscp lm constant_tsc art arch_perfmon pebs bts rep_good nopl xtopology nonstop_tsc cpuid aperfmperf tsc_known_freq pni pclmulqdq dtes64 monitor ds_cpl vmx est tm2 ssse3 sdbg fma cx16 xtpr pdcm pcid sse4_1 sse4_2 x2apic movbe popcnt tsc_deadline_timer aes xsave avx f16c rdrand lahf_lm abm 3dnowprefetch cpuid_fault epb invpcid_single pti retpoline intel_pt rsb_ctxsw spec_ctrl tpr_shadow vnmi flexpriority ept vpid fsgsbase tsc_adjust bmi1 hle avx2 smep bmi2 erms invpcid rtm mpx rdseed adx smap clflushopt xsaveopt xsavec xgetbv1 xsaves dtherm ida arat pln pts hwp hwp_notify hwp_act_window hwp_epp
bugs		: cpu_meltdown spectre_v1 spectre_v2 spec_store_bypass
bogomips	: 5184.00
clflush size	: 64
cache_alignment	: 64
address sizes	: 39 bits physical, 48 bits virtual
power management:

processor	: 1
vendor_id	: GenuineIntel
cpu family	: 6
model		: 94
model name	: Intel(R) Core(TM) i7-6700HQ CPU @ 2.60GHz
stepping	: 3
microcode	: 0xc2
cpu MHz		: 3104.719
cache size	: 6144 KB
physical id	: 0
siblings	: 8
core id		: 1
cpu cores	: 4
apicid		: 2
initial apicid	: 2
fpu		: yes
fpu_exception	: yes
cpuid level	: 22
wp		: yes
flags		: fpu vme de pse tsc msr pae mce cx8 apic sep mtrr pge mca cmov pat pse36 clflush dts acpi mmx fxsr sse sse2 ss ht tm pbe syscall nx pdpe1gb rdtscp lm constant_tsc art arch_perfmon pebs bts rep_good nopl xtopology nonstop_tsc cpuid aperfmperf tsc_known_freq pni pclmulqdq dtes64 monitor ds_cpl vmx est tm2 ssse3 sdbg fma cx16 xtpr pdcm pcid sse4_1 sse4_2 x2apic movbe popcnt tsc_deadline_timer aes xsave avx f16c rdrand lahf_lm abm 3dnowprefetch cpuid_fault epb invpcid_single pti retpoline intel_pt rsb_ctxsw spec_ctrl tpr_shadow vnmi flexpriority ept vpid fsgsbase tsc_adjust bmi1 hle avx2 smep bmi2 erms invpcid rtm mpx rdseed adx smap clflushopt xsaveopt xsavec xgetbv1 xsaves dtherm ida arat pln pts hwp hwp_notify hwp_act_window hwp_epp
bugs		: cpu_meltdown spectre_v1 spectre_v2 spec_store_bypass
bogomips	: 5184.00
clflush size	: 64
cache_alignment	: 64
address sizes	: 39 bits physical, 48 bits virtual
power management:

processor	: 2
vendor_id	: GenuineIntel
cpu family	: 6
model		: 94
model name	: Intel(R) Core(TM) i7-6700HQ CPU @ 2.60GHz
stepping	: 3
microcode	: 0xc2
cpu MHz		: 3110.148
cache size	: 6144 KB
physical id	: 0
siblings	: 8
core id		: 2
cpu cores	: 4
apicid		: 4
initial apicid	: 4
fpu		: yes
fpu_exception	: yes
cpuid level	: 22
wp		: yes
flags		: fpu vme de pse tsc msr pae mce cx8 apic sep mtrr pge mca cmov pat pse36 clflush dts acpi mmx fxsr sse sse2 ss ht tm pbe syscall nx pdpe1gb rdtscp lm constant_tsc art arch_perfmon pebs bts rep_good nopl xtopology nonstop_tsc cpuid aperfmperf tsc_known_freq pni pclmulqdq dtes64 monitor ds_cpl vmx est tm2 ssse3 sdbg fma cx16 xtpr pdcm pcid sse4_1 sse4_2 x2apic movbe popcnt tsc_deadline_timer aes xsave avx f16c rdrand lahf_lm abm 3dnowprefetch cpuid_fault epb invpcid_single pti retpoline intel_pt rsb_ctxsw spec_ctrl tpr_shadow vnmi flexpriority ept vpid fsgsbase tsc_adjust bmi1 hle avx2 smep bmi2 erms invpcid rtm mpx rdseed adx smap clflushopt xsaveopt xsavec xgetbv1 xsaves dtherm ida arat pln pts hwp hwp_notify hwp_act_window hwp_epp
bugs		: cpu_meltdown spectre_v1 spectre_v2 spec_store_bypass
bogomips	: 5184.00
clflush size	: 64
cache_alignment	: 64
address sizes	: 39 bits physical, 48 bits virtual
power management:

processor	: 3
vendor_id	: GenuineIntel
cpu family	: 6
model		: 94
model name	: Intel(R) Core(TM) i7-6700HQ CPU @ 2.60GHz
stepping	: 3
microcode	: 0xc2
cpu MHz		: 3102.395
cache size	: 6144 KB
physical id	: 0
siblings	: 8
core id		: 3
cpu cores	: 4
apicid		: 6
initial apicid	: 6
fpu		: yes
fpu_exception	: yes
cpuid level	: 22
wp		: yes
flags		: fpu vme de pse tsc msr pae mce cx8 apic sep mtrr pge mca cmov pat pse36 clflush dts acpi mmx fxsr sse sse2 ss ht tm pbe syscall nx pdpe1gb rdtscp lm constant_tsc art arch_perfmon pebs bts rep_good nopl xtopology nonstop_tsc cpuid aperfmperf tsc_known_freq pni pclmulqdq dtes64 monitor ds_cpl vmx est tm2 ssse3 sdbg fma cx16 xtpr pdcm pcid sse4_1 sse4_2 x2apic movbe popcnt tsc_deadline_timer aes xsave avx f16c rdrand lahf_lm abm 3dnowprefetch cpuid_fault epb invpcid_single pti retpoline intel_pt rsb_ctxsw spec_ctrl tpr_shadow vnmi flexpriority ept vpid fsgsbase tsc_adjust bmi1 hle avx2 smep bmi2 erms invpcid rtm mpx rdseed adx smap clflushopt xsaveopt xsavec xgetbv1 xsaves dtherm ida arat pln pts hwp hwp_notify hwp_act_window hwp_epp
bugs		: cpu_meltdown spectre_v1 spectre_v2 spec_store_bypass
bogomips	: 5184.00
clflush size	: 64
cache_alignment	: 64
address sizes	: 39 bits physical, 48 bits virtual
power management:

processor	: 4
vendor_id	: GenuineIntel
cpu family	: 6
model		: 94
model name	: Intel(R) Core(TM) i7-6700HQ CPU @ 2.60GHz
stepping	: 3
microcode	: 0xc2
cpu MHz		: 3102.915
cache size	: 6144 KB
physical id	: 0
siblings	: 8
core id		: 0
cpu cores	: 4
apicid		: 1
initial apicid	: 1
fpu		: yes
fpu_exception	: yes
cpuid level	: 22
wp		: yes
flags		: fpu vme de pse tsc msr pae mce cx8 apic sep mtrr pge mca cmov pat pse36 clflush dts acpi mmx fxsr sse sse2 ss ht tm pbe syscall nx pdpe1gb rdtscp lm constant_tsc art arch_perfmon pebs bts rep_good nopl xtopology nonstop_tsc cpuid aperfmperf tsc_known_freq pni pclmulqdq dtes64 monitor ds_cpl vmx est tm2 ssse3 sdbg fma cx16 xtpr pdcm pcid sse4_1 sse4_2 x2apic movbe popcnt tsc_deadline_timer aes xsave avx f16c rdrand lahf_lm abm 3dnowprefetch cpuid_fault epb invpcid_single pti retpoline intel_pt rsb_ctxsw spec_ctrl tpr_shadow vnmi flexpriority ept vpid fsgsbase tsc_adjust bmi1 hle avx2 smep bmi2 erms invpcid rtm mpx rdseed adx smap clflushopt xsaveopt xsavec xgetbv1 xsaves dtherm ida arat pln pts hwp hwp_notify hwp_act_window hwp_epp
bugs		: cpu_meltdown spectre_v1 spectre_v2 spec_store_bypass
bogomips	: 5184.00
clflush size	: 64
cache_alignment	: 64
address sizes	: 39 bits physical, 48 bits virtual
power management:

processor	: 5
vendor_id	: GenuineIntel
cpu family	: 6
model		: 94
model name	: Intel(R) Core(TM) i7-6700HQ CPU @ 2.60GHz
stepping	: 3
microcode	: 0xc2
cpu MHz		: 3129.744
cache size	: 6144 KB
physical id	: 0
siblings	: 8
core id		: 1
cpu cores	: 4
apicid		: 3
initial apicid	: 3
fpu		: yes
fpu_exception	: yes
cpuid level	: 22
wp		: yes
flags		: fpu vme de pse tsc msr pae mce cx8 apic sep mtrr pge mca cmov pat pse36 clflush dts acpi mmx fxsr sse sse2 ss ht tm pbe syscall nx pdpe1gb rdtscp lm constant_tsc art arch_perfmon pebs bts rep_good nopl xtopology nonstop_tsc cpuid aperfmperf tsc_known_freq pni pclmulqdq dtes64 monitor ds_cpl vmx est tm2 ssse3 sdbg fma cx16 xtpr pdcm pcid sse4_1 sse4_2 x2apic movbe popcnt tsc_deadline_timer aes xsave avx f16c rdrand lahf_lm abm 3dnowprefetch cpuid_fault epb invpcid_single pti retpoline intel_pt rsb_ctxsw spec_ctrl tpr_shadow vnmi flexpriority ept vpid fsgsbase tsc_adjust bmi1 hle avx2 smep bmi2 erms invpcid rtm mpx rdseed adx smap clflushopt xsaveopt xsavec xgetbv1 xsaves dtherm ida arat pln pts hwp hwp_notify hwp_act_window hwp_epp
bugs		: cpu_meltdown spectre_v1 spectre_v2 spec_store_bypass
bogomips	: 5184.00
clflush size	: 64
cache_alignment	: 64
address sizes	: 39 bits physical, 48 bits virtual
power management:

processor	: 6
vendor_id	: GenuineIntel
cpu family	: 6
model		: 94
model name	: Intel(R) Core(TM) i7-6700HQ CPU @ 2.60GHz
stepping	: 3
microcode	: 0xc2
cpu MHz		: 3108.657
cache size	: 6144 KB
physical id	: 0
siblings	: 8
core id		: 2
cpu cores	: 4
apicid		: 5
initial apicid	: 5
fpu		: yes
fpu_exception	: yes
cpuid level	: 22
wp		: yes
flags		: fpu vme de pse tsc msr pae mce cx8 apic sep mtrr pge mca cmov pat pse36 clflush dts acpi mmx fxsr sse sse2 ss ht tm pbe syscall nx pdpe1gb rdtscp lm constant_tsc art arch_perfmon pebs bts rep_good nopl xtopology nonstop_tsc cpuid aperfmperf tsc_known_freq pni pclmulqdq dtes64 monitor ds_cpl vmx est tm2 ssse3 sdbg fma cx16 xtpr pdcm pcid sse4_1 sse4_2 x2apic movbe popcnt tsc_deadline_timer aes xsave avx f16c rdrand lahf_lm abm 3dnowprefetch cpuid_fault epb invpcid_single pti retpoline intel_pt rsb_ctxsw spec_ctrl tpr_shadow vnmi flexpriority ept vpid fsgsbase tsc_adjust bmi1 hle avx2 smep bmi2 erms invpcid rtm mpx rdseed adx smap clflushopt xsaveopt xsavec xgetbv1 xsaves dtherm ida arat pln pts hwp hwp_notify hwp_act_window hwp_epp
bugs		: cpu_meltdown spectre_v1 spectre_v2 spec_store_bypass
bogomips	: 5184.00
clflush size	: 64
cache_alignment	: 64
address sizes	: 39 bits physical, 48 bits virtual
power management:

processor	: 7
vendor_id	: GenuineIntel
cpu family	: 6
model		: 94
model name	: Intel(R) Core(TM) i7-6700HQ CPU @ 2.60GHz
stepping	: 3
microcode	: 0xc2
cpu MHz		: 3128.450
cache size	: 6144 KB
physical id	: 0
siblings	: 8
core id		: 3
cpu cores	: 4
apicid		: 7
initial apicid	: 7
fpu		: yes
fpu_exception	: yes
cpuid level	: 22
wp		: yes
flags		: fpu vme de pse tsc msr pae mce cx8 apic sep mtrr pge mca cmov pat pse36 clflush dts acpi mmx fxsr sse sse2 ss ht tm pbe syscall nx pdpe1gb rdtscp lm constant_tsc art arch_perfmon pebs bts rep_good nopl xtopology nonstop_tsc cpuid aperfmperf tsc_known_freq pni pclmulqdq dtes64 monitor ds_cpl vmx est tm2 ssse3 sdbg fma cx16 xtpr pdcm pcid sse4_1 sse4_2 x2apic movbe popcnt tsc_deadline_timer aes xsave avx f16c rdrand lahf_lm abm 3dnowprefetch cpuid_fault epb invpcid_single pti retpoline intel_pt rsb_ctxsw spec_ctrl tpr_shadow vnmi flexpriority ept vpid fsgsbase tsc_adjust bmi1 hle avx2 smep bmi2 erms invpcid rtm mpx rdseed adx smap clflushopt xsaveopt xsavec xgetbv1 xsaves dtherm ida arat pln pts hwp hwp_notify hwp_act_window hwp_epp
bugs		: cpu_meltdown spectre_v1 spectre_v2 spec_store_bypass
bogomips	: 5184.00
clflush size	: 64
cache_alignment	: 64
address sizes	: 39 bits physical, 48 bits virtual
power management:



Memory: 4k page, physical 16283180k(13391072k free), swap 0k(0k free)

vm_info: Java HotSpot(TM) 64-Bit Server VM (25.171-b11) for linux-amd64 JRE (1.8.0_171-b11), built on Mar 28 2018 17:07:08 by "java_re" with gcc 4.3.0 20080428 (Red Hat 4.3.0-8)

time: Sun Jul  1 11:19:43 2018
elapsed time: 11 seconds (0d 0h 0m 11s)

