#
# A fatal error has been detected by the Java Runtime Environment:
#
#  SIGSEGV (0xb) at pc=0x00007f3b7e7359a8, pid=2776, tid=0x00007f3b2c18c700
#
# JRE version: Java(TM) SE Runtime Environment (8.0_171-b11) (build 1.8.0_171-b11)
# Java VM: Java HotSpot(TM) 64-Bit Server VM (25.171-b11 mixed mode linux-amd64 compressed oops)
# Problematic frame:
# V  [libjvm.so+0x6d79a8]  jni_invoke_nonstatic(JNIEnv_*, JavaValue*, _jobject*, JNICallType, _jmethodID*, JNI_ArgumentPusher*, Thread*)+0x38
#
# Failed to write core dump. Core dumps have been disabled. To enable core dumping, try "ulimit -c unlimited" before starting Java again
#
# If you would like to submit a bug report, please visit:
#   http://bugreport.java.com/bugreport/crash.jsp
#

---------------  T H R E A D  ---------------

Current thread (0x00007f3b78450000):  JavaThread "JavaFX Application Thread" [_thread_in_vm, id=2817, stack(0x00007f3b2c08c000,0x00007f3b2c18d000)]

siginfo: si_signo: 11 (SIGSEGV), si_code: 1 (SEGV_MAPERR), si_addr: 0x0000000056293b31

Registers:
RAX=0x00007f3b2c18b240, RBX=0x00007f3b2c18b150, RCX=0x0000000000000001, RDX=0x0000000056293b31
RSP=0x00007f3b2c18afa0, RBP=0x00007f3b2c18b120, RSI=0x00007f3b2c18b1b0, RDI=0x00007f3b784501f8
R8 =0x00007f3b78364ce8, R9 =0x00007f3b2c18b150, R10=0x00007f3ae8000ba0, R11=0x00007f3b69398820
R12=0x00007f3b78450000, R13=0x00007f3b78364ce8, R14=0x0000000000000001, R15=0x00007f3b784501f8
RIP=0x00007f3b7e7359a8, EFLAGS=0x0000000000010202, CSGSFS=0x002b000000000033, ERR=0x0000000000000004
  TRAPNO=0x000000000000000e

Top of Stack: (sp=0x00007f3b2c18afa0)
0x00007f3b2c18afa0:   00007f3b2c18b6a0 00007f3b2c18b2c0
0x00007f3b2c18afb0:   00007f3b2c18b000 00007f3b2c18b080
0x00007f3b2c18afc0:   00007f3b2c18b150 00007f3b2c18b1b0
0x00007f3b2c18afd0:   00007f3b784501f8 00007f3b7e7554b0
0x00007f3b2c18afe0:   00007f3b08009340 00007f3b08009350
0x00007f3b2c18aff0:   00007f3b08009728 00000000000003d8
0x00007f3b2c18b000:   00007f3b7844fe28 000000076f17d1d8
0x00007f3b2c18b010:   00007f3b0000006f 00007f3b0000000a
0x00007f3b2c18b020:   000000076fd36e08 00007f3b00000000
0x00007f3b2c18b030:   0000000000000000 0000000000000000
0x00007f3b2c18b040:   00007f3b63524d78 0000000100000100
0x00007f3b2c18b050:   00007f3b635ac748 00007f3b2c18b008
0x00007f3b2c18b060:   00007f3b2c18b049 0000000800000005
0x00007f3b2c18b070:   00007f3b635cbd00 00007f3b7844fe30
0x00007f3b2c18b080:   00007f3b7efc97b0 00007f3b7fabd7a0
0x00007f3b2c18b090:   000000007844fcc0 00007f3b78450000
0x00007f3b2c18b0a0:   0000000000000000 00007f3b7e735d7b
0x00007f3b2c18b0b0:   00007f3b6352eec0 00007f3b78450000
0x00007f3b2c18b0c0:   00007f3b6352eec0 00007f3b78450000
0x00007f3b2c18b0d0:   00007f3b2c18b260 00007f3b6352eec0
0x00007f3b2c18b0e0:   00007f3b6352eec0 00007f3b6352eec0
0x00007f3b2c18b0f0:   00007f3b08009340 00007f3b2c18b150
0x00007f3b2c18b100:   00007f3b78450000 00007f3b2c18b190
0x00007f3b2c18b110:   00007f3b78364ce8 00007f3b784501f8
0x00007f3b2c18b120:   00007f3b2c18b210 00007f3b7e73a14f
0x00007f3b2c18b130:   00007f3b78450000 00007f3b53dde094
0x00007f3b2c18b140:   00007f3b2c18b228 0000000056293b31
0x00007f3b2c18b150:   00007f3b7efca430 00007f3b7fabd7a0
0x00007f3b2c18b160:   000000002c18b1d0 d3ef201a00000063
0x00007f3b2c18b170:   0000000000000000 0000003000000018
0x00007f3b2c18b180:   00007f3b2c18b300 00007f3b2c18b240
0x00007f3b2c18b190:   00007f3b78450000 0000000000000000 

Instructions: (pc=0x00007f3b7e7359a8)
0x00007f3b7e735988:   00 00 48 85 d2 48 89 bd b0 fe ff ff 48 89 b5 a8
0x00007f3b7e735998:   fe ff ff 4c 89 8d a0 fe ff ff 0f 84 78 09 00 00
0x00007f3b7e7359a8:   4c 8b 22 4d 85 e4 0f 84 6c 09 00 00 48 8b 45 10
0x00007f3b7e7359b8:   48 8b 98 38 01 00 00 48 83 7b 18 f7 0f 87 16 07 

Register to memory mapping:

RAX=0x00007f3b2c18b240 is pointing into the stack for thread: 0x00007f3b78450000
RBX=0x00007f3b2c18b150 is pointing into the stack for thread: 0x00007f3b78450000
RCX=0x0000000000000001 is an unknown value
RDX=0x0000000056293b31 is an unknown value
RSP=0x00007f3b2c18afa0 is pointing into the stack for thread: 0x00007f3b78450000
RBP=0x00007f3b2c18b120 is pointing into the stack for thread: 0x00007f3b78450000
RSI=0x00007f3b2c18b1b0 is pointing into the stack for thread: 0x00007f3b78450000
RDI=0x00007f3b784501f8 is an unknown value
R8 =0x00007f3b78364ce8 is an unknown value
R9 =0x00007f3b2c18b150 is pointing into the stack for thread: 0x00007f3b78450000
R10=0x00007f3ae8000ba0 is an unknown value
R11=0x00007f3b69398820 is at entry_point+32 in (nmethod*)0x00007f3b69398690
R12=0x00007f3b78450000 is a thread
R13=0x00007f3b78364ce8 is an unknown value
R14=0x0000000000000001 is an unknown value
R15=0x00007f3b784501f8 is an unknown value


Stack: [0x00007f3b2c08c000,0x00007f3b2c18d000],  sp=0x00007f3b2c18afa0,  free space=1019k
Native frames: (J=compiled Java code, j=interpreted, Vv=VM code, C=native code)
V  [libjvm.so+0x6d79a8]  jni_invoke_nonstatic(JNIEnv_*, JavaValue*, _jobject*, JNICallType, _jmethodID*, JNI_ArgumentPusher*, Thread*)+0x38
V  [libjvm.so+0x6dc14f]  jni_CallVoidMethodV+0x10f
C  [libglass.so+0x18641]  JNIEnv_::CallVoidMethod(_jobject*, _jmethodID*, ...)+0x81
C  [libglass.so+0x14f0f]  WindowContextBase::process_key(_GdkEventKey*)+0x20f
C  [libglass.so+0x19f60]  WindowContextBase::im_filter_keypress(_GdkEventKey*)+0x1c0
C  [libglass.so+0x1a91c]  process_events(_GdkEvent*, void*)+0x22c
C  [libgdk-x11-2.0.so.0+0x5ac8c]

Java frames: (J=compiled Java code, j=interpreted, Vv=VM code)
j  com.sun.glass.ui.gtk.GtkApplication._runLoop(Ljava/lang/Runnable;Z)V+0
j  com.sun.glass.ui.gtk.GtkApplication.lambda$null$48(Ljava/lang/Runnable;Z)V+7
j  com.sun.glass.ui.gtk.GtkApplication$$Lambda$41.run()V+12
j  java.lang.Thread.run()V+11
v  ~StubRoutines::call_stub

---------------  P R O C E S S  ---------------

Java Threads: ( => current thread )
  0x00007f3ae8212800 JavaThread "Prism Font Disposer" daemon [_thread_blocked, id=2823, stack(0x00007f3afd3f3000,0x00007f3afd4f4000)]
  0x00007f3b78454000 JavaThread "JavaFX-Launcher" [_thread_blocked, id=2818, stack(0x00007f3afe096000,0x00007f3afe197000)]
=>0x00007f3b78450000 JavaThread "JavaFX Application Thread" [_thread_in_vm, id=2817, stack(0x00007f3b2c08c000,0x00007f3b2c18d000)]
  0x00007f3b7844c000 JavaThread "Thread-1" daemon [_thread_blocked, id=2816, stack(0x00007f3b400bb000,0x00007f3b401bc000)]
  0x00007f3b78357000 JavaThread "QuantumRenderer-0" daemon [_thread_blocked, id=2812, stack(0x00007f3b58ae5000,0x00007f3b58be6000)]
  0x00007f3b78289800 JavaThread "Service Thread" daemon [_thread_blocked, id=2809, stack(0x00007f3b58ce7000,0x00007f3b58de8000)]
  0x00007f3b78286800 JavaThread "C1 CompilerThread3" daemon [_thread_blocked, id=2808, stack(0x00007f3b6007e000,0x00007f3b6017f000)]
  0x00007f3b78284800 JavaThread "C2 CompilerThread2" daemon [_thread_blocked, id=2807, stack(0x00007f3b6017f000,0x00007f3b60280000)]
  0x00007f3b78282000 JavaThread "C2 CompilerThread1" daemon [_thread_blocked, id=2806, stack(0x00007f3b60280000,0x00007f3b60381000)]
  0x00007f3b78280000 JavaThread "C2 CompilerThread0" daemon [_thread_blocked, id=2805, stack(0x00007f3b60381000,0x00007f3b60482000)]
  0x00007f3b7827e800 JavaThread "Monitor Ctrl-Break" daemon [_thread_in_native, id=2804, stack(0x00007f3b60482000,0x00007f3b60583000)]
  0x00007f3b78209800 JavaThread "Signal Dispatcher" daemon [_thread_blocked, id=2803, stack(0x00007f3b60583000,0x00007f3b60684000)]
  0x00007f3b781d5800 JavaThread "Finalizer" daemon [_thread_blocked, id=2796, stack(0x00007f3b61044000,0x00007f3b61145000)]
  0x00007f3b781d0800 JavaThread "Reference Handler" daemon [_thread_blocked, id=2794, stack(0x00007f3b61145000,0x00007f3b61246000)]
  0x00007f3b7800c000 JavaThread "main" [_thread_blocked, id=2779, stack(0x00007f3b7fb60000,0x00007f3b7fc61000)]

Other Threads:
  0x00007f3b781c9000 VMThread [stack: 0x00007f3b61246000,0x00007f3b61347000] [id=2793]
  0x00007f3b7828e800 WatcherThread [stack: 0x00007f3b58be6000,0x00007f3b58ce7000] [id=2810]

VM state:not at safepoint (normal execution)

VM Mutex/Monitor currently owned by a thread: None

Heap:
 PSYoungGen      total 74752K, used 46453K [0x000000076d300000, 0x0000000772600000, 0x00000007c0000000)
  eden space 64512K, 72% used [0x000000076d300000,0x000000077005d4c8,0x0000000771200000)
  from space 10240K, 0% used [0x0000000771c00000,0x0000000771c00000,0x0000000772600000)
  to   space 10240K, 0% used [0x0000000771200000,0x0000000771200000,0x0000000771c00000)
 ParOldGen       total 171008K, used 0K [0x00000006c7800000, 0x00000006d1f00000, 0x000000076d300000)
  object space 171008K, 0% used [0x00000006c7800000,0x00000006c7800000,0x00000006d1f00000)
 Metaspace       used 16147K, capacity 17072K, committed 17152K, reserved 1064960K
  class space    used 2334K, capacity 2533K, committed 2560K, reserved 1048576K

Card table byte_map: [0x00007f3b6883b000,0x00007f3b69000000] byte_map_base: 0x00007f3b651ff000

Marking Bits: (ParMarkBitMap*) 0x00007f3b7f02e280
 Begin Bits: [0x00007f3b2c3c0000, 0x00007f3b301e0000)
 End Bits:   [0x00007f3b301e0000, 0x00007f3b34000000)

Polling page: 0x00007f3b7fc80000

CodeCache: size=245760Kb used=5205Kb max_used=5205Kb free=240554Kb
 bounds [0x00007f3b69000000, 0x00007f3b69520000, 0x00007f3b78000000]
 total_blobs=2360 nmethods=1728 adapters=545
 compilation: enabled

Compilation events (10 events):
Event: 8,855 Thread 0x00007f3b78286800 1719       3       com.sun.javafx.util.Logging::getLayoutLogger (18 bytes)
Event: 8,855 Thread 0x00007f3b78286800 nmethod 1719 0x00007f3b69516ed0 code [0x00007f3b69517040, 0x00007f3b69517228]
Event: 8,857 Thread 0x00007f3b78286800 1725       3       java.lang.invoke.LambdaForm::signatureArity (28 bytes)
Event: 8,857 Thread 0x00007f3b78286800 nmethod 1725 0x00007f3b69516990 code [0x00007f3b69516b00, 0x00007f3b69516de8]
Event: 8,857 Thread 0x00007f3b78286800 1726       1       javafx.geometry.Pos::getHpos (5 bytes)
Event: 8,857 Thread 0x00007f3b78286800 nmethod 1726 0x00007f3b69512650 code [0x00007f3b695127a0, 0x00007f3b695128b0]
Event: 8,857 Thread 0x00007f3b78286800 1727       3       javafx.scene.Node::invalidateLocalToSceneTransform (15 bytes)
Event: 8,857 Thread 0x00007f3b78286800 nmethod 1727 0x00007f3b695160d0 code [0x00007f3b69516260, 0x00007f3b695167a8]
Event: 8,857 Thread 0x00007f3b78286800 1728       3       javafx.beans.property.StringPropertyBase::get (32 bytes)
Event: 8,858 Thread 0x00007f3b78286800 nmethod 1728 0x00007f3b69515b10 code [0x00007f3b69515c80, 0x00007f3b69515fe8]

GC Heap History (0 events):
No events

Deoptimization events (10 events):
Event: 0,896 Thread 0x00007f3b78450000 Uncommon trap: reason=class_check action=maybe_recompile pc=0x00007f3b692552c4 method=java.io.DataInputStream.readShort()S @ 4
Event: 0,896 Thread 0x00007f3b78450000 Uncommon trap: reason=class_check action=maybe_recompile pc=0x00007f3b692552c4 method=java.io.DataInputStream.readShort()S @ 4
Event: 0,901 Thread 0x00007f3b78450000 Uncommon trap: reason=class_check action=maybe_recompile pc=0x00007f3b6911cd48 method=java.lang.String.equals(Ljava/lang/Object;)Z @ 8
Event: 0,901 Thread 0x00007f3b78450000 Uncommon trap: reason=class_check action=maybe_recompile pc=0x00007f3b6911cd48 method=java.lang.String.equals(Ljava/lang/Object;)Z @ 8
Event: 0,901 Thread 0x00007f3b78450000 Uncommon trap: reason=class_check action=maybe_recompile pc=0x00007f3b6911cd48 method=java.lang.String.equals(Ljava/lang/Object;)Z @ 8
Event: 0,903 Thread 0x00007f3b78450000 Uncommon trap: reason=class_check action=maybe_recompile pc=0x00007f3b6911cd48 method=java.lang.String.equals(Ljava/lang/Object;)Z @ 8
Event: 1,016 Thread 0x00007f3b78450000 Uncommon trap: reason=unstable_if action=reinterpret pc=0x00007f3b692b5394 method=sun.net.www.ParseUtil.encodePath(Ljava/lang/String;Z)Ljava/lang/String; @ 109
Event: 1,092 Thread 0x00007f3b78450000 Uncommon trap: reason=unstable_if action=reinterpret pc=0x00007f3b692d1464 method=jdk.internal.org.objectweb.asm.Type.getArgumentsAndReturnSizes(Ljava/lang/String;)I @ 47
Event: 2,541 Thread 0x00007f3b78357000 Uncommon trap: reason=unstable_if action=reinterpret pc=0x00007f3b69392bd8 method=java.lang.StrictMath.floorOrCeil(DDDD)D @ 115
Event: 8,797 Thread 0x00007f3b78450000 Uncommon trap: reason=unstable_if action=reinterpret pc=0x00007f3b69400c74 method=java.lang.StrictMath.floorOrCeil(DDDD)D @ 38

Classes redefined (0 events):
No events

Internal exceptions (10 events):
Event: 0,199 Thread 0x00007f3b7800c000 Exception <a 'java/security/PrivilegedActionException'> (0x000000076d8dac18) thrown at [/HUDSON/workspace/8-2-build-linux-amd64/jdk8u171/10807/hotspot/src/share/vm/prims/jvm.cpp, line 1435]
Event: 0,199 Thread 0x00007f3b7800c000 Exception <a 'java/security/PrivilegedActionException'> (0x000000076d8dd080) thrown at [/HUDSON/workspace/8-2-build-linux-amd64/jdk8u171/10807/hotspot/src/share/vm/prims/jvm.cpp, line 1435]
Event: 0,199 Thread 0x00007f3b7800c000 Exception <a 'java/security/PrivilegedActionException'> (0x000000076d8dd290) thrown at [/HUDSON/workspace/8-2-build-linux-amd64/jdk8u171/10807/hotspot/src/share/vm/prims/jvm.cpp, line 1435]
Event: 0,199 Thread 0x00007f3b7800c000 Exception <a 'java/lang/NullPointerException'> (0x000000076d8ddc98) thrown at [/HUDSON/workspace/8-2-build-linux-amd64/jdk8u171/10807/hotspot/src/share/vm/interpreter/linkResolver.cpp, line 1185]
Event: 0,660 Thread 0x00007f3b78450000 Exception <a 'java/lang/NullPointerException'> (0x000000076e7505c0) thrown at [/HUDSON/workspace/8-2-build-linux-amd64/jdk8u171/10807/hotspot/src/share/vm/interpreter/linkResolver.cpp, line 1185]
Event: 0,660 Thread 0x00007f3b78450000 Exception <a 'java/lang/NullPointerException'> (0x000000076e7505c0) thrown at [/HUDSON/workspace/8-2-build-linux-amd64/jdk8u171/10807/hotspot/src/share/vm/prims/jvm.cpp, line 1439]
Event: 0,798 Thread 0x00007f3b78450000 Exception <a 'java/lang/ArrayIndexOutOfBoundsException'> (0x000000076edb7200) thrown at [/HUDSON/workspace/8-2-build-linux-amd64/jdk8u171/10807/hotspot/src/share/vm/runtime/sharedRuntime.cpp, line 605]
Event: 0,798 Thread 0x00007f3b78450000 Exception <a 'java/lang/ArrayIndexOutOfBoundsException'> (0x000000076edb97c8) thrown at [/HUDSON/workspace/8-2-build-linux-amd64/jdk8u171/10807/hotspot/src/share/vm/runtime/sharedRuntime.cpp, line 605]
Event: 0,798 Thread 0x00007f3b78450000 Exception <a 'java/lang/ArrayIndexOutOfBoundsException'> (0x000000076edbb670) thrown at [/HUDSON/workspace/8-2-build-linux-amd64/jdk8u171/10807/hotspot/src/share/vm/runtime/sharedRuntime.cpp, line 605]
Event: 0,841 Thread 0x00007f3b78450000 Implicit null exception at 0x00007f3b6929eeb5 to 0x00007f3b6929f0f1

Events (10 events):
Event: 8,842 loading class com/sun/javafx/sg/prism/NGSVGPath
Event: 8,842 loading class com/sun/javafx/sg/prism/NGSVGPath done
Event: 8,843 loading class javafx/scene/shape/SVGPath$1
Event: 8,843 loading class javafx/scene/shape/SVGPath$1 done
Event: 8,843 loading class javafx/scene/shape/SVGPath$2
Event: 8,843 loading class javafx/scene/shape/SVGPath$2 done
Event: 8,856 loading class com/sun/javafx/scene/control/skin/TextAreaSkin$ContentView
Event: 8,856 loading class com/sun/javafx/scene/control/skin/TextAreaSkin$ContentView done
Event: 8,858 loading class com/sun/javafx/scene/KeyboardShortcutsHandler$1
Event: 8,858 loading class com/sun/javafx/scene/KeyboardShortcutsHandler$1 done


Dynamic libraries:
00400000-00401000 r-xp 00000000 08:06 680254                             /usr/lib/jvm/java-8-oracle/bin/java
00600000-00601000 rw-p 00000000 08:06 680254                             /usr/lib/jvm/java-8-oracle/bin/java
017bf000-017e0000 rw-p 00000000 00:00 0                                  [heap]
6c7800000-6d1f00000 rw-p 00000000 00:00 0 
6d1f00000-76d300000 ---p 00000000 00:00 0 
76d300000-772600000 rw-p 00000000 00:00 0 
772600000-7c0000000 ---p 00000000 00:00 0 
7c0000000-7c0280000 rw-p 00000000 00:00 0 
7c0280000-800000000 ---p 00000000 00:00 0 
7f3adc000000-7f3adc021000 rw-p 00000000 00:00 0 
7f3adc021000-7f3ae0000000 ---p 00000000 00:00 0 
7f3ae0000000-7f3ae0021000 rw-p 00000000 00:00 0 
7f3ae0021000-7f3ae4000000 ---p 00000000 00:00 0 
7f3ae4000000-7f3ae4021000 rw-p 00000000 00:00 0 
7f3ae4021000-7f3ae8000000 ---p 00000000 00:00 0 
7f3ae8000000-7f3ae8543000 rw-p 00000000 00:00 0 
7f3ae8543000-7f3aec000000 ---p 00000000 00:00 0 
7f3aec000000-7f3aec022000 rw-p 00000000 00:00 0 
7f3aec022000-7f3af0000000 ---p 00000000 00:00 0 
7f3af0000000-7f3af0022000 rw-p 00000000 00:00 0 
7f3af0022000-7f3af4000000 ---p 00000000 00:00 0 
7f3af4000000-7f3af4021000 rw-p 00000000 00:00 0 
7f3af4021000-7f3af8000000 ---p 00000000 00:00 0 
7f3af8000000-7f3af9ed1000 rw-p 00000000 00:00 0 
7f3af9ed1000-7f3afc000000 ---p 00000000 00:00 0 
7f3afcbed000-7f3afcc2d000 rw-p 00000000 00:00 0 
7f3afcc2d000-7f3afcded000 ---p 00000000 00:00 0 
7f3afcded000-7f3afcdf5000 rw-s 00000000 00:05 45778                      /drm mm object (deleted)
7f3afcdf5000-7f3afce05000 rw-s 00000000 00:05 32298                      /drm mm object (deleted)
7f3afce05000-7f3afcfc5000 rw-s 00000000 00:05 32295                      /drm mm object (deleted)
7f3afcfc5000-7f3afd025000 rw-s 00000000 00:05 50184                      /drm mm object (deleted)
7f3afd025000-7f3afd033000 rw-s 00000000 00:05 50182                      /drm mm object (deleted)
7f3afd033000-7f3afd1f3000 rw-s 100d65000 00:06 413                       /dev/dri/card0
7f3afd1f3000-7f3afd3f3000 rw-p 00000000 00:00 0 
7f3afd3f3000-7f3afd3f6000 ---p 00000000 00:00 0 
7f3afd3f6000-7f3afd4f4000 rw-p 00000000 00:00 0 
7f3afd4f4000-7f3afd5ad000 r--p 00000000 08:06 393885                     /usr/share/fonts/truetype/dejavu/DejaVuSans.ttf
7f3afd5ad000-7f3afd5e7000 r--p 00000000 08:06 680101                     /usr/lib/jvm/java-8-oracle/jre/lib/fonts/LucidaTypewriterBold.ttf
7f3afd5e7000-7f3afd635000 r--p 00000000 08:06 680097                     /usr/lib/jvm/java-8-oracle/jre/lib/fonts/LucidaSansDemiBold.ttf
7f3afd635000-7f3afd68a000 r--p 00000000 08:06 680096                     /usr/lib/jvm/java-8-oracle/jre/lib/fonts/LucidaBrightRegular.ttf
7f3afd68a000-7f3afd68e000 r-xp 00000000 08:06 40946                      /usr/lib/jvm/java-8-oracle/jre/lib/amd64/libjavafx_font_pango.so
7f3afd68e000-7f3afd88d000 ---p 00004000 08:06 40946                      /usr/lib/jvm/java-8-oracle/jre/lib/amd64/libjavafx_font_pango.so
7f3afd88d000-7f3afd88e000 rw-p 00003000 08:06 40946                      /usr/lib/jvm/java-8-oracle/jre/lib/amd64/libjavafx_font_pango.so
7f3afd88e000-7f3afda8e000 rw-p 00000000 00:00 0 
7f3afda8e000-7f3afda93000 r-xp 00000000 08:06 40949                      /usr/lib/jvm/java-8-oracle/jre/lib/amd64/libjavafx_font_freetype.so
7f3afda93000-7f3afdc92000 ---p 00005000 08:06 40949                      /usr/lib/jvm/java-8-oracle/jre/lib/amd64/libjavafx_font_freetype.so
7f3afdc92000-7f3afdc93000 rw-p 00004000 08:06 40949                      /usr/lib/jvm/java-8-oracle/jre/lib/amd64/libjavafx_font_freetype.so
7f3afdc93000-7f3afdc96000 r-xp 00000000 08:06 40997                      /usr/lib/jvm/java-8-oracle/jre/lib/amd64/libjavafx_font.so
7f3afdc96000-7f3afde95000 ---p 00003000 08:06 40997                      /usr/lib/jvm/java-8-oracle/jre/lib/amd64/libjavafx_font.so
7f3afde95000-7f3afde96000 rw-p 00002000 08:06 40997                      /usr/lib/jvm/java-8-oracle/jre/lib/amd64/libjavafx_font.so
7f3afde96000-7f3afe096000 rw-p 00000000 00:00 0 
7f3afe096000-7f3afe099000 ---p 00000000 00:00 0 
7f3afe099000-7f3afe197000 rw-p 00000000 00:00 0 
7f3afe197000-7f3afe198000 ---p 00000000 00:00 0 
7f3afe198000-7f3afe998000 rw-p 00000000 00:00 0 
7f3afe998000-7f3afe9a3000 r-xp 00000000 08:06 1069                       /usr/lib/x86_64-linux-gnu/gio/modules/libdconfsettings.so
7f3afe9a3000-7f3afeba3000 ---p 0000b000 08:06 1069                       /usr/lib/x86_64-linux-gnu/gio/modules/libdconfsettings.so
7f3afeba3000-7f3afeba4000 r--p 0000b000 08:06 1069                       /usr/lib/x86_64-linux-gnu/gio/modules/libdconfsettings.so
7f3afeba4000-7f3afeba5000 rw-p 0000c000 08:06 1069                       /usr/lib/x86_64-linux-gnu/gio/modules/libdconfsettings.so
7f3afeba5000-7f3afeba6000 ---p 00000000 00:00 0 
7f3afeba6000-7f3aff3a6000 rw-p 00000000 00:00 0 
7f3aff3a6000-7f3aff3a7000 ---p 00000000 00:00 0 
7f3aff3a7000-7f3affba7000 rw-p 00000000 00:00 0 
7f3affba7000-7f3affbc0000 r-xp 00000000 08:06 1073                       /usr/lib/x86_64-linux-gnu/gio/modules/libgioremote-volume-monitor.so
7f3affbc0000-7f3affdc0000 ---p 00019000 08:06 1073                       /usr/lib/x86_64-linux-gnu/gio/modules/libgioremote-volume-monitor.so
7f3affdc0000-7f3affdc3000 r--p 00019000 08:06 1073                       /usr/lib/x86_64-linux-gnu/gio/modules/libgioremote-volume-monitor.so
7f3affdc3000-7f3affdc4000 rw-p 0001c000 08:06 1073                       /usr/lib/x86_64-linux-gnu/gio/modules/libgioremote-volume-monitor.so
7f3affdc4000-7f3affdfa000 r-xp 00000000 08:06 1634                       /usr/lib/x86_64-linux-gnu/gvfs/libgvfscommon.so
7f3affdfa000-7f3affffa000 ---p 00036000 08:06 1634                       /usr/lib/x86_64-linux-gnu/gvfs/libgvfscommon.so
7f3affffa000-7f3afffff000 r--p 00036000 08:06 1634                       /usr/lib/x86_64-linux-gnu/gvfs/libgvfscommon.so
7f3afffff000-7f3b00000000 rw-p 0003b000 08:06 1634                       /usr/lib/x86_64-linux-gnu/gvfs/libgvfscommon.so
7f3b00000000-7f3b00021000 rw-p 00000000 00:00 0 
7f3b00021000-7f3b04000000 ---p 00000000 00:00 0 
7f3b04000000-7f3b04021000 rw-p 00000000 00:00 0 
7f3b04021000-7f3b08000000 ---p 00000000 00:00 0 
7f3b08000000-7f3b080f3000 rw-p 00000000 00:00 0 
7f3b080f3000-7f3b0c000000 ---p 00000000 00:00 0 
7f3b0c000000-7f3b0c2bd000 rw-p 00000000 00:00 0 
7f3b0c2bd000-7f3b10000000 ---p 00000000 00:00 0 
7f3b10000000-7f3b100fc000 rw-p 00000000 00:00 0 
7f3b100fc000-7f3b14000000 ---p 00000000 00:00 0 
7f3b14000000-7f3b14074000 rw-p 00000000 00:00 0 
7f3b14074000-7f3b18000000 ---p 00000000 00:00 0 
7f3b18000000-7f3b18021000 rw-p 00000000 00:00 0 
7f3b18021000-7f3b1c000000 ---p 00000000 00:00 0 
7f3b1c000000-7f3b1c021000 rw-p 00000000 00:00 0 
7f3b1c021000-7f3b20000000 ---p 00000000 00:00 0 
7f3b20000000-7f3b20021000 rw-p 00000000 00:00 0 
7f3b20021000-7f3b24000000 ---p 00000000 00:00 0 
7f3b24000000-7f3b24021000 rw-p 00000000 00:00 0 
7f3b24021000-7f3b28000000 ---p 00000000 00:00 0 
7f3b28000000-7f3b28021000 rw-p 00000000 00:00 0 
7f3b28021000-7f3b2c000000 ---p 00000000 00:00 0 
7f3b2c002000-7f3b2c012000 rw-s 00000000 00:05 50181                      /drm mm object (deleted)
7f3b2c012000-7f3b2c01a000 rw-s 00000000 00:05 37417                      /drm mm object (deleted)
7f3b2c01a000-7f3b2c02a000 rw-s 00000000 00:05 37415                      /drm mm object (deleted)
7f3b2c02a000-7f3b2c03d000 r--p 00000000 08:06 680099                     /usr/lib/jvm/java-8-oracle/jre/lib/fonts/LucidaBrightDemiItalic.ttf
7f3b2c03d000-7f3b2c050000 r--p 00000000 08:06 680102                     /usr/lib/jvm/java-8-oracle/jre/lib/fonts/LucidaBrightDemiBold.ttf
7f3b2c050000-7f3b2c08c000 r--p 00000000 08:06 680100                     /usr/lib/jvm/java-8-oracle/jre/lib/fonts/LucidaTypewriterRegular.ttf
7f3b2c08c000-7f3b2c08f000 ---p 00000000 00:00 0 
7f3b2c08f000-7f3b2c18d000 rw-p 00000000 00:00 0 
7f3b2c18d000-7f3b2c1bd000 r-xp 00000000 08:06 1074                       /usr/lib/x86_64-linux-gnu/gio/modules/libgvfsdbus.so
7f3b2c1bd000-7f3b2c3bd000 ---p 00030000 08:06 1074                       /usr/lib/x86_64-linux-gnu/gio/modules/libgvfsdbus.so
7f3b2c3bd000-7f3b2c3be000 r--p 00030000 08:06 1074                       /usr/lib/x86_64-linux-gnu/gio/modules/libgvfsdbus.so
7f3b2c3be000-7f3b2c3c0000 rw-p 00031000 08:06 1074                       /usr/lib/x86_64-linux-gnu/gio/modules/libgvfsdbus.so
7f3b2c3c0000-7f3b34000000 rw-p 00000000 00:00 0 
7f3b34000000-7f3b34021000 rw-p 00000000 00:00 0 
7f3b34021000-7f3b38000000 ---p 00000000 00:00 0 
7f3b38000000-7f3b38021000 rw-p 00000000 00:00 0 
7f3b38021000-7f3b3c000000 ---p 00000000 00:00 0 
7f3b3c000000-7f3b3c021000 rw-p 00000000 00:00 0 
7f3b3c021000-7f3b40000000 ---p 00000000 00:00 0 
7f3b40004000-7f3b40010000 rw-s 00000000 00:05 37399                      /drm mm object (deleted)
7f3b40010000-7f3b400bb000 r--p 00000000 08:06 680095                     /usr/lib/jvm/java-8-oracle/jre/lib/fonts/LucidaSansRegular.ttf
7f3b400bb000-7f3b400be000 ---p 00000000 00:00 0 
7f3b400be000-7f3b401bc000 rw-p 00000000 00:00 0 
7f3b401bc000-7f3b401c3000 r-xp 00000000 08:06 666521                     /usr/lib/x86_64-linux-gnu/libogg.so.0.8.2
7f3b401c3000-7f3b403c3000 ---p 00007000 08:06 666521                     /usr/lib/x86_64-linux-gnu/libogg.so.0.8.2
7f3b403c3000-7f3b403c4000 r--p 00007000 08:06 666521                     /usr/lib/x86_64-linux-gnu/libogg.so.0.8.2
7f3b403c4000-7f3b403c5000 rw-p 00008000 08:06 666521                     /usr/lib/x86_64-linux-gnu/libogg.so.0.8.2
7f3b403c5000-7f3b403ef000 r-xp 00000000 08:06 666467                     /usr/lib/x86_64-linux-gnu/libvorbis.so.0.4.8
7f3b403ef000-7f3b405ee000 ---p 0002a000 08:06 666467                     /usr/lib/x86_64-linux-gnu/libvorbis.so.0.4.8
7f3b405ee000-7f3b405ef000 r--p 00029000 08:06 666467                     /usr/lib/x86_64-linux-gnu/libvorbis.so.0.4.8
7f3b405ef000-7f3b405f0000 rw-p 0002a000 08:06 666467                     /usr/lib/x86_64-linux-gnu/libvorbis.so.0.4.8
7f3b405f0000-7f3b405f9000 r-xp 00000000 08:06 666382                     /usr/lib/x86_64-linux-gnu/libltdl.so.7.3.1
7f3b405f9000-7f3b407f8000 ---p 00009000 08:06 666382                     /usr/lib/x86_64-linux-gnu/libltdl.so.7.3.1
7f3b407f8000-7f3b407f9000 r--p 00008000 08:06 666382                     /usr/lib/x86_64-linux-gnu/libltdl.so.7.3.1
7f3b407f9000-7f3b407fa000 rw-p 00009000 08:06 666382                     /usr/lib/x86_64-linux-gnu/libltdl.so.7.3.1
7f3b407fa000-7f3b4080e000 r-xp 00000000 08:06 666772                     /usr/lib/x86_64-linux-gnu/libtdb.so.1.3.8
7f3b4080e000-7f3b40a0d000 ---p 00014000 08:06 666772                     /usr/lib/x86_64-linux-gnu/libtdb.so.1.3.8
7f3b40a0d000-7f3b40a0e000 r--p 00013000 08:06 666772                     /usr/lib/x86_64-linux-gnu/libtdb.so.1.3.8
7f3b40a0e000-7f3b40a0f000 rw-p 00014000 08:06 666772                     /usr/lib/x86_64-linux-gnu/libtdb.so.1.3.8
7f3b40a0f000-7f3b40a16000 r-xp 00000000 08:06 666463                     /usr/lib/x86_64-linux-gnu/libvorbisfile.so.3.3.7
7f3b40a16000-7f3b40c16000 ---p 00007000 08:06 666463                     /usr/lib/x86_64-linux-gnu/libvorbisfile.so.3.3.7
7f3b40c16000-7f3b40c17000 r--p 00007000 08:06 666463                     /usr/lib/x86_64-linux-gnu/libvorbisfile.so.3.3.7
7f3b40c17000-7f3b40c18000 rw-p 00008000 08:06 666463                     /usr/lib/x86_64-linux-gnu/libvorbisfile.so.3.3.7
7f3b40c18000-7f3b40c28000 r-xp 00000000 08:06 665763                     /usr/lib/x86_64-linux-gnu/libcanberra.so.0.2.5
7f3b40c28000-7f3b40e27000 ---p 00010000 08:06 665763                     /usr/lib/x86_64-linux-gnu/libcanberra.so.0.2.5
7f3b40e27000-7f3b40e28000 r--p 0000f000 08:06 665763                     /usr/lib/x86_64-linux-gnu/libcanberra.so.0.2.5
7f3b40e28000-7f3b40e29000 rw-p 00010000 08:06 665763                     /usr/lib/x86_64-linux-gnu/libcanberra.so.0.2.5
7f3b40e29000-7f3b40e2d000 r-xp 00000000 08:06 665759                     /usr/lib/x86_64-linux-gnu/libcanberra-gtk.so.0.1.9
7f3b40e2d000-7f3b4102c000 ---p 00004000 08:06 665759                     /usr/lib/x86_64-linux-gnu/libcanberra-gtk.so.0.1.9
7f3b4102c000-7f3b4102d000 r--p 00003000 08:06 665759                     /usr/lib/x86_64-linux-gnu/libcanberra-gtk.so.0.1.9
7f3b4102d000-7f3b4102e000 rw-p 00004000 08:06 665759                     /usr/lib/x86_64-linux-gnu/libcanberra-gtk.so.0.1.9
7f3b4102e000-7f3b41033000 r-xp 00000000 08:06 1288                       /usr/lib/x86_64-linux-gnu/gtk-2.0/modules/libcanberra-gtk-module.so
7f3b41033000-7f3b41232000 ---p 00005000 08:06 1288                       /usr/lib/x86_64-linux-gnu/gtk-2.0/modules/libcanberra-gtk-module.so
7f3b41232000-7f3b41233000 r--p 00004000 08:06 1288                       /usr/lib/x86_64-linux-gnu/gtk-2.0/modules/libcanberra-gtk-module.so
7f3b41233000-7f3b41234000 rw-p 00005000 08:06 1288                       /usr/lib/x86_64-linux-gnu/gtk-2.0/modules/libcanberra-gtk-module.so
7f3b41234000-7f3b41264000 r-xp 00000000 08:06 1270                       /usr/lib/x86_64-linux-gnu/gtk-2.0/2.10.0/engines/libmurrine.so
7f3b41264000-7f3b41464000 ---p 00030000 08:06 1270                       /usr/lib/x86_64-linux-gnu/gtk-2.0/2.10.0/engines/libmurrine.so
7f3b41464000-7f3b41465000 r--p 00030000 08:06 1270                       /usr/lib/x86_64-linux-gnu/gtk-2.0/2.10.0/engines/libmurrine.so
7f3b41465000-7f3b41466000 rw-p 00031000 08:06 1270                       /usr/lib/x86_64-linux-gnu/gtk-2.0/2.10.0/engines/libmurrine.so
7f3b41466000-7f3b41476000 r-xp 00000000 08:06 666830                     /usr/lib/x86_64-linux-gnu/libunity-gtk2-parser.so.0.0.0
7f3b41476000-7f3b41676000 ---p 00010000 08:06 666830                     /usr/lib/x86_64-linux-gnu/libunity-gtk2-parser.so.0.0.0
7f3b41676000-7f3b41677000 r--p 00010000 08:06 666830                     /usr/lib/x86_64-linux-gnu/libunity-gtk2-parser.so.0.0.0
7f3b41677000-7f3b41678000 rw-p 00011000 08:06 666830                     /usr/lib/x86_64-linux-gnu/libunity-gtk2-parser.so.0.0.0
7f3b41678000-7f3b4167d000 r-xp 00000000 08:06 1292                       /usr/lib/x86_64-linux-gnu/gtk-2.0/modules/libunity-gtk-module.so
7f3b4167d000-7f3b4187c000 ---p 00005000 08:06 1292                       /usr/lib/x86_64-linux-gnu/gtk-2.0/modules/libunity-gtk-module.so
7f3b4187c000-7f3b4187d000 r--p 00004000 08:06 1292                       /usr/lib/x86_64-linux-gnu/gtk-2.0/modules/libunity-gtk-module.so
7f3b4187d000-7f3b4187e000 rw-p 00005000 08:06 1292                       /usr/lib/x86_64-linux-gnu/gtk-2.0/modules/libunity-gtk-module.so
7f3b4187e000-7f3b41890000 r-xp 00000000 08:06 136653                     /lib/x86_64-linux-gnu/libgpg-error.so.0.17.0
7f3b41890000-7f3b41a90000 ---p 00012000 08:06 136653                     /lib/x86_64-linux-gnu/libgpg-error.so.0.17.0
7f3b41a90000-7f3b41a91000 r--p 00012000 08:06 136653                     /lib/x86_64-linux-gnu/libgpg-error.so.0.17.0
7f3b41a91000-7f3b41a92000 rw-p 00013000 08:06 136653                     /lib/x86_64-linux-gnu/libgpg-error.so.0.17.0
7f3b41a92000-7f3b41b69000 r-xp 00000000 08:06 130643                     /lib/x86_64-linux-gnu/libgcrypt.so.20.0.5
7f3b41b69000-7f3b41d69000 ---p 000d7000 08:06 130643                     /lib/x86_64-linux-gnu/libgcrypt.so.20.0.5
7f3b41d69000-7f3b41d6a000 r--p 000d7000 08:06 130643                     /lib/x86_64-linux-gnu/libgcrypt.so.20.0.5
7f3b41d6a000-7f3b41d72000 rw-p 000d8000 08:06 130643                     /lib/x86_64-linux-gnu/libgcrypt.so.20.0.5
7f3b41d72000-7f3b41d73000 rw-p 00000000 00:00 0 
7f3b41d73000-7f3b41d94000 r-xp 00000000 08:06 136676                     /lib/x86_64-linux-gnu/liblzma.so.5.0.0
7f3b41d94000-7f3b41f93000 ---p 00021000 08:06 136676                     /lib/x86_64-linux-gnu/liblzma.so.5.0.0
7f3b41f93000-7f3b41f94000 r--p 00020000 08:06 136676                     /lib/x86_64-linux-gnu/liblzma.so.5.0.0
7f3b41f94000-7f3b41f95000 rw-p 00021000 08:06 136676                     /lib/x86_64-linux-gnu/liblzma.so.5.0.0
7f3b41f95000-7f3b41fdf000 r-xp 00000000 08:06 136625                     /lib/x86_64-linux-gnu/libdbus-1.so.3.14.6
7f3b41fdf000-7f3b421df000 ---p 0004a000 08:06 136625                     /lib/x86_64-linux-gnu/libdbus-1.so.3.14.6
7f3b421df000-7f3b421e0000 r--p 0004a000 08:06 136625                     /lib/x86_64-linux-gnu/libdbus-1.so.3.14.6
7f3b421e0000-7f3b421e1000 rw-p 0004b000 08:06 136625                     /lib/x86_64-linux-gnu/libdbus-1.so.3.14.6
7f3b421e1000-7f3b4220d000 r-xp 00000000 08:06 665702                     /usr/lib/x86_64-linux-gnu/libatspi.so.0.0.1
7f3b4220d000-7f3b4240c000 ---p 0002c000 08:06 665702                     /usr/lib/x86_64-linux-gnu/libatspi.so.0.0.1
7f3b4240c000-7f3b4240f000 r--p 0002b000 08:06 665702                     /usr/lib/x86_64-linux-gnu/libatspi.so.0.0.1
7f3b4240f000-7f3b42410000 rw-p 0002e000 08:06 665702                     /usr/lib/x86_64-linux-gnu/libatspi.so.0.0.1
7f3b42410000-7f3b4243d000 r-xp 00000000 08:06 665696                     /usr/lib/x86_64-linux-gnu/libatk-bridge-2.0.so.0.0.0
7f3b4243d000-7f3b4263c000 ---p 0002d000 08:06 665696                     /usr/lib/x86_64-linux-gnu/libatk-bridge-2.0.so.0.0.0
7f3b4263c000-7f3b4263d000 r--p 0002c000 08:06 665696                     /usr/lib/x86_64-linux-gnu/libatk-bridge-2.0.so.0.0.0
7f3b4263d000-7f3b4263f000 rw-p 0002d000 08:06 665696                     /usr/lib/x86_64-linux-gnu/libatk-bridge-2.0.so.0.0.0
7f3b4263f000-7f3b42640000 r-xp 00000000 08:06 1287                       /usr/lib/x86_64-linux-gnu/gtk-2.0/modules/libatk-bridge.so
7f3b42640000-7f3b4283f000 ---p 00001000 08:06 1287                       /usr/lib/x86_64-linux-gnu/gtk-2.0/modules/libatk-bridge.so
7f3b4283f000-7f3b42840000 r--p 00000000 08:06 1287                       /usr/lib/x86_64-linux-gnu/gtk-2.0/modules/libatk-bridge.so
7f3b42840000-7f3b42841000 rw-p 00001000 08:06 1287                       /usr/lib/x86_64-linux-gnu/gtk-2.0/modules/libatk-bridge.so
7f3b42841000-7f3b42848000 r-xp 00000000 08:06 666037                     /usr/lib/x86_64-linux-gnu/libgailutil.so.18.0.1
7f3b42848000-7f3b42a47000 ---p 00007000 08:06 666037                     /usr/lib/x86_64-linux-gnu/libgailutil.so.18.0.1
7f3b42a47000-7f3b42a48000 r--p 00006000 08:06 666037                     /usr/lib/x86_64-linux-gnu/libgailutil.so.18.0.1
7f3b42a48000-7f3b42a49000 rw-p 00007000 08:06 666037                     /usr/lib/x86_64-linux-gnu/libgailutil.so.18.0.1
7f3b42a49000-7f3b42a97000 r-xp 00000000 08:06 1290                       /usr/lib/x86_64-linux-gnu/gtk-2.0/modules/libgail.so
7f3b42a97000-7f3b42c96000 ---p 0004e000 08:06 1290                       /usr/lib/x86_64-linux-gnu/gtk-2.0/modules/libgail.so
7f3b42c96000-7f3b42c97000 r--p 0004d000 08:06 1290                       /usr/lib/x86_64-linux-gnu/gtk-2.0/modules/libgail.so
7f3b42c97000-7f3b42c99000 rw-p 0004e000 08:06 1290                       /usr/lib/x86_64-linux-gnu/gtk-2.0/modules/libgail.so
7f3b42c99000-7f3b42caa000 r-xp 00000000 08:06 1291                       /usr/lib/x86_64-linux-gnu/gtk-2.0/modules/liboverlay-scrollbar.so
7f3b42caa000-7f3b42eaa000 ---p 00011000 08:06 1291                       /usr/lib/x86_64-linux-gnu/gtk-2.0/modules/liboverlay-scrollbar.so
7f3b42eaa000-7f3b42eab000 r--p 00011000 08:06 1291                       /usr/lib/x86_64-linux-gnu/gtk-2.0/modules/liboverlay-scrollbar.so
7f3b42eab000-7f3b42eac000 rw-p 00012000 08:06 1291                       /usr/lib/x86_64-linux-gnu/gtk-2.0/modules/liboverlay-scrollbar.so
7f3b42eac000-7f3b42ed5000 r-xp 00000000 08:06 40971                      /usr/lib/jvm/java-8-oracle/jre/lib/amd64/libglass.so
7f3b42ed5000-7f3b430d4000 ---p 00029000 08:06 40971                      /usr/lib/jvm/java-8-oracle/jre/lib/amd64/libglass.so
7f3b430d4000-7f3b430d7000 rw-p 00028000 08:06 40971                      /usr/lib/jvm/java-8-oracle/jre/lib/amd64/libglass.so
7f3b430d7000-7f3b4310e000 r-xp 00000000 08:06 666809                     /usr/lib/x86_64-linux-gnu/libtxc_dxtn_s2tc.so.0.0.0
7f3b4310e000-7f3b4330d000 ---p 00037000 08:06 666809                     /usr/lib/x86_64-linux-gnu/libtxc_dxtn_s2tc.so.0.0.0
7f3b4330d000-7f3b4330e000 r--p 00036000 08:06 666809                     /usr/lib/x86_64-linux-gnu/libtxc_dxtn_s2tc.so.0.0.0
7f3b4330e000-7f3b4330f000 rw-p 00037000 08:06 666809                     /usr/lib/x86_64-linux-gnu/libtxc_dxtn_s2tc.so.0.0.0
7f3b4330f000-7f3b43317000 r-xp 00000000 08:06 666563                     /usr/lib/x86_64-linux-gnu/libpciaccess.so.0.11.1
7f3b43317000-7f3b43517000 ---p 00008000 08:06 666563                     /usr/lib/x86_64-linux-gnu/libpciaccess.so.0.11.1
7f3b43517000-7f3b43518000 r--p 00008000 08:06 666563                     /usr/lib/x86_64-linux-gnu/libpciaccess.so.0.11.1
7f3b43518000-7f3b43519000 rw-p 00009000 08:06 666563                     /usr/lib/x86_64-linux-gnu/libpciaccess.so.0.11.1
7f3b43519000-7f3b43d40000 r-xp 00000000 08:06 388                        /usr/lib/x86_64-linux-gnu/dri/i965_dri.so
7f3b43d40000-7f3b43f40000 ---p 00827000 08:06 388                        /usr/lib/x86_64-linux-gnu/dri/i965_dri.so
7f3b43f40000-7f3b43f90000 r--p 00827000 08:06 388                        /usr/lib/x86_64-linux-gnu/dri/i965_dri.so
7f3b43f90000-7f3b43f99000 rw-p 00877000 08:06 388                        /usr/lib/x86_64-linux-gnu/dri/i965_dri.so
7f3b43f99000-7f3b44000000 rw-p 00000000 00:00 0 
7f3b44000000-7f3b44021000 rw-p 00000000 00:00 0 
7f3b44021000-7f3b48000000 ---p 00000000 00:00 0 
7f3b48000000-7f3b48002000 rw-s 00000000 00:05 39435                      /drm mm object (deleted)
7f3b48002000-7f3b48016000 r--p 00000000 08:06 680094                     /usr/lib/jvm/java-8-oracle/jre/lib/fonts/LucidaBrightItalic.ttf
7f3b48016000-7f3b4801b000 r--s 00084000 08:06 667407                     /usr/lib/jvm/java-8-oracle/jre/lib/jfr.jar
7f3b4801b000-7f3b48026000 r--s 00000000 08:06 279383                     /var/cache/fontconfig/945677eb7aeaf62f1d50efc3fb3ec7d8-le64.cache-6
7f3b48026000-7f3b4802c000 r--s 00000000 08:06 279365                     /var/cache/fontconfig/2cd17615ca594fa2959ae173292e504c-le64.cache-6
7f3b4802c000-7f3b480ac000 r-xp 00000000 08:06 136122                     /lib/x86_64-linux-gnu/libsystemd.so.0.14.0
7f3b480ac000-7f3b480af000 r--p 0007f000 08:06 136122                     /lib/x86_64-linux-gnu/libsystemd.so.0.14.0
7f3b480af000-7f3b480b0000 rw-p 00082000 08:06 136122                     /lib/x86_64-linux-gnu/libsystemd.so.0.14.0
7f3b480b0000-7f3b480b1000 rw-p 00000000 00:00 0 
7f3b480b1000-7f3b480bc000 r-xp 00000000 08:06 665908                     /usr/lib/x86_64-linux-gnu/libdrm_radeon.so.1.0.1
7f3b480bc000-7f3b482bb000 ---p 0000b000 08:06 665908                     /usr/lib/x86_64-linux-gnu/libdrm_radeon.so.1.0.1
7f3b482bb000-7f3b482bc000 r--p 0000a000 08:06 665908                     /usr/lib/x86_64-linux-gnu/libdrm_radeon.so.1.0.1
7f3b482bc000-7f3b482bd000 rw-p 0000b000 08:06 665908                     /usr/lib/x86_64-linux-gnu/libdrm_radeon.so.1.0.1
7f3b482bd000-7f3b482c4000 r-xp 00000000 08:06 665906                     /usr/lib/x86_64-linux-gnu/libdrm_nouveau.so.2.0.0
7f3b482c4000-7f3b484c3000 ---p 00007000 08:06 665906                     /usr/lib/x86_64-linux-gnu/libdrm_nouveau.so.2.0.0
7f3b484c3000-7f3b484c4000 r--p 00006000 08:06 665906                     /usr/lib/x86_64-linux-gnu/libdrm_nouveau.so.2.0.0
7f3b484c4000-7f3b484c5000 rw-p 00007000 08:06 665906                     /usr/lib/x86_64-linux-gnu/libdrm_nouveau.so.2.0.0
7f3b484c5000-7f3b484e7000 r-xp 00000000 08:06 665904                     /usr/lib/x86_64-linux-gnu/libdrm_intel.so.1.0.0
7f3b484e7000-7f3b486e7000 ---p 00022000 08:06 665904                     /usr/lib/x86_64-linux-gnu/libdrm_intel.so.1.0.0
7f3b486e7000-7f3b486e8000 r--p 00022000 08:06 665904                     /usr/lib/x86_64-linux-gnu/libdrm_intel.so.1.0.0
7f3b486e8000-7f3b486e9000 rw-p 00023000 08:06 665904                     /usr/lib/x86_64-linux-gnu/libdrm_intel.so.1.0.0
7f3b486e9000-7f3b486ef000 r-xp 00000000 08:06 665849                     /usr/lib/x86_64-linux-gnu/libdatrie.so.1.3.3
7f3b486ef000-7f3b488ef000 ---p 00006000 08:06 665849                     /usr/lib/x86_64-linux-gnu/libdatrie.so.1.3.3
7f3b488ef000-7f3b488f0000 r--p 00006000 08:06 665849                     /usr/lib/x86_64-linux-gnu/libdatrie.so.1.3.3
7f3b488f0000-7f3b488f1000 rw-p 00007000 08:06 665849                     /usr/lib/x86_64-linux-gnu/libdatrie.so.1.3.3
7f3b488f1000-7f3b488f6000 r-xp 00000000 08:06 665599                     /usr/lib/x86_64-linux-gnu/libXdmcp.so.6.0.0
7f3b488f6000-7f3b48af5000 ---p 00005000 08:06 665599                     /usr/lib/x86_64-linux-gnu/libXdmcp.so.6.0.0
7f3b48af5000-7f3b48af6000 r--p 00004000 08:06 665599                     /usr/lib/x86_64-linux-gnu/libXdmcp.so.6.0.0
7f3b48af6000-7f3b48af7000 rw-p 00005000 08:06 665599                     /usr/lib/x86_64-linux-gnu/libXdmcp.so.6.0.0
7f3b48af7000-7f3b48af9000 r-xp 00000000 08:06 665588                     /usr/lib/x86_64-linux-gnu/libXau.so.6.0.0
7f3b48af9000-7f3b48cf9000 ---p 00002000 08:06 665588                     /usr/lib/x86_64-linux-gnu/libXau.so.6.0.0
7f3b48cf9000-7f3b48cfa000 r--p 00002000 08:06 665588                     /usr/lib/x86_64-linux-gnu/libXau.so.6.0.0
7f3b48cfa000-7f3b48cfb000 rw-p 00003000 08:06 665588                     /usr/lib/x86_64-linux-gnu/libXau.so.6.0.0
7f3b48cfb000-7f3b48d1f000 r-xp 00000000 08:06 666153                     /usr/lib/x86_64-linux-gnu/libgraphite2.so.3.0.1
7f3b48d1f000-7f3b48f1e000 ---p 00024000 08:06 666153                     /usr/lib/x86_64-linux-gnu/libgraphite2.so.3.0.1
7f3b48f1e000-7f3b48f20000 r--p 00023000 08:06 666153                     /usr/lib/x86_64-linux-gnu/libgraphite2.so.3.0.1
7f3b48f20000-7f3b48f21000 rw-p 00025000 08:06 666153                     /usr/lib/x86_64-linux-gnu/libgraphite2.so.3.0.1
7f3b48f21000-7f3b48f31000 r-xp 00000000 08:06 665900                     /usr/lib/x86_64-linux-gnu/libdrm.so.2.4.0
7f3b48f31000-7f3b49130000 ---p 00010000 08:06 665900                     /usr/lib/x86_64-linux-gnu/libdrm.so.2.4.0
7f3b49130000-7f3b49131000 r--p 0000f000 08:06 665900                     /usr/lib/x86_64-linux-gnu/libdrm.so.2.4.0
7f3b49131000-7f3b49132000 rw-p 00010000 08:06 665900                     /usr/lib/x86_64-linux-gnu/libdrm.so.2.4.0
7f3b49132000-7f3b49136000 r-xp 00000000 08:06 666976                     /usr/lib/x86_64-linux-gnu/libxcb-dri2.so.0.0.0
7f3b49136000-7f3b49335000 ---p 00004000 08:06 666976                     /usr/lib/x86_64-linux-gnu/libxcb-dri2.so.0.0.0
7f3b49335000-7f3b49336000 r--p 00003000 08:06 666976                     /usr/lib/x86_64-linux-gnu/libxcb-dri2.so.0.0.0
7f3b49336000-7f3b49337000 rw-p 00004000 08:06 666976                     /usr/lib/x86_64-linux-gnu/libxcb-dri2.so.0.0.0
7f3b49337000-7f3b4934e000 r-xp 00000000 08:06 666980                     /usr/lib/x86_64-linux-gnu/libxcb-glx.so.0.0.0
7f3b4934e000-7f3b4954d000 ---p 00017000 08:06 666980                     /usr/lib/x86_64-linux-gnu/libxcb-glx.so.0.0.0
7f3b4954d000-7f3b4954f000 r--p 00016000 08:06 666980                     /usr/lib/x86_64-linux-gnu/libxcb-glx.so.0.0.0
7f3b4954f000-7f3b49550000 rw-p 00018000 08:06 666980                     /usr/lib/x86_64-linux-gnu/libxcb-glx.so.0.0.0
7f3b49550000-7f3b49551000 r-xp 00000000 08:06 665582                     /usr/lib/x86_64-linux-gnu/libX11-xcb.so.1.0.0
7f3b49551000-7f3b49750000 ---p 00001000 08:06 665582                     /usr/lib/x86_64-linux-gnu/libX11-xcb.so.1.0.0
7f3b49750000-7f3b49751000 r--p 00000000 08:06 665582                     /usr/lib/x86_64-linux-gnu/libX11-xcb.so.1.0.0
7f3b49751000-7f3b49752000 rw-p 00001000 08:06 665582                     /usr/lib/x86_64-linux-gnu/libX11-xcb.so.1.0.0
7f3b49752000-7f3b4977d000 r-xp 00000000 08:06 666101                     /usr/lib/x86_64-linux-gnu/libglapi.so.0.0.0
7f3b4977d000-7f3b4997c000 ---p 0002b000 08:06 666101                     /usr/lib/x86_64-linux-gnu/libglapi.so.0.0.0
7f3b4997c000-7f3b49980000 r--p 0002a000 08:06 666101                     /usr/lib/x86_64-linux-gnu/libglapi.so.0.0.0
7f3b49980000-7f3b49981000 rw-p 0002e000 08:06 666101                     /usr/lib/x86_64-linux-gnu/libglapi.so.0.0.0
7f3b49981000-7f3b49982000 rw-p 00000000 00:00 0 
7f3b49982000-7f3b49983000 r-xp 00000000 08:06 667020                     /usr/lib/x86_64-linux-gnu/libxshmfence.so.1.0.0
7f3b49983000-7f3b49b83000 ---p 00001000 08:06 667020                     /usr/lib/x86_64-linux-gnu/libxshmfence.so.1.0.0
7f3b49b83000-7f3b49b84000 r--p 00001000 08:06 667020                     /usr/lib/x86_64-linux-gnu/libxshmfence.so.1.0.0
7f3b49b84000-7f3b49b85000 rw-p 00002000 08:06 667020                     /usr/lib/x86_64-linux-gnu/libxshmfence.so.1.0.0
7f3b49b85000-7f3b49b8a000 r-xp 00000000 08:06 667000                     /usr/lib/x86_64-linux-gnu/libxcb-sync.so.1.0.0
7f3b49b8a000-7f3b49d8a000 ---p 00005000 08:06 667000                     /usr/lib/x86_64-linux-gnu/libxcb-sync.so.1.0.0
7f3b49d8a000-7f3b49d8b000 r--p 00005000 08:06 667000                     /usr/lib/x86_64-linux-gnu/libxcb-sync.so.1.0.0
7f3b49d8b000-7f3b49d8c000 rw-p 00006000 08:06 667000                     /usr/lib/x86_64-linux-gnu/libxcb-sync.so.1.0.0
7f3b49d8c000-7f3b49d8e000 r-xp 00000000 08:06 666988                     /usr/lib/x86_64-linux-gnu/libxcb-present.so.0.0.0
7f3b49d8e000-7f3b49f8d000 ---p 00002000 08:06 666988                     /usr/lib/x86_64-linux-gnu/libxcb-present.so.0.0.0
7f3b49f8d000-7f3b49f8e000 r--p 00001000 08:06 666988                     /usr/lib/x86_64-linux-gnu/libxcb-present.so.0.0.0
7f3b49f8e000-7f3b49f8f000 rw-p 00002000 08:06 666988                     /usr/lib/x86_64-linux-gnu/libxcb-present.so.0.0.0
7f3b49f8f000-7f3b49f91000 r-xp 00000000 08:06 666978                     /usr/lib/x86_64-linux-gnu/libxcb-dri3.so.0.0.0
7f3b49f91000-7f3b4a190000 ---p 00002000 08:06 666978                     /usr/lib/x86_64-linux-gnu/libxcb-dri3.so.0.0.0
7f3b4a190000-7f3b4a191000 r--p 00001000 08:06 666978                     /usr/lib/x86_64-linux-gnu/libxcb-dri3.so.0.0.0
7f3b4a191000-7f3b4a192000 rw-p 00002000 08:06 666978                     /usr/lib/x86_64-linux-gnu/libxcb-dri3.so.0.0.0
7f3b4a192000-7f3b4a200000 r-xp 00000000 08:06 136738                     /lib/x86_64-linux-gnu/libpcre.so.3.13.2
7f3b4a200000-7f3b4a400000 ---p 0006e000 08:06 136738                     /lib/x86_64-linux-gnu/libpcre.so.3.13.2
7f3b4a400000-7f3b4a401000 r--p 0006e000 08:06 136738                     /lib/x86_64-linux-gnu/libpcre.so.3.13.2
7f3b4a401000-7f3b4a402000 rw-p 0006f000 08:06 136738                     /lib/x86_64-linux-gnu/libpcre.so.3.13.2
7f3b4a402000-7f3b4a409000 r-xp 00000000 08:06 665978                     /usr/lib/x86_64-linux-gnu/libffi.so.6.0.4
7f3b4a409000-7f3b4a608000 ---p 00007000 08:06 665978                     /usr/lib/x86_64-linux-gnu/libffi.so.6.0.4
7f3b4a608000-7f3b4a609000 r--p 00006000 08:06 665978                     /usr/lib/x86_64-linux-gnu/libffi.so.6.0.4
7f3b4a609000-7f3b4a60a000 rw-p 00007000 08:06 665978                     /usr/lib/x86_64-linux-gnu/libffi.so.6.0.4
7f3b4a60a000-7f3b4a630000 r-xp 00000000 08:06 136640                     /lib/x86_64-linux-gnu/libexpat.so.1.6.0
7f3b4a630000-7f3b4a830000 ---p 00026000 08:06 136640                     /lib/x86_64-linux-gnu/libexpat.so.1.6.0
7f3b4a830000-7f3b4a832000 r--p 00026000 08:06 136640                     /lib/x86_64-linux-gnu/libexpat.so.1.6.0
7f3b4a832000-7f3b4a833000 rw-p 00028000 08:06 136640                     /lib/x86_64-linux-gnu/libexpat.so.1.6.0
7f3b4a833000-7f3b4a83b000 r-xp 00000000 08:06 666780                     /usr/lib/x86_64-linux-gnu/libthai.so.0.2.4
7f3b4a83b000-7f3b4aa3a000 ---p 00008000 08:06 666780                     /usr/lib/x86_64-linux-gnu/libthai.so.0.2.4
7f3b4aa3a000-7f3b4aa3b000 r--p 00007000 08:06 666780                     /usr/lib/x86_64-linux-gnu/libthai.so.0.2.4
7f3b4aa3b000-7f3b4aa3c000 rw-p 00008000 08:06 666780                     /usr/lib/x86_64-linux-gnu/libthai.so.0.2.4
7f3b4aa3c000-7f3b4aa5d000 r-xp 00000000 08:06 667008                     /usr/lib/x86_64-linux-gnu/libxcb.so.1.1.0
7f3b4aa5d000-7f3b4ac5c000 ---p 00021000 08:06 667008                     /usr/lib/x86_64-linux-gnu/libxcb.so.1.1.0
7f3b4ac5c000-7f3b4ac5d000 r--p 00020000 08:06 667008                     /usr/lib/x86_64-linux-gnu/libxcb.so.1.1.0
7f3b4ac5d000-7f3b4ac5e000 rw-p 00021000 08:06 667008                     /usr/lib/x86_64-linux-gnu/libxcb.so.1.1.0
7f3b4ac5e000-7f3b4ac66000 r-xp 00000000 08:06 666994                     /usr/lib/x86_64-linux-gnu/libxcb-render.so.0.0.0
7f3b4ac66000-7f3b4ae66000 ---p 00008000 08:06 666994                     /usr/lib/x86_64-linux-gnu/libxcb-render.so.0.0.0
7f3b4ae66000-7f3b4ae67000 r--p 00008000 08:06 666994                     /usr/lib/x86_64-linux-gnu/libxcb-render.so.0.0.0
7f3b4ae67000-7f3b4ae68000 rw-p 00009000 08:06 666994                     /usr/lib/x86_64-linux-gnu/libxcb-render.so.0.0.0
7f3b4ae68000-7f3b4ae6a000 r-xp 00000000 08:06 666998                     /usr/lib/x86_64-linux-gnu/libxcb-shm.so.0.0.0
7f3b4ae6a000-7f3b4b06a000 ---p 00002000 08:06 666998                     /usr/lib/x86_64-linux-gnu/libxcb-shm.so.0.0.0
7f3b4b06a000-7f3b4b06b000 r--p 00002000 08:06 666998                     /usr/lib/x86_64-linux-gnu/libxcb-shm.so.0.0.0
7f3b4b06b000-7f3b4b06c000 rw-p 00003000 08:06 666998                     /usr/lib/x86_64-linux-gnu/libxcb-shm.so.0.0.0
7f3b4b06c000-7f3b4b090000 r-xp 00000000 08:06 136750                     /lib/x86_64-linux-gnu/libpng12.so.0.54.0
7f3b4b090000-7f3b4b28f000 ---p 00024000 08:06 136750                     /lib/x86_64-linux-gnu/libpng12.so.0.54.0
7f3b4b28f000-7f3b4b290000 r--p 00023000 08:06 136750                     /lib/x86_64-linux-gnu/libpng12.so.0.54.0
7f3b4b290000-7f3b4b291000 rw-p 00024000 08:06 136750                     /lib/x86_64-linux-gnu/libpng12.so.0.54.0
7f3b4b291000-7f3b4b330000 r-xp 00000000 08:06 666577                     /usr/lib/x86_64-linux-gnu/libpixman-1.so.0.33.6
7f3b4b330000-7f3b4b530000 ---p 0009f000 08:06 666577                     /usr/lib/x86_64-linux-gnu/libpixman-1.so.0.33.6
7f3b4b530000-7f3b4b538000 r--p 0009f000 08:06 666577                     /usr/lib/x86_64-linux-gnu/libpixman-1.so.0.33.6
7f3b4b538000-7f3b4b539000 rw-p 000a7000 08:06 666577                     /usr/lib/x86_64-linux-gnu/libpixman-1.so.0.33.6
7f3b4b539000-7f3b4b595000 r-xp 00000000 08:06 666241                     /usr/lib/x86_64-linux-gnu/libharfbuzz.so.0.10000.1
7f3b4b595000-7f3b4b795000 ---p 0005c000 08:06 666241                     /usr/lib/x86_64-linux-gnu/libharfbuzz.so.0.10000.1
7f3b4b795000-7f3b4b796000 r--p 0005c000 08:06 666241                     /usr/lib/x86_64-linux-gnu/libharfbuzz.so.0.10000.1
7f3b4b796000-7f3b4b797000 rw-p 0005d000 08:06 666241                     /usr/lib/x86_64-linux-gnu/libharfbuzz.so.0.10000.1
7f3b4b797000-7f3b4b7ae000 r-xp 00000000 08:06 136761                     /lib/x86_64-linux-gnu/libresolv-2.23.so
7f3b4b7ae000-7f3b4b9ae000 ---p 00017000 08:06 136761                     /lib/x86_64-linux-gnu/libresolv-2.23.so
7f3b4b9ae000-7f3b4b9af000 r--p 00017000 08:06 136761                     /lib/x86_64-linux-gnu/libresolv-2.23.so
7f3b4b9af000-7f3b4b9b0000 rw-p 00018000 08:06 136761                     /lib/x86_64-linux-gnu/libresolv-2.23.so
7f3b4b9b0000-7f3b4b9b2000 rw-p 00000000 00:00 0 
7f3b4b9b2000-7f3b4b9d1000 r-xp 00000000 08:06 136767                     /lib/x86_64-linux-gnu/libselinux.so.1
7f3b4b9d1000-7f3b4bbd0000 ---p 0001f000 08:06 136767                     /lib/x86_64-linux-gnu/libselinux.so.1
7f3b4bbd0000-7f3b4bbd1000 r--p 0001e000 08:06 136767                     /lib/x86_64-linux-gnu/libselinux.so.1
7f3b4bbd1000-7f3b4bbd2000 rw-p 0001f000 08:06 136767                     /lib/x86_64-linux-gnu/libselinux.so.1
7f3b4bbd2000-7f3b4bbd4000 rw-p 00000000 00:00 0 
7f3b4bbd4000-7f3b4bbed000 r-xp 00000000 08:06 136800                     /lib/x86_64-linux-gnu/libz.so.1.2.8
7f3b4bbed000-7f3b4bdec000 ---p 00019000 08:06 136800                     /lib/x86_64-linux-gnu/libz.so.1.2.8
7f3b4bdec000-7f3b4bded000 r--p 00018000 08:06 136800                     /lib/x86_64-linux-gnu/libz.so.1.2.8
7f3b4bded000-7f3b4bdee000 rw-p 00019000 08:06 136800                     /lib/x86_64-linux-gnu/libz.so.1.2.8
7f3b4bdee000-7f3b4bdff000 r-xp 00000000 08:06 665601                     /usr/lib/x86_64-linux-gnu/libXext.so.6.4.0
7f3b4bdff000-7f3b4bffe000 ---p 00011000 08:06 665601                     /usr/lib/x86_64-linux-gnu/libXext.so.6.4.0
7f3b4bffe000-7f3b4bfff000 r--p 00010000 08:06 665601                     /usr/lib/x86_64-linux-gnu/libXext.so.6.4.0
7f3b4bfff000-7f3b4c000000 rw-p 00011000 08:06 665601                     /usr/lib/x86_64-linux-gnu/libXext.so.6.4.0
7f3b4c000000-7f3b4c021000 rw-p 00000000 00:00 0 
7f3b4c021000-7f3b50000000 ---p 00000000 00:00 0 
7f3b50001000-7f3b50003000 rw-s 00000000 00:05 50186                      /drm mm object (deleted)
7f3b50003000-7f3b50004000 r--s 00000000 08:06 279362                     /var/cache/fontconfig/0d8c3b2ac0904cb8a57a757ad11a4a08-le64.cache-6
7f3b50004000-7f3b50019000 r--s 00000000 08:06 279359                     /var/cache/fontconfig/04aabc0a78ac019cf9454389977116d2-le64.cache-6
7f3b50019000-7f3b5001a000 r--s 00000000 08:06 279364                     /var/cache/fontconfig/1ac9eb803944fde146138c791f5cc56a-le64.cache-6
7f3b5001a000-7f3b5001e000 r--s 00000000 08:06 279369                     /var/cache/fontconfig/385c0604a188198f04d133e54aba7fe7-le64.cache-6
7f3b5001e000-7f3b5001f000 r--s 00000000 08:06 279396                     /var/cache/fontconfig/dc05db6664285cc2f12bf69c139ae4c3-le64.cache-6
7f3b5001f000-7f3b50022000 r--s 00000000 08:06 279379                     /var/cache/fontconfig/767a8244fc0220cfb567a839d0392e0b-le64.cache-6
7f3b50022000-7f3b50023000 r--s 00000000 08:06 279370                     /var/cache/fontconfig/4794a0821666d79190d59a36cb4f44b5-le64.cache-6
7f3b50023000-7f3b50028000 r--s 00000000 08:06 279382                     /var/cache/fontconfig/8801497958630a81b71ace7c5f9b32a8-le64.cache-6
7f3b50028000-7f3b50029000 r--s 00000000 08:06 279389                     /var/cache/fontconfig/bab58bb527bb656aaa9f116d68a48d89-le64.cache-6
7f3b50029000-7f3b50030000 r--s 00000000 08:06 279366                     /var/cache/fontconfig/3047814df9a2f067bd2d96a2b9c36e5a-le64.cache-6
7f3b50030000-7f3b50031000 r--s 00000000 08:06 279373                     /var/cache/fontconfig/56cf4f4769d0f4abc89a4895d7bd3ae1-le64.cache-6
7f3b50031000-7f3b50032000 r--s 00000000 08:06 279388                     /var/cache/fontconfig/b9d506c9ac06c20b433354fa67a72993-le64.cache-6
7f3b50032000-7f3b50038000 r--s 00000000 08:06 279387                     /var/cache/fontconfig/b47c4e1ecd0709278f4910c18777a504-le64.cache-6
7f3b50038000-7f3b5003a000 r-xp 00000000 08:06 665597                     /usr/lib/x86_64-linux-gnu/libXdamage.so.1.1.0
7f3b5003a000-7f3b50239000 ---p 00002000 08:06 665597                     /usr/lib/x86_64-linux-gnu/libXdamage.so.1.1.0
7f3b50239000-7f3b5023a000 r--p 00001000 08:06 665597                     /usr/lib/x86_64-linux-gnu/libXdamage.so.1.1.0
7f3b5023a000-7f3b5023b000 rw-p 00002000 08:06 665597                     /usr/lib/x86_64-linux-gnu/libXdamage.so.1.1.0
7f3b5023b000-7f3b5023d000 r-xp 00000000 08:06 665593                     /usr/lib/x86_64-linux-gnu/libXcomposite.so.1.0.0
7f3b5023d000-7f3b5043c000 ---p 00002000 08:06 665593                     /usr/lib/x86_64-linux-gnu/libXcomposite.so.1.0.0
7f3b5043c000-7f3b5043d000 r--p 00001000 08:06 665593                     /usr/lib/x86_64-linux-gnu/libXcomposite.so.1.0.0
7f3b5043d000-7f3b5043e000 rw-p 00002000 08:06 665593                     /usr/lib/x86_64-linux-gnu/libXcomposite.so.1.0.0
7f3b5043e000-7f3b50447000 r-xp 00000000 08:06 665595                     /usr/lib/x86_64-linux-gnu/libXcursor.so.1.0.2
7f3b50447000-7f3b50646000 ---p 00009000 08:06 665595                     /usr/lib/x86_64-linux-gnu/libXcursor.so.1.0.2
7f3b50646000-7f3b50647000 r--p 00008000 08:06 665595                     /usr/lib/x86_64-linux-gnu/libXcursor.so.1.0.2
7f3b50647000-7f3b50648000 rw-p 00009000 08:06 665595                     /usr/lib/x86_64-linux-gnu/libXcursor.so.1.0.2
7f3b50648000-7f3b50652000 r-xp 00000000 08:06 665621                     /usr/lib/x86_64-linux-gnu/libXrandr.so.2.2.0
7f3b50652000-7f3b50851000 ---p 0000a000 08:06 665621                     /usr/lib/x86_64-linux-gnu/libXrandr.so.2.2.0
7f3b50851000-7f3b50852000 r--p 00009000 08:06 665621                     /usr/lib/x86_64-linux-gnu/libXrandr.so.2.2.0
7f3b50852000-7f3b50853000 rw-p 0000a000 08:06 665621                     /usr/lib/x86_64-linux-gnu/libXrandr.so.2.2.0
7f3b50853000-7f3b50862000 r-xp 00000000 08:06 665611                     /usr/lib/x86_64-linux-gnu/libXi.so.6.1.0
7f3b50862000-7f3b50a61000 ---p 0000f000 08:06 665611                     /usr/lib/x86_64-linux-gnu/libXi.so.6.1.0
7f3b50a61000-7f3b50a62000 r--p 0000e000 08:06 665611                     /usr/lib/x86_64-linux-gnu/libXi.so.6.1.0
7f3b50a62000-7f3b50a63000 rw-p 0000f000 08:06 665611                     /usr/lib/x86_64-linux-gnu/libXi.so.6.1.0
7f3b50a63000-7f3b50a65000 r-xp 00000000 08:06 665613                     /usr/lib/x86_64-linux-gnu/libXinerama.so.1.0.0
7f3b50a65000-7f3b50c64000 ---p 00002000 08:06 665613                     /usr/lib/x86_64-linux-gnu/libXinerama.so.1.0.0
7f3b50c64000-7f3b50c65000 r--p 00001000 08:06 665613                     /usr/lib/x86_64-linux-gnu/libXinerama.so.1.0.0
7f3b50c65000-7f3b50c66000 rw-p 00002000 08:06 665613                     /usr/lib/x86_64-linux-gnu/libXinerama.so.1.0.0
7f3b50c66000-7f3b50c6f000 r-xp 00000000 08:06 665623                     /usr/lib/x86_64-linux-gnu/libXrender.so.1.3.0
7f3b50c6f000-7f3b50e6e000 ---p 00009000 08:06 665623                     /usr/lib/x86_64-linux-gnu/libXrender.so.1.3.0
7f3b50e6e000-7f3b50e6f000 r--p 00008000 08:06 665623                     /usr/lib/x86_64-linux-gnu/libXrender.so.1.3.0
7f3b50e6f000-7f3b50e70000 rw-p 00009000 08:06 665623                     /usr/lib/x86_64-linux-gnu/libXrender.so.1.3.0
7f3b50e70000-7f3b50e75000 r-xp 00000000 08:06 665603                     /usr/lib/x86_64-linux-gnu/libXfixes.so.3.1.0
7f3b50e75000-7f3b51074000 ---p 00005000 08:06 665603                     /usr/lib/x86_64-linux-gnu/libXfixes.so.3.1.0
7f3b51074000-7f3b51075000 r--p 00004000 08:06 665603                     /usr/lib/x86_64-linux-gnu/libXfixes.so.3.1.0
7f3b51075000-7f3b51076000 rw-p 00005000 08:06 665603                     /usr/lib/x86_64-linux-gnu/libXfixes.so.3.1.0
7f3b51076000-7f3b5108c000 r-xp 00000000 08:06 136647                     /lib/x86_64-linux-gnu/libgcc_s.so.1
7f3b5108c000-7f3b5128b000 ---p 00016000 08:06 136647                     /lib/x86_64-linux-gnu/libgcc_s.so.1
7f3b5128b000-7f3b5128c000 rw-p 00015000 08:06 136647                     /lib/x86_64-linux-gnu/libgcc_s.so.1
7f3b5128c000-7f3b513fe000 r-xp 00000000 08:06 666759                     /usr/lib/x86_64-linux-gnu/libstdc++.so.6.0.21
7f3b513fe000-7f3b515fe000 ---p 00172000 08:06 666759                     /usr/lib/x86_64-linux-gnu/libstdc++.so.6.0.21
7f3b515fe000-7f3b51608000 r--p 00172000 08:06 666759                     /usr/lib/x86_64-linux-gnu/libstdc++.so.6.0.21
7f3b51608000-7f3b5160a000 rw-p 0017c000 08:06 666759                     /usr/lib/x86_64-linux-gnu/libstdc++.so.6.0.21
7f3b5160a000-7f3b5160e000 rw-p 00000000 00:00 0 
7f3b5160e000-7f3b5167c000 r-xp 00000000 08:06 1788                       /usr/lib/x86_64-linux-gnu/mesa/libGL.so.1.2.0
7f3b5167c000-7f3b5187c000 ---p 0006e000 08:06 1788                       /usr/lib/x86_64-linux-gnu/mesa/libGL.so.1.2.0
7f3b5187c000-7f3b5187f000 r--p 0006e000 08:06 1788                       /usr/lib/x86_64-linux-gnu/mesa/libGL.so.1.2.0
7f3b5187f000-7f3b51880000 rw-p 00071000 08:06 1788                       /usr/lib/x86_64-linux-gnu/mesa/libGL.so.1.2.0
7f3b51880000-7f3b51881000 rw-p 00000000 00:00 0 
7f3b51881000-7f3b51886000 r-xp 00000000 08:06 665639                     /usr/lib/x86_64-linux-gnu/libXxf86vm.so.1.0.0
7f3b51886000-7f3b51a85000 ---p 00005000 08:06 665639                     /usr/lib/x86_64-linux-gnu/libXxf86vm.so.1.0.0
7f3b51a85000-7f3b51a86000 r--p 00004000 08:06 665639                     /usr/lib/x86_64-linux-gnu/libXxf86vm.so.1.0.0
7f3b51a86000-7f3b51a87000 rw-p 00005000 08:06 665639                     /usr/lib/x86_64-linux-gnu/libXxf86vm.so.1.0.0
7f3b51a87000-7f3b51bbc000 r-xp 00000000 08:06 665584                     /usr/lib/x86_64-linux-gnu/libX11.so.6.3.0
7f3b51bbc000-7f3b51dbc000 ---p 00135000 08:06 665584                     /usr/lib/x86_64-linux-gnu/libX11.so.6.3.0
7f3b51dbc000-7f3b51dbd000 r--p 00135000 08:06 665584                     /usr/lib/x86_64-linux-gnu/libX11.so.6.3.0
7f3b51dbd000-7f3b51dc1000 rw-p 00136000 08:06 665584                     /usr/lib/x86_64-linux-gnu/libX11.so.6.3.0
7f3b51dc1000-7f3b51dc6000 r-xp 00000000 08:06 665629                     /usr/lib/x86_64-linux-gnu/libXtst.so.6.1.0
7f3b51dc6000-7f3b51fc5000 ---p 00005000 08:06 665629                     /usr/lib/x86_64-linux-gnu/libXtst.so.6.1.0
7f3b51fc5000-7f3b51fc6000 r--p 00004000 08:06 665629                     /usr/lib/x86_64-linux-gnu/libXtst.so.6.1.0
7f3b51fc6000-7f3b51fc7000 rw-p 00005000 08:06 665629                     /usr/lib/x86_64-linux-gnu/libXtst.so.6.1.0
7f3b51fc7000-7f3b520d6000 r-xp 00000000 08:06 136651                     /lib/x86_64-linux-gnu/libglib-2.0.so.0.4800.2
7f3b520d6000-7f3b522d5000 ---p 0010f000 08:06 136651                     /lib/x86_64-linux-gnu/libglib-2.0.so.0.4800.2
7f3b522d5000-7f3b522d6000 r--p 0010e000 08:06 136651                     /lib/x86_64-linux-gnu/libglib-2.0.so.0.4800.2
7f3b522d6000-7f3b522d7000 rw-p 0010f000 08:06 136651                     /lib/x86_64-linux-gnu/libglib-2.0.so.0.4800.2
7f3b522d7000-7f3b522d8000 rw-p 00000000 00:00 0 
7f3b522d8000-7f3b522d9000 r-xp 00000000 08:06 666206                     /usr/lib/x86_64-linux-gnu/libgthread-2.0.so.0.4800.2
7f3b522d9000-7f3b524d8000 ---p 00001000 08:06 666206                     /usr/lib/x86_64-linux-gnu/libgthread-2.0.so.0.4800.2
7f3b524d8000-7f3b524d9000 r--p 00000000 08:06 666206                     /usr/lib/x86_64-linux-gnu/libgthread-2.0.so.0.4800.2
7f3b524d9000-7f3b524da000 rw-p 00001000 08:06 666206                     /usr/lib/x86_64-linux-gnu/libgthread-2.0.so.0.4800.2
7f3b524da000-7f3b524dd000 r-xp 00000000 08:06 666109                     /usr/lib/x86_64-linux-gnu/libgmodule-2.0.so.0.4800.2
7f3b524dd000-7f3b526dc000 ---p 00003000 08:06 666109                     /usr/lib/x86_64-linux-gnu/libgmodule-2.0.so.0.4800.2
7f3b526dc000-7f3b526dd000 r--p 00002000 08:06 666109                     /usr/lib/x86_64-linux-gnu/libgmodule-2.0.so.0.4800.2
7f3b526dd000-7f3b526de000 rw-p 00003000 08:06 666109                     /usr/lib/x86_64-linux-gnu/libgmodule-2.0.so.0.4800.2
7f3b526de000-7f3b52730000 r-xp 00000000 08:06 666133                     /usr/lib/x86_64-linux-gnu/libgobject-2.0.so.0.4800.2
7f3b52730000-7f3b5292f000 ---p 00052000 08:06 666133                     /usr/lib/x86_64-linux-gnu/libgobject-2.0.so.0.4800.2
7f3b5292f000-7f3b52930000 r--p 00051000 08:06 666133                     /usr/lib/x86_64-linux-gnu/libgobject-2.0.so.0.4800.2
7f3b52930000-7f3b52931000 rw-p 00052000 08:06 666133                     /usr/lib/x86_64-linux-gnu/libgobject-2.0.so.0.4800.2
7f3b52931000-7f3b5296e000 r-xp 00000000 08:06 665992                     /usr/lib/x86_64-linux-gnu/libfontconfig.so.1.9.0
7f3b5296e000-7f3b52b6d000 ---p 0003d000 08:06 665992                     /usr/lib/x86_64-linux-gnu/libfontconfig.so.1.9.0
7f3b52b6d000-7f3b52b6f000 r--p 0003c000 08:06 665992                     /usr/lib/x86_64-linux-gnu/libfontconfig.so.1.9.0
7f3b52b6f000-7f3b52b74000 rw-p 0003e000 08:06 665992                     /usr/lib/x86_64-linux-gnu/libfontconfig.so.1.9.0
7f3b52b74000-7f3b52c18000 r-xp 00000000 08:06 666026                     /usr/lib/x86_64-linux-gnu/libfreetype.so.6.12.1
7f3b52c18000-7f3b52e17000 ---p 000a4000 08:06 666026                     /usr/lib/x86_64-linux-gnu/libfreetype.so.6.12.1
7f3b52e17000-7f3b52e1d000 r--p 000a3000 08:06 666026                     /usr/lib/x86_64-linux-gnu/libfreetype.so.6.12.1
7f3b52e1d000-7f3b52e1e000 rw-p 000a9000 08:06 666026                     /usr/lib/x86_64-linux-gnu/libfreetype.so.6.12.1
7f3b52e1e000-7f3b52e67000 r-xp 00000000 08:06 666547                     /usr/lib/x86_64-linux-gnu/libpango-1.0.so.0.3800.1
7f3b52e67000-7f3b53067000 ---p 00049000 08:06 666547                     /usr/lib/x86_64-linux-gnu/libpango-1.0.so.0.3800.1
7f3b53067000-7f3b53069000 r--p 00049000 08:06 666547                     /usr/lib/x86_64-linux-gnu/libpango-1.0.so.0.3800.1
7f3b53069000-7f3b5306a000 rw-p 0004b000 08:06 666547                     /usr/lib/x86_64-linux-gnu/libpango-1.0.so.0.3800.1
7f3b5306a000-7f3b53178000 r-xp 00000000 08:06 665751                     /usr/lib/x86_64-linux-gnu/libcairo.so.2.11400.6
7f3b53178000-7f3b53378000 ---p 0010e000 08:06 665751                     /usr/lib/x86_64-linux-gnu/libcairo.so.2.11400.6
7f3b53378000-7f3b5337b000 r--p 0010e000 08:06 665751                     /usr/lib/x86_64-linux-gnu/libcairo.so.2.11400.6
7f3b5337b000-7f3b5337c000 rw-p 00111000 08:06 665751                     /usr/lib/x86_64-linux-gnu/libcairo.so.2.11400.6
7f3b5337c000-7f3b5337e000 rw-p 00000000 00:00 0 
7f3b5337e000-7f3b5338a000 r-xp 00000000 08:06 666549                     /usr/lib/x86_64-linux-gnu/libpangocairo-1.0.so.0.3800.1
7f3b5338a000-7f3b53589000 ---p 0000c000 08:06 666549                     /usr/lib/x86_64-linux-gnu/libpangocairo-1.0.so.0.3800.1
7f3b53589000-7f3b5358a000 r--p 0000b000 08:06 666549                     /usr/lib/x86_64-linux-gnu/libpangocairo-1.0.so.0.3800.1
7f3b5358a000-7f3b5358b000 rw-p 0000c000 08:06 666549                     /usr/lib/x86_64-linux-gnu/libpangocairo-1.0.so.0.3800.1
7f3b5358b000-7f3b535ac000 r-xp 00000000 08:06 666067                     /usr/lib/x86_64-linux-gnu/libgdk_pixbuf-2.0.so.0.3200.2
7f3b535ac000-7f3b537ab000 ---p 00021000 08:06 666067                     /usr/lib/x86_64-linux-gnu/libgdk_pixbuf-2.0.so.0.3200.2
7f3b537ab000-7f3b537ac000 r--p 00020000 08:06 666067                     /usr/lib/x86_64-linux-gnu/libgdk_pixbuf-2.0.so.0.3200.2
7f3b537ac000-7f3b537ad000 rw-p 00021000 08:06 666067                     /usr/lib/x86_64-linux-gnu/libgdk_pixbuf-2.0.so.0.3200.2
7f3b537ad000-7f3b537c1000 r-xp 00000000 08:06 666551                     /usr/lib/x86_64-linux-gnu/libpangoft2-1.0.so.0.3800.1
7f3b537c1000-7f3b539c1000 ---p 00014000 08:06 666551                     /usr/lib/x86_64-linux-gnu/libpangoft2-1.0.so.0.3800.1
7f3b539c1000-7f3b539c2000 r--p 00014000 08:06 666551                     /usr/lib/x86_64-linux-gnu/libpangoft2-1.0.so.0.3800.1
7f3b539c2000-7f3b539c3000 rw-p 00015000 08:06 666551                     /usr/lib/x86_64-linux-gnu/libpangoft2-1.0.so.0.3800.1
7f3b539c3000-7f3b53b43000 r-xp 00000000 08:06 666095                     /usr/lib/x86_64-linux-gnu/libgio-2.0.so.0.4800.2
7f3b53b43000-7f3b53d43000 ---p 00180000 08:06 666095                     /usr/lib/x86_64-linux-gnu/libgio-2.0.so.0.4800.2
7f3b53d43000-7f3b53d47000 r--p 00180000 08:06 666095                     /usr/lib/x86_64-linux-gnu/libgio-2.0.so.0.4800.2
7f3b53d47000-7f3b53d49000 rw-p 00184000 08:06 666095                     /usr/lib/x86_64-linux-gnu/libgio-2.0.so.0.4800.2
7f3b53d49000-7f3b53d4b000 rw-p 00000000 00:00 0 
7f3b53d4b000-7f3b53dfb000 r-xp 00000000 08:06 666065                     /usr/lib/x86_64-linux-gnu/libgdk-x11-2.0.so.0.2400.30
7f3b53dfb000-7f3b53ffa000 ---p 000b0000 08:06 666065                     /usr/lib/x86_64-linux-gnu/libgdk-x11-2.0.so.0.2400.30
7f3b53ffa000-7f3b53ffe000 r--p 000af000 08:06 666065                     /usr/lib/x86_64-linux-gnu/libgdk-x11-2.0.so.0.2400.30
7f3b53ffe000-7f3b54000000 rw-p 000b3000 08:06 666065                     /usr/lib/x86_64-linux-gnu/libgdk-x11-2.0.so.0.2400.30
7f3b54000000-7f3b54021000 rw-p 00000000 00:00 0 
7f3b54021000-7f3b58000000 ---p 00000000 00:00 0 
7f3b58000000-7f3b58013000 r--s 00000000 08:06 279393                     /var/cache/fontconfig/d52a8644073d54c13679302ca1180695-le64.cache-6
7f3b58013000-7f3b58014000 r--s 00000000 08:06 279372                     /var/cache/fontconfig/551ecf3b0e8b0bca0f25c0944f561853-le64.cache-6
7f3b58014000-7f3b5801f000 r--s 00000000 08:06 279953                     /var/cache/fontconfig/d589a48862398ed80a3d6066f4f56f4c-le64.cache-6
7f3b5801f000-7f3b58022000 r--s 00000000 08:06 279378                     /var/cache/fontconfig/75114ca45c98e8a441da0ff356701271-le64.cache-6
7f3b58022000-7f3b5802d000 r--s 00000000 08:06 279381                     /var/cache/fontconfig/83bf95040141907cd45bb53cf7c1c148-le64.cache-6
7f3b5802d000-7f3b5803f000 r--s 00000000 08:06 279385                     /var/cache/fontconfig/9b89f8e3dae116d678bbf48e5f21f69b-le64.cache-6
7f3b5803f000-7f3b5804c000 r--s 00000000 08:06 275276                     /var/cache/fontconfig/e13b20fdb08344e0e664864cc2ede53d-le64.cache-6
7f3b5804c000-7f3b58050000 r--s 00000000 08:06 263554                     /var/cache/fontconfig/7ef2298fde41cc6eeb7af42e48b7d293-le64.cache-6
7f3b58050000-7f3b58058000 rw-s 00000000 00:05 37398                      /drm mm object (deleted)
7f3b58058000-7f3b58060000 rw-s 00000000 00:05 49207                      /drm mm object (deleted)
7f3b58060000-7f3b58064000 r--p 00000000 08:06 22650                      /usr/share/locale-langpack/ru/LC_MESSAGES/atk10.mo
7f3b58064000-7f3b58069000 r--p 00000000 08:05 136299                     /home/nikita/.config/dconf/user
7f3b58069000-7f3b5808b000 r-xp 00000000 08:06 665694                     /usr/lib/x86_64-linux-gnu/libatk-1.0.so.0.21809.1
7f3b5808b000-7f3b5828a000 ---p 00022000 08:06 665694                     /usr/lib/x86_64-linux-gnu/libatk-1.0.so.0.21809.1
7f3b5828a000-7f3b5828d000 r--p 00021000 08:06 665694                     /usr/lib/x86_64-linux-gnu/libatk-1.0.so.0.21809.1
7f3b5828d000-7f3b5828e000 rw-p 00024000 08:06 665694                     /usr/lib/x86_64-linux-gnu/libatk-1.0.so.0.21809.1
7f3b5828e000-7f3b586cc000 r-xp 00000000 08:06 666210                     /usr/lib/x86_64-linux-gnu/libgtk-x11-2.0.so.0.2400.30
7f3b586cc000-7f3b588cb000 ---p 0043e000 08:06 666210                     /usr/lib/x86_64-linux-gnu/libgtk-x11-2.0.so.0.2400.30
7f3b588cb000-7f3b588d2000 r--p 0043d000 08:06 666210                     /usr/lib/x86_64-linux-gnu/libgtk-x11-2.0.so.0.2400.30
7f3b588d2000-7f3b588d6000 rw-p 00444000 08:06 666210                     /usr/lib/x86_64-linux-gnu/libgtk-x11-2.0.so.0.2400.30
7f3b588d6000-7f3b588d9000 rw-p 00000000 00:00 0 
7f3b588d9000-7f3b588e5000 r-xp 00000000 08:06 41000                      /usr/lib/jvm/java-8-oracle/jre/lib/amd64/libprism_es2.so
7f3b588e5000-7f3b58ae4000 ---p 0000c000 08:06 41000                      /usr/lib/jvm/java-8-oracle/jre/lib/amd64/libprism_es2.so
7f3b58ae4000-7f3b58ae5000 rw-p 0000b000 08:06 41000                      /usr/lib/jvm/java-8-oracle/jre/lib/amd64/libprism_es2.so
7f3b58ae5000-7f3b58ae8000 ---p 00000000 00:00 0 
7f3b58ae8000-7f3b58be6000 rw-p 00000000 00:00 0 
7f3b58be6000-7f3b58be7000 ---p 00000000 00:00 0 
7f3b58be7000-7f3b58ce7000 rw-p 00000000 00:00 0 
7f3b58ce7000-7f3b58cea000 ---p 00000000 00:00 0 
7f3b58cea000-7f3b5bde9000 rw-p 00000000 00:00 0 
7f3b5bde9000-7f3b5bdff000 r-xp 00000000 08:06 40996                      /usr/lib/jvm/java-8-oracle/jre/lib/amd64/libnet.so
7f3b5bdff000-7f3b5bfff000 ---p 00016000 08:06 40996                      /usr/lib/jvm/java-8-oracle/jre/lib/amd64/libnet.so
7f3b5bfff000-7f3b5c000000 rw-p 00016000 08:06 40996                      /usr/lib/jvm/java-8-oracle/jre/lib/amd64/libnet.so
7f3b5c000000-7f3b5c021000 rw-p 00000000 00:00 0 
7f3b5c021000-7f3b60000000 ---p 00000000 00:00 0 
7f3b60000000-7f3b60001000 r--s 00000000 08:06 279367                     /var/cache/fontconfig/30829fa25452a46451e813d634d7f916-le64.cache-6
7f3b60001000-7f3b60002000 r--s 00000000 08:06 279361                     /var/cache/fontconfig/0c9eb80ebd1c36541ebe2852d3bb0c49-le64.cache-6
7f3b60002000-7f3b60048000 r--p 00000000 08:06 785528                     /usr/share/glib-2.0/schemas/gschemas.compiled
7f3b60048000-7f3b6007e000 r--p 00000000 08:06 22794                      /usr/share/locale-langpack/ru/LC_MESSAGES/gtk20-properties.mo
7f3b6007e000-7f3b60081000 ---p 00000000 00:00 0 
7f3b60081000-7f3b6017f000 rw-p 00000000 00:00 0 
7f3b6017f000-7f3b60182000 ---p 00000000 00:00 0 
7f3b60182000-7f3b60280000 rw-p 00000000 00:00 0 
7f3b60280000-7f3b60283000 ---p 00000000 00:00 0 
7f3b60283000-7f3b60381000 rw-p 00000000 00:00 0 
7f3b60381000-7f3b60384000 ---p 00000000 00:00 0 
7f3b60384000-7f3b60482000 rw-p 00000000 00:00 0 
7f3b60482000-7f3b60485000 ---p 00000000 00:00 0 
7f3b60485000-7f3b60583000 rw-p 00000000 00:00 0 
7f3b60583000-7f3b60586000 ---p 00000000 00:00 0 
7f3b60586000-7f3b60684000 rw-p 00000000 00:00 0 
7f3b60684000-7f3b61044000 r--p 00000000 08:06 662311                     /usr/lib/locale/locale-archive
7f3b61044000-7f3b61047000 ---p 00000000 00:00 0 
7f3b61047000-7f3b61145000 rw-p 00000000 00:00 0 
7f3b61145000-7f3b61148000 ---p 00000000 00:00 0 
7f3b61148000-7f3b61246000 rw-p 00000000 00:00 0 
7f3b61246000-7f3b61247000 ---p 00000000 00:00 0 
7f3b61247000-7f3b62e62000 rw-p 00000000 00:00 0 
7f3b62e62000-7f3b6303c000 r--s 03d68000 08:06 680112                     /usr/lib/jvm/java-8-oracle/jre/lib/rt.jar
7f3b6303c000-7f3b64000000 rw-p 00000000 00:00 0 
7f3b64000000-7f3b64021000 rw-p 00000000 00:00 0 
7f3b64021000-7f3b68000000 ---p 00000000 00:00 0 
7f3b68000000-7f3b68021000 r--p 00000000 08:06 22748                      /usr/share/locale-langpack/ru/LC_MESSAGES/glib20.mo
7f3b68021000-7f3b68050000 r--p 00000000 08:06 22852                      /usr/share/locale-langpack/ru/LC_MESSAGES/libc.mo
7f3b68050000-7f3b680e5000 r--s 0110b000 08:06 680157                     /usr/lib/jvm/java-8-oracle/jre/lib/ext/jfxrt.jar
7f3b680e5000-7f3b68134000 rw-p 00000000 00:00 0 
7f3b68134000-7f3b68135000 ---p 00000000 00:00 0 
7f3b68135000-7f3b68235000 rw-p 00000000 00:00 0 
7f3b68235000-7f3b68236000 ---p 00000000 00:00 0 
7f3b68236000-7f3b68336000 rw-p 00000000 00:00 0 
7f3b68336000-7f3b68337000 ---p 00000000 00:00 0 
7f3b68337000-7f3b68437000 rw-p 00000000 00:00 0 
7f3b68437000-7f3b68438000 ---p 00000000 00:00 0 
7f3b68438000-7f3b68538000 rw-p 00000000 00:00 0 
7f3b68538000-7f3b68539000 ---p 00000000 00:00 0 
7f3b68539000-7f3b68639000 rw-p 00000000 00:00 0 
7f3b68639000-7f3b6863a000 ---p 00000000 00:00 0 
7f3b6863a000-7f3b6873a000 rw-p 00000000 00:00 0 
7f3b6873a000-7f3b6873b000 ---p 00000000 00:00 0 
7f3b6873b000-7f3b6888f000 rw-p 00000000 00:00 0 
7f3b6888f000-7f3b68d68000 ---p 00000000 00:00 0 
7f3b68d68000-7f3b68d92000 rw-p 00000000 00:00 0 
7f3b68d92000-7f3b68fff000 ---p 00000000 00:00 0 
7f3b68fff000-7f3b69000000 rw-p 00000000 00:00 0 
7f3b69000000-7f3b69520000 rwxp 00000000 00:00 0 
7f3b69520000-7f3b78000000 ---p 00000000 00:00 0 
7f3b78000000-7f3b785da000 rw-p 00000000 00:00 0 
7f3b785da000-7f3b7c000000 ---p 00000000 00:00 0 
7f3b7c000000-7f3b7c011000 r--p 00000000 08:06 22795                      /usr/share/locale-langpack/ru/LC_MESSAGES/gtk20.mo
7f3b7c011000-7f3b7c019000 rw-s 00000000 00:05 49188                      /drm mm object (deleted)
7f3b7c019000-7f3b7c021000 rw-s 00000000 00:05 49176                      /drm mm object (deleted)
7f3b7c021000-7f3b7c034000 r--s 00345000 08:06 680142                     /usr/lib/jvm/java-8-oracle/jre/lib/resources.jar
7f3b7c034000-7f3b7c047000 r--s 000d6000 08:06 668255                     /usr/lib/jvm/java-8-oracle/jre/lib/plugin.jar
7f3b7c047000-7f3b7c0bd000 rw-p 00000000 00:00 0 
7f3b7c0bd000-7f3b7c0be000 ---p 00000000 00:00 0 
7f3b7c0be000-7f3b7c212000 rw-p 00000000 00:00 0 
7f3b7c212000-7f3b7c6ec000 ---p 00000000 00:00 0 
7f3b7c6ec000-7f3b7c701000 rw-p 00000000 00:00 0 
7f3b7c701000-7f3b7caac000 ---p 00000000 00:00 0 
7f3b7caac000-7f3b7cac7000 r-xp 00000000 08:06 40992                      /usr/lib/jvm/java-8-oracle/jre/lib/amd64/libzip.so
7f3b7cac7000-7f3b7ccc7000 ---p 0001b000 08:06 40992                      /usr/lib/jvm/java-8-oracle/jre/lib/amd64/libzip.so
7f3b7ccc7000-7f3b7ccc8000 rw-p 0001b000 08:06 40992                      /usr/lib/jvm/java-8-oracle/jre/lib/amd64/libzip.so
7f3b7ccc8000-7f3b7ccd3000 r-xp 00000000 08:06 136708                     /lib/x86_64-linux-gnu/libnss_files-2.23.so
7f3b7ccd3000-7f3b7ced2000 ---p 0000b000 08:06 136708                     /lib/x86_64-linux-gnu/libnss_files-2.23.so
7f3b7ced2000-7f3b7ced3000 r--p 0000a000 08:06 136708                     /lib/x86_64-linux-gnu/libnss_files-2.23.so
7f3b7ced3000-7f3b7ced4000 rw-p 0000b000 08:06 136708                     /lib/x86_64-linux-gnu/libnss_files-2.23.so
7f3b7ced4000-7f3b7ceda000 rw-p 00000000 00:00 0 
7f3b7ceda000-7f3b7cee5000 r-xp 00000000 08:06 136718                     /lib/x86_64-linux-gnu/libnss_nis-2.23.so
7f3b7cee5000-7f3b7d0e4000 ---p 0000b000 08:06 136718                     /lib/x86_64-linux-gnu/libnss_nis-2.23.so
7f3b7d0e4000-7f3b7d0e5000 r--p 0000a000 08:06 136718                     /lib/x86_64-linux-gnu/libnss_nis-2.23.so
7f3b7d0e5000-7f3b7d0e6000 rw-p 0000b000 08:06 136718                     /lib/x86_64-linux-gnu/libnss_nis-2.23.so
7f3b7d0e6000-7f3b7d0fc000 r-xp 00000000 08:06 136702                     /lib/x86_64-linux-gnu/libnsl-2.23.so
7f3b7d0fc000-7f3b7d2fb000 ---p 00016000 08:06 136702                     /lib/x86_64-linux-gnu/libnsl-2.23.so
7f3b7d2fb000-7f3b7d2fc000 r--p 00015000 08:06 136702                     /lib/x86_64-linux-gnu/libnsl-2.23.so
7f3b7d2fc000-7f3b7d2fd000 rw-p 00016000 08:06 136702                     /lib/x86_64-linux-gnu/libnsl-2.23.so
7f3b7d2fd000-7f3b7d2ff000 rw-p 00000000 00:00 0 
7f3b7d2ff000-7f3b7d307000 r-xp 00000000 08:06 136704                     /lib/x86_64-linux-gnu/libnss_compat-2.23.so
7f3b7d307000-7f3b7d506000 ---p 00008000 08:06 136704                     /lib/x86_64-linux-gnu/libnss_compat-2.23.so
7f3b7d506000-7f3b7d507000 r--p 00007000 08:06 136704                     /lib/x86_64-linux-gnu/libnss_compat-2.23.so
7f3b7d507000-7f3b7d508000 rw-p 00008000 08:06 136704                     /lib/x86_64-linux-gnu/libnss_compat-2.23.so
7f3b7d508000-7f3b7d512000 r-xp 00000000 08:06 41001                      /usr/lib/jvm/java-8-oracle/jre/lib/amd64/libinstrument.so
7f3b7d512000-7f3b7d711000 ---p 0000a000 08:06 41001                      /usr/lib/jvm/java-8-oracle/jre/lib/amd64/libinstrument.so
7f3b7d711000-7f3b7d712000 rw-p 00009000 08:06 41001                      /usr/lib/jvm/java-8-oracle/jre/lib/amd64/libinstrument.so
7f3b7d712000-7f3b7d73d000 r-xp 00000000 08:06 40986                      /usr/lib/jvm/java-8-oracle/jre/lib/amd64/libjava.so
7f3b7d73d000-7f3b7d93c000 ---p 0002b000 08:06 40986                      /usr/lib/jvm/java-8-oracle/jre/lib/amd64/libjava.so
7f3b7d93c000-7f3b7d93e000 rw-p 0002a000 08:06 40986                      /usr/lib/jvm/java-8-oracle/jre/lib/amd64/libjava.so
7f3b7d93e000-7f3b7d94b000 r-xp 00000000 08:06 40991                      /usr/lib/jvm/java-8-oracle/jre/lib/amd64/libverify.so
7f3b7d94b000-7f3b7db4b000 ---p 0000d000 08:06 40991                      /usr/lib/jvm/java-8-oracle/jre/lib/amd64/libverify.so
7f3b7db4b000-7f3b7db4d000 rw-p 0000d000 08:06 40991                      /usr/lib/jvm/java-8-oracle/jre/lib/amd64/libverify.so
7f3b7db4d000-7f3b7db54000 r-xp 00000000 08:06 136763                     /lib/x86_64-linux-gnu/librt-2.23.so
7f3b7db54000-7f3b7dd53000 ---p 00007000 08:06 136763                     /lib/x86_64-linux-gnu/librt-2.23.so
7f3b7dd53000-7f3b7dd54000 r--p 00006000 08:06 136763                     /lib/x86_64-linux-gnu/librt-2.23.so
7f3b7dd54000-7f3b7dd55000 rw-p 00007000 08:06 136763                     /lib/x86_64-linux-gnu/librt-2.23.so
7f3b7dd55000-7f3b7de5d000 r-xp 00000000 08:06 136679                     /lib/x86_64-linux-gnu/libm-2.23.so
7f3b7de5d000-7f3b7e05c000 ---p 00108000 08:06 136679                     /lib/x86_64-linux-gnu/libm-2.23.so
7f3b7e05c000-7f3b7e05d000 r--p 00107000 08:06 136679                     /lib/x86_64-linux-gnu/libm-2.23.so
7f3b7e05d000-7f3b7e05e000 rw-p 00108000 08:06 136679                     /lib/x86_64-linux-gnu/libm-2.23.so
7f3b7e05e000-7f3b7ed37000 r-xp 00000000 08:06 40968                      /usr/lib/jvm/java-8-oracle/jre/lib/amd64/server/libjvm.so
7f3b7ed37000-7f3b7ef36000 ---p 00cd9000 08:06 40968                      /usr/lib/jvm/java-8-oracle/jre/lib/amd64/server/libjvm.so
7f3b7ef36000-7f3b7f010000 rw-p 00cd8000 08:06 40968                      /usr/lib/jvm/java-8-oracle/jre/lib/amd64/server/libjvm.so
7f3b7f010000-7f3b7f05b000 rw-p 00000000 00:00 0 
7f3b7f05b000-7f3b7f21b000 r-xp 00000000 08:06 136609                     /lib/x86_64-linux-gnu/libc-2.23.so
7f3b7f21b000-7f3b7f41b000 ---p 001c0000 08:06 136609                     /lib/x86_64-linux-gnu/libc-2.23.so
7f3b7f41b000-7f3b7f41f000 r--p 001c0000 08:06 136609                     /lib/x86_64-linux-gnu/libc-2.23.so
7f3b7f41f000-7f3b7f421000 rw-p 001c4000 08:06 136609                     /lib/x86_64-linux-gnu/libc-2.23.so
7f3b7f421000-7f3b7f425000 rw-p 00000000 00:00 0 
7f3b7f425000-7f3b7f428000 r-xp 00000000 08:06 136633                     /lib/x86_64-linux-gnu/libdl-2.23.so
7f3b7f428000-7f3b7f627000 ---p 00003000 08:06 136633                     /lib/x86_64-linux-gnu/libdl-2.23.so
7f3b7f627000-7f3b7f628000 r--p 00002000 08:06 136633                     /lib/x86_64-linux-gnu/libdl-2.23.so
7f3b7f628000-7f3b7f629000 rw-p 00003000 08:06 136633                     /lib/x86_64-linux-gnu/libdl-2.23.so
7f3b7f629000-7f3b7f63f000 r-xp 00000000 08:06 692193                     /usr/lib/jvm/java-8-oracle/lib/amd64/jli/libjli.so
7f3b7f63f000-7f3b7f83e000 ---p 00016000 08:06 692193                     /usr/lib/jvm/java-8-oracle/lib/amd64/jli/libjli.so
7f3b7f83e000-7f3b7f83f000 rw-p 00015000 08:06 692193                     /usr/lib/jvm/java-8-oracle/lib/amd64/jli/libjli.so
7f3b7f83f000-7f3b7f857000 r-xp 00000000 08:06 136755                     /lib/x86_64-linux-gnu/libpthread-2.23.so
7f3b7f857000-7f3b7fa56000 ---p 00018000 08:06 136755                     /lib/x86_64-linux-gnu/libpthread-2.23.so
7f3b7fa56000-7f3b7fa57000 r--p 00017000 08:06 136755                     /lib/x86_64-linux-gnu/libpthread-2.23.so
7f3b7fa57000-7f3b7fa58000 rw-p 00018000 08:06 136755                     /lib/x86_64-linux-gnu/libpthread-2.23.so
7f3b7fa58000-7f3b7fa5c000 rw-p 00000000 00:00 0 
7f3b7fa5c000-7f3b7fa82000 r-xp 00000000 08:06 136581                     /lib/x86_64-linux-gnu/ld-2.23.so
7f3b7fa82000-7f3b7fa83000 rw-s 00000000 00:05 39434                      /drm mm object (deleted)
7f3b7fa84000-7f3b7fa85000 r--s 00000000 00:30 29                         /run/user/1000/dconf/user
7f3b7fa85000-7f3b7fa86000 rw-s 00000000 00:05 49178                      /drm mm object (deleted)
7f3b7fa86000-7f3b7fa8d000 r--s 00000000 08:06 983                        /usr/lib/x86_64-linux-gnu/gconv/gconv-modules.cache
7f3b7fa8d000-7f3b7fa8f000 r--s 0001a000 08:06 802406                     /opt/idea-IU-181.4445.78/lib/idea_rt.jar
7f3b7fa8f000-7f3b7fa90000 r--s 00000000 08:06 668116                     /usr/lib/jvm/java-8-oracle/jre/lib/management-agent.jar
7f3b7fa90000-7f3b7fa95000 r--s 0009d000 08:06 680143                     /usr/lib/jvm/java-8-oracle/jre/lib/jsse.jar
7f3b7fa95000-7f3b7fa97000 r--s 00007000 08:06 680151                     /usr/lib/jvm/java-8-oracle/jre/lib/jfxswt.jar
7f3b7fa97000-7f3b7fa9c000 r--s 00084000 08:06 667407                     /usr/lib/jvm/java-8-oracle/jre/lib/jfr.jar
7f3b7fa9c000-7f3b7fab7000 r--s 0020c000 08:06 667476                     /usr/lib/jvm/java-8-oracle/jre/lib/deploy.jar
7f3b7fab7000-7f3b7fb60000 rw-p 00000000 00:00 0 
7f3b7fb60000-7f3b7fb63000 ---p 00000000 00:00 0 
7f3b7fb63000-7f3b7fc66000 rw-p 00000000 00:00 0 
7f3b7fc66000-7f3b7fc69000 r--s 0001a000 08:06 680149                     /usr/lib/jvm/java-8-oracle/jre/lib/jce.jar
7f3b7fc69000-7f3b7fc72000 r--s 0006d000 08:06 668246                     /usr/lib/jvm/java-8-oracle/jre/lib/javaws.jar
7f3b7fc72000-7f3b7fc77000 r--s 002f9000 08:06 680110                     /usr/lib/jvm/java-8-oracle/jre/lib/charsets.jar
7f3b7fc77000-7f3b7fc7f000 rw-s 00000000 08:06 454081                     /tmp/hsperfdata_nikita/2776
7f3b7fc7f000-7f3b7fc80000 rw-p 00000000 00:00 0 
7f3b7fc80000-7f3b7fc81000 r--p 00000000 00:00 0 
7f3b7fc81000-7f3b7fc82000 r--p 00025000 08:06 136581                     /lib/x86_64-linux-gnu/ld-2.23.so
7f3b7fc82000-7f3b7fc83000 rw-p 00026000 08:06 136581                     /lib/x86_64-linux-gnu/ld-2.23.so
7f3b7fc83000-7f3b7fc84000 rw-p 00000000 00:00 0 
7fff24795000-7fff247b6000 rw-p 00000000 00:00 0                          [stack]
7fff247c2000-7fff247c5000 r--p 00000000 00:00 0                          [vvar]
7fff247c5000-7fff247c7000 r-xp 00000000 00:00 0                          [vdso]
ffffffffff600000-ffffffffff601000 r-xp 00000000 00:00 0                  [vsyscall]

VM Arguments:
jvm_args: -javaagent:/opt/idea-IU-181.4445.78/lib/idea_rt.jar=46091:/opt/idea-IU-181.4445.78/bin -Dfile.encoding=UTF-8 
java_command: sample.Main
java_class_path (initial): /usr/lib/jvm/java-8-oracle/jre/lib/charsets.jar:/usr/lib/jvm/java-8-oracle/jre/lib/deploy.jar:/usr/lib/jvm/java-8-oracle/jre/lib/ext/cldrdata.jar:/usr/lib/jvm/java-8-oracle/jre/lib/ext/dnsns.jar:/usr/lib/jvm/java-8-oracle/jre/lib/ext/jaccess.jar:/usr/lib/jvm/java-8-oracle/jre/lib/ext/jfxrt.jar:/usr/lib/jvm/java-8-oracle/jre/lib/ext/localedata.jar:/usr/lib/jvm/java-8-oracle/jre/lib/ext/nashorn.jar:/usr/lib/jvm/java-8-oracle/jre/lib/ext/sunec.jar:/usr/lib/jvm/java-8-oracle/jre/lib/ext/sunjce_provider.jar:/usr/lib/jvm/java-8-oracle/jre/lib/ext/sunpkcs11.jar:/usr/lib/jvm/java-8-oracle/jre/lib/ext/zipfs.jar:/usr/lib/jvm/java-8-oracle/jre/lib/javaws.jar:/usr/lib/jvm/java-8-oracle/jre/lib/jce.jar:/usr/lib/jvm/java-8-oracle/jre/lib/jfr.jar:/usr/lib/jvm/java-8-oracle/jre/lib/jfxswt.jar:/usr/lib/jvm/java-8-oracle/jre/lib/jsse.jar:/usr/lib/jvm/java-8-oracle/jre/lib/management-agent.jar:/usr/lib/jvm/java-8-oracle/jre/lib/plugin.jar:/usr/lib/jvm/java-8-oracle/jre/lib/resources.jar:/usr/lib/jvm/java-8-oracle/jre/lib/rt.jar:/home/nikita/IdeaProjects/chat-client-server/Client(SimpleChat)/out/production/JavaFxApplication:/opt/idea-IU-181.4445.78/lib/idea_rt.jar
Launcher Type: SUN_STANDARD

Environment Variables:
JAVA_HOME=/usr/lib/jvm/java-8-oracle
PATH=/home/nikita/bin:/home/nikita/.local/bin:/usr/local/sbin:/usr/local/bin:/usr/sbin:/usr/bin:/sbin:/bin:/usr/games:/usr/local/games:/snap/bin:/usr/lib/jvm/java-8-oracle/bin:/usr/lib/jvm/java-8-oracle/db/bin:/usr/lib/jvm/java-8-oracle/jre/bin
SHELL=/bin/bash
DISPLAY=:0

Signal Handlers:
SIGSEGV: [libjvm.so+0xad0890], sa_mask[0]=11111111011111111101111111111110, sa_flags=SA_RESTART|SA_SIGINFO
SIGBUS: [libjvm.so+0xad0890], sa_mask[0]=11111111011111111101111111111110, sa_flags=SA_RESTART|SA_SIGINFO
SIGFPE: [libjvm.so+0x928640], sa_mask[0]=11111111011111111101111111111110, sa_flags=SA_RESTART|SA_SIGINFO
SIGPIPE: SIG_IGN, sa_mask[0]=00000000000010000000000000000000, sa_flags=SA_RESTART
SIGXFSZ: [libjvm.so+0x928640], sa_mask[0]=11111111011111111101111111111110, sa_flags=SA_RESTART|SA_SIGINFO
SIGILL: [libjvm.so+0x928640], sa_mask[0]=11111111011111111101111111111110, sa_flags=SA_RESTART|SA_SIGINFO
SIGUSR1: SIG_DFL, sa_mask[0]=00000000000000000000000000000000, sa_flags=none
SIGUSR2: [libjvm.so+0x929ea0], sa_mask[0]=00100000000000000000000000000000, sa_flags=SA_RESTART|SA_SIGINFO
SIGHUP: [libjvm.so+0x92b2a0], sa_mask[0]=11111111011111111101111111111110, sa_flags=SA_RESTART|SA_SIGINFO
SIGINT: [libjvm.so+0x92b2a0], sa_mask[0]=11111111011111111101111111111110, sa_flags=SA_RESTART|SA_SIGINFO
SIGTERM: [libjvm.so+0x92b2a0], sa_mask[0]=11111111011111111101111111111110, sa_flags=SA_RESTART|SA_SIGINFO
SIGQUIT: [libjvm.so+0x92b2a0], sa_mask[0]=11111111011111111101111111111110, sa_flags=SA_RESTART|SA_SIGINFO


---------------  S Y S T E M  ---------------

OS:DISTRIB_ID=Ubuntu
DISTRIB_RELEASE=16.04
DISTRIB_CODENAME=xenial
DISTRIB_DESCRIPTION="Ubuntu 16.04.4 LTS"

uname:Linux 4.13.0-45-generic #50~16.04.1-Ubuntu SMP Wed May 30 11:18:27 UTC 2018 x86_64
libc:glibc 2.23 NPTL 2.23 
rlimit: STACK 8192k, CORE 0k, NPROC 63398, NOFILE 1048576, AS infinity
load average:2,62 0,91 0,33

/proc/meminfo:
MemTotal:       16283180 kB
MemFree:        12686236 kB
MemAvailable:   13554160 kB
Buffers:           56900 kB
Cached:          1453696 kB
SwapCached:            0 kB
Active:          2230316 kB
Inactive:        1131048 kB
Active(anon):    1851952 kB
Inactive(anon):   412956 kB
Active(file):     378364 kB
Inactive(file):   718092 kB
Unevictable:          48 kB
Mlocked:              48 kB
SwapTotal:             0 kB
SwapFree:              0 kB
Dirty:             14752 kB
Writeback:             0 kB
AnonPages:       1850816 kB
Mapped:           464112 kB
Shmem:            414148 kB
Slab:             110444 kB
SReclaimable:      67068 kB
SUnreclaim:        43376 kB
KernelStack:       12368 kB
PageTables:        35172 kB
NFS_Unstable:          0 kB
Bounce:                0 kB
WritebackTmp:          0 kB
CommitLimit:     8141588 kB
Committed_AS:    6862548 kB
VmallocTotal:   34359738367 kB
VmallocUsed:           0 kB
VmallocChunk:          0 kB
HardwareCorrupted:     0 kB
AnonHugePages:         0 kB
ShmemHugePages:        0 kB
ShmemPmdMapped:        0 kB
CmaTotal:              0 kB
CmaFree:               0 kB
HugePages_Total:       0
HugePages_Free:        0
HugePages_Rsvd:        0
HugePages_Surp:        0
Hugepagesize:       2048 kB
DirectMap4k:      115628 kB
DirectMap2M:     3936256 kB
DirectMap1G:    13631488 kB


CPU:total 8 (initial active 8) (4 cores per cpu, 2 threads per core) family 6 model 94 stepping 3, cmov, cx8, fxsr, mmx, sse, sse2, sse3, ssse3, sse4.1, sse4.2, popcnt, avx, avx2, aes, clmul, erms, rtm, 3dnowpref, lzcnt, ht, tsc, tscinvbit, bmi1, bmi2, adx

/proc/cpuinfo:
processor	: 0
vendor_id	: GenuineIntel
cpu family	: 6
model		: 94
model name	: Intel(R) Core(TM) i7-6700HQ CPU @ 2.60GHz
stepping	: 3
microcode	: 0xc2
cpu MHz		: 3134.023
cache size	: 6144 KB
physical id	: 0
siblings	: 8
core id		: 0
cpu cores	: 4
apicid		: 0
initial apicid	: 0
fpu		: yes
fpu_exception	: yes
cpuid level	: 22
wp		: yes
flags		: fpu vme de pse tsc msr pae mce cx8 apic sep mtrr pge mca cmov pat pse36 clflush dts acpi mmx fxsr sse sse2 ss ht tm pbe syscall nx pdpe1gb rdtscp lm constant_tsc art arch_perfmon pebs bts rep_good nopl xtopology nonstop_tsc cpuid aperfmperf tsc_known_freq pni pclmulqdq dtes64 monitor ds_cpl vmx est tm2 ssse3 sdbg fma cx16 xtpr pdcm pcid sse4_1 sse4_2 x2apic movbe popcnt tsc_deadline_timer aes xsave avx f16c rdrand lahf_lm abm 3dnowprefetch cpuid_fault epb invpcid_single pti retpoline intel_pt rsb_ctxsw spec_ctrl tpr_shadow vnmi flexpriority ept vpid fsgsbase tsc_adjust bmi1 hle avx2 smep bmi2 erms invpcid rtm mpx rdseed adx smap clflushopt xsaveopt xsavec xgetbv1 xsaves dtherm ida arat pln pts hwp hwp_notify hwp_act_window hwp_epp
bugs		: cpu_meltdown spectre_v1 spectre_v2 spec_store_bypass
bogomips	: 5184.00
clflush size	: 64
cache_alignment	: 64
address sizes	: 39 bits physical, 48 bits virtual
power management:

processor	: 1
vendor_id	: GenuineIntel
cpu family	: 6
model		: 94
model name	: Intel(R) Core(TM) i7-6700HQ CPU @ 2.60GHz
stepping	: 3
microcode	: 0xc2
cpu MHz		: 3113.062
cache size	: 6144 KB
physical id	: 0
siblings	: 8
core id		: 1
cpu cores	: 4
apicid		: 2
initial apicid	: 2
fpu		: yes
fpu_exception	: yes
cpuid level	: 22
wp		: yes
flags		: fpu vme de pse tsc msr pae mce cx8 apic sep mtrr pge mca cmov pat pse36 clflush dts acpi mmx fxsr sse sse2 ss ht tm pbe syscall nx pdpe1gb rdtscp lm constant_tsc art arch_perfmon pebs bts rep_good nopl xtopology nonstop_tsc cpuid aperfmperf tsc_known_freq pni pclmulqdq dtes64 monitor ds_cpl vmx est tm2 ssse3 sdbg fma cx16 xtpr pdcm pcid sse4_1 sse4_2 x2apic movbe popcnt tsc_deadline_timer aes xsave avx f16c rdrand lahf_lm abm 3dnowprefetch cpuid_fault epb invpcid_single pti retpoline intel_pt rsb_ctxsw spec_ctrl tpr_shadow vnmi flexpriority ept vpid fsgsbase tsc_adjust bmi1 hle avx2 smep bmi2 erms invpcid rtm mpx rdseed adx smap clflushopt xsaveopt xsavec xgetbv1 xsaves dtherm ida arat pln pts hwp hwp_notify hwp_act_window hwp_epp
bugs		: cpu_meltdown spectre_v1 spectre_v2 spec_store_bypass
bogomips	: 5184.00
clflush size	: 64
cache_alignment	: 64
address sizes	: 39 bits physical, 48 bits virtual
power management:

processor	: 2
vendor_id	: GenuineIntel
cpu family	: 6
model		: 94
model name	: Intel(R) Core(TM) i7-6700HQ CPU @ 2.60GHz
stepping	: 3
microcode	: 0xc2
cpu MHz		: 3111.044
cache size	: 6144 KB
physical id	: 0
siblings	: 8
core id		: 2
cpu cores	: 4
apicid		: 4
initial apicid	: 4
fpu		: yes
fpu_exception	: yes
cpuid level	: 22
wp		: yes
flags		: fpu vme de pse tsc msr pae mce cx8 apic sep mtrr pge mca cmov pat pse36 clflush dts acpi mmx fxsr sse sse2 ss ht tm pbe syscall nx pdpe1gb rdtscp lm constant_tsc art arch_perfmon pebs bts rep_good nopl xtopology nonstop_tsc cpuid aperfmperf tsc_known_freq pni pclmulqdq dtes64 monitor ds_cpl vmx est tm2 ssse3 sdbg fma cx16 xtpr pdcm pcid sse4_1 sse4_2 x2apic movbe popcnt tsc_deadline_timer aes xsave avx f16c rdrand lahf_lm abm 3dnowprefetch cpuid_fault epb invpcid_single pti retpoline intel_pt rsb_ctxsw spec_ctrl tpr_shadow vnmi flexpriority ept vpid fsgsbase tsc_adjust bmi1 hle avx2 smep bmi2 erms invpcid rtm mpx rdseed adx smap clflushopt xsaveopt xsavec xgetbv1 xsaves dtherm ida arat pln pts hwp hwp_notify hwp_act_window hwp_epp
bugs		: cpu_meltdown spectre_v1 spectre_v2 spec_store_bypass
bogomips	: 5184.00
clflush size	: 64
cache_alignment	: 64
address sizes	: 39 bits physical, 48 bits virtual
power management:

processor	: 3
vendor_id	: GenuineIntel
cpu family	: 6
model		: 94
model name	: Intel(R) Core(TM) i7-6700HQ CPU @ 2.60GHz
stepping	: 3
microcode	: 0xc2
cpu MHz		: 3114.365
cache size	: 6144 KB
physical id	: 0
siblings	: 8
core id		: 3
cpu cores	: 4
apicid		: 6
initial apicid	: 6
fpu		: yes
fpu_exception	: yes
cpuid level	: 22
wp		: yes
flags		: fpu vme de pse tsc msr pae mce cx8 apic sep mtrr pge mca cmov pat pse36 clflush dts acpi mmx fxsr sse sse2 ss ht tm pbe syscall nx pdpe1gb rdtscp lm constant_tsc art arch_perfmon pebs bts rep_good nopl xtopology nonstop_tsc cpuid aperfmperf tsc_known_freq pni pclmulqdq dtes64 monitor ds_cpl vmx est tm2 ssse3 sdbg fma cx16 xtpr pdcm pcid sse4_1 sse4_2 x2apic movbe popcnt tsc_deadline_timer aes xsave avx f16c rdrand lahf_lm abm 3dnowprefetch cpuid_fault epb invpcid_single pti retpoline intel_pt rsb_ctxsw spec_ctrl tpr_shadow vnmi flexpriority ept vpid fsgsbase tsc_adjust bmi1 hle avx2 smep bmi2 erms invpcid rtm mpx rdseed adx smap clflushopt xsaveopt xsavec xgetbv1 xsaves dtherm ida arat pln pts hwp hwp_notify hwp_act_window hwp_epp
bugs		: cpu_meltdown spectre_v1 spectre_v2 spec_store_bypass
bogomips	: 5184.00
clflush size	: 64
cache_alignment	: 64
address sizes	: 39 bits physical, 48 bits virtual
power management:

processor	: 4
vendor_id	: GenuineIntel
cpu family	: 6
model		: 94
model name	: Intel(R) Core(TM) i7-6700HQ CPU @ 2.60GHz
stepping	: 3
microcode	: 0xc2
cpu MHz		: 3112.881
cache size	: 6144 KB
physical id	: 0
siblings	: 8
core id		: 0
cpu cores	: 4
apicid		: 1
initial apicid	: 1
fpu		: yes
fpu_exception	: yes
cpuid level	: 22
wp		: yes
flags		: fpu vme de pse tsc msr pae mce cx8 apic sep mtrr pge mca cmov pat pse36 clflush dts acpi mmx fxsr sse sse2 ss ht tm pbe syscall nx pdpe1gb rdtscp lm constant_tsc art arch_perfmon pebs bts rep_good nopl xtopology nonstop_tsc cpuid aperfmperf tsc_known_freq pni pclmulqdq dtes64 monitor ds_cpl vmx est tm2 ssse3 sdbg fma cx16 xtpr pdcm pcid sse4_1 sse4_2 x2apic movbe popcnt tsc_deadline_timer aes xsave avx f16c rdrand lahf_lm abm 3dnowprefetch cpuid_fault epb invpcid_single pti retpoline intel_pt rsb_ctxsw spec_ctrl tpr_shadow vnmi flexpriority ept vpid fsgsbase tsc_adjust bmi1 hle avx2 smep bmi2 erms invpcid rtm mpx rdseed adx smap clflushopt xsaveopt xsavec xgetbv1 xsaves dtherm ida arat pln pts hwp hwp_notify hwp_act_window hwp_epp
bugs		: cpu_meltdown spectre_v1 spectre_v2 spec_store_bypass
bogomips	: 5184.00
clflush size	: 64
cache_alignment	: 64
address sizes	: 39 bits physical, 48 bits virtual
power management:

processor	: 5
vendor_id	: GenuineIntel
cpu family	: 6
model		: 94
model name	: Intel(R) Core(TM) i7-6700HQ CPU @ 2.60GHz
stepping	: 3
microcode	: 0xc2
cpu MHz		: 3120.485
cache size	: 6144 KB
physical id	: 0
siblings	: 8
core id		: 1
cpu cores	: 4
apicid		: 3
initial apicid	: 3
fpu		: yes
fpu_exception	: yes
cpuid level	: 22
wp		: yes
flags		: fpu vme de pse tsc msr pae mce cx8 apic sep mtrr pge mca cmov pat pse36 clflush dts acpi mmx fxsr sse sse2 ss ht tm pbe syscall nx pdpe1gb rdtscp lm constant_tsc art arch_perfmon pebs bts rep_good nopl xtopology nonstop_tsc cpuid aperfmperf tsc_known_freq pni pclmulqdq dtes64 monitor ds_cpl vmx est tm2 ssse3 sdbg fma cx16 xtpr pdcm pcid sse4_1 sse4_2 x2apic movbe popcnt tsc_deadline_timer aes xsave avx f16c rdrand lahf_lm abm 3dnowprefetch cpuid_fault epb invpcid_single pti retpoline intel_pt rsb_ctxsw spec_ctrl tpr_shadow vnmi flexpriority ept vpid fsgsbase tsc_adjust bmi1 hle avx2 smep bmi2 erms invpcid rtm mpx rdseed adx smap clflushopt xsaveopt xsavec xgetbv1 xsaves dtherm ida arat pln pts hwp hwp_notify hwp_act_window hwp_epp
bugs		: cpu_meltdown spectre_v1 spectre_v2 spec_store_bypass
bogomips	: 5184.00
clflush size	: 64
cache_alignment	: 64
address sizes	: 39 bits physical, 48 bits virtual
power management:

processor	: 6
vendor_id	: GenuineIntel
cpu family	: 6
model		: 94
model name	: Intel(R) Core(TM) i7-6700HQ CPU @ 2.60GHz
stepping	: 3
microcode	: 0xc2
cpu MHz		: 3145.044
cache size	: 6144 KB
physical id	: 0
siblings	: 8
core id		: 2
cpu cores	: 4
apicid		: 5
initial apicid	: 5
fpu		: yes
fpu_exception	: yes
cpuid level	: 22
wp		: yes
flags		: fpu vme de pse tsc msr pae mce cx8 apic sep mtrr pge mca cmov pat pse36 clflush dts acpi mmx fxsr sse sse2 ss ht tm pbe syscall nx pdpe1gb rdtscp lm constant_tsc art arch_perfmon pebs bts rep_good nopl xtopology nonstop_tsc cpuid aperfmperf tsc_known_freq pni pclmulqdq dtes64 monitor ds_cpl vmx est tm2 ssse3 sdbg fma cx16 xtpr pdcm pcid sse4_1 sse4_2 x2apic movbe popcnt tsc_deadline_timer aes xsave avx f16c rdrand lahf_lm abm 3dnowprefetch cpuid_fault epb invpcid_single pti retpoline intel_pt rsb_ctxsw spec_ctrl tpr_shadow vnmi flexpriority ept vpid fsgsbase tsc_adjust bmi1 hle avx2 smep bmi2 erms invpcid rtm mpx rdseed adx smap clflushopt xsaveopt xsavec xgetbv1 xsaves dtherm ida arat pln pts hwp hwp_notify hwp_act_window hwp_epp
bugs		: cpu_meltdown spectre_v1 spectre_v2 spec_store_bypass
bogomips	: 5184.00
clflush size	: 64
cache_alignment	: 64
address sizes	: 39 bits physical, 48 bits virtual
power management:

processor	: 7
vendor_id	: GenuineIntel
cpu family	: 6
model		: 94
model name	: Intel(R) Core(TM) i7-6700HQ CPU @ 2.60GHz
stepping	: 3
microcode	: 0xc2
cpu MHz		: 3128.581
cache size	: 6144 KB
physical id	: 0
siblings	: 8
core id		: 3
cpu cores	: 4
apicid		: 7
initial apicid	: 7
fpu		: yes
fpu_exception	: yes
cpuid level	: 22
wp		: yes
flags		: fpu vme de pse tsc msr pae mce cx8 apic sep mtrr pge mca cmov pat pse36 clflush dts acpi mmx fxsr sse sse2 ss ht tm pbe syscall nx pdpe1gb rdtscp lm constant_tsc art arch_perfmon pebs bts rep_good nopl xtopology nonstop_tsc cpuid aperfmperf tsc_known_freq pni pclmulqdq dtes64 monitor ds_cpl vmx est tm2 ssse3 sdbg fma cx16 xtpr pdcm pcid sse4_1 sse4_2 x2apic movbe popcnt tsc_deadline_timer aes xsave avx f16c rdrand lahf_lm abm 3dnowprefetch cpuid_fault epb invpcid_single pti retpoline intel_pt rsb_ctxsw spec_ctrl tpr_shadow vnmi flexpriority ept vpid fsgsbase tsc_adjust bmi1 hle avx2 smep bmi2 erms invpcid rtm mpx rdseed adx smap clflushopt xsaveopt xsavec xgetbv1 xsaves dtherm ida arat pln pts hwp hwp_notify hwp_act_window hwp_epp
bugs		: cpu_meltdown spectre_v1 spectre_v2 spec_store_bypass
bogomips	: 5184.00
clflush size	: 64
cache_alignment	: 64
address sizes	: 39 bits physical, 48 bits virtual
power management:



Memory: 4k page, physical 16283180k(12685956k free), swap 0k(0k free)

vm_info: Java HotSpot(TM) 64-Bit Server VM (25.171-b11) for linux-amd64 JRE (1.8.0_171-b11), built on Mar 28 2018 17:07:08 by "java_re" with gcc 4.3.0 20080428 (Red Hat 4.3.0-8)

time: Sun Jul  1 21:56:55 2018
elapsed time: 8 seconds (0d 0h 0m 8s)

