#
# A fatal error has been detected by the Java Runtime Environment:
#
#  SIGSEGV (0xb) at pc=0x00007f0658a549a8, pid=3426, tid=0x00007f05e0135700
#
# JRE version: Java(TM) SE Runtime Environment (8.0_171-b11) (build 1.8.0_171-b11)
# Java VM: Java HotSpot(TM) 64-Bit Server VM (25.171-b11 mixed mode linux-amd64 compressed oops)
# Problematic frame:
# V  [libjvm.so+0x6d79a8]  jni_invoke_nonstatic(JNIEnv_*, JavaValue*, _jobject*, JNICallType, _jmethodID*, JNI_ArgumentPusher*, Thread*)+0x38
#
# Failed to write core dump. Core dumps have been disabled. To enable core dumping, try "ulimit -c unlimited" before starting Java again
#
# If you would like to submit a bug report, please visit:
#   http://bugreport.java.com/bugreport/crash.jsp
#

---------------  T H R E A D  ---------------

Current thread (0x00007f06544b7800):  JavaThread "JavaFX Application Thread" [_thread_in_vm, id=3470, stack(0x00007f05e0035000,0x00007f05e0136000)]

siginfo: si_signo: 11 (SIGSEGV), si_code: 1 (SEGV_MAPERR), si_addr: 0x0000000000000025

Registers:
RAX=0x00007f05e0134140, RBX=0x00007f05e0134050, RCX=0x0000000000000001, RDX=0x0000000000000025
RSP=0x00007f05e0133ea0, RBP=0x00007f05e0134020, RSI=0x00007f05e01340b0, RDI=0x00007f06544b79f8
R8 =0x00007f06543d44a8, R9 =0x00007f05e0134050, R10=0x00007f05c4000ba0, R11=0x00007f06440efca0
R12=0x00007f06544b7800, R13=0x00007f06543d44a8, R14=0x0000000000000001, R15=0x00007f06544b79f8
RIP=0x00007f0658a549a8, EFLAGS=0x0000000000010202, CSGSFS=0x002b000000000033, ERR=0x0000000000000004
  TRAPNO=0x000000000000000e

Top of Stack: (sp=0x00007f05e0133ea0)
0x00007f05e0133ea0:   00007f05e01345a0 00007f05e01341c0
0x00007f05e0133eb0:   00007f05e0133f00 00007f05e0133f80
0x00007f05e0133ec0:   00007f05e0134050 00007f05e01340b0
0x00007f05e0133ed0:   00007f06544b79f8 00007f0658a744b0
0x00007f05e0133ee0:   00007f05f8019660 00007f05f8019670
0x00007f05e0133ef0:   00007f05f8019a48 00000000000003d8
0x00007f05e0133f00:   00007f06544b7518 000000076f17c9b8
0x00007f05e0133f10:   00007f060000006f 00007f060000000a
0x00007f05e0133f20:   000000076fd231d0 00007f0600000000
0x00007f05e0133f30:   0000000000000000 0000000000000000
0x00007f05e0133f40:   00007f06419c0d78 0000000100000100
0x00007f05e0133f50:   00007f0641a48748 00007f05e0133f08
0x00007f05e0133f60:   00007f05e0133f49 0000000800000005
0x00007f05e0133f70:   00007f0641a67d00 00007f06544b7520
0x00007f05e0133f80:   00007f06592e87b0 00007f0659ddc7a0
0x00007f05e0133f90:   00000000544b73b0 00007f06544b7800
0x00007f05e0133fa0:   0000000000000000 00007f0658a54d7b
0x00007f05e0133fb0:   00007f06419caec0 00007f06544b7800
0x00007f05e0133fc0:   00007f06419caec0 00007f06544b7800
0x00007f05e0133fd0:   00007f05e0134160 00007f06419caec0
0x00007f05e0133fe0:   00007f06419caec0 00007f06419caec0
0x00007f05e0133ff0:   00007f05f8019660 00007f05e0134050
0x00007f05e0134000:   00007f06544b7800 00007f05e0134090
0x00007f05e0134010:   00007f06543d44a8 00007f06544b79f8
0x00007f05e0134020:   00007f05e0134110 00007f0658a5914f
0x00007f05e0134030:   00007f06544b7800 00007f0621406094
0x00007f05e0134040:   00007f05e0134128 0000000000000025
0x00007f05e0134050:   00007f06592e9430 00007f0659ddc7a0
0x00007f05e0134060:   00000000e01340d0 7640146e00000063
0x00007f05e0134070:   0000000000000000 0000003000000018
0x00007f05e0134080:   00007f05e0134200 00007f05e0134140
0x00007f05e0134090:   00007f06544b7800 0000000000000000 

Instructions: (pc=0x00007f0658a549a8)
0x00007f0658a54988:   00 00 48 85 d2 48 89 bd b0 fe ff ff 48 89 b5 a8
0x00007f0658a54998:   fe ff ff 4c 89 8d a0 fe ff ff 0f 84 78 09 00 00
0x00007f0658a549a8:   4c 8b 22 4d 85 e4 0f 84 6c 09 00 00 48 8b 45 10
0x00007f0658a549b8:   48 8b 98 38 01 00 00 48 83 7b 18 f7 0f 87 16 07 

Register to memory mapping:

RAX=0x00007f05e0134140 is pointing into the stack for thread: 0x00007f06544b7800
RBX=0x00007f05e0134050 is pointing into the stack for thread: 0x00007f06544b7800
RCX=0x0000000000000001 is an unknown value
RDX=0x0000000000000025 is an unknown value
RSP=0x00007f05e0133ea0 is pointing into the stack for thread: 0x00007f06544b7800
RBP=0x00007f05e0134020 is pointing into the stack for thread: 0x00007f06544b7800
RSI=0x00007f05e01340b0 is pointing into the stack for thread: 0x00007f06544b7800
RDI=0x00007f06544b79f8 is an unknown value
R8 =0x00007f06543d44a8 is an unknown value
R9 =0x00007f05e0134050 is pointing into the stack for thread: 0x00007f06544b7800
R10=0x00007f05c4000ba0 is an unknown value
R11=0x00007f06440efca0 is at entry_point+32 in (nmethod*)0x00007f06440efb10
R12=0x00007f06544b7800 is a thread
R13=0x00007f06543d44a8 is an unknown value
R14=0x0000000000000001 is an unknown value
R15=0x00007f06544b79f8 is an unknown value


Stack: [0x00007f05e0035000,0x00007f05e0136000],  sp=0x00007f05e0133ea0,  free space=1019k
Native frames: (J=compiled Java code, j=interpreted, Vv=VM code, C=native code)
V  [libjvm.so+0x6d79a8]  jni_invoke_nonstatic(JNIEnv_*, JavaValue*, _jobject*, JNICallType, _jmethodID*, JNI_ArgumentPusher*, Thread*)+0x38
V  [libjvm.so+0x6dc14f]  jni_CallVoidMethodV+0x10f
C  [libglass.so+0x18641]  JNIEnv_::CallVoidMethod(_jobject*, _jmethodID*, ...)+0x81
C  [libglass.so+0x14f0f]  WindowContextBase::process_key(_GdkEventKey*)+0x20f
C  [libglass.so+0x19f60]  WindowContextBase::im_filter_keypress(_GdkEventKey*)+0x1c0
C  [libglass.so+0x1a91c]  process_events(_GdkEvent*, void*)+0x22c
C  [libgdk-x11-2.0.so.0+0x5ac8c]

Java frames: (J=compiled Java code, j=interpreted, Vv=VM code)
j  com.sun.glass.ui.gtk.GtkApplication._runLoop(Ljava/lang/Runnable;Z)V+0
j  com.sun.glass.ui.gtk.GtkApplication.lambda$null$48(Ljava/lang/Runnable;Z)V+7
j  com.sun.glass.ui.gtk.GtkApplication$$Lambda$41.run()V+12
j  java.lang.Thread.run()V+11
v  ~StubRoutines::call_stub

---------------  P R O C E S S  ---------------

Java Threads: ( => current thread )
  0x00007f05c41fa800 JavaThread "Prism Font Disposer" daemon [_thread_blocked, id=3475, stack(0x00007f05bf74d000,0x00007f05bf84e000)]
  0x00007f06544bb800 JavaThread "JavaFX-Launcher" [_thread_blocked, id=3471, stack(0x00007f05d454b000,0x00007f05d464c000)]
=>0x00007f06544b7800 JavaThread "JavaFX Application Thread" [_thread_in_vm, id=3470, stack(0x00007f05e0035000,0x00007f05e0136000)]
  0x00007f06544b3800 JavaThread "Thread-1" daemon [_thread_blocked, id=3469, stack(0x00007f05fc015000,0x00007f05fc116000)]
  0x00007f06543bf000 JavaThread "QuantumRenderer-0" daemon [_thread_blocked, id=3465, stack(0x00007f0621e7f000,0x00007f0621f80000)]
  0x00007f0654293800 JavaThread "Service Thread" daemon [_thread_blocked, id=3463, stack(0x00007f0622116000,0x00007f0622217000)]
  0x00007f0654286800 JavaThread "C1 CompilerThread3" daemon [_thread_blocked, id=3462, stack(0x00007f0622217000,0x00007f0622318000)]
  0x00007f0654284800 JavaThread "C2 CompilerThread2" daemon [_thread_blocked, id=3461, stack(0x00007f0622318000,0x00007f0622419000)]
  0x00007f0654282000 JavaThread "C2 CompilerThread1" daemon [_thread_blocked, id=3460, stack(0x00007f0622630000,0x00007f0622731000)]
  0x00007f0654280000 JavaThread "C2 CompilerThread0" daemon [_thread_blocked, id=3459, stack(0x00007f0622731000,0x00007f0622832000)]
  0x00007f065427e800 JavaThread "Monitor Ctrl-Break" daemon [_thread_in_native, id=3458, stack(0x00007f0622832000,0x00007f0622933000)]
  0x00007f0654209800 JavaThread "Signal Dispatcher" daemon [_thread_blocked, id=3456, stack(0x00007f0622933000,0x00007f0622a34000)]
  0x00007f06541d5800 JavaThread "Finalizer" daemon [_thread_blocked, id=3449, stack(0x00007f06233f4000,0x00007f06234f5000)]
  0x00007f06541d0800 JavaThread "Reference Handler" daemon [_thread_blocked, id=3448, stack(0x00007f06234f5000,0x00007f06235f6000)]
  0x00007f065400c000 JavaThread "main" [_thread_blocked, id=3433, stack(0x00007f0659e7f000,0x00007f0659f80000)]

Other Threads:
  0x00007f06541c9000 VMThread [stack: 0x00007f06235f6000,0x00007f06236f7000] [id=3445]
  0x00007f0654296800 WatcherThread [stack: 0x00007f0622015000,0x00007f0622116000] [id=3464]

VM state:not at safepoint (normal execution)

VM Mutex/Monitor currently owned by a thread: None

Heap:
 PSYoungGen      total 74752K, used 46425K [0x000000076d300000, 0x0000000772600000, 0x00000007c0000000)
  eden space 64512K, 71% used [0x000000076d300000,0x0000000770056738,0x0000000771200000)
  from space 10240K, 0% used [0x0000000771c00000,0x0000000771c00000,0x0000000772600000)
  to   space 10240K, 0% used [0x0000000771200000,0x0000000771200000,0x0000000771c00000)
 ParOldGen       total 171008K, used 0K [0x00000006c7800000, 0x00000006d1f00000, 0x000000076d300000)
  object space 171008K, 0% used [0x00000006c7800000,0x00000006c7800000,0x00000006d1f00000)
 Metaspace       used 16092K, capacity 16994K, committed 17152K, reserved 1064960K
  class space    used 2330K, capacity 2530K, committed 2560K, reserved 1048576K

Card table byte_map: [0x00007f06431d2000,0x00007f0643997000] byte_map_base: 0x00007f063fb96000

Marking Bits: (ParMarkBitMap*) 0x00007f065934d280
 Begin Bits: [0x00007f06143c0000, 0x00007f06181e0000)
 End Bits:   [0x00007f06181e0000, 0x00007f061c000000)

Polling page: 0x00007f0659f9f000

CodeCache: size=245760Kb used=5219Kb max_used=5222Kb free=240540Kb
 bounds [0x00007f0643d57000, 0x00007f0644277000, 0x00007f0652d57000]
 total_blobs=2337 nmethods=1711 adapters=539
 compilation: enabled

Compilation events (10 events):
Event: 8,334 Thread 0x00007f0654284800 1702       4       java.lang.ref.Reference::<init> (25 bytes)
Event: 8,334 Thread 0x00007f0654284800 nmethod 1702 0x00007f064426bb10 code [0x00007f064426bc60, 0x00007f064426bd18]
Event: 8,335 Thread 0x00007f0654286800 1705       3       jdk.internal.org.objectweb.asm.Frame::set (65 bytes)
Event: 8,335 Thread 0x00007f0654286800 nmethod 1705 0x00007f064426af50 code [0x00007f064426b0e0, 0x00007f064426b5c8]
Event: 8,335 Thread 0x00007f0654286800 1709       3       java.lang.invoke.LambdaForm::signatureArity (28 bytes)
Event: 8,335 Thread 0x00007f0654286800 nmethod 1709 0x00007f0644272a90 code [0x00007f0644272c00, 0x00007f0644272ee8]
Event: 8,335 Thread 0x00007f0654286800 1710       3       javafx.scene.Parent::requestParentLayout (28 bytes)
Event: 8,335 Thread 0x00007f0654286800 nmethod 1710 0x00007f0644272010 code [0x00007f06442721c0, 0x00007f06442728b8]
Event: 8,335 Thread 0x00007f0654286800 1711       1       javafx.geometry.Pos::getHpos (5 bytes)
Event: 8,335 Thread 0x00007f0654286800 nmethod 1711 0x00007f064426ac10 code [0x00007f064426ad60, 0x00007f064426ae70]

GC Heap History (0 events):
No events

Deoptimization events (10 events):
Event: 0,624 Thread 0x00007f06544b7800 Uncommon trap: reason=class_check action=maybe_recompile pc=0x00007f0643fb9e44 method=java.io.DataInputStream.readShort()S @ 4
Event: 0,624 Thread 0x00007f06544b7800 Uncommon trap: reason=class_check action=maybe_recompile pc=0x00007f0643fb9e44 method=java.io.DataInputStream.readShort()S @ 4
Event: 0,628 Thread 0x00007f06544b7800 Uncommon trap: reason=class_check action=maybe_recompile pc=0x00007f0643e76ad0 method=java.lang.String.equals(Ljava/lang/Object;)Z @ 8
Event: 0,628 Thread 0x00007f06544b7800 Uncommon trap: reason=class_check action=maybe_recompile pc=0x00007f0643e76ad0 method=java.lang.String.equals(Ljava/lang/Object;)Z @ 8
Event: 0,628 Thread 0x00007f06544b7800 Uncommon trap: reason=class_check action=maybe_recompile pc=0x00007f0643e76ad0 method=java.lang.String.equals(Ljava/lang/Object;)Z @ 8
Event: 0,630 Thread 0x00007f06544b7800 Uncommon trap: reason=class_check action=maybe_recompile pc=0x00007f0643e76ad0 method=java.lang.String.equals(Ljava/lang/Object;)Z @ 8
Event: 0,742 Thread 0x00007f06544b7800 Uncommon trap: reason=unstable_if action=reinterpret pc=0x00007f064400dad4 method=sun.net.www.ParseUtil.encodePath(Ljava/lang/String;Z)Ljava/lang/String; @ 109
Event: 0,832 Thread 0x00007f06544b7800 Uncommon trap: reason=unstable_if action=reinterpret pc=0x00007f0644026164 method=jdk.internal.org.objectweb.asm.Type.getArgumentsAndReturnSizes(Ljava/lang/String;)I @ 47
Event: 3,228 Thread 0x00007f06543bf000 Uncommon trap: reason=unstable_if action=reinterpret pc=0x00007f06440ea818 method=java.lang.StrictMath.floorOrCeil(DDDD)D @ 115
Event: 8,267 Thread 0x00007f06544b7800 Uncommon trap: reason=unstable_if action=reinterpret pc=0x00007f0644169834 method=java.lang.StrictMath.floorOrCeil(DDDD)D @ 38

Classes redefined (0 events):
No events

Internal exceptions (10 events):
Event: 0,151 Thread 0x00007f065400c000 Exception <a 'java/security/PrivilegedActionException'> (0x000000076d8dac88) thrown at [/HUDSON/workspace/8-2-build-linux-amd64/jdk8u171/10807/hotspot/src/share/vm/prims/jvm.cpp, line 1435]
Event: 0,152 Thread 0x00007f065400c000 Exception <a 'java/security/PrivilegedActionException'> (0x000000076d8dd0f0) thrown at [/HUDSON/workspace/8-2-build-linux-amd64/jdk8u171/10807/hotspot/src/share/vm/prims/jvm.cpp, line 1435]
Event: 0,152 Thread 0x00007f065400c000 Exception <a 'java/security/PrivilegedActionException'> (0x000000076d8dd300) thrown at [/HUDSON/workspace/8-2-build-linux-amd64/jdk8u171/10807/hotspot/src/share/vm/prims/jvm.cpp, line 1435]
Event: 0,152 Thread 0x00007f065400c000 Exception <a 'java/lang/NullPointerException'> (0x000000076d8ddd08) thrown at [/HUDSON/workspace/8-2-build-linux-amd64/jdk8u171/10807/hotspot/src/share/vm/interpreter/linkResolver.cpp, line 1185]
Event: 0,377 Thread 0x00007f06544b7800 Exception <a 'java/lang/NullPointerException'> (0x000000076e74fda0) thrown at [/HUDSON/workspace/8-2-build-linux-amd64/jdk8u171/10807/hotspot/src/share/vm/interpreter/linkResolver.cpp, line 1185]
Event: 0,377 Thread 0x00007f06544b7800 Exception <a 'java/lang/NullPointerException'> (0x000000076e74fda0) thrown at [/HUDSON/workspace/8-2-build-linux-amd64/jdk8u171/10807/hotspot/src/share/vm/prims/jvm.cpp, line 1439]
Event: 0,524 Thread 0x00007f06544b7800 Exception <a 'java/lang/ArrayIndexOutOfBoundsException'> (0x000000076edb69e0) thrown at [/HUDSON/workspace/8-2-build-linux-amd64/jdk8u171/10807/hotspot/src/share/vm/runtime/sharedRuntime.cpp, line 605]
Event: 0,524 Thread 0x00007f06544b7800 Exception <a 'java/lang/ArrayIndexOutOfBoundsException'> (0x000000076edb8fa8) thrown at [/HUDSON/workspace/8-2-build-linux-amd64/jdk8u171/10807/hotspot/src/share/vm/runtime/sharedRuntime.cpp, line 605]
Event: 0,524 Thread 0x00007f06544b7800 Exception <a 'java/lang/ArrayIndexOutOfBoundsException'> (0x000000076edbae50) thrown at [/HUDSON/workspace/8-2-build-linux-amd64/jdk8u171/10807/hotspot/src/share/vm/runtime/sharedRuntime.cpp, line 605]
Event: 0,564 Thread 0x00007f06544b7800 Implicit null exception at 0x00007f0643ffcbb5 to 0x00007f0643ffcded

Events (10 events):
Event: 8,320 loading class com/sun/javafx/sg/prism/NGSVGPath
Event: 8,320 loading class com/sun/javafx/sg/prism/NGSVGPath done
Event: 8,320 loading class javafx/scene/shape/SVGPath$1
Event: 8,320 loading class javafx/scene/shape/SVGPath$1 done
Event: 8,320 loading class javafx/scene/shape/SVGPath$2
Event: 8,321 loading class javafx/scene/shape/SVGPath$2 done
Event: 8,334 loading class com/sun/javafx/scene/control/skin/TextAreaSkin$ContentView
Event: 8,334 loading class com/sun/javafx/scene/control/skin/TextAreaSkin$ContentView done
Event: 8,336 loading class com/sun/javafx/scene/KeyboardShortcutsHandler$1
Event: 8,336 loading class com/sun/javafx/scene/KeyboardShortcutsHandler$1 done


Dynamic libraries:
00400000-00401000 r-xp 00000000 08:06 680254                             /usr/lib/jvm/java-8-oracle/bin/java
00600000-00601000 rw-p 00000000 08:06 680254                             /usr/lib/jvm/java-8-oracle/bin/java
00796000-007b7000 rw-p 00000000 00:00 0                                  [heap]
6c7800000-6d1f00000 rw-p 00000000 00:00 0 
6d1f00000-76d300000 ---p 00000000 00:00 0 
76d300000-772600000 rw-p 00000000 00:00 0 
772600000-7c0000000 ---p 00000000 00:00 0 
7c0000000-7c0280000 rw-p 00000000 00:00 0 
7c0280000-800000000 ---p 00000000 00:00 0 
7f05b4000000-7f05b4021000 rw-p 00000000 00:00 0 
7f05b4021000-7f05b8000000 ---p 00000000 00:00 0 
7f05b8000000-7f05b8021000 rw-p 00000000 00:00 0 
7f05b8021000-7f05bc000000 ---p 00000000 00:00 0 
7f05bef13000-7f05bef53000 rw-p 00000000 00:00 0 
7f05bef53000-7f05bf113000 ---p 00000000 00:00 0 
7f05bf113000-7f05bf11b000 rw-s 00000000 00:05 62674                      /drm mm object (deleted)
7f05bf11b000-7f05bf12b000 rw-s 00000000 00:05 62612                      /drm mm object (deleted)
7f05bf12b000-7f05bf2eb000 rw-s 00000000 00:05 62609                      /drm mm object (deleted)
7f05bf2eb000-7f05bf34b000 rw-s 00000000 00:05 60118                      /drm mm object (deleted)
7f05bf34b000-7f05bf359000 rw-s 00000000 00:05 60116                      /drm mm object (deleted)
7f05bf359000-7f05bf369000 rw-s 00000000 00:05 60115                      /drm mm object (deleted)
7f05bf369000-7f05bf371000 rw-s 00000000 00:05 60114                      /drm mm object (deleted)
7f05bf371000-7f05bf531000 rw-s 100b15000 00:06 394                       /dev/dri/card0
7f05bf531000-7f05bf541000 rw-s 00000000 00:05 60112                      /drm mm object (deleted)
7f05bf541000-7f05bf54d000 rw-s 00000000 00:05 63710                      /drm mm object (deleted)
7f05bf54d000-7f05bf74d000 rw-p 00000000 00:00 0 
7f05bf74d000-7f05bf750000 ---p 00000000 00:00 0 
7f05bf750000-7f05bf84e000 rw-p 00000000 00:00 0 
7f05bf84e000-7f05bf907000 r--p 00000000 08:06 393885                     /usr/share/fonts/truetype/dejavu/DejaVuSans.ttf
7f05bf907000-7f05bf941000 r--p 00000000 08:06 680101                     /usr/lib/jvm/java-8-oracle/jre/lib/fonts/LucidaTypewriterBold.ttf
7f05bf941000-7f05bf98f000 r--p 00000000 08:06 680097                     /usr/lib/jvm/java-8-oracle/jre/lib/fonts/LucidaSansDemiBold.ttf
7f05bf98f000-7f05bf9a2000 r--p 00000000 08:06 680099                     /usr/lib/jvm/java-8-oracle/jre/lib/fonts/LucidaBrightDemiItalic.ttf
7f05bf9a2000-7f05bf9f7000 r--p 00000000 08:06 680096                     /usr/lib/jvm/java-8-oracle/jre/lib/fonts/LucidaBrightRegular.ttf
7f05bf9f7000-7f05bf9fb000 r-xp 00000000 08:06 40946                      /usr/lib/jvm/java-8-oracle/jre/lib/amd64/libjavafx_font_pango.so
7f05bf9fb000-7f05bfbfa000 ---p 00004000 08:06 40946                      /usr/lib/jvm/java-8-oracle/jre/lib/amd64/libjavafx_font_pango.so
7f05bfbfa000-7f05bfbfb000 rw-p 00003000 08:06 40946                      /usr/lib/jvm/java-8-oracle/jre/lib/amd64/libjavafx_font_pango.so
7f05bfbfb000-7f05bfdfb000 rw-p 00000000 00:00 0 
7f05bfdfb000-7f05bfe00000 r-xp 00000000 08:06 40949                      /usr/lib/jvm/java-8-oracle/jre/lib/amd64/libjavafx_font_freetype.so
7f05bfe00000-7f05bffff000 ---p 00005000 08:06 40949                      /usr/lib/jvm/java-8-oracle/jre/lib/amd64/libjavafx_font_freetype.so
7f05bffff000-7f05c0000000 rw-p 00004000 08:06 40949                      /usr/lib/jvm/java-8-oracle/jre/lib/amd64/libjavafx_font_freetype.so
7f05c0000000-7f05c0021000 rw-p 00000000 00:00 0 
7f05c0021000-7f05c4000000 ---p 00000000 00:00 0 
7f05c4000000-7f05c4560000 rw-p 00000000 00:00 0 
7f05c4560000-7f05c8000000 ---p 00000000 00:00 0 
7f05c8000000-7f05c8022000 rw-p 00000000 00:00 0 
7f05c8022000-7f05cc000000 ---p 00000000 00:00 0 
7f05cc000000-7f05cc022000 rw-p 00000000 00:00 0 
7f05cc022000-7f05d0000000 ---p 00000000 00:00 0 
7f05d0000000-7f05d0021000 rw-p 00000000 00:00 0 
7f05d0021000-7f05d4000000 ---p 00000000 00:00 0 
7f05d4000000-7f05d4002000 rw-s 00000000 00:05 62641                      /drm mm object (deleted)
7f05d4002000-7f05d4004000 rw-s 00000000 00:05 60120                      /drm mm object (deleted)
7f05d4004000-7f05d4017000 r--p 00000000 08:06 680102                     /usr/lib/jvm/java-8-oracle/jre/lib/fonts/LucidaBrightDemiBold.ttf
7f05d4017000-7f05d4053000 r--p 00000000 08:06 680100                     /usr/lib/jvm/java-8-oracle/jre/lib/fonts/LucidaTypewriterRegular.ttf
7f05d4053000-7f05d40fe000 r--p 00000000 08:06 680095                     /usr/lib/jvm/java-8-oracle/jre/lib/fonts/LucidaSansRegular.ttf
7f05d40fe000-7f05d4112000 r--p 00000000 08:06 680094                     /usr/lib/jvm/java-8-oracle/jre/lib/fonts/LucidaBrightItalic.ttf
7f05d4112000-7f05d4117000 r--s 00084000 08:06 667407                     /usr/lib/jvm/java-8-oracle/jre/lib/jfr.jar
7f05d4117000-7f05d4122000 r--s 00000000 08:06 279383                     /var/cache/fontconfig/945677eb7aeaf62f1d50efc3fb3ec7d8-le64.cache-6
7f05d4122000-7f05d4128000 r--s 00000000 08:06 279365                     /var/cache/fontconfig/2cd17615ca594fa2959ae173292e504c-le64.cache-6
7f05d4128000-7f05d413d000 r--s 00000000 08:06 279359                     /var/cache/fontconfig/04aabc0a78ac019cf9454389977116d2-le64.cache-6
7f05d413d000-7f05d4141000 r--s 00000000 08:06 279369                     /var/cache/fontconfig/385c0604a188198f04d133e54aba7fe7-le64.cache-6
7f05d4141000-7f05d4148000 r--s 00000000 08:06 279366                     /var/cache/fontconfig/3047814df9a2f067bd2d96a2b9c36e5a-le64.cache-6
7f05d4148000-7f05d414b000 r-xp 00000000 08:06 40997                      /usr/lib/jvm/java-8-oracle/jre/lib/amd64/libjavafx_font.so
7f05d414b000-7f05d434a000 ---p 00003000 08:06 40997                      /usr/lib/jvm/java-8-oracle/jre/lib/amd64/libjavafx_font.so
7f05d434a000-7f05d434b000 rw-p 00002000 08:06 40997                      /usr/lib/jvm/java-8-oracle/jre/lib/amd64/libjavafx_font.so
7f05d434b000-7f05d454b000 rw-p 00000000 00:00 0 
7f05d454b000-7f05d454e000 ---p 00000000 00:00 0 
7f05d454e000-7f05d464c000 rw-p 00000000 00:00 0 
7f05d464c000-7f05d464d000 ---p 00000000 00:00 0 
7f05d464d000-7f05d4e4d000 rw-p 00000000 00:00 0 
7f05d4e4d000-7f05d4e58000 r-xp 00000000 08:06 1069                       /usr/lib/x86_64-linux-gnu/gio/modules/libdconfsettings.so
7f05d4e58000-7f05d5058000 ---p 0000b000 08:06 1069                       /usr/lib/x86_64-linux-gnu/gio/modules/libdconfsettings.so
7f05d5058000-7f05d5059000 r--p 0000b000 08:06 1069                       /usr/lib/x86_64-linux-gnu/gio/modules/libdconfsettings.so
7f05d5059000-7f05d505a000 rw-p 0000c000 08:06 1069                       /usr/lib/x86_64-linux-gnu/gio/modules/libdconfsettings.so
7f05d505a000-7f05d505b000 ---p 00000000 00:00 0 
7f05d505b000-7f05d585b000 rw-p 00000000 00:00 0 
7f05d585b000-7f05d585c000 ---p 00000000 00:00 0 
7f05d585c000-7f05d605c000 rw-p 00000000 00:00 0 
7f05d605c000-7f05d6075000 r-xp 00000000 08:06 1073                       /usr/lib/x86_64-linux-gnu/gio/modules/libgioremote-volume-monitor.so
7f05d6075000-7f05d6275000 ---p 00019000 08:06 1073                       /usr/lib/x86_64-linux-gnu/gio/modules/libgioremote-volume-monitor.so
7f05d6275000-7f05d6278000 r--p 00019000 08:06 1073                       /usr/lib/x86_64-linux-gnu/gio/modules/libgioremote-volume-monitor.so
7f05d6278000-7f05d6279000 rw-p 0001c000 08:06 1073                       /usr/lib/x86_64-linux-gnu/gio/modules/libgioremote-volume-monitor.so
7f05d6279000-7f05d62af000 r-xp 00000000 08:06 1634                       /usr/lib/x86_64-linux-gnu/gvfs/libgvfscommon.so
7f05d62af000-7f05d64af000 ---p 00036000 08:06 1634                       /usr/lib/x86_64-linux-gnu/gvfs/libgvfscommon.so
7f05d64af000-7f05d64b4000 r--p 00036000 08:06 1634                       /usr/lib/x86_64-linux-gnu/gvfs/libgvfscommon.so
7f05d64b4000-7f05d64b5000 rw-p 0003b000 08:06 1634                       /usr/lib/x86_64-linux-gnu/gvfs/libgvfscommon.so
7f05d64b5000-7f05d64e5000 r-xp 00000000 08:06 1074                       /usr/lib/x86_64-linux-gnu/gio/modules/libgvfsdbus.so
7f05d64e5000-7f05d66e5000 ---p 00030000 08:06 1074                       /usr/lib/x86_64-linux-gnu/gio/modules/libgvfsdbus.so
7f05d66e5000-7f05d66e6000 r--p 00030000 08:06 1074                       /usr/lib/x86_64-linux-gnu/gio/modules/libgvfsdbus.so
7f05d66e6000-7f05d66e8000 rw-p 00031000 08:06 1074                       /usr/lib/x86_64-linux-gnu/gio/modules/libgvfsdbus.so
7f05d66e8000-7f05d66ef000 r-xp 00000000 08:06 666521                     /usr/lib/x86_64-linux-gnu/libogg.so.0.8.2
7f05d66ef000-7f05d68ef000 ---p 00007000 08:06 666521                     /usr/lib/x86_64-linux-gnu/libogg.so.0.8.2
7f05d68ef000-7f05d68f0000 r--p 00007000 08:06 666521                     /usr/lib/x86_64-linux-gnu/libogg.so.0.8.2
7f05d68f0000-7f05d68f1000 rw-p 00008000 08:06 666521                     /usr/lib/x86_64-linux-gnu/libogg.so.0.8.2
7f05d68f1000-7f05d691b000 r-xp 00000000 08:06 666467                     /usr/lib/x86_64-linux-gnu/libvorbis.so.0.4.8
7f05d691b000-7f05d6b1a000 ---p 0002a000 08:06 666467                     /usr/lib/x86_64-linux-gnu/libvorbis.so.0.4.8
7f05d6b1a000-7f05d6b1b000 r--p 00029000 08:06 666467                     /usr/lib/x86_64-linux-gnu/libvorbis.so.0.4.8
7f05d6b1b000-7f05d6b1c000 rw-p 0002a000 08:06 666467                     /usr/lib/x86_64-linux-gnu/libvorbis.so.0.4.8
7f05d6b1c000-7f05d6b25000 r-xp 00000000 08:06 666382                     /usr/lib/x86_64-linux-gnu/libltdl.so.7.3.1
7f05d6b25000-7f05d6d24000 ---p 00009000 08:06 666382                     /usr/lib/x86_64-linux-gnu/libltdl.so.7.3.1
7f05d6d24000-7f05d6d25000 r--p 00008000 08:06 666382                     /usr/lib/x86_64-linux-gnu/libltdl.so.7.3.1
7f05d6d25000-7f05d6d26000 rw-p 00009000 08:06 666382                     /usr/lib/x86_64-linux-gnu/libltdl.so.7.3.1
7f05d6d26000-7f05d6d3a000 r-xp 00000000 08:06 666772                     /usr/lib/x86_64-linux-gnu/libtdb.so.1.3.8
7f05d6d3a000-7f05d6f39000 ---p 00014000 08:06 666772                     /usr/lib/x86_64-linux-gnu/libtdb.so.1.3.8
7f05d6f39000-7f05d6f3a000 r--p 00013000 08:06 666772                     /usr/lib/x86_64-linux-gnu/libtdb.so.1.3.8
7f05d6f3a000-7f05d6f3b000 rw-p 00014000 08:06 666772                     /usr/lib/x86_64-linux-gnu/libtdb.so.1.3.8
7f05d6f3b000-7f05d6f42000 r-xp 00000000 08:06 666463                     /usr/lib/x86_64-linux-gnu/libvorbisfile.so.3.3.7
7f05d6f42000-7f05d7142000 ---p 00007000 08:06 666463                     /usr/lib/x86_64-linux-gnu/libvorbisfile.so.3.3.7
7f05d7142000-7f05d7143000 r--p 00007000 08:06 666463                     /usr/lib/x86_64-linux-gnu/libvorbisfile.so.3.3.7
7f05d7143000-7f05d7144000 rw-p 00008000 08:06 666463                     /usr/lib/x86_64-linux-gnu/libvorbisfile.so.3.3.7
7f05d7144000-7f05d7154000 r-xp 00000000 08:06 665763                     /usr/lib/x86_64-linux-gnu/libcanberra.so.0.2.5
7f05d7154000-7f05d7353000 ---p 00010000 08:06 665763                     /usr/lib/x86_64-linux-gnu/libcanberra.so.0.2.5
7f05d7353000-7f05d7354000 r--p 0000f000 08:06 665763                     /usr/lib/x86_64-linux-gnu/libcanberra.so.0.2.5
7f05d7354000-7f05d7355000 rw-p 00010000 08:06 665763                     /usr/lib/x86_64-linux-gnu/libcanberra.so.0.2.5
7f05d7355000-7f05d7359000 r-xp 00000000 08:06 665759                     /usr/lib/x86_64-linux-gnu/libcanberra-gtk.so.0.1.9
7f05d7359000-7f05d7558000 ---p 00004000 08:06 665759                     /usr/lib/x86_64-linux-gnu/libcanberra-gtk.so.0.1.9
7f05d7558000-7f05d7559000 r--p 00003000 08:06 665759                     /usr/lib/x86_64-linux-gnu/libcanberra-gtk.so.0.1.9
7f05d7559000-7f05d755a000 rw-p 00004000 08:06 665759                     /usr/lib/x86_64-linux-gnu/libcanberra-gtk.so.0.1.9
7f05d755a000-7f05d755f000 r-xp 00000000 08:06 1288                       /usr/lib/x86_64-linux-gnu/gtk-2.0/modules/libcanberra-gtk-module.so
7f05d755f000-7f05d775e000 ---p 00005000 08:06 1288                       /usr/lib/x86_64-linux-gnu/gtk-2.0/modules/libcanberra-gtk-module.so
7f05d775e000-7f05d775f000 r--p 00004000 08:06 1288                       /usr/lib/x86_64-linux-gnu/gtk-2.0/modules/libcanberra-gtk-module.so
7f05d775f000-7f05d7760000 rw-p 00005000 08:06 1288                       /usr/lib/x86_64-linux-gnu/gtk-2.0/modules/libcanberra-gtk-module.so
7f05d7760000-7f05d7790000 r-xp 00000000 08:06 1270                       /usr/lib/x86_64-linux-gnu/gtk-2.0/2.10.0/engines/libmurrine.so
7f05d7790000-7f05d7990000 ---p 00030000 08:06 1270                       /usr/lib/x86_64-linux-gnu/gtk-2.0/2.10.0/engines/libmurrine.so
7f05d7990000-7f05d7991000 r--p 00030000 08:06 1270                       /usr/lib/x86_64-linux-gnu/gtk-2.0/2.10.0/engines/libmurrine.so
7f05d7991000-7f05d7992000 rw-p 00031000 08:06 1270                       /usr/lib/x86_64-linux-gnu/gtk-2.0/2.10.0/engines/libmurrine.so
7f05d7992000-7f05d79a2000 r-xp 00000000 08:06 666830                     /usr/lib/x86_64-linux-gnu/libunity-gtk2-parser.so.0.0.0
7f05d79a2000-7f05d7ba2000 ---p 00010000 08:06 666830                     /usr/lib/x86_64-linux-gnu/libunity-gtk2-parser.so.0.0.0
7f05d7ba2000-7f05d7ba3000 r--p 00010000 08:06 666830                     /usr/lib/x86_64-linux-gnu/libunity-gtk2-parser.so.0.0.0
7f05d7ba3000-7f05d7ba4000 rw-p 00011000 08:06 666830                     /usr/lib/x86_64-linux-gnu/libunity-gtk2-parser.so.0.0.0
7f05d7ba4000-7f05d7ba9000 r-xp 00000000 08:06 1292                       /usr/lib/x86_64-linux-gnu/gtk-2.0/modules/libunity-gtk-module.so
7f05d7ba9000-7f05d7da8000 ---p 00005000 08:06 1292                       /usr/lib/x86_64-linux-gnu/gtk-2.0/modules/libunity-gtk-module.so
7f05d7da8000-7f05d7da9000 r--p 00004000 08:06 1292                       /usr/lib/x86_64-linux-gnu/gtk-2.0/modules/libunity-gtk-module.so
7f05d7da9000-7f05d7daa000 rw-p 00005000 08:06 1292                       /usr/lib/x86_64-linux-gnu/gtk-2.0/modules/libunity-gtk-module.so
7f05d7daa000-7f05d7dbc000 r-xp 00000000 08:06 136653                     /lib/x86_64-linux-gnu/libgpg-error.so.0.17.0
7f05d7dbc000-7f05d7fbc000 ---p 00012000 08:06 136653                     /lib/x86_64-linux-gnu/libgpg-error.so.0.17.0
7f05d7fbc000-7f05d7fbd000 r--p 00012000 08:06 136653                     /lib/x86_64-linux-gnu/libgpg-error.so.0.17.0
7f05d7fbd000-7f05d7fbe000 rw-p 00013000 08:06 136653                     /lib/x86_64-linux-gnu/libgpg-error.so.0.17.0
7f05d7fbe000-7f05d8095000 r-xp 00000000 08:06 130643                     /lib/x86_64-linux-gnu/libgcrypt.so.20.0.5
7f05d8095000-7f05d8295000 ---p 000d7000 08:06 130643                     /lib/x86_64-linux-gnu/libgcrypt.so.20.0.5
7f05d8295000-7f05d8296000 r--p 000d7000 08:06 130643                     /lib/x86_64-linux-gnu/libgcrypt.so.20.0.5
7f05d8296000-7f05d829e000 rw-p 000d8000 08:06 130643                     /lib/x86_64-linux-gnu/libgcrypt.so.20.0.5
7f05d829e000-7f05d829f000 rw-p 00000000 00:00 0 
7f05d829f000-7f05d82c0000 r-xp 00000000 08:06 136676                     /lib/x86_64-linux-gnu/liblzma.so.5.0.0
7f05d82c0000-7f05d84bf000 ---p 00021000 08:06 136676                     /lib/x86_64-linux-gnu/liblzma.so.5.0.0
7f05d84bf000-7f05d84c0000 r--p 00020000 08:06 136676                     /lib/x86_64-linux-gnu/liblzma.so.5.0.0
7f05d84c0000-7f05d84c1000 rw-p 00021000 08:06 136676                     /lib/x86_64-linux-gnu/liblzma.so.5.0.0
7f05d84c1000-7f05d850b000 r-xp 00000000 08:06 136625                     /lib/x86_64-linux-gnu/libdbus-1.so.3.14.6
7f05d850b000-7f05d870b000 ---p 0004a000 08:06 136625                     /lib/x86_64-linux-gnu/libdbus-1.so.3.14.6
7f05d870b000-7f05d870c000 r--p 0004a000 08:06 136625                     /lib/x86_64-linux-gnu/libdbus-1.so.3.14.6
7f05d870c000-7f05d870d000 rw-p 0004b000 08:06 136625                     /lib/x86_64-linux-gnu/libdbus-1.so.3.14.6
7f05d870d000-7f05d8739000 r-xp 00000000 08:06 665702                     /usr/lib/x86_64-linux-gnu/libatspi.so.0.0.1
7f05d8739000-7f05d8938000 ---p 0002c000 08:06 665702                     /usr/lib/x86_64-linux-gnu/libatspi.so.0.0.1
7f05d8938000-7f05d893b000 r--p 0002b000 08:06 665702                     /usr/lib/x86_64-linux-gnu/libatspi.so.0.0.1
7f05d893b000-7f05d893c000 rw-p 0002e000 08:06 665702                     /usr/lib/x86_64-linux-gnu/libatspi.so.0.0.1
7f05d893c000-7f05d8969000 r-xp 00000000 08:06 665696                     /usr/lib/x86_64-linux-gnu/libatk-bridge-2.0.so.0.0.0
7f05d8969000-7f05d8b68000 ---p 0002d000 08:06 665696                     /usr/lib/x86_64-linux-gnu/libatk-bridge-2.0.so.0.0.0
7f05d8b68000-7f05d8b69000 r--p 0002c000 08:06 665696                     /usr/lib/x86_64-linux-gnu/libatk-bridge-2.0.so.0.0.0
7f05d8b69000-7f05d8b6b000 rw-p 0002d000 08:06 665696                     /usr/lib/x86_64-linux-gnu/libatk-bridge-2.0.so.0.0.0
7f05d8b6b000-7f05d8b6c000 r-xp 00000000 08:06 1287                       /usr/lib/x86_64-linux-gnu/gtk-2.0/modules/libatk-bridge.so
7f05d8b6c000-7f05d8d6b000 ---p 00001000 08:06 1287                       /usr/lib/x86_64-linux-gnu/gtk-2.0/modules/libatk-bridge.so
7f05d8d6b000-7f05d8d6c000 r--p 00000000 08:06 1287                       /usr/lib/x86_64-linux-gnu/gtk-2.0/modules/libatk-bridge.so
7f05d8d6c000-7f05d8d6d000 rw-p 00001000 08:06 1287                       /usr/lib/x86_64-linux-gnu/gtk-2.0/modules/libatk-bridge.so
7f05d8d6d000-7f05d8d74000 r-xp 00000000 08:06 666037                     /usr/lib/x86_64-linux-gnu/libgailutil.so.18.0.1
7f05d8d74000-7f05d8f73000 ---p 00007000 08:06 666037                     /usr/lib/x86_64-linux-gnu/libgailutil.so.18.0.1
7f05d8f73000-7f05d8f74000 r--p 00006000 08:06 666037                     /usr/lib/x86_64-linux-gnu/libgailutil.so.18.0.1
7f05d8f74000-7f05d8f75000 rw-p 00007000 08:06 666037                     /usr/lib/x86_64-linux-gnu/libgailutil.so.18.0.1
7f05d8f75000-7f05d8fc3000 r-xp 00000000 08:06 1290                       /usr/lib/x86_64-linux-gnu/gtk-2.0/modules/libgail.so
7f05d8fc3000-7f05d91c2000 ---p 0004e000 08:06 1290                       /usr/lib/x86_64-linux-gnu/gtk-2.0/modules/libgail.so
7f05d91c2000-7f05d91c3000 r--p 0004d000 08:06 1290                       /usr/lib/x86_64-linux-gnu/gtk-2.0/modules/libgail.so
7f05d91c3000-7f05d91c5000 rw-p 0004e000 08:06 1290                       /usr/lib/x86_64-linux-gnu/gtk-2.0/modules/libgail.so
7f05d91c5000-7f05d91d6000 r-xp 00000000 08:06 1291                       /usr/lib/x86_64-linux-gnu/gtk-2.0/modules/liboverlay-scrollbar.so
7f05d91d6000-7f05d93d6000 ---p 00011000 08:06 1291                       /usr/lib/x86_64-linux-gnu/gtk-2.0/modules/liboverlay-scrollbar.so
7f05d93d6000-7f05d93d7000 r--p 00011000 08:06 1291                       /usr/lib/x86_64-linux-gnu/gtk-2.0/modules/liboverlay-scrollbar.so
7f05d93d7000-7f05d93d8000 rw-p 00012000 08:06 1291                       /usr/lib/x86_64-linux-gnu/gtk-2.0/modules/liboverlay-scrollbar.so
7f05d93d8000-7f05d9401000 r-xp 00000000 08:06 40971                      /usr/lib/jvm/java-8-oracle/jre/lib/amd64/libglass.so
7f05d9401000-7f05d9600000 ---p 00029000 08:06 40971                      /usr/lib/jvm/java-8-oracle/jre/lib/amd64/libglass.so
7f05d9600000-7f05d9603000 rw-p 00028000 08:06 40971                      /usr/lib/jvm/java-8-oracle/jre/lib/amd64/libglass.so
7f05d9603000-7f05d963a000 r-xp 00000000 08:06 666809                     /usr/lib/x86_64-linux-gnu/libtxc_dxtn_s2tc.so.0.0.0
7f05d963a000-7f05d9839000 ---p 00037000 08:06 666809                     /usr/lib/x86_64-linux-gnu/libtxc_dxtn_s2tc.so.0.0.0
7f05d9839000-7f05d983a000 r--p 00036000 08:06 666809                     /usr/lib/x86_64-linux-gnu/libtxc_dxtn_s2tc.so.0.0.0
7f05d983a000-7f05d983b000 rw-p 00037000 08:06 666809                     /usr/lib/x86_64-linux-gnu/libtxc_dxtn_s2tc.so.0.0.0
7f05d983b000-7f05d9843000 r-xp 00000000 08:06 666563                     /usr/lib/x86_64-linux-gnu/libpciaccess.so.0.11.1
7f05d9843000-7f05d9a43000 ---p 00008000 08:06 666563                     /usr/lib/x86_64-linux-gnu/libpciaccess.so.0.11.1
7f05d9a43000-7f05d9a44000 r--p 00008000 08:06 666563                     /usr/lib/x86_64-linux-gnu/libpciaccess.so.0.11.1
7f05d9a44000-7f05d9a45000 rw-p 00009000 08:06 666563                     /usr/lib/x86_64-linux-gnu/libpciaccess.so.0.11.1
7f05d9a45000-7f05d9a50000 r-xp 00000000 08:06 665908                     /usr/lib/x86_64-linux-gnu/libdrm_radeon.so.1.0.1
7f05d9a50000-7f05d9c4f000 ---p 0000b000 08:06 665908                     /usr/lib/x86_64-linux-gnu/libdrm_radeon.so.1.0.1
7f05d9c4f000-7f05d9c50000 r--p 0000a000 08:06 665908                     /usr/lib/x86_64-linux-gnu/libdrm_radeon.so.1.0.1
7f05d9c50000-7f05d9c51000 rw-p 0000b000 08:06 665908                     /usr/lib/x86_64-linux-gnu/libdrm_radeon.so.1.0.1
7f05d9c51000-7f05d9c58000 r-xp 00000000 08:06 665906                     /usr/lib/x86_64-linux-gnu/libdrm_nouveau.so.2.0.0
7f05d9c58000-7f05d9e57000 ---p 00007000 08:06 665906                     /usr/lib/x86_64-linux-gnu/libdrm_nouveau.so.2.0.0
7f05d9e57000-7f05d9e58000 r--p 00006000 08:06 665906                     /usr/lib/x86_64-linux-gnu/libdrm_nouveau.so.2.0.0
7f05d9e58000-7f05d9e59000 rw-p 00007000 08:06 665906                     /usr/lib/x86_64-linux-gnu/libdrm_nouveau.so.2.0.0
7f05d9e59000-7f05d9e7b000 r-xp 00000000 08:06 665904                     /usr/lib/x86_64-linux-gnu/libdrm_intel.so.1.0.0
7f05d9e7b000-7f05da07b000 ---p 00022000 08:06 665904                     /usr/lib/x86_64-linux-gnu/libdrm_intel.so.1.0.0
7f05da07b000-7f05da07c000 r--p 00022000 08:06 665904                     /usr/lib/x86_64-linux-gnu/libdrm_intel.so.1.0.0
7f05da07c000-7f05da07d000 rw-p 00023000 08:06 665904                     /usr/lib/x86_64-linux-gnu/libdrm_intel.so.1.0.0
7f05da07d000-7f05da8a4000 r-xp 00000000 08:06 388                        /usr/lib/x86_64-linux-gnu/dri/i965_dri.so
7f05da8a4000-7f05daaa4000 ---p 00827000 08:06 388                        /usr/lib/x86_64-linux-gnu/dri/i965_dri.so
7f05daaa4000-7f05daaf4000 r--p 00827000 08:06 388                        /usr/lib/x86_64-linux-gnu/dri/i965_dri.so
7f05daaf4000-7f05daafd000 rw-p 00877000 08:06 388                        /usr/lib/x86_64-linux-gnu/dri/i965_dri.so
7f05daafd000-7f05dab64000 rw-p 00000000 00:00 0 
7f05dab64000-7f05dab6a000 r-xp 00000000 08:06 665849                     /usr/lib/x86_64-linux-gnu/libdatrie.so.1.3.3
7f05dab6a000-7f05dad6a000 ---p 00006000 08:06 665849                     /usr/lib/x86_64-linux-gnu/libdatrie.so.1.3.3
7f05dad6a000-7f05dad6b000 r--p 00006000 08:06 665849                     /usr/lib/x86_64-linux-gnu/libdatrie.so.1.3.3
7f05dad6b000-7f05dad6c000 rw-p 00007000 08:06 665849                     /usr/lib/x86_64-linux-gnu/libdatrie.so.1.3.3
7f05dad6c000-7f05dad71000 r-xp 00000000 08:06 665599                     /usr/lib/x86_64-linux-gnu/libXdmcp.so.6.0.0
7f05dad71000-7f05daf70000 ---p 00005000 08:06 665599                     /usr/lib/x86_64-linux-gnu/libXdmcp.so.6.0.0
7f05daf70000-7f05daf71000 r--p 00004000 08:06 665599                     /usr/lib/x86_64-linux-gnu/libXdmcp.so.6.0.0
7f05daf71000-7f05daf72000 rw-p 00005000 08:06 665599                     /usr/lib/x86_64-linux-gnu/libXdmcp.so.6.0.0
7f05daf72000-7f05daf74000 r-xp 00000000 08:06 665588                     /usr/lib/x86_64-linux-gnu/libXau.so.6.0.0
7f05daf74000-7f05db174000 ---p 00002000 08:06 665588                     /usr/lib/x86_64-linux-gnu/libXau.so.6.0.0
7f05db174000-7f05db175000 r--p 00002000 08:06 665588                     /usr/lib/x86_64-linux-gnu/libXau.so.6.0.0
7f05db175000-7f05db176000 rw-p 00003000 08:06 665588                     /usr/lib/x86_64-linux-gnu/libXau.so.6.0.0
7f05db176000-7f05db19a000 r-xp 00000000 08:06 666153                     /usr/lib/x86_64-linux-gnu/libgraphite2.so.3.0.1
7f05db19a000-7f05db399000 ---p 00024000 08:06 666153                     /usr/lib/x86_64-linux-gnu/libgraphite2.so.3.0.1
7f05db399000-7f05db39b000 r--p 00023000 08:06 666153                     /usr/lib/x86_64-linux-gnu/libgraphite2.so.3.0.1
7f05db39b000-7f05db39c000 rw-p 00025000 08:06 666153                     /usr/lib/x86_64-linux-gnu/libgraphite2.so.3.0.1
7f05db39c000-7f05db3ac000 r-xp 00000000 08:06 665900                     /usr/lib/x86_64-linux-gnu/libdrm.so.2.4.0
7f05db3ac000-7f05db5ab000 ---p 00010000 08:06 665900                     /usr/lib/x86_64-linux-gnu/libdrm.so.2.4.0
7f05db5ab000-7f05db5ac000 r--p 0000f000 08:06 665900                     /usr/lib/x86_64-linux-gnu/libdrm.so.2.4.0
7f05db5ac000-7f05db5ad000 rw-p 00010000 08:06 665900                     /usr/lib/x86_64-linux-gnu/libdrm.so.2.4.0
7f05db5ad000-7f05db5b1000 r-xp 00000000 08:06 666976                     /usr/lib/x86_64-linux-gnu/libxcb-dri2.so.0.0.0
7f05db5b1000-7f05db7b0000 ---p 00004000 08:06 666976                     /usr/lib/x86_64-linux-gnu/libxcb-dri2.so.0.0.0
7f05db7b0000-7f05db7b1000 r--p 00003000 08:06 666976                     /usr/lib/x86_64-linux-gnu/libxcb-dri2.so.0.0.0
7f05db7b1000-7f05db7b2000 rw-p 00004000 08:06 666976                     /usr/lib/x86_64-linux-gnu/libxcb-dri2.so.0.0.0
7f05db7b2000-7f05db7c9000 r-xp 00000000 08:06 666980                     /usr/lib/x86_64-linux-gnu/libxcb-glx.so.0.0.0
7f05db7c9000-7f05db9c8000 ---p 00017000 08:06 666980                     /usr/lib/x86_64-linux-gnu/libxcb-glx.so.0.0.0
7f05db9c8000-7f05db9ca000 r--p 00016000 08:06 666980                     /usr/lib/x86_64-linux-gnu/libxcb-glx.so.0.0.0
7f05db9ca000-7f05db9cb000 rw-p 00018000 08:06 666980                     /usr/lib/x86_64-linux-gnu/libxcb-glx.so.0.0.0
7f05db9cb000-7f05db9cc000 r-xp 00000000 08:06 665582                     /usr/lib/x86_64-linux-gnu/libX11-xcb.so.1.0.0
7f05db9cc000-7f05dbbcb000 ---p 00001000 08:06 665582                     /usr/lib/x86_64-linux-gnu/libX11-xcb.so.1.0.0
7f05dbbcb000-7f05dbbcc000 r--p 00000000 08:06 665582                     /usr/lib/x86_64-linux-gnu/libX11-xcb.so.1.0.0
7f05dbbcc000-7f05dbbcd000 rw-p 00001000 08:06 665582                     /usr/lib/x86_64-linux-gnu/libX11-xcb.so.1.0.0
7f05dbbcd000-7f05dbbf8000 r-xp 00000000 08:06 666101                     /usr/lib/x86_64-linux-gnu/libglapi.so.0.0.0
7f05dbbf8000-7f05dbdf7000 ---p 0002b000 08:06 666101                     /usr/lib/x86_64-linux-gnu/libglapi.so.0.0.0
7f05dbdf7000-7f05dbdfb000 r--p 0002a000 08:06 666101                     /usr/lib/x86_64-linux-gnu/libglapi.so.0.0.0
7f05dbdfb000-7f05dbdfc000 rw-p 0002e000 08:06 666101                     /usr/lib/x86_64-linux-gnu/libglapi.so.0.0.0
7f05dbdfc000-7f05dbdfd000 rw-p 00000000 00:00 0 
7f05dbdfd000-7f05dbdfe000 r-xp 00000000 08:06 667020                     /usr/lib/x86_64-linux-gnu/libxshmfence.so.1.0.0
7f05dbdfe000-7f05dbffe000 ---p 00001000 08:06 667020                     /usr/lib/x86_64-linux-gnu/libxshmfence.so.1.0.0
7f05dbffe000-7f05dbfff000 r--p 00001000 08:06 667020                     /usr/lib/x86_64-linux-gnu/libxshmfence.so.1.0.0
7f05dbfff000-7f05dc000000 rw-p 00002000 08:06 667020                     /usr/lib/x86_64-linux-gnu/libxshmfence.so.1.0.0
7f05dc000000-7f05dded1000 rw-p 00000000 00:00 0 
7f05dded1000-7f05e0000000 ---p 00000000 00:00 0 
7f05e0000000-7f05e0001000 r--s 00000000 08:06 279362                     /var/cache/fontconfig/0d8c3b2ac0904cb8a57a757ad11a4a08-le64.cache-6
7f05e0001000-7f05e0006000 r--s 00000000 08:06 279382                     /var/cache/fontconfig/8801497958630a81b71ace7c5f9b32a8-le64.cache-6
7f05e0006000-7f05e000c000 r--s 00000000 08:06 279387                     /var/cache/fontconfig/b47c4e1ecd0709278f4910c18777a504-le64.cache-6
7f05e000c000-7f05e001f000 r--s 00000000 08:06 279393                     /var/cache/fontconfig/d52a8644073d54c13679302ca1180695-le64.cache-6
7f05e001f000-7f05e002a000 r--s 00000000 08:06 279953                     /var/cache/fontconfig/d589a48862398ed80a3d6066f4f56f4c-le64.cache-6
7f05e002a000-7f05e0035000 r--s 00000000 08:06 279381                     /var/cache/fontconfig/83bf95040141907cd45bb53cf7c1c148-le64.cache-6
7f05e0035000-7f05e0038000 ---p 00000000 00:00 0 
7f05e0038000-7f05e0136000 rw-p 00000000 00:00 0 
7f05e0136000-7f05e013b000 r-xp 00000000 08:06 667000                     /usr/lib/x86_64-linux-gnu/libxcb-sync.so.1.0.0
7f05e013b000-7f05e033b000 ---p 00005000 08:06 667000                     /usr/lib/x86_64-linux-gnu/libxcb-sync.so.1.0.0
7f05e033b000-7f05e033c000 r--p 00005000 08:06 667000                     /usr/lib/x86_64-linux-gnu/libxcb-sync.so.1.0.0
7f05e033c000-7f05e033d000 rw-p 00006000 08:06 667000                     /usr/lib/x86_64-linux-gnu/libxcb-sync.so.1.0.0
7f05e033d000-7f05e033f000 r-xp 00000000 08:06 666988                     /usr/lib/x86_64-linux-gnu/libxcb-present.so.0.0.0
7f05e033f000-7f05e053e000 ---p 00002000 08:06 666988                     /usr/lib/x86_64-linux-gnu/libxcb-present.so.0.0.0
7f05e053e000-7f05e053f000 r--p 00001000 08:06 666988                     /usr/lib/x86_64-linux-gnu/libxcb-present.so.0.0.0
7f05e053f000-7f05e0540000 rw-p 00002000 08:06 666988                     /usr/lib/x86_64-linux-gnu/libxcb-present.so.0.0.0
7f05e0540000-7f05e0542000 r-xp 00000000 08:06 666978                     /usr/lib/x86_64-linux-gnu/libxcb-dri3.so.0.0.0
7f05e0542000-7f05e0741000 ---p 00002000 08:06 666978                     /usr/lib/x86_64-linux-gnu/libxcb-dri3.so.0.0.0
7f05e0741000-7f05e0742000 r--p 00001000 08:06 666978                     /usr/lib/x86_64-linux-gnu/libxcb-dri3.so.0.0.0
7f05e0742000-7f05e0743000 rw-p 00002000 08:06 666978                     /usr/lib/x86_64-linux-gnu/libxcb-dri3.so.0.0.0
7f05e0743000-7f05e07b1000 r-xp 00000000 08:06 136738                     /lib/x86_64-linux-gnu/libpcre.so.3.13.2
7f05e07b1000-7f05e09b1000 ---p 0006e000 08:06 136738                     /lib/x86_64-linux-gnu/libpcre.so.3.13.2
7f05e09b1000-7f05e09b2000 r--p 0006e000 08:06 136738                     /lib/x86_64-linux-gnu/libpcre.so.3.13.2
7f05e09b2000-7f05e09b3000 rw-p 0006f000 08:06 136738                     /lib/x86_64-linux-gnu/libpcre.so.3.13.2
7f05e09b3000-7f05e09ba000 r-xp 00000000 08:06 665978                     /usr/lib/x86_64-linux-gnu/libffi.so.6.0.4
7f05e09ba000-7f05e0bb9000 ---p 00007000 08:06 665978                     /usr/lib/x86_64-linux-gnu/libffi.so.6.0.4
7f05e0bb9000-7f05e0bba000 r--p 00006000 08:06 665978                     /usr/lib/x86_64-linux-gnu/libffi.so.6.0.4
7f05e0bba000-7f05e0bbb000 rw-p 00007000 08:06 665978                     /usr/lib/x86_64-linux-gnu/libffi.so.6.0.4
7f05e0bbb000-7f05e0be1000 r-xp 00000000 08:06 136640                     /lib/x86_64-linux-gnu/libexpat.so.1.6.0
7f05e0be1000-7f05e0de1000 ---p 00026000 08:06 136640                     /lib/x86_64-linux-gnu/libexpat.so.1.6.0
7f05e0de1000-7f05e0de3000 r--p 00026000 08:06 136640                     /lib/x86_64-linux-gnu/libexpat.so.1.6.0
7f05e0de3000-7f05e0de4000 rw-p 00028000 08:06 136640                     /lib/x86_64-linux-gnu/libexpat.so.1.6.0
7f05e0de4000-7f05e0dec000 r-xp 00000000 08:06 666780                     /usr/lib/x86_64-linux-gnu/libthai.so.0.2.4
7f05e0dec000-7f05e0feb000 ---p 00008000 08:06 666780                     /usr/lib/x86_64-linux-gnu/libthai.so.0.2.4
7f05e0feb000-7f05e0fec000 r--p 00007000 08:06 666780                     /usr/lib/x86_64-linux-gnu/libthai.so.0.2.4
7f05e0fec000-7f05e0fed000 rw-p 00008000 08:06 666780                     /usr/lib/x86_64-linux-gnu/libthai.so.0.2.4
7f05e0fed000-7f05e100e000 r-xp 00000000 08:06 667008                     /usr/lib/x86_64-linux-gnu/libxcb.so.1.1.0
7f05e100e000-7f05e120d000 ---p 00021000 08:06 667008                     /usr/lib/x86_64-linux-gnu/libxcb.so.1.1.0
7f05e120d000-7f05e120e000 r--p 00020000 08:06 667008                     /usr/lib/x86_64-linux-gnu/libxcb.so.1.1.0
7f05e120e000-7f05e120f000 rw-p 00021000 08:06 667008                     /usr/lib/x86_64-linux-gnu/libxcb.so.1.1.0
7f05e120f000-7f05e1217000 r-xp 00000000 08:06 666994                     /usr/lib/x86_64-linux-gnu/libxcb-render.so.0.0.0
7f05e1217000-7f05e1417000 ---p 00008000 08:06 666994                     /usr/lib/x86_64-linux-gnu/libxcb-render.so.0.0.0
7f05e1417000-7f05e1418000 r--p 00008000 08:06 666994                     /usr/lib/x86_64-linux-gnu/libxcb-render.so.0.0.0
7f05e1418000-7f05e1419000 rw-p 00009000 08:06 666994                     /usr/lib/x86_64-linux-gnu/libxcb-render.so.0.0.0
7f05e1419000-7f05e141b000 r-xp 00000000 08:06 666998                     /usr/lib/x86_64-linux-gnu/libxcb-shm.so.0.0.0
7f05e141b000-7f05e161b000 ---p 00002000 08:06 666998                     /usr/lib/x86_64-linux-gnu/libxcb-shm.so.0.0.0
7f05e161b000-7f05e161c000 r--p 00002000 08:06 666998                     /usr/lib/x86_64-linux-gnu/libxcb-shm.so.0.0.0
7f05e161c000-7f05e161d000 rw-p 00003000 08:06 666998                     /usr/lib/x86_64-linux-gnu/libxcb-shm.so.0.0.0
7f05e161d000-7f05e1641000 r-xp 00000000 08:06 136750                     /lib/x86_64-linux-gnu/libpng12.so.0.54.0
7f05e1641000-7f05e1840000 ---p 00024000 08:06 136750                     /lib/x86_64-linux-gnu/libpng12.so.0.54.0
7f05e1840000-7f05e1841000 r--p 00023000 08:06 136750                     /lib/x86_64-linux-gnu/libpng12.so.0.54.0
7f05e1841000-7f05e1842000 rw-p 00024000 08:06 136750                     /lib/x86_64-linux-gnu/libpng12.so.0.54.0
7f05e1842000-7f05e18e1000 r-xp 00000000 08:06 666577                     /usr/lib/x86_64-linux-gnu/libpixman-1.so.0.33.6
7f05e18e1000-7f05e1ae1000 ---p 0009f000 08:06 666577                     /usr/lib/x86_64-linux-gnu/libpixman-1.so.0.33.6
7f05e1ae1000-7f05e1ae9000 r--p 0009f000 08:06 666577                     /usr/lib/x86_64-linux-gnu/libpixman-1.so.0.33.6
7f05e1ae9000-7f05e1aea000 rw-p 000a7000 08:06 666577                     /usr/lib/x86_64-linux-gnu/libpixman-1.so.0.33.6
7f05e1aea000-7f05e1b46000 r-xp 00000000 08:06 666241                     /usr/lib/x86_64-linux-gnu/libharfbuzz.so.0.10000.1
7f05e1b46000-7f05e1d46000 ---p 0005c000 08:06 666241                     /usr/lib/x86_64-linux-gnu/libharfbuzz.so.0.10000.1
7f05e1d46000-7f05e1d47000 r--p 0005c000 08:06 666241                     /usr/lib/x86_64-linux-gnu/libharfbuzz.so.0.10000.1
7f05e1d47000-7f05e1d48000 rw-p 0005d000 08:06 666241                     /usr/lib/x86_64-linux-gnu/libharfbuzz.so.0.10000.1
7f05e1d48000-7f05e1d5f000 r-xp 00000000 08:06 136761                     /lib/x86_64-linux-gnu/libresolv-2.23.so
7f05e1d5f000-7f05e1f5f000 ---p 00017000 08:06 136761                     /lib/x86_64-linux-gnu/libresolv-2.23.so
7f05e1f5f000-7f05e1f60000 r--p 00017000 08:06 136761                     /lib/x86_64-linux-gnu/libresolv-2.23.so
7f05e1f60000-7f05e1f61000 rw-p 00018000 08:06 136761                     /lib/x86_64-linux-gnu/libresolv-2.23.so
7f05e1f61000-7f05e1f63000 rw-p 00000000 00:00 0 
7f05e1f63000-7f05e1f82000 r-xp 00000000 08:06 136767                     /lib/x86_64-linux-gnu/libselinux.so.1
7f05e1f82000-7f05e2181000 ---p 0001f000 08:06 136767                     /lib/x86_64-linux-gnu/libselinux.so.1
7f05e2181000-7f05e2182000 r--p 0001e000 08:06 136767                     /lib/x86_64-linux-gnu/libselinux.so.1
7f05e2182000-7f05e2183000 rw-p 0001f000 08:06 136767                     /lib/x86_64-linux-gnu/libselinux.so.1
7f05e2183000-7f05e2185000 rw-p 00000000 00:00 0 
7f05e2185000-7f05e219e000 r-xp 00000000 08:06 136800                     /lib/x86_64-linux-gnu/libz.so.1.2.8
7f05e219e000-7f05e239d000 ---p 00019000 08:06 136800                     /lib/x86_64-linux-gnu/libz.so.1.2.8
7f05e239d000-7f05e239e000 r--p 00018000 08:06 136800                     /lib/x86_64-linux-gnu/libz.so.1.2.8
7f05e239e000-7f05e239f000 rw-p 00019000 08:06 136800                     /lib/x86_64-linux-gnu/libz.so.1.2.8
7f05e239f000-7f05e23b0000 r-xp 00000000 08:06 665601                     /usr/lib/x86_64-linux-gnu/libXext.so.6.4.0
7f05e23b0000-7f05e25af000 ---p 00011000 08:06 665601                     /usr/lib/x86_64-linux-gnu/libXext.so.6.4.0
7f05e25af000-7f05e25b0000 r--p 00010000 08:06 665601                     /usr/lib/x86_64-linux-gnu/libXext.so.6.4.0
7f05e25b0000-7f05e25b1000 rw-p 00011000 08:06 665601                     /usr/lib/x86_64-linux-gnu/libXext.so.6.4.0
7f05e25b1000-7f05e25b3000 r-xp 00000000 08:06 665597                     /usr/lib/x86_64-linux-gnu/libXdamage.so.1.1.0
7f05e25b3000-7f05e27b2000 ---p 00002000 08:06 665597                     /usr/lib/x86_64-linux-gnu/libXdamage.so.1.1.0
7f05e27b2000-7f05e27b3000 r--p 00001000 08:06 665597                     /usr/lib/x86_64-linux-gnu/libXdamage.so.1.1.0
7f05e27b3000-7f05e27b4000 rw-p 00002000 08:06 665597                     /usr/lib/x86_64-linux-gnu/libXdamage.so.1.1.0
7f05e27b4000-7f05e27b6000 r-xp 00000000 08:06 665593                     /usr/lib/x86_64-linux-gnu/libXcomposite.so.1.0.0
7f05e27b6000-7f05e29b5000 ---p 00002000 08:06 665593                     /usr/lib/x86_64-linux-gnu/libXcomposite.so.1.0.0
7f05e29b5000-7f05e29b6000 r--p 00001000 08:06 665593                     /usr/lib/x86_64-linux-gnu/libXcomposite.so.1.0.0
7f05e29b6000-7f05e29b7000 rw-p 00002000 08:06 665593                     /usr/lib/x86_64-linux-gnu/libXcomposite.so.1.0.0
7f05e29b7000-7f05e29c0000 r-xp 00000000 08:06 665595                     /usr/lib/x86_64-linux-gnu/libXcursor.so.1.0.2
7f05e29c0000-7f05e2bbf000 ---p 00009000 08:06 665595                     /usr/lib/x86_64-linux-gnu/libXcursor.so.1.0.2
7f05e2bbf000-7f05e2bc0000 r--p 00008000 08:06 665595                     /usr/lib/x86_64-linux-gnu/libXcursor.so.1.0.2
7f05e2bc0000-7f05e2bc1000 rw-p 00009000 08:06 665595                     /usr/lib/x86_64-linux-gnu/libXcursor.so.1.0.2
7f05e2bc1000-7f05e2bcb000 r-xp 00000000 08:06 665621                     /usr/lib/x86_64-linux-gnu/libXrandr.so.2.2.0
7f05e2bcb000-7f05e2dca000 ---p 0000a000 08:06 665621                     /usr/lib/x86_64-linux-gnu/libXrandr.so.2.2.0
7f05e2dca000-7f05e2dcb000 r--p 00009000 08:06 665621                     /usr/lib/x86_64-linux-gnu/libXrandr.so.2.2.0
7f05e2dcb000-7f05e2dcc000 rw-p 0000a000 08:06 665621                     /usr/lib/x86_64-linux-gnu/libXrandr.so.2.2.0
7f05e2dcc000-7f05e2ddb000 r-xp 00000000 08:06 665611                     /usr/lib/x86_64-linux-gnu/libXi.so.6.1.0
7f05e2ddb000-7f05e2fda000 ---p 0000f000 08:06 665611                     /usr/lib/x86_64-linux-gnu/libXi.so.6.1.0
7f05e2fda000-7f05e2fdb000 r--p 0000e000 08:06 665611                     /usr/lib/x86_64-linux-gnu/libXi.so.6.1.0
7f05e2fdb000-7f05e2fdc000 rw-p 0000f000 08:06 665611                     /usr/lib/x86_64-linux-gnu/libXi.so.6.1.0
7f05e2fdc000-7f05e2fde000 r-xp 00000000 08:06 665613                     /usr/lib/x86_64-linux-gnu/libXinerama.so.1.0.0
7f05e2fde000-7f05e31dd000 ---p 00002000 08:06 665613                     /usr/lib/x86_64-linux-gnu/libXinerama.so.1.0.0
7f05e31dd000-7f05e31de000 r--p 00001000 08:06 665613                     /usr/lib/x86_64-linux-gnu/libXinerama.so.1.0.0
7f05e31de000-7f05e31df000 rw-p 00002000 08:06 665613                     /usr/lib/x86_64-linux-gnu/libXinerama.so.1.0.0
7f05e31df000-7f05e31e8000 r-xp 00000000 08:06 665623                     /usr/lib/x86_64-linux-gnu/libXrender.so.1.3.0
7f05e31e8000-7f05e33e7000 ---p 00009000 08:06 665623                     /usr/lib/x86_64-linux-gnu/libXrender.so.1.3.0
7f05e33e7000-7f05e33e8000 r--p 00008000 08:06 665623                     /usr/lib/x86_64-linux-gnu/libXrender.so.1.3.0
7f05e33e8000-7f05e33e9000 rw-p 00009000 08:06 665623                     /usr/lib/x86_64-linux-gnu/libXrender.so.1.3.0
7f05e33e9000-7f05e33ee000 r-xp 00000000 08:06 665603                     /usr/lib/x86_64-linux-gnu/libXfixes.so.3.1.0
7f05e33ee000-7f05e35ed000 ---p 00005000 08:06 665603                     /usr/lib/x86_64-linux-gnu/libXfixes.so.3.1.0
7f05e35ed000-7f05e35ee000 r--p 00004000 08:06 665603                     /usr/lib/x86_64-linux-gnu/libXfixes.so.3.1.0
7f05e35ee000-7f05e35ef000 rw-p 00005000 08:06 665603                     /usr/lib/x86_64-linux-gnu/libXfixes.so.3.1.0
7f05e35ef000-7f05e3605000 r-xp 00000000 08:06 136647                     /lib/x86_64-linux-gnu/libgcc_s.so.1
7f05e3605000-7f05e3804000 ---p 00016000 08:06 136647                     /lib/x86_64-linux-gnu/libgcc_s.so.1
7f05e3804000-7f05e3805000 rw-p 00015000 08:06 136647                     /lib/x86_64-linux-gnu/libgcc_s.so.1
7f05e3805000-7f05e3977000 r-xp 00000000 08:06 666759                     /usr/lib/x86_64-linux-gnu/libstdc++.so.6.0.21
7f05e3977000-7f05e3b77000 ---p 00172000 08:06 666759                     /usr/lib/x86_64-linux-gnu/libstdc++.so.6.0.21
7f05e3b77000-7f05e3b81000 r--p 00172000 08:06 666759                     /usr/lib/x86_64-linux-gnu/libstdc++.so.6.0.21
7f05e3b81000-7f05e3b83000 rw-p 0017c000 08:06 666759                     /usr/lib/x86_64-linux-gnu/libstdc++.so.6.0.21
7f05e3b83000-7f05e3b87000 rw-p 00000000 00:00 0 
7f05e3b87000-7f05e3bf5000 r-xp 00000000 08:06 1788                       /usr/lib/x86_64-linux-gnu/mesa/libGL.so.1.2.0
7f05e3bf5000-7f05e3df5000 ---p 0006e000 08:06 1788                       /usr/lib/x86_64-linux-gnu/mesa/libGL.so.1.2.0
7f05e3df5000-7f05e3df8000 r--p 0006e000 08:06 1788                       /usr/lib/x86_64-linux-gnu/mesa/libGL.so.1.2.0
7f05e3df8000-7f05e3df9000 rw-p 00071000 08:06 1788                       /usr/lib/x86_64-linux-gnu/mesa/libGL.so.1.2.0
7f05e3df9000-7f05e3dfa000 rw-p 00000000 00:00 0 
7f05e3dfa000-7f05e3dff000 r-xp 00000000 08:06 665639                     /usr/lib/x86_64-linux-gnu/libXxf86vm.so.1.0.0
7f05e3dff000-7f05e3ffe000 ---p 00005000 08:06 665639                     /usr/lib/x86_64-linux-gnu/libXxf86vm.so.1.0.0
7f05e3ffe000-7f05e3fff000 r--p 00004000 08:06 665639                     /usr/lib/x86_64-linux-gnu/libXxf86vm.so.1.0.0
7f05e3fff000-7f05e4000000 rw-p 00005000 08:06 665639                     /usr/lib/x86_64-linux-gnu/libXxf86vm.so.1.0.0
7f05e4000000-7f05e4021000 rw-p 00000000 00:00 0 
7f05e4021000-7f05e8000000 ---p 00000000 00:00 0 
7f05e8000000-7f05e8021000 rw-p 00000000 00:00 0 
7f05e8021000-7f05ec000000 ---p 00000000 00:00 0 
7f05ec000000-7f05ec061000 rw-p 00000000 00:00 0 
7f05ec061000-7f05f0000000 ---p 00000000 00:00 0 
7f05f0000000-7f05f034d000 rw-p 00000000 00:00 0 
7f05f034d000-7f05f4000000 ---p 00000000 00:00 0 
7f05f4000000-7f05f40be000 rw-p 00000000 00:00 0 
7f05f40be000-7f05f8000000 ---p 00000000 00:00 0 
7f05f8000000-7f05f819d000 rw-p 00000000 00:00 0 
7f05f819d000-7f05fc000000 ---p 00000000 00:00 0 
7f05fc000000-7f05fc003000 r--s 00000000 08:06 279379                     /var/cache/fontconfig/767a8244fc0220cfb567a839d0392e0b-le64.cache-6
7f05fc003000-7f05fc015000 r--s 00000000 08:06 279385                     /var/cache/fontconfig/9b89f8e3dae116d678bbf48e5f21f69b-le64.cache-6
7f05fc015000-7f05fc018000 ---p 00000000 00:00 0 
7f05fc018000-7f05fc116000 rw-p 00000000 00:00 0 
7f05fc116000-7f05fc24b000 r-xp 00000000 08:06 665584                     /usr/lib/x86_64-linux-gnu/libX11.so.6.3.0
7f05fc24b000-7f05fc44b000 ---p 00135000 08:06 665584                     /usr/lib/x86_64-linux-gnu/libX11.so.6.3.0
7f05fc44b000-7f05fc44c000 r--p 00135000 08:06 665584                     /usr/lib/x86_64-linux-gnu/libX11.so.6.3.0
7f05fc44c000-7f05fc450000 rw-p 00136000 08:06 665584                     /usr/lib/x86_64-linux-gnu/libX11.so.6.3.0
7f05fc450000-7f05fc455000 r-xp 00000000 08:06 665629                     /usr/lib/x86_64-linux-gnu/libXtst.so.6.1.0
7f05fc455000-7f05fc654000 ---p 00005000 08:06 665629                     /usr/lib/x86_64-linux-gnu/libXtst.so.6.1.0
7f05fc654000-7f05fc655000 r--p 00004000 08:06 665629                     /usr/lib/x86_64-linux-gnu/libXtst.so.6.1.0
7f05fc655000-7f05fc656000 rw-p 00005000 08:06 665629                     /usr/lib/x86_64-linux-gnu/libXtst.so.6.1.0
7f05fc656000-7f05fc765000 r-xp 00000000 08:06 136651                     /lib/x86_64-linux-gnu/libglib-2.0.so.0.4800.2
7f05fc765000-7f05fc964000 ---p 0010f000 08:06 136651                     /lib/x86_64-linux-gnu/libglib-2.0.so.0.4800.2
7f05fc964000-7f05fc965000 r--p 0010e000 08:06 136651                     /lib/x86_64-linux-gnu/libglib-2.0.so.0.4800.2
7f05fc965000-7f05fc966000 rw-p 0010f000 08:06 136651                     /lib/x86_64-linux-gnu/libglib-2.0.so.0.4800.2
7f05fc966000-7f05fc967000 rw-p 00000000 00:00 0 
7f05fc967000-7f05fc968000 r-xp 00000000 08:06 666206                     /usr/lib/x86_64-linux-gnu/libgthread-2.0.so.0.4800.2
7f05fc968000-7f05fcb67000 ---p 00001000 08:06 666206                     /usr/lib/x86_64-linux-gnu/libgthread-2.0.so.0.4800.2
7f05fcb67000-7f05fcb68000 r--p 00000000 08:06 666206                     /usr/lib/x86_64-linux-gnu/libgthread-2.0.so.0.4800.2
7f05fcb68000-7f05fcb69000 rw-p 00001000 08:06 666206                     /usr/lib/x86_64-linux-gnu/libgthread-2.0.so.0.4800.2
7f05fcb69000-7f05fcbbb000 r-xp 00000000 08:06 666133                     /usr/lib/x86_64-linux-gnu/libgobject-2.0.so.0.4800.2
7f05fcbbb000-7f05fcdba000 ---p 00052000 08:06 666133                     /usr/lib/x86_64-linux-gnu/libgobject-2.0.so.0.4800.2
7f05fcdba000-7f05fcdbb000 r--p 00051000 08:06 666133                     /usr/lib/x86_64-linux-gnu/libgobject-2.0.so.0.4800.2
7f05fcdbb000-7f05fcdbc000 rw-p 00052000 08:06 666133                     /usr/lib/x86_64-linux-gnu/libgobject-2.0.so.0.4800.2
7f05fcdbc000-7f05fcdf9000 r-xp 00000000 08:06 665992                     /usr/lib/x86_64-linux-gnu/libfontconfig.so.1.9.0
7f05fcdf9000-7f05fcff8000 ---p 0003d000 08:06 665992                     /usr/lib/x86_64-linux-gnu/libfontconfig.so.1.9.0
7f05fcff8000-7f05fcffa000 r--p 0003c000 08:06 665992                     /usr/lib/x86_64-linux-gnu/libfontconfig.so.1.9.0
7f05fcffa000-7f05fcfff000 rw-p 0003e000 08:06 665992                     /usr/lib/x86_64-linux-gnu/libfontconfig.so.1.9.0
7f05fcfff000-7f0600000000 rw-p 00000000 00:00 0 
7f0600000000-7f0600021000 rw-p 00000000 00:00 0 
7f0600021000-7f0604000000 ---p 00000000 00:00 0 
7f0604000000-7f0604023000 rw-p 00000000 00:00 0 
7f0604023000-7f0608000000 ---p 00000000 00:00 0 
7f0608000000-7f0608021000 rw-p 00000000 00:00 0 
7f0608021000-7f060c000000 ---p 00000000 00:00 0 
7f060c000000-7f060c021000 rw-p 00000000 00:00 0 
7f060c021000-7f0610000000 ---p 00000000 00:00 0 
7f0610000000-7f0610021000 rw-p 00000000 00:00 0 
7f0610021000-7f0614000000 ---p 00000000 00:00 0 
7f0614000000-7f0614001000 r--s 00000000 08:06 279364                     /var/cache/fontconfig/1ac9eb803944fde146138c791f5cc56a-le64.cache-6
7f0614001000-7f0614002000 r--s 00000000 08:06 279396                     /var/cache/fontconfig/dc05db6664285cc2f12bf69c139ae4c3-le64.cache-6
7f0614002000-7f0614003000 r--s 00000000 08:06 279370                     /var/cache/fontconfig/4794a0821666d79190d59a36cb4f44b5-le64.cache-6
7f0614003000-7f0614004000 r--s 00000000 08:06 279389                     /var/cache/fontconfig/bab58bb527bb656aaa9f116d68a48d89-le64.cache-6
7f0614004000-7f0614005000 r--s 00000000 08:06 279373                     /var/cache/fontconfig/56cf4f4769d0f4abc89a4895d7bd3ae1-le64.cache-6
7f0614005000-7f0614008000 r--s 00000000 08:06 279378                     /var/cache/fontconfig/75114ca45c98e8a441da0ff356701271-le64.cache-6
7f0614008000-7f0614015000 r--s 00000000 08:06 275276                     /var/cache/fontconfig/e13b20fdb08344e0e664864cc2ede53d-le64.cache-6
7f0614015000-7f061405b000 r--p 00000000 08:06 785528                     /usr/share/glib-2.0/schemas/gschemas.compiled
7f061405b000-7f06140db000 r-xp 00000000 08:06 136122                     /lib/x86_64-linux-gnu/libsystemd.so.0.14.0
7f06140db000-7f06140de000 r--p 0007f000 08:06 136122                     /lib/x86_64-linux-gnu/libsystemd.so.0.14.0
7f06140de000-7f06140df000 rw-p 00082000 08:06 136122                     /lib/x86_64-linux-gnu/libsystemd.so.0.14.0
7f06140df000-7f06140e0000 rw-p 00000000 00:00 0 
7f06140e0000-7f0614116000 r--p 00000000 08:06 22794                      /usr/share/locale-langpack/ru/LC_MESSAGES/gtk20-properties.mo
7f0614116000-7f06141ba000 r-xp 00000000 08:06 666026                     /usr/lib/x86_64-linux-gnu/libfreetype.so.6.12.1
7f06141ba000-7f06143b9000 ---p 000a4000 08:06 666026                     /usr/lib/x86_64-linux-gnu/libfreetype.so.6.12.1
7f06143b9000-7f06143bf000 r--p 000a3000 08:06 666026                     /usr/lib/x86_64-linux-gnu/libfreetype.so.6.12.1
7f06143bf000-7f06143c0000 rw-p 000a9000 08:06 666026                     /usr/lib/x86_64-linux-gnu/libfreetype.so.6.12.1
7f06143c0000-7f061c000000 rw-p 00000000 00:00 0 
7f061c000000-7f061c021000 rw-p 00000000 00:00 0 
7f061c021000-7f0620000000 ---p 00000000 00:00 0 
7f0620000000-7f0620004000 r--s 00000000 08:06 263554                     /var/cache/fontconfig/7ef2298fde41cc6eeb7af42e48b7d293-le64.cache-6
7f0620004000-7f062000c000 rw-s 00000000 00:05 63709                      /drm mm object (deleted)
7f062000c000-7f0620014000 rw-s 00000000 00:05 63699                      /drm mm object (deleted)
7f0620014000-7f0620018000 r--p 00000000 08:06 22650                      /usr/share/locale-langpack/ru/LC_MESSAGES/atk10.mo
7f0620018000-7f062001d000 r--p 00000000 08:05 139571                     /home/nikita/.config/dconf/user
7f062001d000-7f0620020000 r-xp 00000000 08:06 666109                     /usr/lib/x86_64-linux-gnu/libgmodule-2.0.so.0.4800.2
7f0620020000-7f062021f000 ---p 00003000 08:06 666109                     /usr/lib/x86_64-linux-gnu/libgmodule-2.0.so.0.4800.2
7f062021f000-7f0620220000 r--p 00002000 08:06 666109                     /usr/lib/x86_64-linux-gnu/libgmodule-2.0.so.0.4800.2
7f0620220000-7f0620221000 rw-p 00003000 08:06 666109                     /usr/lib/x86_64-linux-gnu/libgmodule-2.0.so.0.4800.2
7f0620221000-7f062026a000 r-xp 00000000 08:06 666547                     /usr/lib/x86_64-linux-gnu/libpango-1.0.so.0.3800.1
7f062026a000-7f062046a000 ---p 00049000 08:06 666547                     /usr/lib/x86_64-linux-gnu/libpango-1.0.so.0.3800.1
7f062046a000-7f062046c000 r--p 00049000 08:06 666547                     /usr/lib/x86_64-linux-gnu/libpango-1.0.so.0.3800.1
7f062046c000-7f062046d000 rw-p 0004b000 08:06 666547                     /usr/lib/x86_64-linux-gnu/libpango-1.0.so.0.3800.1
7f062046d000-7f062057b000 r-xp 00000000 08:06 665751                     /usr/lib/x86_64-linux-gnu/libcairo.so.2.11400.6
7f062057b000-7f062077b000 ---p 0010e000 08:06 665751                     /usr/lib/x86_64-linux-gnu/libcairo.so.2.11400.6
7f062077b000-7f062077e000 r--p 0010e000 08:06 665751                     /usr/lib/x86_64-linux-gnu/libcairo.so.2.11400.6
7f062077e000-7f062077f000 rw-p 00111000 08:06 665751                     /usr/lib/x86_64-linux-gnu/libcairo.so.2.11400.6
7f062077f000-7f0620781000 rw-p 00000000 00:00 0 
7f0620781000-7f062078d000 r-xp 00000000 08:06 666549                     /usr/lib/x86_64-linux-gnu/libpangocairo-1.0.so.0.3800.1
7f062078d000-7f062098c000 ---p 0000c000 08:06 666549                     /usr/lib/x86_64-linux-gnu/libpangocairo-1.0.so.0.3800.1
7f062098c000-7f062098d000 r--p 0000b000 08:06 666549                     /usr/lib/x86_64-linux-gnu/libpangocairo-1.0.so.0.3800.1
7f062098d000-7f062098e000 rw-p 0000c000 08:06 666549                     /usr/lib/x86_64-linux-gnu/libpangocairo-1.0.so.0.3800.1
7f062098e000-7f06209af000 r-xp 00000000 08:06 666067                     /usr/lib/x86_64-linux-gnu/libgdk_pixbuf-2.0.so.0.3200.2
7f06209af000-7f0620bae000 ---p 00021000 08:06 666067                     /usr/lib/x86_64-linux-gnu/libgdk_pixbuf-2.0.so.0.3200.2
7f0620bae000-7f0620baf000 r--p 00020000 08:06 666067                     /usr/lib/x86_64-linux-gnu/libgdk_pixbuf-2.0.so.0.3200.2
7f0620baf000-7f0620bb0000 rw-p 00021000 08:06 666067                     /usr/lib/x86_64-linux-gnu/libgdk_pixbuf-2.0.so.0.3200.2
7f0620bb0000-7f0620bc4000 r-xp 00000000 08:06 666551                     /usr/lib/x86_64-linux-gnu/libpangoft2-1.0.so.0.3800.1
7f0620bc4000-7f0620dc4000 ---p 00014000 08:06 666551                     /usr/lib/x86_64-linux-gnu/libpangoft2-1.0.so.0.3800.1
7f0620dc4000-7f0620dc5000 r--p 00014000 08:06 666551                     /usr/lib/x86_64-linux-gnu/libpangoft2-1.0.so.0.3800.1
7f0620dc5000-7f0620dc6000 rw-p 00015000 08:06 666551                     /usr/lib/x86_64-linux-gnu/libpangoft2-1.0.so.0.3800.1
7f0620dc6000-7f0620f46000 r-xp 00000000 08:06 666095                     /usr/lib/x86_64-linux-gnu/libgio-2.0.so.0.4800.2
7f0620f46000-7f0621146000 ---p 00180000 08:06 666095                     /usr/lib/x86_64-linux-gnu/libgio-2.0.so.0.4800.2
7f0621146000-7f062114a000 r--p 00180000 08:06 666095                     /usr/lib/x86_64-linux-gnu/libgio-2.0.so.0.4800.2
7f062114a000-7f062114c000 rw-p 00184000 08:06 666095                     /usr/lib/x86_64-linux-gnu/libgio-2.0.so.0.4800.2
7f062114c000-7f062114e000 rw-p 00000000 00:00 0 
7f062114e000-7f0621170000 r-xp 00000000 08:06 665694                     /usr/lib/x86_64-linux-gnu/libatk-1.0.so.0.21809.1
7f0621170000-7f062136f000 ---p 00022000 08:06 665694                     /usr/lib/x86_64-linux-gnu/libatk-1.0.so.0.21809.1
7f062136f000-7f0621372000 r--p 00021000 08:06 665694                     /usr/lib/x86_64-linux-gnu/libatk-1.0.so.0.21809.1
7f0621372000-7f0621373000 rw-p 00024000 08:06 665694                     /usr/lib/x86_64-linux-gnu/libatk-1.0.so.0.21809.1
7f0621373000-7f0621423000 r-xp 00000000 08:06 666065                     /usr/lib/x86_64-linux-gnu/libgdk-x11-2.0.so.0.2400.30
7f0621423000-7f0621622000 ---p 000b0000 08:06 666065                     /usr/lib/x86_64-linux-gnu/libgdk-x11-2.0.so.0.2400.30
7f0621622000-7f0621626000 r--p 000af000 08:06 666065                     /usr/lib/x86_64-linux-gnu/libgdk-x11-2.0.so.0.2400.30
7f0621626000-7f0621628000 rw-p 000b3000 08:06 666065                     /usr/lib/x86_64-linux-gnu/libgdk-x11-2.0.so.0.2400.30
7f0621628000-7f0621a66000 r-xp 00000000 08:06 666210                     /usr/lib/x86_64-linux-gnu/libgtk-x11-2.0.so.0.2400.30
7f0621a66000-7f0621c65000 ---p 0043e000 08:06 666210                     /usr/lib/x86_64-linux-gnu/libgtk-x11-2.0.so.0.2400.30
7f0621c65000-7f0621c6c000 r--p 0043d000 08:06 666210                     /usr/lib/x86_64-linux-gnu/libgtk-x11-2.0.so.0.2400.30
7f0621c6c000-7f0621c70000 rw-p 00444000 08:06 666210                     /usr/lib/x86_64-linux-gnu/libgtk-x11-2.0.so.0.2400.30
7f0621c70000-7f0621c73000 rw-p 00000000 00:00 0 
7f0621c73000-7f0621c7f000 r-xp 00000000 08:06 41000                      /usr/lib/jvm/java-8-oracle/jre/lib/amd64/libprism_es2.so
7f0621c7f000-7f0621e7e000 ---p 0000c000 08:06 41000                      /usr/lib/jvm/java-8-oracle/jre/lib/amd64/libprism_es2.so
7f0621e7e000-7f0621e7f000 rw-p 0000b000 08:06 41000                      /usr/lib/jvm/java-8-oracle/jre/lib/amd64/libprism_es2.so
7f0621e7f000-7f0621e82000 ---p 00000000 00:00 0 
7f0621e82000-7f0621f80000 rw-p 00000000 00:00 0 
7f0621f80000-7f0622015000 r--s 0110b000 08:06 680157                     /usr/lib/jvm/java-8-oracle/jre/lib/ext/jfxrt.jar
7f0622015000-7f0622016000 ---p 00000000 00:00 0 
7f0622016000-7f0622116000 rw-p 00000000 00:00 0 
7f0622116000-7f0622119000 ---p 00000000 00:00 0 
7f0622119000-7f0622217000 rw-p 00000000 00:00 0 
7f0622217000-7f062221a000 ---p 00000000 00:00 0 
7f062221a000-7f0622318000 rw-p 00000000 00:00 0 
7f0622318000-7f062231b000 ---p 00000000 00:00 0 
7f062231b000-7f0622419000 rw-p 00000000 00:00 0 
7f0622419000-7f062242f000 r-xp 00000000 08:06 40996                      /usr/lib/jvm/java-8-oracle/jre/lib/amd64/libnet.so
7f062242f000-7f062262f000 ---p 00016000 08:06 40996                      /usr/lib/jvm/java-8-oracle/jre/lib/amd64/libnet.so
7f062262f000-7f0622630000 rw-p 00016000 08:06 40996                      /usr/lib/jvm/java-8-oracle/jre/lib/amd64/libnet.so
7f0622630000-7f0622633000 ---p 00000000 00:00 0 
7f0622633000-7f0622731000 rw-p 00000000 00:00 0 
7f0622731000-7f0622734000 ---p 00000000 00:00 0 
7f0622734000-7f0622832000 rw-p 00000000 00:00 0 
7f0622832000-7f0622835000 ---p 00000000 00:00 0 
7f0622835000-7f0622933000 rw-p 00000000 00:00 0 
7f0622933000-7f0622936000 ---p 00000000 00:00 0 
7f0622936000-7f0622a34000 rw-p 00000000 00:00 0 
7f0622a34000-7f06233f4000 r--p 00000000 08:06 662311                     /usr/lib/locale/locale-archive
7f06233f4000-7f06233f7000 ---p 00000000 00:00 0 
7f06233f7000-7f06234f5000 rw-p 00000000 00:00 0 
7f06234f5000-7f06234f8000 ---p 00000000 00:00 0 
7f06234f8000-7f06235f6000 rw-p 00000000 00:00 0 
7f06235f6000-7f06235f7000 ---p 00000000 00:00 0 
7f06235f7000-7f0624000000 rw-p 00000000 00:00 0 
7f0624000000-7f0624021000 rw-p 00000000 00:00 0 
7f0624021000-7f0628000000 ---p 00000000 00:00 0 
7f0628000000-7f0628021000 rw-p 00000000 00:00 0 
7f0628021000-7f062c000000 ---p 00000000 00:00 0 
7f062c000000-7f062c021000 rw-p 00000000 00:00 0 
7f062c021000-7f0630000000 ---p 00000000 00:00 0 
7f0630000000-7f0630021000 rw-p 00000000 00:00 0 
7f0630021000-7f0634000000 ---p 00000000 00:00 0 
7f0634000000-7f0634021000 rw-p 00000000 00:00 0 
7f0634021000-7f0638000000 ---p 00000000 00:00 0 
7f0638000000-7f0638021000 rw-p 00000000 00:00 0 
7f0638021000-7f063c000000 ---p 00000000 00:00 0 
7f063c000000-7f063c021000 rw-p 00000000 00:00 0 
7f063c021000-7f0640000000 ---p 00000000 00:00 0 
7f0640000000-7f0640001000 r--s 00000000 08:06 279388                     /var/cache/fontconfig/b9d506c9ac06c20b433354fa67a72993-le64.cache-6
7f0640001000-7f0640002000 r--s 00000000 08:06 279372                     /var/cache/fontconfig/551ecf3b0e8b0bca0f25c0944f561853-le64.cache-6
7f0640002000-7f0640023000 r--p 00000000 08:06 22748                      /usr/share/locale-langpack/ru/LC_MESSAGES/glib20.mo
7f0640023000-7f0640034000 r--p 00000000 08:06 22795                      /usr/share/locale-langpack/ru/LC_MESSAGES/gtk20.mo
7f0640034000-7f0640063000 r--p 00000000 08:06 22852                      /usr/share/locale-langpack/ru/LC_MESSAGES/libc.mo
7f0640063000-7f0640076000 r--s 00345000 08:06 680142                     /usr/lib/jvm/java-8-oracle/jre/lib/resources.jar
7f0640076000-7f0641288000 rw-p 00000000 00:00 0 
7f0641288000-7f0641462000 r--s 03d68000 08:06 680112                     /usr/lib/jvm/java-8-oracle/jre/lib/rt.jar
7f0641462000-7f064249c000 rw-p 00000000 00:00 0 
7f064249c000-7f064249d000 ---p 00000000 00:00 0 
7f064249d000-7f064259d000 rw-p 00000000 00:00 0 
7f064259d000-7f064259e000 ---p 00000000 00:00 0 
7f064259e000-7f064269e000 rw-p 00000000 00:00 0 
7f064269e000-7f064269f000 ---p 00000000 00:00 0 
7f064269f000-7f064279f000 rw-p 00000000 00:00 0 
7f064279f000-7f06427a0000 ---p 00000000 00:00 0 
7f06427a0000-7f06428a0000 rw-p 00000000 00:00 0 
7f06428a0000-7f06428a1000 ---p 00000000 00:00 0 
7f06428a1000-7f06429a1000 rw-p 00000000 00:00 0 
7f06429a1000-7f06429a2000 ---p 00000000 00:00 0 
7f06429a2000-7f0642aa2000 rw-p 00000000 00:00 0 
7f0642aa2000-7f0642aa3000 ---p 00000000 00:00 0 
7f0642aa3000-7f0642ba3000 rw-p 00000000 00:00 0 
7f0642ba3000-7f0642ba4000 ---p 00000000 00:00 0 
7f0642ba4000-7f0642cf8000 rw-p 00000000 00:00 0 
7f0642cf8000-7f06431d2000 ---p 00000000 00:00 0 
7f06431d2000-7f0643226000 rw-p 00000000 00:00 0 
7f0643226000-7f06436ff000 ---p 00000000 00:00 0 
7f06436ff000-7f0643729000 rw-p 00000000 00:00 0 
7f0643729000-7f0643996000 ---p 00000000 00:00 0 
7f0643996000-7f06439ac000 rw-p 00000000 00:00 0 
7f06439ac000-7f0643d57000 ---p 00000000 00:00 0 
7f0643d57000-7f0644277000 rwxp 00000000 00:00 0 
7f0644277000-7f0652d57000 ---p 00000000 00:00 0 
7f0652d57000-7f0652d72000 r-xp 00000000 08:06 40992                      /usr/lib/jvm/java-8-oracle/jre/lib/amd64/libzip.so
7f0652d72000-7f0652f72000 ---p 0001b000 08:06 40992                      /usr/lib/jvm/java-8-oracle/jre/lib/amd64/libzip.so
7f0652f72000-7f0652f73000 rw-p 0001b000 08:06 40992                      /usr/lib/jvm/java-8-oracle/jre/lib/amd64/libzip.so
7f0652f73000-7f0652f7e000 r-xp 00000000 08:06 136708                     /lib/x86_64-linux-gnu/libnss_files-2.23.so
7f0652f7e000-7f065317d000 ---p 0000b000 08:06 136708                     /lib/x86_64-linux-gnu/libnss_files-2.23.so
7f065317d000-7f065317e000 r--p 0000a000 08:06 136708                     /lib/x86_64-linux-gnu/libnss_files-2.23.so
7f065317e000-7f065317f000 rw-p 0000b000 08:06 136708                     /lib/x86_64-linux-gnu/libnss_files-2.23.so
7f065317f000-7f0653185000 rw-p 00000000 00:00 0 
7f0653185000-7f0653190000 r-xp 00000000 08:06 136718                     /lib/x86_64-linux-gnu/libnss_nis-2.23.so
7f0653190000-7f065338f000 ---p 0000b000 08:06 136718                     /lib/x86_64-linux-gnu/libnss_nis-2.23.so
7f065338f000-7f0653390000 r--p 0000a000 08:06 136718                     /lib/x86_64-linux-gnu/libnss_nis-2.23.so
7f0653390000-7f0653391000 rw-p 0000b000 08:06 136718                     /lib/x86_64-linux-gnu/libnss_nis-2.23.so
7f0653391000-7f06533a7000 r-xp 00000000 08:06 136702                     /lib/x86_64-linux-gnu/libnsl-2.23.so
7f06533a7000-7f06535a6000 ---p 00016000 08:06 136702                     /lib/x86_64-linux-gnu/libnsl-2.23.so
7f06535a6000-7f06535a7000 r--p 00015000 08:06 136702                     /lib/x86_64-linux-gnu/libnsl-2.23.so
7f06535a7000-7f06535a8000 rw-p 00016000 08:06 136702                     /lib/x86_64-linux-gnu/libnsl-2.23.so
7f06535a8000-7f06535aa000 rw-p 00000000 00:00 0 
7f06535aa000-7f06535b2000 r-xp 00000000 08:06 136704                     /lib/x86_64-linux-gnu/libnss_compat-2.23.so
7f06535b2000-7f06537b1000 ---p 00008000 08:06 136704                     /lib/x86_64-linux-gnu/libnss_compat-2.23.so
7f06537b1000-7f06537b2000 r--p 00007000 08:06 136704                     /lib/x86_64-linux-gnu/libnss_compat-2.23.so
7f06537b2000-7f06537b3000 rw-p 00008000 08:06 136704                     /lib/x86_64-linux-gnu/libnss_compat-2.23.so
7f06537b3000-7f06537bd000 r-xp 00000000 08:06 41001                      /usr/lib/jvm/java-8-oracle/jre/lib/amd64/libinstrument.so
7f06537bd000-7f06539bc000 ---p 0000a000 08:06 41001                      /usr/lib/jvm/java-8-oracle/jre/lib/amd64/libinstrument.so
7f06539bc000-7f06539bd000 rw-p 00009000 08:06 41001                      /usr/lib/jvm/java-8-oracle/jre/lib/amd64/libinstrument.so
7f06539bd000-7f06539e8000 r-xp 00000000 08:06 40986                      /usr/lib/jvm/java-8-oracle/jre/lib/amd64/libjava.so
7f06539e8000-7f0653be7000 ---p 0002b000 08:06 40986                      /usr/lib/jvm/java-8-oracle/jre/lib/amd64/libjava.so
7f0653be7000-7f0653be9000 rw-p 0002a000 08:06 40986                      /usr/lib/jvm/java-8-oracle/jre/lib/amd64/libjava.so
7f0653be9000-7f0653bf6000 r-xp 00000000 08:06 40991                      /usr/lib/jvm/java-8-oracle/jre/lib/amd64/libverify.so
7f0653bf6000-7f0653df6000 ---p 0000d000 08:06 40991                      /usr/lib/jvm/java-8-oracle/jre/lib/amd64/libverify.so
7f0653df6000-7f0653df8000 rw-p 0000d000 08:06 40991                      /usr/lib/jvm/java-8-oracle/jre/lib/amd64/libverify.so
7f0653df8000-7f0653dff000 r-xp 00000000 08:06 136763                     /lib/x86_64-linux-gnu/librt-2.23.so
7f0653dff000-7f0653ffe000 ---p 00007000 08:06 136763                     /lib/x86_64-linux-gnu/librt-2.23.so
7f0653ffe000-7f0653fff000 r--p 00006000 08:06 136763                     /lib/x86_64-linux-gnu/librt-2.23.so
7f0653fff000-7f0654000000 rw-p 00007000 08:06 136763                     /lib/x86_64-linux-gnu/librt-2.23.so
7f0654000000-7f065460f000 rw-p 00000000 00:00 0 
7f065460f000-7f0658000000 ---p 00000000 00:00 0 
7f0658000000-7f0658001000 r--s 00000000 08:06 279367                     /var/cache/fontconfig/30829fa25452a46451e813d634d7f916-le64.cache-6
7f0658001000-7f0658002000 r--s 00000000 08:06 279361                     /var/cache/fontconfig/0c9eb80ebd1c36541ebe2852d3bb0c49-le64.cache-6
7f0658002000-7f065800a000 rw-s 00000000 00:05 63694                      /drm mm object (deleted)
7f065800a000-7f0658012000 rw-s 00000000 00:05 63684                      /drm mm object (deleted)
7f0658012000-7f0658025000 r--s 000d6000 08:06 668255                     /usr/lib/jvm/java-8-oracle/jre/lib/plugin.jar
7f0658025000-7f0658074000 rw-p 00000000 00:00 0 
7f0658074000-7f065817c000 r-xp 00000000 08:06 136679                     /lib/x86_64-linux-gnu/libm-2.23.so
7f065817c000-7f065837b000 ---p 00108000 08:06 136679                     /lib/x86_64-linux-gnu/libm-2.23.so
7f065837b000-7f065837c000 r--p 00107000 08:06 136679                     /lib/x86_64-linux-gnu/libm-2.23.so
7f065837c000-7f065837d000 rw-p 00108000 08:06 136679                     /lib/x86_64-linux-gnu/libm-2.23.so
7f065837d000-7f0659056000 r-xp 00000000 08:06 40968                      /usr/lib/jvm/java-8-oracle/jre/lib/amd64/server/libjvm.so
7f0659056000-7f0659255000 ---p 00cd9000 08:06 40968                      /usr/lib/jvm/java-8-oracle/jre/lib/amd64/server/libjvm.so
7f0659255000-7f065932f000 rw-p 00cd8000 08:06 40968                      /usr/lib/jvm/java-8-oracle/jre/lib/amd64/server/libjvm.so
7f065932f000-7f065937a000 rw-p 00000000 00:00 0 
7f065937a000-7f065953a000 r-xp 00000000 08:06 136609                     /lib/x86_64-linux-gnu/libc-2.23.so
7f065953a000-7f065973a000 ---p 001c0000 08:06 136609                     /lib/x86_64-linux-gnu/libc-2.23.so
7f065973a000-7f065973e000 r--p 001c0000 08:06 136609                     /lib/x86_64-linux-gnu/libc-2.23.so
7f065973e000-7f0659740000 rw-p 001c4000 08:06 136609                     /lib/x86_64-linux-gnu/libc-2.23.so
7f0659740000-7f0659744000 rw-p 00000000 00:00 0 
7f0659744000-7f0659747000 r-xp 00000000 08:06 136633                     /lib/x86_64-linux-gnu/libdl-2.23.so
7f0659747000-7f0659946000 ---p 00003000 08:06 136633                     /lib/x86_64-linux-gnu/libdl-2.23.so
7f0659946000-7f0659947000 r--p 00002000 08:06 136633                     /lib/x86_64-linux-gnu/libdl-2.23.so
7f0659947000-7f0659948000 rw-p 00003000 08:06 136633                     /lib/x86_64-linux-gnu/libdl-2.23.so
7f0659948000-7f065995e000 r-xp 00000000 08:06 692193                     /usr/lib/jvm/java-8-oracle/lib/amd64/jli/libjli.so
7f065995e000-7f0659b5d000 ---p 00016000 08:06 692193                     /usr/lib/jvm/java-8-oracle/lib/amd64/jli/libjli.so
7f0659b5d000-7f0659b5e000 rw-p 00015000 08:06 692193                     /usr/lib/jvm/java-8-oracle/lib/amd64/jli/libjli.so
7f0659b5e000-7f0659b76000 r-xp 00000000 08:06 136755                     /lib/x86_64-linux-gnu/libpthread-2.23.so
7f0659b76000-7f0659d75000 ---p 00018000 08:06 136755                     /lib/x86_64-linux-gnu/libpthread-2.23.so
7f0659d75000-7f0659d76000 r--p 00017000 08:06 136755                     /lib/x86_64-linux-gnu/libpthread-2.23.so
7f0659d76000-7f0659d77000 rw-p 00018000 08:06 136755                     /lib/x86_64-linux-gnu/libpthread-2.23.so
7f0659d77000-7f0659d7b000 rw-p 00000000 00:00 0 
7f0659d7b000-7f0659da1000 r-xp 00000000 08:06 136581                     /lib/x86_64-linux-gnu/ld-2.23.so
7f0659da1000-7f0659da2000 rw-s 00000000 00:05 62640                      /drm mm object (deleted)
7f0659da3000-7f0659da4000 r--s 00000000 00:30 23                         /run/user/1000/dconf/user
7f0659da4000-7f0659da5000 rw-s 00000000 00:05 63686                      /drm mm object (deleted)
7f0659da5000-7f0659dac000 r--s 00000000 08:06 983                        /usr/lib/x86_64-linux-gnu/gconv/gconv-modules.cache
7f0659dac000-7f0659dae000 r--s 0001a000 08:06 802406                     /opt/idea-IU-181.4445.78/lib/idea_rt.jar
7f0659dae000-7f0659daf000 r--s 00000000 08:06 668116                     /usr/lib/jvm/java-8-oracle/jre/lib/management-agent.jar
7f0659daf000-7f0659db4000 r--s 0009d000 08:06 680143                     /usr/lib/jvm/java-8-oracle/jre/lib/jsse.jar
7f0659db4000-7f0659db6000 r--s 00007000 08:06 680151                     /usr/lib/jvm/java-8-oracle/jre/lib/jfxswt.jar
7f0659db6000-7f0659dbb000 r--s 00084000 08:06 667407                     /usr/lib/jvm/java-8-oracle/jre/lib/jfr.jar
7f0659dbb000-7f0659dd6000 r--s 0020c000 08:06 667476                     /usr/lib/jvm/java-8-oracle/jre/lib/deploy.jar
7f0659dd6000-7f0659e7f000 rw-p 00000000 00:00 0 
7f0659e7f000-7f0659e82000 ---p 00000000 00:00 0 
7f0659e82000-7f0659f85000 rw-p 00000000 00:00 0 
7f0659f85000-7f0659f88000 r--s 0001a000 08:06 680149                     /usr/lib/jvm/java-8-oracle/jre/lib/jce.jar
7f0659f88000-7f0659f91000 r--s 0006d000 08:06 668246                     /usr/lib/jvm/java-8-oracle/jre/lib/javaws.jar
7f0659f91000-7f0659f96000 r--s 002f9000 08:06 680110                     /usr/lib/jvm/java-8-oracle/jre/lib/charsets.jar
7f0659f96000-7f0659f9e000 rw-s 00000000 08:06 460753                     /tmp/hsperfdata_nikita/3426
7f0659f9e000-7f0659f9f000 rw-p 00000000 00:00 0 
7f0659f9f000-7f0659fa0000 r--p 00000000 00:00 0 
7f0659fa0000-7f0659fa1000 r--p 00025000 08:06 136581                     /lib/x86_64-linux-gnu/ld-2.23.so
7f0659fa1000-7f0659fa2000 rw-p 00026000 08:06 136581                     /lib/x86_64-linux-gnu/ld-2.23.so
7f0659fa2000-7f0659fa3000 rw-p 00000000 00:00 0 
7ffd9a834000-7ffd9a855000 rw-p 00000000 00:00 0                          [stack]
7ffd9a875000-7ffd9a878000 r--p 00000000 00:00 0                          [vvar]
7ffd9a878000-7ffd9a87a000 r-xp 00000000 00:00 0                          [vdso]
ffffffffff600000-ffffffffff601000 r-xp 00000000 00:00 0                  [vsyscall]

VM Arguments:
jvm_args: -javaagent:/opt/idea-IU-181.4445.78/lib/idea_rt.jar=46575:/opt/idea-IU-181.4445.78/bin -Dfile.encoding=UTF-8 
java_command: sample.Main
java_class_path (initial): /usr/lib/jvm/java-8-oracle/jre/lib/charsets.jar:/usr/lib/jvm/java-8-oracle/jre/lib/deploy.jar:/usr/lib/jvm/java-8-oracle/jre/lib/ext/cldrdata.jar:/usr/lib/jvm/java-8-oracle/jre/lib/ext/dnsns.jar:/usr/lib/jvm/java-8-oracle/jre/lib/ext/jaccess.jar:/usr/lib/jvm/java-8-oracle/jre/lib/ext/jfxrt.jar:/usr/lib/jvm/java-8-oracle/jre/lib/ext/localedata.jar:/usr/lib/jvm/java-8-oracle/jre/lib/ext/nashorn.jar:/usr/lib/jvm/java-8-oracle/jre/lib/ext/sunec.jar:/usr/lib/jvm/java-8-oracle/jre/lib/ext/sunjce_provider.jar:/usr/lib/jvm/java-8-oracle/jre/lib/ext/sunpkcs11.jar:/usr/lib/jvm/java-8-oracle/jre/lib/ext/zipfs.jar:/usr/lib/jvm/java-8-oracle/jre/lib/javaws.jar:/usr/lib/jvm/java-8-oracle/jre/lib/jce.jar:/usr/lib/jvm/java-8-oracle/jre/lib/jfr.jar:/usr/lib/jvm/java-8-oracle/jre/lib/jfxswt.jar:/usr/lib/jvm/java-8-oracle/jre/lib/jsse.jar:/usr/lib/jvm/java-8-oracle/jre/lib/management-agent.jar:/usr/lib/jvm/java-8-oracle/jre/lib/plugin.jar:/usr/lib/jvm/java-8-oracle/jre/lib/resources.jar:/usr/lib/jvm/java-8-oracle/jre/lib/rt.jar:/home/nikita/IdeaProjects/chat-client-server/Client(SimpleChat)/out/production/JavaFxApplication:/opt/idea-IU-181.4445.78/lib/idea_rt.jar
Launcher Type: SUN_STANDARD

Environment Variables:
JAVA_HOME=/usr/lib/jvm/java-8-oracle
PATH=/home/nikita/bin:/home/nikita/.local/bin:/usr/local/sbin:/usr/local/bin:/usr/sbin:/usr/bin:/sbin:/bin:/usr/games:/usr/local/games:/snap/bin:/usr/lib/jvm/java-8-oracle/bin:/usr/lib/jvm/java-8-oracle/db/bin:/usr/lib/jvm/java-8-oracle/jre/bin
SHELL=/bin/bash
DISPLAY=:0

Signal Handlers:
SIGSEGV: [libjvm.so+0xad0890], sa_mask[0]=11111111011111111101111111111110, sa_flags=SA_RESTART|SA_SIGINFO
SIGBUS: [libjvm.so+0xad0890], sa_mask[0]=11111111011111111101111111111110, sa_flags=SA_RESTART|SA_SIGINFO
SIGFPE: [libjvm.so+0x928640], sa_mask[0]=11111111011111111101111111111110, sa_flags=SA_RESTART|SA_SIGINFO
SIGPIPE: SIG_IGN, sa_mask[0]=00000000000010000000000000000000, sa_flags=SA_RESTART
SIGXFSZ: [libjvm.so+0x928640], sa_mask[0]=11111111011111111101111111111110, sa_flags=SA_RESTART|SA_SIGINFO
SIGILL: [libjvm.so+0x928640], sa_mask[0]=11111111011111111101111111111110, sa_flags=SA_RESTART|SA_SIGINFO
SIGUSR1: SIG_DFL, sa_mask[0]=00000000000000000000000000000000, sa_flags=none
SIGUSR2: [libjvm.so+0x929ea0], sa_mask[0]=00100000000000000000000000000000, sa_flags=SA_RESTART|SA_SIGINFO
SIGHUP: [libjvm.so+0x92b2a0], sa_mask[0]=11111111011111111101111111111110, sa_flags=SA_RESTART|SA_SIGINFO
SIGINT: [libjvm.so+0x92b2a0], sa_mask[0]=11111111011111111101111111111110, sa_flags=SA_RESTART|SA_SIGINFO
SIGTERM: [libjvm.so+0x92b2a0], sa_mask[0]=11111111011111111101111111111110, sa_flags=SA_RESTART|SA_SIGINFO
SIGQUIT: [libjvm.so+0x92b2a0], sa_mask[0]=11111111011111111101111111111110, sa_flags=SA_RESTART|SA_SIGINFO


---------------  S Y S T E M  ---------------

OS:DISTRIB_ID=Ubuntu
DISTRIB_RELEASE=16.04
DISTRIB_CODENAME=xenial
DISTRIB_DESCRIPTION="Ubuntu 16.04.4 LTS"

uname:Linux 4.13.0-45-generic #50~16.04.1-Ubuntu SMP Wed May 30 11:18:27 UTC 2018 x86_64
libc:glibc 2.23 NPTL 2.23 
rlimit: STACK 8192k, CORE 0k, NPROC 63398, NOFILE 1048576, AS infinity
load average:1,80 1,35 0,70

/proc/meminfo:
MemTotal:       16283180 kB
MemFree:        12431832 kB
MemAvailable:   13355440 kB
Buffers:           58736 kB
Cached:          1644912 kB
SwapCached:            0 kB
Active:          2532272 kB
Inactive:        1080132 kB
Active(anon):    1909828 kB
Inactive(anon):   554856 kB
Active(file):     622444 kB
Inactive(file):   525276 kB
Unevictable:          48 kB
Mlocked:              48 kB
SwapTotal:             0 kB
SwapFree:              0 kB
Dirty:             21616 kB
Writeback:             0 kB
AnonPages:       1908880 kB
Mapped:           453024 kB
Shmem:            555936 kB
Slab:             117768 kB
SReclaimable:      75912 kB
SUnreclaim:        41856 kB
KernelStack:       10816 kB
PageTables:        34368 kB
NFS_Unstable:          0 kB
Bounce:                0 kB
WritebackTmp:          0 kB
CommitLimit:     8141588 kB
Committed_AS:    6457412 kB
VmallocTotal:   34359738367 kB
VmallocUsed:           0 kB
VmallocChunk:          0 kB
HardwareCorrupted:     0 kB
AnonHugePages:         0 kB
ShmemHugePages:        0 kB
ShmemPmdMapped:        0 kB
CmaTotal:              0 kB
CmaFree:               0 kB
HugePages_Total:       0
HugePages_Free:        0
HugePages_Rsvd:        0
HugePages_Surp:        0
Hugepagesize:       2048 kB
DirectMap4k:      113580 kB
DirectMap2M:     3938304 kB
DirectMap1G:    13631488 kB


CPU:total 8 (initial active 8) (4 cores per cpu, 2 threads per core) family 6 model 94 stepping 3, cmov, cx8, fxsr, mmx, sse, sse2, sse3, ssse3, sse4.1, sse4.2, popcnt, avx, avx2, aes, clmul, erms, rtm, 3dnowpref, lzcnt, ht, tsc, tscinvbit, bmi1, bmi2, adx

/proc/cpuinfo:
processor	: 0
vendor_id	: GenuineIntel
cpu family	: 6
model		: 94
model name	: Intel(R) Core(TM) i7-6700HQ CPU @ 2.60GHz
stepping	: 3
microcode	: 0xc2
cpu MHz		: 3100.292
cache size	: 6144 KB
physical id	: 0
siblings	: 8
core id		: 0
cpu cores	: 4
apicid		: 0
initial apicid	: 0
fpu		: yes
fpu_exception	: yes
cpuid level	: 22
wp		: yes
flags		: fpu vme de pse tsc msr pae mce cx8 apic sep mtrr pge mca cmov pat pse36 clflush dts acpi mmx fxsr sse sse2 ss ht tm pbe syscall nx pdpe1gb rdtscp lm constant_tsc art arch_perfmon pebs bts rep_good nopl xtopology nonstop_tsc cpuid aperfmperf tsc_known_freq pni pclmulqdq dtes64 monitor ds_cpl vmx est tm2 ssse3 sdbg fma cx16 xtpr pdcm pcid sse4_1 sse4_2 x2apic movbe popcnt tsc_deadline_timer aes xsave avx f16c rdrand lahf_lm abm 3dnowprefetch cpuid_fault epb invpcid_single pti retpoline intel_pt rsb_ctxsw spec_ctrl tpr_shadow vnmi flexpriority ept vpid fsgsbase tsc_adjust bmi1 hle avx2 smep bmi2 erms invpcid rtm mpx rdseed adx smap clflushopt xsaveopt xsavec xgetbv1 xsaves dtherm ida arat pln pts hwp hwp_notify hwp_act_window hwp_epp
bugs		: cpu_meltdown spectre_v1 spectre_v2 spec_store_bypass
bogomips	: 5184.00
clflush size	: 64
cache_alignment	: 64
address sizes	: 39 bits physical, 48 bits virtual
power management:

processor	: 1
vendor_id	: GenuineIntel
cpu family	: 6
model		: 94
model name	: Intel(R) Core(TM) i7-6700HQ CPU @ 2.60GHz
stepping	: 3
microcode	: 0xc2
cpu MHz		: 3107.877
cache size	: 6144 KB
physical id	: 0
siblings	: 8
core id		: 1
cpu cores	: 4
apicid		: 2
initial apicid	: 2
fpu		: yes
fpu_exception	: yes
cpuid level	: 22
wp		: yes
flags		: fpu vme de pse tsc msr pae mce cx8 apic sep mtrr pge mca cmov pat pse36 clflush dts acpi mmx fxsr sse sse2 ss ht tm pbe syscall nx pdpe1gb rdtscp lm constant_tsc art arch_perfmon pebs bts rep_good nopl xtopology nonstop_tsc cpuid aperfmperf tsc_known_freq pni pclmulqdq dtes64 monitor ds_cpl vmx est tm2 ssse3 sdbg fma cx16 xtpr pdcm pcid sse4_1 sse4_2 x2apic movbe popcnt tsc_deadline_timer aes xsave avx f16c rdrand lahf_lm abm 3dnowprefetch cpuid_fault epb invpcid_single pti retpoline intel_pt rsb_ctxsw spec_ctrl tpr_shadow vnmi flexpriority ept vpid fsgsbase tsc_adjust bmi1 hle avx2 smep bmi2 erms invpcid rtm mpx rdseed adx smap clflushopt xsaveopt xsavec xgetbv1 xsaves dtherm ida arat pln pts hwp hwp_notify hwp_act_window hwp_epp
bugs		: cpu_meltdown spectre_v1 spectre_v2 spec_store_bypass
bogomips	: 5184.00
clflush size	: 64
cache_alignment	: 64
address sizes	: 39 bits physical, 48 bits virtual
power management:

processor	: 2
vendor_id	: GenuineIntel
cpu family	: 6
model		: 94
model name	: Intel(R) Core(TM) i7-6700HQ CPU @ 2.60GHz
stepping	: 3
microcode	: 0xc2
cpu MHz		: 3254.206
cache size	: 6144 KB
physical id	: 0
siblings	: 8
core id		: 2
cpu cores	: 4
apicid		: 4
initial apicid	: 4
fpu		: yes
fpu_exception	: yes
cpuid level	: 22
wp		: yes
flags		: fpu vme de pse tsc msr pae mce cx8 apic sep mtrr pge mca cmov pat pse36 clflush dts acpi mmx fxsr sse sse2 ss ht tm pbe syscall nx pdpe1gb rdtscp lm constant_tsc art arch_perfmon pebs bts rep_good nopl xtopology nonstop_tsc cpuid aperfmperf tsc_known_freq pni pclmulqdq dtes64 monitor ds_cpl vmx est tm2 ssse3 sdbg fma cx16 xtpr pdcm pcid sse4_1 sse4_2 x2apic movbe popcnt tsc_deadline_timer aes xsave avx f16c rdrand lahf_lm abm 3dnowprefetch cpuid_fault epb invpcid_single pti retpoline intel_pt rsb_ctxsw spec_ctrl tpr_shadow vnmi flexpriority ept vpid fsgsbase tsc_adjust bmi1 hle avx2 smep bmi2 erms invpcid rtm mpx rdseed adx smap clflushopt xsaveopt xsavec xgetbv1 xsaves dtherm ida arat pln pts hwp hwp_notify hwp_act_window hwp_epp
bugs		: cpu_meltdown spectre_v1 spectre_v2 spec_store_bypass
bogomips	: 5184.00
clflush size	: 64
cache_alignment	: 64
address sizes	: 39 bits physical, 48 bits virtual
power management:

processor	: 3
vendor_id	: GenuineIntel
cpu family	: 6
model		: 94
model name	: Intel(R) Core(TM) i7-6700HQ CPU @ 2.60GHz
stepping	: 3
microcode	: 0xc2
cpu MHz		: 3125.412
cache size	: 6144 KB
physical id	: 0
siblings	: 8
core id		: 3
cpu cores	: 4
apicid		: 6
initial apicid	: 6
fpu		: yes
fpu_exception	: yes
cpuid level	: 22
wp		: yes
flags		: fpu vme de pse tsc msr pae mce cx8 apic sep mtrr pge mca cmov pat pse36 clflush dts acpi mmx fxsr sse sse2 ss ht tm pbe syscall nx pdpe1gb rdtscp lm constant_tsc art arch_perfmon pebs bts rep_good nopl xtopology nonstop_tsc cpuid aperfmperf tsc_known_freq pni pclmulqdq dtes64 monitor ds_cpl vmx est tm2 ssse3 sdbg fma cx16 xtpr pdcm pcid sse4_1 sse4_2 x2apic movbe popcnt tsc_deadline_timer aes xsave avx f16c rdrand lahf_lm abm 3dnowprefetch cpuid_fault epb invpcid_single pti retpoline intel_pt rsb_ctxsw spec_ctrl tpr_shadow vnmi flexpriority ept vpid fsgsbase tsc_adjust bmi1 hle avx2 smep bmi2 erms invpcid rtm mpx rdseed adx smap clflushopt xsaveopt xsavec xgetbv1 xsaves dtherm ida arat pln pts hwp hwp_notify hwp_act_window hwp_epp
bugs		: cpu_meltdown spectre_v1 spectre_v2 spec_store_bypass
bogomips	: 5184.00
clflush size	: 64
cache_alignment	: 64
address sizes	: 39 bits physical, 48 bits virtual
power management:

processor	: 4
vendor_id	: GenuineIntel
cpu family	: 6
model		: 94
model name	: Intel(R) Core(TM) i7-6700HQ CPU @ 2.60GHz
stepping	: 3
microcode	: 0xc2
cpu MHz		: 3200.015
cache size	: 6144 KB
physical id	: 0
siblings	: 8
core id		: 0
cpu cores	: 4
apicid		: 1
initial apicid	: 1
fpu		: yes
fpu_exception	: yes
cpuid level	: 22
wp		: yes
flags		: fpu vme de pse tsc msr pae mce cx8 apic sep mtrr pge mca cmov pat pse36 clflush dts acpi mmx fxsr sse sse2 ss ht tm pbe syscall nx pdpe1gb rdtscp lm constant_tsc art arch_perfmon pebs bts rep_good nopl xtopology nonstop_tsc cpuid aperfmperf tsc_known_freq pni pclmulqdq dtes64 monitor ds_cpl vmx est tm2 ssse3 sdbg fma cx16 xtpr pdcm pcid sse4_1 sse4_2 x2apic movbe popcnt tsc_deadline_timer aes xsave avx f16c rdrand lahf_lm abm 3dnowprefetch cpuid_fault epb invpcid_single pti retpoline intel_pt rsb_ctxsw spec_ctrl tpr_shadow vnmi flexpriority ept vpid fsgsbase tsc_adjust bmi1 hle avx2 smep bmi2 erms invpcid rtm mpx rdseed adx smap clflushopt xsaveopt xsavec xgetbv1 xsaves dtherm ida arat pln pts hwp hwp_notify hwp_act_window hwp_epp
bugs		: cpu_meltdown spectre_v1 spectre_v2 spec_store_bypass
bogomips	: 5184.00
clflush size	: 64
cache_alignment	: 64
address sizes	: 39 bits physical, 48 bits virtual
power management:

processor	: 5
vendor_id	: GenuineIntel
cpu family	: 6
model		: 94
model name	: Intel(R) Core(TM) i7-6700HQ CPU @ 2.60GHz
stepping	: 3
microcode	: 0xc2
cpu MHz		: 3141.805
cache size	: 6144 KB
physical id	: 0
siblings	: 8
core id		: 1
cpu cores	: 4
apicid		: 3
initial apicid	: 3
fpu		: yes
fpu_exception	: yes
cpuid level	: 22
wp		: yes
flags		: fpu vme de pse tsc msr pae mce cx8 apic sep mtrr pge mca cmov pat pse36 clflush dts acpi mmx fxsr sse sse2 ss ht tm pbe syscall nx pdpe1gb rdtscp lm constant_tsc art arch_perfmon pebs bts rep_good nopl xtopology nonstop_tsc cpuid aperfmperf tsc_known_freq pni pclmulqdq dtes64 monitor ds_cpl vmx est tm2 ssse3 sdbg fma cx16 xtpr pdcm pcid sse4_1 sse4_2 x2apic movbe popcnt tsc_deadline_timer aes xsave avx f16c rdrand lahf_lm abm 3dnowprefetch cpuid_fault epb invpcid_single pti retpoline intel_pt rsb_ctxsw spec_ctrl tpr_shadow vnmi flexpriority ept vpid fsgsbase tsc_adjust bmi1 hle avx2 smep bmi2 erms invpcid rtm mpx rdseed adx smap clflushopt xsaveopt xsavec xgetbv1 xsaves dtherm ida arat pln pts hwp hwp_notify hwp_act_window hwp_epp
bugs		: cpu_meltdown spectre_v1 spectre_v2 spec_store_bypass
bogomips	: 5184.00
clflush size	: 64
cache_alignment	: 64
address sizes	: 39 bits physical, 48 bits virtual
power management:

processor	: 6
vendor_id	: GenuineIntel
cpu family	: 6
model		: 94
model name	: Intel(R) Core(TM) i7-6700HQ CPU @ 2.60GHz
stepping	: 3
microcode	: 0xc2
cpu MHz		: 3114.309
cache size	: 6144 KB
physical id	: 0
siblings	: 8
core id		: 2
cpu cores	: 4
apicid		: 5
initial apicid	: 5
fpu		: yes
fpu_exception	: yes
cpuid level	: 22
wp		: yes
flags		: fpu vme de pse tsc msr pae mce cx8 apic sep mtrr pge mca cmov pat pse36 clflush dts acpi mmx fxsr sse sse2 ss ht tm pbe syscall nx pdpe1gb rdtscp lm constant_tsc art arch_perfmon pebs bts rep_good nopl xtopology nonstop_tsc cpuid aperfmperf tsc_known_freq pni pclmulqdq dtes64 monitor ds_cpl vmx est tm2 ssse3 sdbg fma cx16 xtpr pdcm pcid sse4_1 sse4_2 x2apic movbe popcnt tsc_deadline_timer aes xsave avx f16c rdrand lahf_lm abm 3dnowprefetch cpuid_fault epb invpcid_single pti retpoline intel_pt rsb_ctxsw spec_ctrl tpr_shadow vnmi flexpriority ept vpid fsgsbase tsc_adjust bmi1 hle avx2 smep bmi2 erms invpcid rtm mpx rdseed adx smap clflushopt xsaveopt xsavec xgetbv1 xsaves dtherm ida arat pln pts hwp hwp_notify hwp_act_window hwp_epp
bugs		: cpu_meltdown spectre_v1 spectre_v2 spec_store_bypass
bogomips	: 5184.00
clflush size	: 64
cache_alignment	: 64
address sizes	: 39 bits physical, 48 bits virtual
power management:

processor	: 7
vendor_id	: GenuineIntel
cpu family	: 6
model		: 94
model name	: Intel(R) Core(TM) i7-6700HQ CPU @ 2.60GHz
stepping	: 3
microcode	: 0xc2
cpu MHz		: 3134.921
cache size	: 6144 KB
physical id	: 0
siblings	: 8
core id		: 3
cpu cores	: 4
apicid		: 7
initial apicid	: 7
fpu		: yes
fpu_exception	: yes
cpuid level	: 22
wp		: yes
flags		: fpu vme de pse tsc msr pae mce cx8 apic sep mtrr pge mca cmov pat pse36 clflush dts acpi mmx fxsr sse sse2 ss ht tm pbe syscall nx pdpe1gb rdtscp lm constant_tsc art arch_perfmon pebs bts rep_good nopl xtopology nonstop_tsc cpuid aperfmperf tsc_known_freq pni pclmulqdq dtes64 monitor ds_cpl vmx est tm2 ssse3 sdbg fma cx16 xtpr pdcm pcid sse4_1 sse4_2 x2apic movbe popcnt tsc_deadline_timer aes xsave avx f16c rdrand lahf_lm abm 3dnowprefetch cpuid_fault epb invpcid_single pti retpoline intel_pt rsb_ctxsw spec_ctrl tpr_shadow vnmi flexpriority ept vpid fsgsbase tsc_adjust bmi1 hle avx2 smep bmi2 erms invpcid rtm mpx rdseed adx smap clflushopt xsaveopt xsavec xgetbv1 xsaves dtherm ida arat pln pts hwp hwp_notify hwp_act_window hwp_epp
bugs		: cpu_meltdown spectre_v1 spectre_v2 spec_store_bypass
bogomips	: 5184.00
clflush size	: 64
cache_alignment	: 64
address sizes	: 39 bits physical, 48 bits virtual
power management:



Memory: 4k page, physical 16283180k(12431508k free), swap 0k(0k free)

vm_info: Java HotSpot(TM) 64-Bit Server VM (25.171-b11) for linux-amd64 JRE (1.8.0_171-b11), built on Mar 28 2018 17:07:08 by "java_re" with gcc 4.3.0 20080428 (Red Hat 4.3.0-8)

time: Sun Jul  1 11:26:09 2018
elapsed time: 8 seconds (0d 0h 0m 8s)

